# args=-index /media/amir/DATA/work/RM_ANALYSIS/Tmur/Tmur_ltrharvest.index -mintsd 5 -maxtsd 100
# predictions are reported in the following way
# s(ret) e(ret) l(ret) s(lLTR) e(lLTR) l(lLTR) s(rLTR) e(rLTR) l(rLTR) sim(LTRs) seq-nr 
# where:
# s = starting position
# e = ending position
# l = length
# ret = LTR-retrotransposon
# lLTR = left LTR
# rLTR = right LTR
# sim = similarity
# seq-nr = sequence number
592278  595475  3198  592278  592415  138  595347  595475  129  93.48  0
847375  849037  1663  847375  847602  228  848813  849037  225  98.25  0
891054  892891  1838  891054  891192  139  892760  892891  132  92.09  0
1128782  1133884  5103  1128782  1128933  152  1133731  1133884  154  98.70  0
1231480  1236047  4568  1231480  1231712  233  1235796  1236047  252  87.70  0
1349180  1351166  1987  1349180  1349686  507  1350653  1351166  514  97.08  0
534898  540510  5613  534898  535335  438  540086  540510  425  94.98  1
556774  561086  4313  556774  556912  139  560951  561086  136  97.12  1
657785  658917  1133  657785  657910  126  658789  658917  129  96.90  1
659462  663763  4302  659462  659763  302  663459  663763  305  97.70  1
859631  870037  10407  859631  860072  442  869592  870037  446  94.17  1
1074937  1080523  5587  1074937  1075128  192  1080338  1080523  186  87.50  1
1520198  1524719  4522  1520198  1520415  218  1524503  1524719  217  99.54  1
137941  140741  2801  137941  138374  434  140319  140741  423  85.02  2
257940  260850  2911  257940  258678  739  260117  260850  734  96.08  2
264917  270465  5549  264917  265567  651  269809  270465  657  94.67  2
357364  359244  1881  357364  357794  431  358829  359244  416  85.85  2
417594  422652  5059  417594  418009  416  422240  422652  413  99.04  2
447996  452725  4730  447996  448111  116  452613  452725  113  85.34  2
658963  664017  5055  658963  659093  131  663884  664017  134  95.52  2
677116  681430  4315  677116  677428  313  681111  681430  320  97.81  2
730733  732187  1455  730733  731002  270  731928  732187  260  91.85  2
807505  810893  3389  807505  807604  100  810793  810893  101  95.05  2
997511  1001415  3905  997511  997658  148  1001259  1001415  157  86.62  2
1069039  1075267  6229  1069039  1069211  173  1075080  1075267  188  85.11  2
1078374  1087916  9543  1078374  1078598  225  1087696  1087916  221  86.22  2
1155737  1157432  1696  1155737  1155980  244  1157173  1157432  260  90.38  2
1371926  1380767  8842  1371926  1372059  134  1380639  1380767  129  85.82  2
60347  62331  1985  60347  60469  123  62207  62331  125  98.40  3
162896  167757  4862  162896  163223  328  167433  167757  325  99.09  3
187586  191883  4298  187586  187746  161  191732  191883  152  88.20  3
510316  514045  3730  510316  510515  200  513846  514045  200  96.50  3
769962  774462  4501  769962  770073  112  774349  774462  114  96.49  3
812436  817482  5047  812436  813264  829  816678  817482  805  95.78  3
1094781  1099008  4228  1094781  1094904  124  1098882  1099008  127  97.64  3
1160125  1162462  2338  1160125  1160423  299  1162167  1162462  296  91.97  3
1263848  1266186  2339  1263848  1264080  233  1265953  1266186  234  92.31  3
6150  8523  2374  6150  6606  457  8042  8523  482  93.98  4
253999  256450  2452  253999  254367  369  256085  256450  366  94.85  4
350218  351716  1499  350218  350415  198  351512  351716  205  88.78  4
472661  480179  7519  472661  473370  710  479468  480179  712  89.19  4
592651  595236  2586  592651  592885  235  595012  595236  225  88.94  4
598595  607480  8886  598595  598891  297  607186  607480  295  88.89  4
1060370  1063332  2963  1060370  1061031  662  1062671  1063332  662  97.58  4
328768  333101  4334  328768  329028  261  332861  333101  241  90.04  5
333587  335511  1925  333587  333734  148  335363  335511  149  90.60  5
335623  340085  4463  335623  335764  142  339937  340085  149  95.30  5
348378  349578  1201  348378  348541  164  349408  349578  171  90.64  5
360366  365225  4860  360366  360602  237  364990  365225  236  99.16  5
376592  382677  6086  376592  376943  352  382326  382677  352  99.72  5
408095  414202  6108  408095  408259  165  414038  414202  165  100.00  5
429536  435060  5525  429536  429661  126  434930  435060  131  96.18  5
436615  441131  4517  436615  436859  245  440882  441131  250  91.60  5
460690  469828  9139  460690  460887  198  469631  469828  198  91.41  5
527577  530619  3043  527577  527826  250  530382  530619  238  92.80  5
792995  796669  3675  792995  793197  203  796470  796669  200  89.66  5
1035881  1039639  3759  1035881  1036281  401  1039227  1039639  413  96.61  5
71438  75165  3728  71438  71707  270  74901  75165  265  87.78  6
697197  699516  2320  697197  697437  241  699277  699516  240  95.02  6
707375  712121  4747  707375  707601  227  711899  712121  223  93.83  6
732857  738885  6029  732857  733120  264  738640  738885  246  92.05  6
768446  770101  1656  768446  768798  353  769728  770101  374  94.39  6
865921  869985  4065  865921  866101  181  869805  869985  181  100.00  6
939520  944443  4924  939520  939949  430  944011  944443  433  93.30  6
6528  9898  3371  6528  7097  570  9346  9898  553  93.33  7
81626  85569  3944  81626  81781  156  85421  85569  149  91.03  7
403362  406603  3242  403362  404356  995  405610  406603  994  94.97  7
410897  418342  7446  410897  411058  162  418182  418342  161  95.68  7
441133  446838  5706  441133  441444  312  446539  446838  300  95.83  7
611000  613106  2107  611000  611239  240  612854  613106  253  91.70  7
613603  616882  3280  613603  613747  145  616738  616882  145  100.00  7
841802  846804  5003  841802  842426  625  846212  846804  593  90.08  7
989268  990684  1417  989268  989549  282  990423  990684  262  86.17  7
243059  257926  14868  243059  243952  894  257020  257926  907  96.25  8
364313  365531  1219  364313  364501  189  365344  365531  188  92.06  8
394427  397049  2623  394427  394865  439  396612  397049  438  87.24  8
705320  708357  3038  705320  705615  296  708088  708357  270  88.18  8
728352  734792  6441  728352  728884  533  734267  734792  526  97.00  8
778371  779596  1226  778371  778517  147  779452  779596  145  91.16  8
984545  987499  2955  984545  984699  155  987350  987499  150  88.39  8
30833  34818  3986  30833  31638  806  34008  34818  811  92.11  9
373402  375338  1937  373402  373715  314  375022  375338  317  99.05  9
674886  687735  12850  674886  675527  642  687091  687735  645  95.66  9
708095  712370  4276  708095  708660  566  711807  712370  564  95.23  9
952726  954212  1487  952726  953033  308  953892  954212  321  86.60  9
264391  268819  4429  264391  264535  145  268673  268819  147  95.24  10
470986  475009  4024  470986  471962  977  474058  475009  952  93.65  10
924590  937445  12856  924590  924842  253  937179  937445  267  86.14  10
237603  243860  6258  237603  237779  177  243686  243860  175  97.74  11
326594  328546  1953  326594  326904  311  328236  328546  311  94.21  11
590075  591638  1564  590075  590385  311  591335  591638  304  92.93  11
890857  896483  5627  890857  891056  200  896287  896483  197  97.50  11
66624  70894  4271  66624  66776  153  70742  70894  153  100.00  12
617641  624385  6745  617641  617914  274  624108  624385  278  91.37  12
658951  663035  4085  658951  659062  112  662925  663035  111  92.86  12
873131  874699  1569  873131  873294  164  874548  874699  152  92.07  12
976486  979156  2671  976486  976648  163  978979  979156  178  91.01  12
13749  20024  6276  13749  14175  427  19602  20024  423  97.19  13
173924  179563  5640  173924  174095  172  179393  179563  171  90.12  13
453195  457900  4706  453195  453424  230  457674  457900  227  98.70  13
832091  836826  4736  832091  832250  160  836664  836826  163  96.32  13
880106  881702  1597  880106  880237  132  881588  881702  115  85.61  13
5221  9547  4327  5221  5348  128  9404  9547  144  88.19  14
275300  277318  2019  275300  275542  243  277071  277318  248  94.35  14
290802  295142  4341  290802  290969  168  294975  295142  168  100.00  14
314760  320183  5424  314760  314916  157  320044  320183  140  85.35  14
397549  400833  3285  397549  397723  175  400663  400833  171  92.00  14
532715  539795  7081  532715  532937  223  539557  539795  239  85.77  14
554886  568115  13230  554886  555026  141  567968  568115  148  85.81  14
580079  581635  1557  580079  580236  158  581468  581635  168  85.12  14
721160  724226  3067  721160  722084  925  723286  724226  941  96.60  14
726017  733681  7665  726017  726942  926  732773  733681  909  94.60  14
868742  871490  2749  868742  868919  178  871309  871490  182  96.70  14
899678  905059  5382  899678  899805  128  904933  905059  127  96.09  14
60167  64476  4310  60167  60302  136  64342  64476  135  99.26  15
93268  104727  11460  93268  93368  101  104626  104727  102  98.04  15
180355  183360  3006  180355  180556  202  183148  183360  213  90.61  15
224367  227963  3597  224367  224537  171  227799  227963  165  96.49  15
439716  442375  2660  439716  440482  767  441603  442375  773  93.66  15
485755  491051  5297  485755  486062  308  490752  491051  300  85.39  15
722713  725715  3003  722713  722922  210  725520  725715  196  90.00  15
819821  825676  5856  819821  820190  370  825316  825676  361  92.16  15
40311  47259  6949  40311  41096  786  46502  47259  758  92.75  16
95735  98894  3160  95735  96494  760  98148  98894  747  94.21  16
123284  127707  4424  123284  123424  141  127564  127707  144  97.92  16
138118  148717  10600  138118  138382  265  148461  148717  257  90.19  16
170949  177981  7033  170949  171275  327  177662  177981  320  93.88  16
284175  286151  1977  284175  284607  433  285747  286151  405  91.22  16
355215  359885  4671  355215  355420  206  359674  359885  212  88.68  16
368183  382531  14349  368183  368411  229  382295  382531  237  91.56  16
492460  494483  2024  492460  492615  156  494330  494483  154  98.72  16
505090  507252  2163  505090  505232  143  507110  507252  143  100.00  16
599039  603186  4148  599039  599186  148  603023  603186  164  85.37  16
644144  648970  4827  644144  644385  242  648719  648970  252  91.27  16
811025  820955  9931  811025  811456  432  820527  820955  429  85.19  16
11952  16537  4586  11952  12139  188  16338  16537  200  86.50  17
307804  310472  2669  307804  308321  518  309919  310472  554  91.70  17
563622  566052  2431  563622  563876  255  565796  566052  257  93.39  17
683421  688518  5098  683421  683939  519  687986  688518  533  93.81  17
691943  702554  10612  691943  692336  394  702164  702554  391  92.39  17
741407  747275  5869  741407  741571  165  747119  747275  157  93.33  17
752258  757689  5432  752258  752895  638  757055  757689  635  93.89  17
759001  761017  2017  759001  759410  410  760601  761017  417  95.44  17
59059  60481  1423  59059  59256  198  60277  60481  205  87.32  18
277283  280271  2989  277283  277572  290  279987  280271  285  92.07  18
473818  479603  5786  473818  474811  994  478615  479603  989  95.37  18
622228  623611  1384  622228  622452  225  623381  623611  231  85.71  18
719643  731386  11744  719643  720181  539  730852  731386  535  91.84  18
62720  66346  3627  62720  63084  365  65975  66346  372  92.20  19
186044  199181  13138  186044  186201  158  199029  199181  153  89.24  20
293569  295763  2195  293569  293993  425  295320  295763  444  89.41  20
317867  319527  1661  317867  317992  126  319404  319527  124  92.86  20
546286  560605  14320  546286  547205  920  559710  560605  896  93.70  20
648090  656426  8337  648090  648685  596  655808  656426  619  94.02  20
695161  699691  4531  695161  695379  219  699454  699691  238  85.71  20
1111  2545  1435  1111  1431  321  2238  2545  308  87.54  21
55629  58535  2907  55629  55752  124  58423  58535  113  88.71  21
278993  284057  5065  278993  279208  216  283832  284057  226  86.28  21
601548  604107  2560  601548  601683  136  603978  604107  130  88.24  21
705426  706937  1512  705426  705607  182  706755  706937  183  95.63  21
726325  730914  4590  726325  726558  234  730681  730914  234  99.15  21
77708  82146  4439  77708  78036  329  81800  82146  347  90.78  22
149939  153575  3637  149939  150162  224  153357  153575  219  96.88  22
176400  179190  2791  176400  176842  443  178741  179190  450  96.89  22
462474  467212  4739  462474  462710  237  466976  467212  237  99.58  22
473326  475521  2196  473326  473684  359  475176  475521  346  93.59  22
646960  649829  2870  646960  647103  144  649685  649829  145  92.41  22
102600  107163  4564  102600  102747  148  107025  107163  139  89.86  23
212182  218083  5902  212182  212318  137  217953  218083  131  92.70  23
445761  451715  5955  445761  446012  252  451460  451715  256  98.44  23
485841  497367  11527  485841  486076  236  497134  497367  234  98.73  23
519219  522916  3698  519219  519371  153  522774  522916  143  87.58  23
562874  567170  4297  562874  563118  245  566925  567170  246  99.59  23
580566  590991  10426  580566  580852  287  590733  590991  259  85.37  23
605172  609667  4496  605172  605290  119  609552  609667  116  89.92  23
315773  320110  4338  315773  315940  168  319945  320110  166  98.81  24
344804  346881  2078  344804  344957  154  346728  346881  154  100.00  24
396846  401938  5093  396846  397111  266  401672  401938  267  92.13  24
1055  3825  2771  1055  1273  219  3598  3825  228  85.09  25
47964  52707  4744  47964  48122  159  52549  52707  159  86.16  25
151149  153946  2798  151149  151268  120  153831  153946  116  85.00  25
334753  341598  6846  334753  335041  289  341299  341598  300  92.33  25
342939  347441  4503  342939  343090  152  347290  347441  152  100.00  25
43916  46848  2933  43916  44089  174  46685  46848  164  86.21  26
151373  156051  4679  151373  151535  163  155889  156051  163  98.77  26
282469  284039  1571  282469  282774  306  283716  284039  324  91.98  26
308262  310195  1934  308262  309152  891  309295  310195  901  94.45  26
318726  322720  3995  318726  318857  132  322578  322720  143  86.71  26
49851  54412  4562  49851  50085  235  54178  54412  235  100.00  27
188766  191529  2764  188766  188934  169  191354  191529  176  91.48  27
311148  322577  11430  311148  312015  868  321707  322577  871  97.13  27
221973  226594  4622  221973  222266  294  226301  226594  294  100.00  28
233948  238749  4802  233948  234195  248  238535  238749  215  85.08  28
307151  311749  4599  307151  307362  212  311538  311749  212  98.58  28
338125  343564  5440  338125  338708  584  342956  343564  609  92.78  28
417332  428379  11048  417332  417853  522  427859  428379  521  89.27  28
117810  119803  1994  117810  118162  353  119471  119803  333  92.07  29
216775  229296  12522  216775  217052  278  229019  229296  278  94.96  29
549483  555630  6148  549483  549645  163  555468  555630  163  95.71  29
555632  569430  13799  555632  555862  231  569216  569430  215  87.45  29
585641  590159  4519  585641  586061  421  589753  590159  407  95.25  29
56935  58879  1945  56935  57194  260  58610  58879  270  89.26  30
72625  85534  12910  72625  73093  469  85064  85534  471  87.47  30
168388  173601  5214  168388  168581  194  173413  173601  189  91.75  30
215062  222763  7702  215062  215671  610  222169  222763  595  95.90  30
394042  396119  2078  394042  394183  142  395976  396119  144  98.61  31
48639  50655  2017  48639  49082  444  50205  50655  451  96.01  32
183855  185305  1451  183855  183991  137  185178  185305  128  85.40  32
262158  267264  5107  262158  262262  105  267164  267264  101  88.57  32
499569  509817  10249  499569  500019  451  509361  509817  457  94.53  32
568398  574060  5663  568398  568822  425  573628  574060  433  92.38  32
4035  9840  5806  4035  4242  208  9633  9840  208  93.27  33
56671  69632  12962  56671  56816  146  69494  69632  139  88.36  33
139459  145293  5835  139459  139783  325  144969  145293  325  99.38  33
386223  388069  1847  386223  386669  447  387620  388069  450  94.00  33
402513  405846  3334  402513  402618  106  405736  405846  111  91.89  33
462898  470144  7247  462898  463340  443  469690  470144  455  96.04  33
524790  526771  1982  524790  525259  470  526316  526771  456  93.83  33
13108  17472  4365  13108  13577  470  17002  17472  471  93.84  34
21427  33761  12335  21427  21891  465  33304  33761  458  87.53  34
38676  41376  2701  38676  38953  278  41099  41376  278  100.00  34
109435  122188  12754  109435  109875  441  121755  122188  434  93.65  34
177059  190783  13725  177059  177250  192  190588  190783  196  88.27  34
380942  385858  4917  380942  381150  209  385644  385858  215  92.09  34
452603  457950  5348  452603  452899  297  457648  457950  303  97.69  34
499941  511920  11980  499941  500677  737  511174  511920  747  90.90  34
112248  113997  1750  112248  112607  360  113612  113997  386  92.23  35
383762  388458  4697  383762  384122  361  388087  388458  372  91.40  35
393559  397918  4360  393559  394367  809  397125  397918  794  87.39  35
400824  406701  5878  400824  401249  426  406284  406701  418  90.14  35
441619  450864  9246  441619  442201  583  450297  450864  568  92.80  35
484915  488326  3412  484915  485320  406  487946  488326  381  92.86  35
52173  56459  4287  52173  52287  115  56346  56459  114  90.43  36
95144  101538  6395  95144  95680  537  101004  101538  535  99.63  36
158123  160231  2109  158123  158579  457  159790  160231  442  95.19  36
187630  191866  4237  187630  187783  154  191712  191866  155  98.71  36
216727  224981  8255  216727  217096  370  224634  224981  348  90.54  37
281636  287770  6135  281636  282126  491  287294  287770  477  96.13  37
492687  495605  2919  492687  493083  397  495220  495605  386  95.72  37
3232  12687  9456  3232  3928  697  11987  12687  701  96.15  38
21372  26116  4745  21372  21533  162  25952  26116  165  98.18  38
156628  162024  5397  156628  157052  425  161593  162024  432  95.37  38
440527  444367  3841  440527  440852  326  444045  444367  323  94.48  38
463806  466154  2349  463806  464435  630  465529  466154  626  95.56  38
482791  487064  4274  482791  482952  162  486901  487064  164  95.12  38
22018  25592  3575  22018  22117  100  25493  25592  100  89.00  39
117175  131334  14160  117175  117929  755  130568  131334  767  94.52  39
474015  482782  8768  474015  474425  411  482347  482782  436  93.81  39
305235  310734  5500  305235  305370  136  310608  310734  127  88.97  40
311717  314717  3001  311717  311824  108  314614  314717  104  93.52  40
407854  412310  4457  407854  407994  141  412180  412310  131  87.94  40
471353  483390  12038  471353  471896  544  482859  483390  532  93.01  40
495931  500309  4379  495931  496217  287  500022  500309  288  89.93  40
79566  84152  4587  79566  79803  238  83918  84152  235  97.06  41
482349  484250  1902  482349  483014  666  483603  484250  648  90.99  41
105652  112745  7094  105652  105778  127  112619  112745  127  86.61  42
190204  194271  4068  190204  190448  245  194027  194271  245  99.59  42
6  3312  3307  6  370  365  2929  3312  384  91.93  43
7449  17114  9666  7449  8149  701  16421  17114  694  95.58  43
343516  350808  7293  343516  343776  261  350546  350808  263  85.93  43
71954  73951  1998  71954  72183  230  73738  73951  214  92.61  44
139648  143419  3772  139648  140031  384  143037  143419  383  94.27  44
32625  42139  9515  32625  33179  555  41605  42139  535  90.27  45
200711  205928  5218  200711  200858  148  205779  205928  150  95.33  45
261306  264648  3343  261306  261795  490  264165  264648  484  94.90  45
308066  314688  6623  308066  308272  207  314491  314688  198  86.47  45
402255  407523  5269  402255  402579  325  407199  407523  325  96.92  45
422448  435963  13516  422448  422649  202  435761  435963  203  86.70  45
77761  80837  3077  77761  77913  153  80685  80837  153  99.35  46
327009  331913  4905  327009  327497  489  331422  331913  492  94.72  46
447539  450081  2543  447539  447925  387  449738  450081  344  87.86  46
132855  136919  4065  132855  133070  216  136721  136919  199  90.28  47
189002  197056  8055  189002  189162  161  196896  197056  161  86.96  47
208252  213614  5363  208252  208737  486  213104  213614  511  92.76  47
320411  324972  4562  320411  320533  123  324859  324972  114  88.62  47
459461  466392  6932  459461  459783  323  466078  466392  315  89.47  47
128706  138301  9596  128706  129527  822  137460  138301  842  92.16  48
143930  145999  2070  143930  144050  121  145870  145999  130  91.54  48
243645  245049  1405  243645  243863  219  244828  245049  222  86.04  48
263036  264942  1907  263036  263359  324  264622  264942  321  92.28  49
15823  20205  4383  15823  15925  103  20091  20205  115  89.57  50
31352  35097  3746  31352  32127  776  34318  35097  780  88.59  50
46290  50187  3898  46290  46630  341  49878  50187  310  86.51  50
93615  101051  7437  93615  93823  209  100853  101051  199  86.60  50
127111  131739  4629  127111  127443  333  131406  131739  334  99.70  50
134431  136815  2385  134431  134958  528  136277  136815  539  94.81  50
137902  142326  4425  137902  138120  219  142114  142326  213  97.26  50
293614  303571  9958  293614  294304  691  302862  303571  710  92.68  50
458428  466820  8393  458428  459048  621  466224  466820  597  93.72  50
10924  14652  3729  10924  11818  895  13753  14652  900  91.22  51
83701  93677  9977  83701  84074  374  93310  93677  368  88.24  51
130389  134619  4231  130389  130796  408  134197  134619  423  92.67  51
156428  158943  2516  156428  156834  407  158539  158943  405  96.56  51
97591  107968  10378  97591  98018  428  107539  107968  430  88.37  52
287403  291131  3729  287403  288152  750  290357  291131  775  95.10  52
26632  32109  5478  26632  26899  268  31842  32109  268  95.15  54
221933  225715  3783  221933  222334  402  225295  225715  421  91.92  54
250051  252447  2397  250051  250520  470  251955  252447  493  95.33  54
256133  264779  8647  256133  256463  331  264452  264779  328  98.19  54
282697  286253  3557  282697  283244  548  285727  286253  527  93.25  54
52991  55611  2621  52991  53163  173  55439  55611  173  88.44  55
125281  127630  2350  125281  125864  584  127073  127630  558  95.03  55
298080  302452  4373  298080  298209  130  302316  302452  137  91.24  55
129750  134331  4582  129750  129967  218  134117  134331  215  91.28  56
154039  164741  10703  154039  154707  669  164058  164741  684  86.99  56
495781  498945  3165  495781  495912  132  498811  498945  135  93.33  56
698158  700517  2360  698158  698562  405  700106  700517  412  90.53  56
80823  85297  4475  80823  81005  183  85116  85297  182  99.45  57
312437  325957  13521  312437  312619  183  325773  325957  185  87.57  57
32695  35363  2669  32695  33500  806  34537  35363  827  88.51  58
135148  137967  2820  135148  135288  141  137837  137967  131  91.49  58
292562  295977  3416  292562  292691  130  295846  295977  132  85.61  58
329808  343965  14158  329808  330562  755  343225  343965  741  89.40  58
210437  216070  5634  210437  210639  203  215869  216070  202  99.51  59
388070  395715  7646  388070  388202  133  395577  395715  139  87.05  59
238958  243407  4450  238958  239139  182  243226  243407  182  100.00  60
261109  271799  10691  261109  261288  180  271625  271799  175  90.00  60
329114  335938  6825  329114  329277  164  335773  335938  166  90.96  60
342674  346228  3555  342674  342858  185  346050  346228  179  85.41  60
385009  391156  6148  385009  385429  421  390735  391156  422  99.05  60
21849  23322  1474  21849  21968  120  23204  23322  119  93.33  61
60352  66687  6336  60352  60735  384  66317  66687  371  95.31  61
84754  88942  4189  84754  84894  141  88803  88942  140  97.87  61
108984  119611  10628  108984  109947  964  118662  119611  950  93.78  61
125760  135216  9457  125760  126075  316  134893  135216  324  86.42  61
144977  149067  4091  144977  145100  124  148932  149067  136  89.71  61
154372  165202  10831  154372  154594  223  164982  165202  221  87.00  62
228231  234690  6460  228231  228361  131  234550  234690  141  87.23  62
268221  270266  2046  268221  268382  162  270103  270266  164  89.02  62
40780  45831  5052  40780  40910  131  45696  45831  136  88.24  64
207262  213006  5745  207262  207382  121  212895  213006  112  85.95  64
382709  389694  6986  382709  382853  145  389550  389694  145  99.31  64
109363  113889  4527  109363  110057  695  113191  113889  699  92.56  65
138062  141707  3646  138062  138376  315  141403  141707  305  89.21  65
147994  152585  4592  147994  148573  580  152005  152585  581  88.81  65
160502  169385  8884  160502  161042  541  168833  169385  553  89.69  65
194945  202807  7863  194945  195193  249  202559  202807  249  92.37  65
244179  248504  4326  244179  244283  105  248399  248504  106  96.23  65
12614  18666  6053  12614  13011  398  18292  18666  375  91.71  66
85710  89406  3697  85710  86108  399  88979  89406  428  92.99  66
97463  101623  4161  97463  97605  143  101492  101623  132  92.31  66
242522  244347  1826  242522  242984  463  243901  244347  447  91.36  66
38518  44156  5639  38518  38656  139  44029  44156  128  87.77  67
183623  188035  4413  183623  183999  377  187674  188035  362  91.25  67
272499  275424  2926  272499  272810  312  275128  275424  297  94.23  67
11685  17141  5457  11685  12134  450  16703  17141  439  91.56  68
51431  59838  8408  51431  51624  194  59657  59838  182  85.05  68
258746  265126  6381  258746  258972  227  264909  265126  218  86.78  69
267563  269657  2095  267563  267814  252  269402  269657  256  85.94  70
290746  293523  2778  290746  290961  216  293296  293523  228  88.16  70
354642  357716  3075  354642  355046  405  357328  357716  389  90.62  70
42635  45882  3248  42635  42769  135  45757  45882  126  87.41  71
308128  314128  6001  308128  308248  121  314016  314128  113  85.12  71
321696  326073  4378  321696  321858  163  325916  326073  158  95.71  71
72683  81357  8675  72683  73327  645  80678  81357  680  91.32  72
129377  131083  1707  129377  129582  206  130896  131083  188  89.32  73
137402  138746  1345  137402  137521  120  138624  138746  123  90.24  73
187730  189896  2167  187730  187840  111  189792  189896  105  90.99  73
196153  200657  4505  196153  196291  139  200522  200657  136  97.84  73
232131  237716  5586  232131  232317  187  237525  237716  192  94.79  73
247273  261583  14311  247273  247661  389  261189  261583  395  93.92  73
256736  259682  2947  256736  256907  172  259511  259682  172  86.05  74
211481  219145  7665  211481  211980  500  218638  219145  508  98.43  75
255013  259812  4800  255013  255527  515  259286  259812  527  97.15  75
254607  256831  2225  254607  254940  334  256496  256831  336  89.58  76
77088  90431  13344  77088  77480  393  90032  90431  400  87.75  77
140899  142235  1337  140899  141121  223  142014  142235  222  85.65  77
36124  42031  5908  36124  36427  304  41736  42031  296  95.07  79
113312  119377  6066  113312  113591  280  119099  119377  279  98.57  79
122992  133859  10868  122992  123415  424  133431  133859  429  87.41  79
204724  209582  4859  204724  204907  184  209391  209582  192  90.10  79
291053  294361  3309  291053  291414  362  294001  294361  361  90.61  79
3457  17347  13891  3457  3792  336  17018  17347  330  96.13  80
153368  158031  4664  153368  153598  231  157801  158031  231  96.97  80
158895  170235  11341  158895  159461  567  169672  170235  564  95.41  80
34723  38789  4067  34723  34910  188  38612  38789  178  87.77  81
89844  94338  4495  89844  90014  171  94164  94338  175  88.00  82
156054  158003  1950  156054  156322  269  157751  158003  253  93.68  82
315577  324726  9150  315577  315961  385  324339  324726  388  91.49  82
273733  278352  4620  273733  273964  232  278120  278352  233  96.57  83
292255  296126  3872  292255  292937  683  295446  296126  681  91.36  83
201373  203254  1882  201373  201557  185  203062  203254  193  93.78  84
210776  219421  8646  210776  211060  285  219145  219421  277  86.67  84
288652  301104  12453  288652  289192  541  300563  301104  542  95.94  84
101787  109496  7710  101787  102082  296  109210  109496  287  86.15  85
244493  246366  1874  244493  244682  190  246173  246366  194  96.91  85
27245  29324  2080  27245  27399  155  29171  29324  154  99.35  86
122426  124073  1648  122426  122833  408  123643  124073  431  94.43  86
251285  258964  7680  251285  251952  668  258307  258964  658  91.62  86
286087  289392  3306  286087  286621  535  288833  289392  560  95.18  86
183704  185643  1940  183704  183856  153  185494  185643  150  87.58  87
258132  261226  3095  258132  259021  890  260308  261226  919  94.12  87
43102  47915  4814  43102  43461  360  47545  47915  371  91.91  89
51071  54289  3219  51071  51914  844  53468  54289  822  94.31  89
132299  136678  4380  132299  132400  102  136576  136678  103  98.06  89
112158  113817  1660  112158  112328  171  113652  113817  166  91.81  90
103471  108108  4638  103471  103610  140  107972  108108  137  95.71  91
280485  283080  2596  280485  281478  994  282102  283080  979  94.37  91
251230  256053  4824  251230  251843  614  255457  256053  597  93.81  92
257594  258862  1269  257594  257779  186  258665  258862  198  90.91  92
166288  171104  4817  166288  166399  112  170989  171104  116  86.21  93
28266  30739  2474  28266  28716  451  30278  30739  462  93.72  94
243121  247074  3954  243121  243675  555  246536  247074  539  88.65  94
192703  196699  3997  192703  192809  107  196592  196699  108  96.30  95
295935  304643  8709  295935  296384  450  304219  304643  425  92.67  95
96115  97621  1507  96115  96375  261  97399  97621  223  85.06  96
135206  137572  2367  135206  135496  291  137273  137572  300  95.00  96
271222  276334  5113  271222  271528  307  276025  276334  310  91.29  96
276347  281156  4810  276347  277119  773  280385  281156  772  91.72  96
32799  34936  2138  32799  33083  285  34650  34936  287  94.43  97
145997  159762  13766  145997  146591  595  159169  159762  594  97.48  97
46095  50794  4700  46095  46230  136  50658  50794  137  88.32  98
197334  203869  6536  197334  197450  117  203746  203869  124  92.74  98
225366  229893  4528  225366  225512  147  229752  229893  142  95.92  98
34286  38306  4021  34286  34620  335  37963  38306  344  88.66  99
58926  60947  2022  58926  59409  484  60460  60947  488  96.93  99
137412  145902  8491  137412  138257  846  145044  145902  859  85.56  99
157899  166238  8340  157899  158247  349  165886  166238  353  87.82  99
208883  213213  4331  208883  209196  314  212910  213213  304  94.59  99
217001  218367  1367  217001  217343  343  218012  218367  356  85.96  99
232091  237058  4968  232091  232403  313  236765  237058  294  89.14  99
278861  282349  3489  278861  279278  418  281927  282349  423  92.67  99
188806  192745  3940  188806  188973  168  192563  192745  183  91.80  100
228267  232335  4069  228267  228368  102  232234  232335  102  100.00  100
123506  127835  4330  123506  123627  122  127710  127835  126  95.24  101
193983  197976  3994  193983  194126  144  197834  197976  143  93.75  101
222701  237303  14603  222701  223318  618  236673  237303  631  92.71  101
69585  72644  3060  69585  69805  221  72409  72644  236  90.68  102
86388  91816  5429  86388  86634  247  91563  91816  254  85.83  103
122996  124744  1749  122996  123428  433  124329  124744  416  96.07  103
137851  143799  5949  137851  138020  170  143621  143799  179  87.15  103
243831  254505  10675  243831  244201  371  254145  254505  361  90.30  103
26394  30910  4517  26394  26542  149  30762  30910  149  99.33  104
91094  98724  7631  91094  91280  187  98541  98724  184  89.84  105
228598  233651  5054  228598  228990  393  233259  233651  393  97.20  105
6659  8851  2193  6659  6868  210  8648  8851  204  90.48  106
28264  41195  12932  28264  28643  380  40830  41195  366  91.05  106
42754  47793  5040  42754  43031  278  47557  47793  237  85.25  106
21434  30851  9418  21434  22287  854  29996  30851  856  92.29  107
51669  58510  6842  51669  52260  592  57909  58510  602  91.20  107
138820  152486  13667  138820  138960  141  152342  152486  145  93.10  107
158374  160726  2353  158374  158697  324  160397  160726  330  94.24  107
73013  75437  2425  73013  73933  921  74533  75437  905  90.88  108
191636  193360  1725  191636  191938  303  193072  193360  289  85.15  108
216738  220173  3436  216738  217335  598  219601  220173  573  90.13  111
71729  81237  9509  71729  72072  344  80889  81237  349  91.98  112
43903  48266  4364  43903  44009  107  48160  48266  107  99.07  113
79302  83345  4044  79302  79476  175  83171  83345  175  100.00  113
145144  146635  1492  145144  145279  136  146498  146635  138  86.96  114
235166  238744  3579  235166  235380  215  238530  238744  215  92.09  114
79461  83978  4518  79461  80050  590  83385  83978  594  92.42  115
226925  237625  10701  226925  227053  129  237507  237625  119  88.37  115
14982  18098  3117  14982  15575  594  17519  18098  580  96.97  116
90984  94512  3529  90984  91810  827  93674  94512  839  98.33  117
154532  162465  7934  154532  154775  244  162201  162465  265  90.94  117
218495  223671  5177  218495  218811  317  223359  223671  313  97.79  119
5192  7815  2624  5192  5725  534  7302  7815  514  88.20  120
137140  139071  1932  137140  137367  228  138863  139071  209  90.79  120
31225  34996  3772  31225  31361  137  34859  34996  138  96.38  121
159817  163407  3591  159817  160518  702  162715  163407  693  91.74  121
187995  190290  2296  187995  188394  400  189862  190290  429  90.21  121
54742  61128  6387  54742  55388  647  60466  61128  663  87.63  123
177610  181981  4372  177610  178009  400  181571  181981  411  95.86  123
119440  122454  3015  119440  119661  222  122251  122454  204  87.84  124
105167  115059  9893  105167  105709  543  114493  115059  567  91.71  126
167711  173634  5924  167711  168148  438  173224  173634  411  92.69  126
89543  94123  4581  89543  89731  189  93956  94123  168  86.77  127
154445  158857  4413  154445  154550  106  158744  158857  114  88.60  128
125578  129744  4167  125578  125692  115  129619  129744  126  89.68  129
137182  140443  3262  137182  137384  203  140248  140443  196  89.16  129
161949  166338  4390  161949  162084  136  166203  166338  136  100.00  130
42211  47912  5702  42211  42441  231  47686  47912  227  85.28  131
51277  55447  4171  51277  51443  167  55275  55447  173  90.75  131
91563  93395  1833  91563  91667  105  93290  93395  106  86.79  131
111531  118996  7466  111531  111708  178  118814  118996  183  90.16  131
160022  165930  5909  160022  160161  140  165794  165930  137  93.57  131
64313  68343  4031  64313  64494  182  68162  68343  182  100.00  132
77588  82862  5275  77588  77694  107  82756  82862  107  95.33  132
3989  12328  8340  3989  4763  775  11553  12328  776  94.20  133
203359  206712  3354  203359  203495  137  206576  206712  137  91.97  133
53  8607  8555  53  563  511  8123  8607  485  91.59  135
49638  64593  14956  49638  49925  288  64302  64593  292  86.64  135
2555  5606  3052  2555  2838  284  5327  5606  280  88.73  136
7182  13207  6026  7182  7833  652  12570  13207  638  97.09  136
106409  109480  3072  106409  106741  333  109144  109480  337  90.50  136
1202  3146  1945  1202  1436  235  2925  3146  222  88.51  137
72030  75090  3061  72030  72539  510  74583  75090  508  94.51  137
164264  167776  3513  164264  164431  168  167622  167776  155  89.29  137
184015  185944  1930  184015  184164  150  185791  185944  154  87.66  137
25308  28634  3327  25308  25665  358  28283  28634  352  95.53  138
94524  98749  4226  94524  94658  135  98614  98749  136  99.26  138
27275  30177  2903  27275  27706  432  29765  30177  413  87.73  139
8229  22707  14479  8229  8577  349  22364  22707  344  88.25  140
127652  130239  2588  127652  127813  162  130078  130239  162  100.00  140
151483  159525  8043  151483  151813  331  159193  159525  333  93.69  140
72847  78904  6058  72847  73448  602  78296  78904  609  93.43  141
80804  91865  11062  80804  81318  515  91351  91865  515  92.62  141
100329  104437  4109  100329  100549  221  104227  104437  211  90.50  141
113042  115424  2383  113042  113773  732  114707  115424  718  96.99  141
17164  24358  7195  17164  17404  241  24109  24358  250  90.80  142
89728  96060  6333  89728  90166  439  95615  96060  446  95.29  142
143574  146626  3053  143574  144090  517  146114  146626  513  91.30  142
78928  83112  4185  78928  79128  201  82911  83112  202  91.58  143
48731  59166  10436  48731  49187  457  58720  59166  447  94.97  144
66160  70862  4703  66160  66300  141  70722  70862  141  99.29  144
114218  117375  3158  114218  114385  168  117215  117375  161  94.64  144
135700  143088  7389  135700  136132  433  142645  143088  444  95.95  144
76744  88285  11542  76744  76989  246  88034  88285  252  89.29  145
143379  153115  9737  143379  144245  867  152259  153115  857  89.62  146
154739  158197  3459  154739  154868  130  158068  158197  130  96.92  147
82883  87120  4238  82883  83006  124  86993  87120  128  93.75  148
151674  157694  6021  151674  152188  515  157198  157694  497  94.17  148
7693  13838  6146  7693  7922  230  13583  13838  256  86.72  149
158841  166691  7851  158841  159430  590  166105  166691  587  86.27  149
169730  174434  4705  169730  169954  225  174200  174434  235  93.62  149
5558  8462  2905  5558  5995  438  8019  8462  444  96.40  150
45132  48826  3695  45132  45349  218  48610  48826  217  95.41  150
97497  106707  9211  97497  97965  469  106263  106707  445  86.57  151
36067  40388  4322  36067  36364  298  40093  40388  296  99.33  152
76124  81218  5095  76124  76276  153  81065  81218  154  99.35  152
138605  141956  3352  138605  139052  448  141504  141956  453  95.36  152
15961  19669  3709  15961  16188  228  19439  19669  231  95.67  154
99152  108432  9281  99152  100011  860  107569  108432  864  93.40  154
49234  50398  1165  49234  49374  141  50260  50398  139  93.62  155
26671  28009  1339  26671  26845  175  27818  28009  192  89.58  156
116269  119161  2893  116269  116435  167  119000  119161  162  95.21  156
34757  39043  4287  34757  34911  155  38907  39043  137  87.10  157
87276  92663  5388  87276  87595  320  92365  92663  299  93.44  157
63476  66054  2579  63476  63998  523  65510  66054  545  95.41  158
76759  82550  5792  76759  77754  996  81604  82550  947  92.17  158
114627  119100  4474  114627  114856  230  118885  119100  216  92.17  158
132211  140490  8280  132211  132628  418  140084  140490  407  97.37  158
2308  6433  4126  2308  3289  982  5470  6433  964  96.13  160
77114  81569  4456  77114  77245  132  81436  81569  134  86.57  160
80015  81415  1401  80015  80288  274  81155  81415  261  88.69  161
91743  96154  4412  91743  91877  135  96020  96154  135  97.78  161
122842  127169  4328  122842  122992  151  127014  127169  156  96.79  161
2952  5432  2481  2952  3303  352  5059  5432  374  92.25  164
27366  38251  10886  27366  27928  563  37696  38251  556  94.85  164
41636  49262  7627  41636  42166  531  48747  49262  516  96.42  166
122337  128206  5870  122337  122618  282  127916  128206  291  86.60  166
59108  70353  11246  59108  59307  200  70157  70353  197  93.50  167
9046  13397  4352  9046  9542  497  12935  13397  463  92.96  168
101456  114610  13155  101456  102125  670  113928  114610  683  94.58  169
84406  92292  7887  84406  84544  139  92155  92292  138  90.65  170
117652  122540  4889  117652  117904  253  122281  122540  260  89.62  172
16499  21145  4647  16499  16818  320  20848  21145  298  92.81  173
1098  7209  6112  1098  1986  889  6342  7209  868  96.29  174
110098  115264  5167  110098  110397  300  114968  115264  297  91.33  174
94015  102931  8917  94015  94281  267  102668  102931  264  86.14  177
54142  57115  2974  54142  54288  147  56969  57115  147  97.28  178
62123  67368  5246  62123  62289  167  67179  67368  190  87.37  178
73528  75632  2105  73528  73960  433  75220  75632  413  85.22  178
95420  96785  1366  95420  95539  120  96671  96785  115  90.00  178
107226  111582  4357  107226  107377  152  111439  111582  144  92.11  178
3809  7888  4080  3809  4071  263  7621  7888  268  88.81  179
15186  19356  4171  15186  15781  596  18768  19356  589  88.93  179
45944  54327  8384  45944  46082  139  54188  54327  140  99.29  180
82686  85602  2917  82686  82871  186  85408  85602  195  89.23  180
95727  108050  12324  95727  96592  866  107193  108050  858  95.15  180
100445  102498  2054  100445  100791  347  102131  102498  368  89.13  182
90428  98249  7822  90428  90686  259  98002  98249  248  88.42  184
74788  79329  4542  74788  74930  143  79185  79329  145  89.66  187
3989  6588  2600  3989  4186  198  6390  6588  199  92.46  188
6770  11197  4428  6770  7112  343  10853  11197  345  93.33  189
81143  89515  8373  81143  82114  972  88520  89515  996  95.48  189
96671  100254  3584  96671  97120  450  99812  100254  443  94.00  189
38744  42491  3748  38744  39238  495  42025  42491  467  92.12  190
6596  9543  2948  6596  6758  163  9378  9543  166  93.37  191
16155  18081  1927  16155  16308  154  17928  18081  154  100.00  191
20937  23739  2803  20937  21275  339  23398  23739  342  95.32  191
37941  45766  7826  37941  38823  883  44907  45766  860  95.58  193
81377  83845  2469  81377  81780  404  83450  83845  396  91.09  193
89950  96283  6334  89950  90566  617  95652  96283  632  94.15  194
58152  60659  2508  58152  58730  579  60096  60659  564  97.24  195
98647  101563  2917  98647  98783  137  101427  101563  137  92.70  196
65455  71077  5623  65455  65608  154  70918  71077  160  88.75  199
2708  7323  4616  2708  2918  211  7093  7323  231  89.18  200
79535  90308  10774  79535  80127  593  89699  90308  610  94.43  200
64829  66685  1857  64829  65244  416  66275  66685  411  89.66  201
69378  75726  6349  69378  69691  314  75418  75726  309  85.67  201
8055  11354  3300  8055  8168  114  11232  11354  123  92.68  202
87129  89103  1975  87129  87269  141  88949  89103  155  89.68  204
48733  63136  14404  48733  49032  300  62834  63136  303  88.78  205
1754  6826  5073  1754  2174  421  6426  6826  401  87.65  207
13682  21484  7803  13682  13788  107  21380  21484  105  89.72  208
73121  80810  7690  73121  73810  690  80135  80810  676  91.74  210
818  5120  4303  818  978  161  4968  5120  153  86.34  211
54056  56152  2097  54056  54155  100  56053  56152  100  100.00  212
3060  7123  4064  3060  3209  150  6978  7123  146  92.67  213
3985  16358  12374  3985  4256  272  16103  16358  256  86.40  214
36198  43819  7622  36198  36355  158  43670  43819  150  86.08  214
47123  51481  4359  47123  47291  169  51313  51481  169  98.22  214
78111  82815  4705  78111  78455  345  82471  82815  345  99.42  215
42655  46586  3932  42655  43303  649  45941  46586  646  91.68  217
82045  86635  4591  82045  82370  326  86310  86635  326  99.69  219
17414  19742  2329  17414  17513  100  19642  19742  101  89.11  220
20495  25980  5486  20495  20596  102  25879  25980  102  94.12  220
32681  36875  4195  32681  33668  988  35879  36875  997  97.59  220
51493  55081  3589  51493  52073  581  54492  55081  590  93.90  220
71967  76837  4871  71967  72126  160  76688  76837  150  92.50  220
25785  30178  4394  25785  25947  163  30010  30178  169  94.08  221
78856  88004  9149  78856  79840  985  87018  88004  987  96.66  222
29556  31573  2018  29556  29932  377  31196  31573  378  98.41  225
67334  73443  6110  67334  67764  431  73002  73443  442  95.48  225
31797  33605  1809  31797  31986  190  33392  33605  214  87.85  226
5117  9742  4626  5117  5304  188  9551  9742  192  95.31  229
27567  30639  3073  27567  27812  246  30389  30639  251  86.45  229
39026  44807  5782  39026  39157  132  44667  44807  141  86.52  230
10317  17003  6687  10317  10897  581  16425  17003  579  98.62  232
22650  28581  5932  22650  22835  186  28396  28581  186  100.00  232
47576  49132  1557  47576  48035  460  48673  49132  460  91.30  232
51295  53345  2051  51295  51453  159  53184  53345  162  88.27  232
68287  76565  8279  68287  68867  581  76027  76565  539  91.74  232
4713  6988  2276  4713  4850  138  6847  6988  142  90.14  234
34307  37089  2783  34307  34500  194  36916  37089  174  89.69  235
2258  10368  8111  2258  3192  935  9434  10368  935  91.44  236
11641  12910  1270  11641  11872  232  12695  12910  216  91.81  236
17299  21914  4616  17299  17529  231  21683  21914  232  94.40  236
21919  28932  7014  21919  22529  611  28322  28932  611  94.11  236
43104  46791  3688  43104  43573  470  46350  46791  442  89.15  236
43200  47389  4190  43200  43352  153  47237  47389  153  100.00  237
15660  20705  5046  15660  15842  183  20523  20705  183  98.91  239
35368  39493  4126  35368  35491  124  39371  39493  123  99.19  239
40540  44820  4281  40540  40688  149  44678  44820  143  90.60  239
60080  61618  1539  60080  60472  393  61203  61618  416  93.99  240
28099  36608  8510  28099  28212  114  36494  36608  115  93.91  241
25085  26608  1524  25085  25194  110  26491  26608  118  90.68  242
43357  45020  1664  43357  43527  171  44851  45020  170  95.91  242
45706  48818  3113  45706  45831  126  48693  48818  126  96.83  242
65688  70650  4963  65688  66183  496  70160  70650  491  91.33  242
16041  20675  4635  16041  16156  116  20556  20675  120  92.50  243
63533  65102  1570  63533  63845  313  64793  65102  310  90.73  243
39507  41198  1692  39507  39755  249  40959  41198  240  93.98  246
27556  33354  5799  27556  27780  225  33129  33354  226  96.90  247
21164  31639  10476  21164  21340  177  31463  31639  177  98.87  248
46052  60293  14242  46052  46277  226  60073  60293  221  88.50  248
46966  51274  4309  46966  47119  154  51121  51274  154  99.35  249
33626  36162  2537  33626  34217  592  35573  36162  590  98.48  250
20748  25404  4657  20748  21414  667  24747  25404  658  93.55  251
51671  61952  10282  51671  51912  242  61709  61952  244  96.72  251
51018  54454  3437  51018  51156  139  54315  54454  140  89.29  253
11073  18159  7087  11073  11687  615  17561  18159  599  94.31  255
40787  43328  2542  40787  41316  530  42797  43328  532  94.36  256
8652  12677  4026  8652  9143  492  12187  12677  491  90.24  257
12681  16335  3655  12681  12808  128  16217  16335  119  87.50  257
22818  27042  4225  22818  23166  349  26668  27042  375  85.33  257
29164  33330  4167  29164  29328  165  33167  33330  164  91.52  257
10561  18055  7495  10561  10999  439  17607  18055  449  93.99  258
35109  38024  2916  35109  35629  521  37491  38024  534  92.51  260
41401  54017  12617  41401  41610  210  53797  54017  221  86.43  260
27092  33253  6162  27092  27343  252  33001  33253  253  99.60  262
23157  26512  3356  23157  23700  544  25951  26512  562  95.91  264
20374  22600  2227  20374  20714  341  22266  22600  335  97.65  265
19111  24643  5533  19111  19298  188  24464  24643  180  87.77  268
38439  42915  4477  38439  38625  187  42729  42915  187  85.56  270
26859  41148  14290  26859  27062  204  40936  41148  213  91.08  271
40103  42771  2669  40103  40204  102  42671  42771  101  95.10  274
14812  20929  6118  14812  15310  499  20435  20929  495  90.38  275
29068  34590  5523  29068  29193  126  34465  34590  126  98.41  276
37051  47729  10679  37051  37599  549  47148  47729  582  88.14  276
47045  51772  4728  47045  47275  231  51542  51772  231  97.84  277
16867  21097  4231  16867  17010  144  20947  21097  151  95.36  280
558  11065  10508  558  871  314  10744  11065  322  88.20  281
26029  34283  8255  26029  26900  872  33410  34283  874  98.17  281
16153  18597  2445  16153  16598  446  18152  18597  446  99.33  283
24659  31894  7236  24659  25652  994  30905  31894  990  93.36  286
4552  8943  4392  4552  4688  137  8803  8943  141  92.20  288
11243  18400  7158  11243  11459  217  18186  18400  215  98.16  288
6786  12296  5511  6786  6913  128  12170  12296  127  99.22  292
12601  19252  6652  12601  13020  420  18800  19252  453  86.75  298
11490  16295  4806  11490  11669  180  16128  16295  168  90.00  302
465  7511  7047  465  804  340  7175  7511  337  97.35  304
9609  13066  3458  9609  9851  243  12815  13066  252  94.05  304
14222  17878  3657  14222  15039  818  17071  17878  808  97.80  304
19109  23045  3937  19109  19848  740  22300  23045  746  96.25  304
24728  29947  5220  24728  25416  689  29270  29947  678  93.32  304
20231  32959  12729  20231  21209  979  31962  32959  998  93.99  305
8681  10511  1831  8681  9007  327  10185  10511  327  94.19  306
20256  23306  3051  20256  20518  263  23037  23306  270  91.48  309
18863  26830  7968  18863  19240  378  26447  26830  384  86.72  310
9134  11402  2269  9134  9427  294  11105  11402  298  85.91  313
11566  19469  7904  11566  11725  160  19316  19469  154  91.88  313
3312  6192  2881  3312  3772  461  5752  6192  441  95.23  315
9185  13790  4606  9185  9529  345  13446  13790  345  98.55  316
14206  17969  3764  14206  14690  485  17484  17969  486  93.62  316
1957  3715  1759  1957  2240  284  3424  3715  292  95.55  328
14575  22168  7594  14575  15043  469  21692  22168  477  93.29  331
7942  12697  4756  7942  8096  155  12545  12697  153  91.61  333
13079  22080  9002  13079  13349  271  21813  22080  268  85.24  333
829  2373  1545  829  1062  234  2133  2373  241  86.72  334
6574  9411  2838  6574  6912  339  9071  9411  341  95.31  334
10627  18485  7859  10627  10811  185  18296  18485  190  88.95  334
13667  16789  3123  13667  14023  357  16431  16789  359  97.21  338
4573  7764  3192  4573  4706  134  7629  7764  136  96.32  343
11747  15642  3896  11747  12242  496  15128  15642  515  93.40  344
7468  11822  4355  7468  7653  186  11629  11822  194  93.81  347
8618  13145  4528  8618  8801  184  12962  13145  184  98.37  348
5340  9421  4082  5340  5510  171  9258  9421  164  89.47  350
12999  16082  3084  12999  13293  295  15798  16082  285  86.78  350
5133  17228  12096  5133  5512  380  16865  17228  364  94.74  358
4638  12964  8327  4638  4830  193  12780  12964  185  88.60  360
8668  11793  3126  8668  8913  246  11551  11793  243  95.53  370
2184  6420  4237  2184  2739  556  5876  6420  545  96.58  375
2585  11464  8880  2585  3296  712  10766  11464  699  90.73  376
3869  9234  5366  3869  4528  660  8591  9234  644  94.70  377
5621  8896  3276  5621  6270  650  8262  8896  635  91.69  381
526  5194  4669  526  1406  881  4334  5194  861  90.92  387
6395  10082  3688  6395  6504  110  9972  10082  111  86.49  392
17  6142  6126  17  209  193  5947  6142  196  89.29  395
1833  5446  3614  1833  2624  792  4622  5446  825  88.61  397
2658  4511  1854  2658  2977  320  4194  4511  318  88.75  400
1465  7455  5991  1465  1690  226  7226  7455  230  94.35  413
2877  5376  2500  2877  3347  471  4922  5376  455  96.18  414
581  6077  5497  581  1165  585  5469  6077  609  90.80  418
478  3733  3256  478  1024  547  3185  3733  549  93.44  425
3664  5601  1938  3664  3956  293  5318  5601  284  88.40  426
294  6174  5881  294  521  228  5934  6174  241  92.53  437
535  2453  1919  535  732  198  2262  2453  192  89.90  446
285  5056  4772  285  454  170  4871  5056  186  90.32  450
369  4520  4152  369  521  153  4373  4520  148  93.46  465
372  4474  4103  372  897  526  3991  4474  484  89.73  466
16  3216  3201  16  468  453  2775  3216  442  90.51  485
1573  3274  1702  1573  1724  152  3123  3274  152  91.45  492
789  2046  1258  789  1037  249  1790  2046  257  89.49  512
570  3117  2548  570  742  173  2952  3117  166  89.02  513
1151  2720  1570  1151  1391  241  2469  2720  252  93.25  535
376  2657  2282  376  1370  995  1663  2657  995  94.97  552
83  2605  2523  83  435  353  2253  2605  353  100.00  594
9  2258  2250  9  321  313  1945  2258  314  85.67  611
19  2056  2038  19  366  348  1693  2056  364  92.58  628
37  1775  1739  37  270  234  1540  1775  236  92.37  693
162  1811  1650  162  507  346  1486  1811  326  92.49  866
59  1323  1265  59  213  155  1180  1323  144  87.74  963
12  1525  1514  12  296  285  1232  1525  294  86.39  1004
754  2373  1620  754  1270  517  1864  2373  510  93.23  1198
