# args=-index /media/amir/DATA/work/RM_ANALYSIS/Pred/Pred_ltrharvest.index -mintsd 5 -maxtsd 100
# predictions are reported in the following way
# s(ret) e(ret) l(ret) s(lLTR) e(lLTR) l(lLTR) s(rLTR) e(rLTR) l(rLTR) sim(LTRs) seq-nr 
# where:
# s = starting position
# e = ending position
# l = length
# ret = LTR-retrotransposon
# lLTR = left LTR
# rLTR = right LTR
# sim = similarity
# seq-nr = sequence number
54588  56755  2168  54588  54909  322  56434  56755  322  96.27  1
70  4535  4466  70  345  276  4231  4535  305  90.49  2
4787  6289  1503  4787  4919  133  6167  6289  123  86.47  3
12236  18032  5797  12236  12459  224  17798  18032  235  89.36  3
87496  88822  1327  87496  87630  135  88678  88822  145  88.97  3
54  7021  6968  54  322  269  6768  7021  254  85.13  6
60720  74565  13846  60720  60839  120  74439  74565  127  87.40  6
132842  134364  1523  132842  133031  190  134166  134364  199  88.94  6
143816  145640  1825  143816  144099  284  145372  145640  269  85.92  6
6089  7771  1683  6089  6200  112  7664  7771  108  91.96  7
5311  8918  3608  5311  5412  102  8814  8918  105  93.33  8
5217  6977  1761  5217  5677  461  6513  6977  465  88.82  9
46634  48824  2191  46634  46753  120  48698  48824  127  91.34  9
62496  72412  9917  62496  62630  135  72279  72412  134  86.67  16
227  2042  1816  227  370  144  1914  2042  129  88.19  17
14592  17732  3141  14592  14729  138  17579  17732  154  88.31  21
20759  28942  8184  20759  21019  261  28700  28942  243  85.06  21
9574  15207  5634  9574  9809  236  14995  15207  213  88.14  27
50211  54005  3795  50211  50340  130  53878  54005  128  93.08  29
12306  14315  2010  12306  12605  300  14011  14315  305  86.89  30
74622  77973  3352  74622  75122  501  77491  77973  483  89.42  30
63373  73059  9687  63373  63633  261  72792  73059  268  91.04  31
28035  29497  1463  28035  28304  270  29230  29497  268  97.41  32
68536  70033  1498  68536  68898  363  69661  70033  373  86.33  32
71403  74000  2598  71403  71597  195  73789  74000  212  89.15  38
78876  81116  2241  78876  79041  166  80969  81116  148  86.14  38
78413  82221  3809  78413  78710  298  81917  82221  305  93.11  39
164177  165944  1768  164177  164757  581  165412  165944  533  88.81  39
228422  229990  1569  228422  228935  514  229458  229990  533  92.87  39
952  4274  3323  952  1702  751  3515  4274  760  91.58  43
14788  17223  2436  14788  15088  301  16933  17223  291  86.05  43
34485  37478  2994  34485  35057  573  36950  37478  529  87.43  43
37016  39691  2676  37016  37206  191  39494  39691  198  86.36  44
65676  71110  5435  65676  66069  394  70714  71110  397  88.92  47
12758  16109  3352  12758  13101  344  15750  16109  360  90.00  49
1555  3429  1875  1555  2030  476  2986  3429  444  89.71  50
9494  19561  10068  9494  9818  325  19257  19561  305  90.46  51
19680  25302  5623  19680  20039  360  24962  25302  341  88.33  51
26277  29549  3273  26277  26560  284  29265  29549  285  86.32  51
59728  62414  2687  59728  59971  244  62179  62414  236  86.48  56
10840  15202  4363  10840  11385  546  14671  15202  532  86.26  59
56225  60252  4028  56225  56548  324  59919  60252  334  93.11  66
66982  70037  3056  66982  67260  279  69746  70037  292  90.41  66
81466  87604  6139  81466  81811  346  87292  87604  313  86.71  66
111202  114522  3321  111202  111467  266  114262  114522  261  92.11  66
270147  272642  2496  270147  270261  115  272525  272642  118  94.07  66
275552  279991  4440  275552  275695  144  279844  279991  148  89.86  66
285398  293640  8243  285398  285581  184  293451  293640  190  86.32  66
301849  303730  1882  301849  302173  325  303429  303730  302  88.31  66
326700  328089  1390  326700  326847  148  327939  328089  151  92.72  66
334602  336796  2195  334602  334792  191  336599  336796  198  88.89  66
336910  339449  2540  336910  337173  264  339185  339449  265  87.92  66
560816  563652  2837  560816  561052  237  563423  563652  230  88.19  66
583117  588003  4887  583117  583377  261  587748  588003  256  90.04  66
609579  615030  5452  609579  610020  442  614585  615030  446  88.34  66
7  2552  2546  7  450  444  2086  2552  467  92.29  68
2142  3896  1755  2142  2305  164  3736  3896  161  85.37  69
59659  62432  2774  59659  60044  386  62038  62432  395  89.62  71
72794  74161  1368  72794  72903  110  74050  74161  112  88.39  71
76615  79084  2470  76615  76958  344  78755  79084  330  91.28  71
80470  82651  2182  80470  80765  296  82376  82651  276  86.49  71
3644  5933  2290  3644  3760  117  5825  5933  109  91.45  74
34957  42059  7103  34957  35135  179  41880  42059  180  90.56  75
19678  21034  1357  19678  19919  242  20786  21034  249  95.58  76
4107  11921  7815  4107  4490  384  11541  11921  381  85.94  77
5424  9341  3918  5424  5668  245  9107  9341  235  87.76  80
7065  13996  6932  7065  7733  669  13331  13996  666  94.32  83
14310  15745  1436  14310  14419  110  15636  15745  110  88.18  86
31027  33028  2002  31027  31334  308  32687  33028  342  85.96  86
96504  102275  5772  96504  96698  195  102095  102275  181  88.72  86
61630  62999  1370  61630  61840  211  62789  62999  211  90.05  87
10548  13314  2767  10548  10761  214  13090  13314  225  88.00  88
49145  54127  4983  49145  49332  188  53934  54127  194  88.14  90
54072  59163  5092  54072  54324  253  58923  59163  241  92.89  91
17885  19300  1416  17885  18100  216  19085  19300  216  94.91  93
43334  46297  2964  43334  43663  330  45979  46297  319  89.70  94
6977  10276  3300  6977  7664  688  9626  10276  651  87.50  99
63888  68080  4193  63888  64067  180  67896  68080  185  89.19  105
92683  106865  14183  92683  92926  244  106617  106865  249  89.56  105
283  7495  7213  283  454  172  7335  7495  161  93.02  106
2151  8236  6086  2151  2392  242  7970  8236  267  87.27  109
73000  75607  2608  73000  73508  509  75089  75607  519  90.56  110
80438  84019  3582  80438  80554  117  83902  84019  118  90.68  110
85443  88054  2612  85443  85782  340  87691  88054  364  88.19  110
12342  16265  3924  12342  12533  192  16078  16265  188  92.71  112
18520  21212  2693  18520  18905  386  20820  21212  393  91.60  112
170949  174677  3729  170949  171252  304  174383  174677  295  85.53  112
185027  187374  2348  185027  185285  259  187107  187374  268  88.81  112
218735  220268  1534  218735  218963  229  220039  220268  230  88.70  112
7680  9606  1927  7680  7939  260  9360  9606  247  85.77  118
11  5829  5819  11  226  216  5604  5829  226  85.84  127
7466  11555  4090  7466  7635  170  11380  11555  176  86.93  127
6199  7397  1199  6199  6319  121  7271  7397  127  89.76  131
430  8544  8115  430  554  125  8433  8544  112  88.80  132
27317  30288  2972  27317  27558  242  30060  30288  229  86.78  132
31177  45939  14763  31177  31426  250  45700  45939  240  87.60  132
72052  77797  5746  72052  72243  192  77611  77797  187  88.54  132
87722  89958  2237  87722  87923  202  89746  89958  213  92.96  132
114969  123038  8070  114969  115073  105  122931  123038  108  90.74  132
147029  148583  1555  147029  147296  268  148316  148583  268  100.00  132
450369  454077  3709  450369  450720  352  453739  454077  339  85.80  132
6225  7398  1174  6225  6399  175  7225  7398  174  93.71  133
960  3119  2160  960  1158  199  2911  3119  209  85.65  134
416  1686  1271  416  544  129  1552  1686  135  93.33  142
32567  38574  6008  32567  32881  315  38264  38574  311  94.60  147
2420  5880  3461  2420  2623  204  5679  5880  202  90.69  148
6553  8246  1694  6553  6758  206  8050  8246  197  92.23  148
32  4032  4001  32  524  493  3496  4032  537  85.47  149
49633  53387  3755  49633  49871  239  53134  53387  254  86.61  150
14428  15968  1541  14428  14652  225  15758  15968  211  86.22  154
30813  33352  2540  30813  31135  323  33031  33352  322  91.64  155
3196  5540  2345  3196  3390  195  5342  5540  199  88.94  163
207105  210947  3843  207105  207467  363  210598  210947  350  90.08  164
347789  350965  3177  347789  348070  282  350697  350965  269  86.88  164
356146  362843  6698  356146  356264  119  362728  362843  116  85.71  164
393565  395008  1444  393565  393873  309  394715  395008  294  89.97  164
404805  407799  2995  404805  404972  168  407648  407799  152  85.71  164
4097  10313  6217  4097  4471  375  9946  10313  368  86.13  165
28690  35929  7240  28690  28939  250  35706  35929  224  86.40  165
768  5127  4360  768  1055  288  4838  5127  290  91.72  167
9373  10760  1388  9373  9630  258  10520  10760  241  88.76  173
15258  19114  3857  15258  15446  189  18923  19114  192  92.19  174
21524  25278  3755  21524  21725  202  25084  25278  195  92.08  174
147512  158832  11321  147512  147954  443  158407  158832  426  91.65  174
249489  258324  8836  249489  249815  327  257994  258324  331  91.54  174
3187  4885  1699  3187  3445  259  4653  4885  233  85.71  178
10224  11950  1727  10224  10443  220  11728  11950  223  94.62  178
2135  4022  1888  2135  2343  209  3798  4022  225  88.00  182
517  2647  2131  517  972  456  2212  2647  436  89.91  186
1313  2704  1392  1313  1449  137  2563  2704  142  85.21  189
119097  127063  7967  119097  119390  294  126780  127063  284  92.52  190
129113  136042  6930  129113  129563  451  135618  136042  425  87.58  190
33  3844  3812  33  453  421  3378  3844  467  85.22  191
47375  59318  11944  47375  47651  277  59022  59318  297  91.25  193
25679  27663  1985  25679  25952  274  27402  27663  262  87.59  195
43792  46719  2928  43792  43920  129  46596  46719  124  92.25  195
394  3447  3054  394  715  322  3127  3447  321  96.89  198
5100  10866  5767  5100  5368  269  10589  10866  278  90.29  198
11829  13253  1425  11829  12138  310  12931  13253  323  90.40  198
16473  22557  6085  16473  16893  421  22121  22557  437  89.70  198
70407  77943  7537  70407  70627  221  77745  77943  199  85.97  199
109104  113800  4697  109104  109371  268  113547  113800  254  85.45  200
188884  190444  1561  188884  189348  465  189996  190444  449  90.75  200
36380  39238  2859  36380  36634  255  38984  39238  255  86.27  208
69583  76512  6930  69583  69818  236  76288  76512  225  88.56  209
62320  63612  1293  62320  62519  200  63420  63612  193  88.00  210
164801  165950  1150  164801  164925  125  165819  165950  132  91.67  210
198464  207704  9241  198464  198671  208  207479  207704  226  88.05  210
332208  333691  1484  332208  332336  129  333555  333691  137  89.05  210
826080  827693  1614  826080  826335  256  827438  827693  256  91.02  210
838253  846761  8509  838253  838502  250  846510  846761  252  88.89  210
48113  49489  1377  48113  48382  270  49235  49489  255  91.48  211
65039  69675  4637  65039  65584  546  69168  69675  508  89.56  211
1458  4189  2732  1458  1617  160  4039  4189  151  90.00  213
17259  22369  5111  17259  17410  152  22233  22369  137  88.82  213
83778  85691  1914  83778  84119  342  85348  85691  344  92.15  213
906  5215  4310  906  1054  149  5067  5215  149  86.58  214
57792  60950  3159  57792  58296  505  60472  60950  479  89.70  215
17612  21060  3449  17612  17927  316  20747  21060  314  93.04  220
282091  283538  1448  282091  282294  204  283324  283538  215  89.77  221
322454  336856  14403  322454  322585  132  336727  336856  130  87.12  221
36483  40177  3695  36483  37389  907  39269  40177  909  91.20  223
258297  264571  6275  258297  258436  140  264440  264571  132  88.57  225
305710  307577  1868  305710  305819  110  307467  307577  111  91.89  225
316010  317702  1693  316010  316477  468  317239  317702  464  90.60  225
344582  346767  2186  344582  344829  248  346529  346767  239  90.32  225
428095  436821  8727  428095  428367  273  436544  436821  278  89.57  225
440496  451154  10659  440496  440722  227  450912  451154  243  90.95  225
457364  459427  2064  457364  457569  206  459216  459427  212  90.57  225
461277  464126  2850  461277  461742  466  463674  464126  453  86.27  225
480420  483338  2919  480420  480543  124  483213  483338  126  90.48  225
487119  489785  2667  487119  487445  327  489445  489785  341  90.32  225
494916  499672  4757  494916  495024  109  499571  499672  102  91.74  225
22  4707  4686  22  320  299  4383  4707  325  85.85  227
9829  13572  3744  9829  10257  429  13129  13572  444  90.32  227
68  3350  3283  68  631  564  2810  3350  541  90.25  229
124923  134152  9230  124923  125254  332  133799  134152  354  87.85  229
122227  123545  1319  122227  122347  121  123440  123545  106  85.95  233
158555  159945  1391  158555  158823  269  159704  159945  242  86.25  233
19380  27421  8042  19380  19504  125  27294  27421  128  95.31  234
4084  5706  1623  4084  4436  353  5355  5706  352  88.39  235
7797  9132  1336  7797  7956  160  8983  9132  150  93.12  235
84024  92380  8357  84024  84180  157  92221  92380  160  93.12  235
25436  26715  1280  25436  25596  161  26557  26715  159  94.41  236
133907  142177  8271  133907  134011  105  142071  142177  107  90.65  236
7757  9279  1523  7757  7985  229  9040  9279  240  86.67  237
20199  21756  1558  20199  20411  213  21543  21756  214  92.52  240
27530  30260  2731  27530  27803  274  29993  30260  268  95.62  240
161858  163391  1534  161858  161963  106  163287  163391  105  97.17  240
167629  174371  6743  167629  168166  538  173864  174371  508  88.85  240
174826  178294  3469  174826  175514  689  177616  178294  679  91.00  240
179482  181353  1872  179482  179695  214  181163  181353  191  85.05  240
207329  208533  1205  207329  207491  163  208381  208533  153  87.73  240
210074  222744  12671  210074  210518  445  222318  222744  427  89.66  240
224420  226802  2383  224420  224841  422  226396  226802  407  92.89  240
231882  233717  1836  231882  232184  303  233428  233717  290  86.47  240
239524  241500  1977  239524  239869  346  241150  241500  351  90.31  240
245462  255230  9769  245462  245762  301  254938  255230  293  88.70  240
2160  5885  3726  2160  2409  250  5627  5885  259  91.51  242
16161  19640  3480  16161  16370  210  19425  19640  216  88.89  242
25148  27498  2351  25148  25432  285  27203  27498  296  85.14  242
10830  16930  6101  10830  10959  130  16809  16930  122  91.54  243
36922  38961  2040  36922  37097  176  38797  38961  165  85.23  243
128035  130557  2523  128035  128533  499  130056  130557  502  87.05  243
185173  187318  2146  185173  185277  105  187215  187318  104  91.43  243
218059  220759  2701  218059  218453  395  220374  220759  386  91.39  243
220786  222667  1882  220786  220909  124  222526  222667  142  85.92  243
306494  307958  1465  306494  306729  236  307719  307958  240  98.33  243
362377  364203  1827  362377  362701  325  363868  364203  336  88.99  243
590822  593398  2577  590822  591042  221  593187  593398  212  89.59  243
598139  600327  2189  598139  598377  239  600093  600327  235  85.36  243
673352  687023  13672  673352  673574  223  686794  687023  230  89.57  243
5464  8971  3508  5464  6026  563  8449  8971  523  85.61  245
18397  21563  3167  18397  18653  257  21292  21563  272  90.44  245
21702  22832  1131  21702  21817  116  22721  22832  112  88.79  245
23314  25012  1699  23314  23459  146  24865  25012  148  86.49  245
38747  46179  7433  38747  39041  295  45898  46179  282  89.15  245
61192  62728  1537  61192  61321  130  62613  62728  116  87.69  245
1964  5556  3593  1964  2133  170  5390  5556  167  92.94  246
3102  6177  3076  3102  3222  121  6049  6177  129  90.70  247
8588  10007  1420  8588  8747  160  9846  10007  162  92.59  247
12746  14706  1961  12746  12881  136  14561  14706  146  85.62  247
14868  16789  1922  14868  15131  264  16537  16789  253  87.88  247
51664  56222  4559  51664  52092  429  55786  56222  437  88.56  250
59260  70460  11201  59260  59592  333  70135  70460  326  92.19  250
20945  23059  2115  20945  21194  250  22820  23059  240  86.00  251
73307  75759  2453  73307  73563  257  75502  75759  258  87.98  252
106645  108878  2234  106645  106814  170  108711  108878  168  88.24  252
182926  184813  1888  182926  183415  490  184330  184813  484  92.04  252
219327  223271  3945  219327  220084  758  222501  223271  771  92.09  252
233316  235562  2247  233316  234315  1000  234570  235562  993  87.80  252
240488  243057  2570  240488  241073  586  242456  243057  602  91.20  252
245047  247088  2042  245047  245196  150  246944  247088  145  87.33  252
250521  252159  1639  250521  250968  448  251695  252159  465  93.98  252
36190  40079  3890  36190  36481  292  39810  40079  270  90.41  253
151939  154930  2992  151939  152083  145  154777  154930  154  86.36  254
158403  163405  5003  158403  158740  338  163054  163405  352  90.06  254
168583  170463  1881  168583  168769  187  170264  170463  200  93.00  254
229685  231825  2141  229685  229976  292  231511  231825  315  86.03  254
285525  288939  3415  285525  285981  457  288455  288939  485  88.04  254
304071  307297  3227  304071  304231  161  307139  307297  159  86.34  254
1948  4173  2226  1948  2076  129  4045  4173  129  93.80  258
8845  9973  1129  8845  8971  127  9854  9973  120  92.13  258
2347  3704  1358  2347  2533  187  3529  3704  176  90.91  263
18731  25254  6524  18731  18891  161  25103  25254  152  91.93  263
68420  71156  2737  68420  68972  553  70604  71156  553  89.87  263
77104  78852  1749  77104  77353  250  78597  78852  256  85.55  263
80922  82323  1402  80922  81080  159  82163  82323  161  94.41  263
83393  84876  1484  83393  83588  196  84660  84876  217  88.02  263
85739  91484  5746  85739  86163  425  91072  91484  413  92.24  263
110258  112442  2185  110258  110429  172  112272  112442  171  88.95  263
126847  128990  2144  126847  127334  488  128504  128990  487  88.32  263
47201  50138  2938  47201  47517  317  49842  50138  297  87.70  265
4835  10193  5359  4835  4975  141  10061  10193  133  88.65  267
13466  16640  3175  13466  13691  226  16424  16640  217  85.84  267
100985  104618  3634  100985  101209  225  104383  104618  236  87.71  271
263  1726  1464  263  498  236  1489  1726  238  98.74  272
2080  4794  2715  2080  2277  198  4590  4794  205  91.22  273
49131  50963  1833  49131  49794  664  50328  50963  636  88.55  273
2091  6557  4467  2091  2215  125  6449  6557  109  86.40  281
15877  19081  3205  15877  16095  219  18868  19081  214  87.67  283
31711  33262  1552  31711  31897  187  33065  33262  198  90.40  283
35701  46686  10986  35701  35801  101  46580  46686  107  85.98  283
65309  67207  1899  65309  65844  536  66673  67207  535  90.30  283
91151  93194  2044  91151  91261  111  93086  93194  109  91.89  283
206644  208188  1545  206644  207063  420  207776  208188  413  87.62  283
210703  212047  1345  210703  210934  232  211819  212047  229  86.64  283
236870  250023  13154  236870  237022  153  249865  250023  159  93.71  283
361772  364984  3213  361772  362405  634  364352  364984  633  88.49  283
9558  12065  2508  9558  9680  123  11946  12065  120  91.87  288
7721  9463  1743  7721  8151  431  9043  9463  421  85.61  290
7973  15112  7140  7973  8192  220  14891  15112  222  87.39  291
43825  58260  14436  43825  43978  154  58117  58260  144  88.31  291
963  7508  6546  963  1259  297  7193  7508  316  87.34  293
2742  4663  1922  2742  3277  536  4133  4663  531  88.81  295
1330  3107  1778  1330  2058  729  2381  3107  727  91.22  296
63225  78277  15053  63225  63566  342  77952  78277  326  91.23  298
12790  16720  3931  12790  13331  542  16165  16720  556  87.05  299
92250  95159  2910  92250  92551  302  94856  95159  304  86.84  299
15080  20354  5275  15080  15248  169  20162  20354  193  86.01  301
52463  61574  9112  52463  52781  319  61253  61574  322  90.06  301
69940  73032  3093  69940  70120  181  72853  73032  180  86.19  301
16557  24530  7974  16557  17523  967  23561  24530  970  94.23  305
95632  99179  3548  95632  95892  261  98907  99179  273  93.77  306
103659  115049  11391  103659  103909  251  114786  115049  264  88.26  306
140527  150098  9572  140527  140711  185  149906  150098  193  89.12  306
8192  14435  6244  8192  8301  110  14327  14435  109  87.27  307
34625  36498  1874  34625  34832  208  36298  36498  201  88.94  308
78298  89323  11026  78298  78516  219  89120  89323  204  86.76  308
125539  130691  5153  125539  125910  372  130313  130691  379  91.56  308
452582  454999  2418  452582  452755  174  454818  454999  182  87.91  308
43458  46650  3193  43458  43856  399  46253  46650  398  87.47  310
91402  97659  6258  91402  91579  178  97477  97659  183  92.35  310
183123  184930  1808  183123  183258  136  184800  184930  131  88.24  310
59835  61300  1466  59835  60100  266  61046  61300  255  87.97  315
89396  91379  1984  89396  89599  204  91183  91379  197  86.76  315
221423  228124  6702  221423  222165  743  227391  228124  734  88.83  315
5139  7268  2130  5139  5332  194  7086  7268  183  87.11  316
22633  26449  3817  22633  22951  319  26137  26449  313  93.73  317
12982  15285  2304  12982  13281  300  14990  15285  296  89.67  318
19885  25051  5167  19885  20025  141  24904  25051  148  89.86  318
1831  5350  3520  1831  2031  201  5127  5350  224  86.61  322
2368  4027  1660  2368  2483  116  3920  4027  108  91.38  324
9616  18859  9244  9616  9955  340  18513  18859  347  94.52  327
2362  17188  14827  2362  2579  218  16968  17188  221  94.57  330
22020  24626  2607  22020  22196  177  24435  24626  192  85.94  330
27052  34086  7035  27052  27164  113  33981  34086  106  92.04  330
36954  42143  5190  36954  37085  132  42018  42143  126  91.67  330
66667  73166  6500  66667  67190  524  72661  73166  506  87.21  330
196443  197702  1260  196443  196639  197  197513  197702  190  87.82  330
217844  222117  4274  217844  217997  154  221979  222117  139  86.36  330
262568  264029  1462  262568  262813  246  263794  264029  236  95.93  330
537  2476  1940  537  653  117  2361  2476  116  92.31  332
18499  20591  2093  18499  18768  270  20318  20591  274  87.59  332
2135  3867  1733  2135  2475  341  3534  3867  334  86.51  334
22621  27235  4615  22621  22877  257  26986  27235  250  85.60  334
66804  69818  3015  66804  67093  290  69547  69818  272  89.66  336
70412  73007  2596  70412  70536  125  72881  73007  127  87.40  336
3620  5376  1757  3620  3785  166  5207  5376  170  87.65  340
52198  58099  5902  52198  52866  669  57430  58099  670  87.91  340
160898  163333  2436  160898  161059  162  163176  163333  158  91.98  340
306651  311399  4749  306651  306814  164  311237  311399  163  94.51  340
398289  407176  8888  398289  398966  678  406521  407176  656  86.87  340
420326  423175  2850  420326  420604  279  422896  423175  280  94.64  340
425231  430573  5343  425231  425384  154  430421  430573  153  89.61  340
466256  473862  7607  466256  466511  256  473602  473862  261  91.57  340
479787  481833  2047  479787  480444  658  481160  481833  674  93.18  340
491905  496499  4595  491905  492331  427  496031  496499  469  87.21  340
503266  506160  2895  503266  503456  191  505966  506160  195  91.28  340
507525  510418  2894  507525  508077  553  509902  510418  517  89.33  340
1789  5760  3972  1789  2082  294  5463  5760  298  94.30  341
96946  105727  8782  96946  97175  230  105497  105727  231  90.48  341
106699  110674  3976  106699  107173  475  110196  110674  479  93.53  341
4195  6678  2484  4195  4549  355  6348  6678  331  88.73  342
59673  64436  4764  59673  59776  104  64334  64436  103  87.50  343
10590  18588  7999  10590  10933  344  18232  18588  357  86.83  344
184347  198404  14058  184347  184520  174  198241  198404  164  92.53  344
117906  119844  1939  117906  118223  318  119502  119844  343  86.59  348
202724  204095  1372  202724  202839  116  203984  204095  112  89.66  348
205264  206563  1300  205264  205533  270  206279  206563  285  91.58  348
212159  214121  1963  212159  212386  228  213889  214121  233  90.56  348
215683  218474  2792  215683  215900  218  218274  218474  201  85.78  348
23  1970  1948  23  868  846  1111  1970  860  92.67  350
2208  3740  1533  2208  2524  317  3415  3740  326  88.34  350
77713  79714  2002  77713  78229  517  79228  79714  487  90.91  353
85356  86720  1365  85356  85589  234  86475  86720  246  85.77  353
180864  194361  13498  180864  181377  514  193850  194361  512  92.80  353
305748  307854  2107  305748  305925  178  307677  307854  178  89.33  353
230  4372  4143  230  1161  932  3451  4372  922  93.24  354
5900  11579  5680  5900  6106  207  11383  11579  197  89.37  355
224953  230723  5771  224953  225728  776  229951  230723  773  89.18  355
27727  28998  1272  27727  27855  129  28868  28998  131  87.02  356
930  10474  9545  930  1168  239  10211  10474  264  85.23  360
11623  13475  1853  11623  11872  250  13223  13475  253  86.56  361
64274  65993  1720  64274  64696  423  65580  65993  414  86.52  362
93956  107614  13659  93956  94369  414  107170  107614  445  89.21  362
162948  174245  11298  162948  163241  294  173971  174245  275  86.05  362
179691  181694  2004  179691  180048  358  181351  181694  344  89.39  362
300  4298  3999  300  507  208  4069  4298  230  85.22  367
9458  10888  1431  9458  9851  394  10513  10888  376  91.37  368
16128  21147  5020  16128  16474  347  20834  21147  314  86.74  368
26888  28548  1661  26888  27254  367  28196  28548  353  91.83  368
27312  32470  5159  27312  27480  169  32294  32470  177  86.44  372
70316  74386  4071  70316  70654  339  74058  74386  329  85.25  372
83345  85578  2234  83345  83612  268  85306  85578  273  90.48  372
126196  128439  2244  126196  126424  229  128204  128439  236  91.10  372
1252  3485  2234  1252  1425  174  3317  3485  169  93.68  373
1072  8859  7788  1072  1298  227  8649  8859  211  89.87  374
3595  5129  1535  3595  3971  377  4746  5129  384  91.15  375
78761  80373  1613  78761  78893  133  80247  80373  127  95.49  377
754  3383  2630  754  882  129  3243  3383  141  88.65  379
338  2918  2581  338  783  446  2491  2918  428  91.48  383
16670  18168  1499  16670  16814  145  18018  18168  151  92.72  386
22887  26603  3717  22887  23290  404  26231  26603  373  86.39  386
35227  36511  1285  35227  35421  195  36299  36511  213  90.14  386
36529  39227  2699  36529  36879  351  38890  39227  338  92.88  386
60814  66649  5836  60814  61119  306  66345  66649  305  93.14  392
8927  13027  4101  8927  9216  290  12753  13027  275  92.07  393
35950  46395  10446  35950  36225  276  46112  46395  284  85.56  393
8572  10284  1713  8572  8828  257  10028  10284  257  89.88  396
17633  20035  2403  17633  17744  112  19927  20035  109  87.50  396
46239  48035  1797  46239  46530  292  47719  48035  317  88.64  396
111626  114049  2424  111626  111949  324  113743  114049  307  90.12  396
114452  116532  2081  114452  114741  290  116250  116532  283  90.00  396
222467  224339  1873  222467  222630  164  224186  224339  154  87.20  396
50611  52949  2339  50611  50846  236  52692  52949  258  86.05  398
93788  103236  9449  93788  94318  531  102725  103236  512  90.21  398
108742  114485  5744  108742  109270  529  113964  114485  522  88.85  398
155568  157995  2428  155568  155845  278  157734  157995  262  85.61  398
211088  218052  6965  211088  211324  237  217813  218052  240  87.92  398
236292  239606  3315  236292  236607  316  239266  239606  341  87.39  398
276419  277800  1382  276419  276602  184  277610  277800  191  91.10  398
311923  320603  8681  311923  312258  336  320274  320603  330  90.48  398
48131  49762  1632  48131  48485  355  49405  49762  358  89.11  399
64424  67489  3066  64424  64843  420  67062  67489  428  87.38  400
7045  10514  3470  7045  7231  187  10333  10514  182  89.30  403
131947  135003  3057  131947  132195  249  134752  135003  252  88.89  403
179  11797  11619  179  627  449  11378  11797  420  90.65  404
13601  15602  2002  13601  13739  139  15467  15602  136  89.93  404
19750  22148  2399  19750  20302  553  21602  22148  547  89.33  404
190689  194661  3973  190689  190907  219  194453  194661  209  86.30  404
110507  121721  11215  110507  111316  810  120898  121721  824  93.45  406
125326  128824  3499  125326  125585  260  128568  128824  257  85.38  406
16144  21532  5389  16144  16335  192  21355  21532  178  88.02  408
32061  37365  5305  32061  32283  223  37126  37365  240  89.58  409
38826  41413  2588  38826  39027  202  41215  41413  199  94.55  409
45264  48180  2917  45264  45466  203  47966  48180  215  89.77  409
50398  52126  1729  50398  50521  124  51997  52126  130  86.92  409
140134  145232  5099  140134  140370  237  144989  145232  244  93.03  409
1831  3670  1840  1831  1966  136  3532  3670  139  87.77  410
39436  44752  5317  39436  39605  170  44580  44752  173  87.28  411
78260  80977  2718  78260  78533  274  80711  80977  267  93.80  411
85597  87916  2320  85597  85764  168  87758  87916  159  91.07  411
202195  205445  3251  202195  202370  176  205272  205445  174  86.93  411
212019  213337  1319  212019  212329  311  213022  213337  316  86.71  411
220047  224758  4712  220047  220750  704  224076  224758  683  90.62  411
232790  234333  1544  232790  232924  135  234207  234333  127  91.85  411
259706  261204  1499  259706  259936  231  260965  261204  240  85.42  411
51554  59471  7918  51554  51851  298  59166  59471  306  86.27  412
79613  81064  1452  79613  79988  376  80722  81064  343  87.23  412
82856  87253  4398  82856  83046  191  87064  87253  190  93.19  412
275  7857  7583  275  425  151  7693  7857  165  87.88  416
33121  34901  1781  33121  33474  354  34561  34901  341  90.11  417
67884  69189  1306  67884  67988  105  69086  69189  104  87.62  417
94842  96324  1483  94842  95090  249  96061  96324  264  89.02  417
104274  106423  2150  104274  104704  431  105995  106423  429  91.42  417
108832  111406  2575  108832  109197  366  111017  111406  390  89.49  417
60862  64673  3812  60862  61084  223  64442  64673  232  91.38  419
229408  233043  3636  229408  229786  379  232683  233043  361  85.49  419
37928  40988  3061  37928  38075  148  40837  40988  152  87.50  421
42756  44786  2031  42756  43094  339  44434  44786  353  90.08  421
57301  59098  1798  57301  57504  204  58905  59098  194  86.27  421
64299  66521  2223  64299  64414  116  66390  66521  132  86.36  421
67714  70569  2856  67714  68110  397  70188  70569  382  87.41  421
74807  77201  2395  74807  75074  268  76929  77201  273  91.94  421
528  2245  1718  528  680  153  2109  2245  137  85.62  423
5484  12528  7045  5484  5712  229  12284  12528  245  89.80  423
24210  28471  4262  24210  24687  478  27998  28471  474  93.10  423
47419  50149  2731  47419  47563  145  49998  50149  152  94.74  423
78155  79767  1613  78155  78309  155  79614  79767  154  93.55  425
213708  228110  14403  213708  213862  155  227948  228110  163  89.57  425
49999  58536  8538  49999  50219  221  58314  58536  223  90.13  426
131282  135374  4093  131282  131439  158  135206  135374  169  91.72  426
108942  111684  2743  108942  109359  418  111266  111684  419  88.07  428
112798  118641  5844  112798  113377  580  118085  118641  557  89.48  428
144170  146325  2156  144170  144360  191  146125  146325  201  91.54  428
180837  183956  3120  180837  181065  229  183727  183956  230  86.52  428
208375  211771  3397  208375  208905  531  211258  211771  514  93.79  428
213160  223896  10737  213160  213293  134  223765  223896  132  87.31  428
255643  258922  3280  255643  255937  295  258643  258922  280  86.78  428
306772  311175  4404  306772  307147  376  310802  311175  374  90.69  428
5091  8106  3016  5091  5282  192  7916  8106  191  86.98  430
133462  141510  8049  133462  133873  412  141079  141510  432  90.97  431
166259  176027  9769  166259  166405  147  175883  176027  145  91.84  431
185689  192288  6600  185689  185900  212  192080  192288  209  88.68  431
221315  223445  2131  221315  221465  151  223290  223445  156  86.54  431
320488  322190  1703  320488  320704  217  321991  322190  200  90.32  431
225670  239870  14201  225670  226449  780  239111  239870  760  87.95  432
2984  4582  1599  2984  3416  433  4169  4582  414  89.15  438
5166  6956  1791  5166  5445  280  6695  6956  262  86.07  438
88436  90631  2196  88436  88950  515  90121  90631  511  90.68  440
55400  63798  8399  55400  55985  586  63197  63798  602  91.36  442
7083  8552  1470  7083  7257  175  8399  8552  154  85.14  447
12095  19763  7669  12095  13049  955  18812  19763  952  88.38  447
31470  44124  12655  31470  32235  766  43356  44124  769  91.55  447
51264  52623  1360  51264  51481  218  52396  52623  228  85.96  447
62522  66328  3807  62522  62917  396  65926  66328  403  96.03  448
116601  119396  2796  116601  117386  786  118594  119396  803  88.79  448
62045  65186  3142  62045  62331  287  64899  65186  288  92.36  450
47710  50573  2864  47710  47895  186  50396  50573  178  85.48  451
11786  14571  2786  11786  12058  273  14315  14571  257  91.58  452
6135  19544  13410  6135  6672  538  19018  19544  527  95.91  454
186804  188305  1502  186804  187025  222  188087  188305  219  85.59  454
257738  259540  1803  257738  257893  156  259389  259540  152  94.23  454
592  3871  3280  592  712  121  3751  3871  121  91.74  455
4624  6325  1702  4624  4757  134  6182  6325  144  88.19  456
21475  23546  2072  21475  22472  998  22554  23546  993  93.69  457
39934  41207  1274  39934  40188  255  40969  41207  239  87.84  459
64935  75730  10796  64935  65107  173  75576  75730  155  87.86  459
76052  77627  1576  76052  76211  160  77480  77627  148  90.00  459
146857  150334  3478  146857  147413  557  149792  150334  543  89.77  459
160667  161905  1239  160667  160856  190  161721  161905  185  88.42  459
131  2517  2387  131  362  232  2289  2517  229  93.10  461
17272  25886  8615  17272  17732  461  25445  25886  442  92.84  461
21340  22734  1395  21340  21594  255  22475  22734  260  90.00  462
31500  38307  6808  31500  31755  256  38062  38307  246  87.89  462
49583  51985  2403  49583  49832  250  51736  51985  250  89.20  462
13407  15165  1759  13407  13757  351  14825  15165  341  89.46  463
11342  12558  1217  11342  11502  161  12397  12558  162  87.65  465
14421  16760  2340  14421  14665  245  16520  16760  241  86.12  465
73667  77829  4163  73667  74072  406  77440  77829  390  86.21  465
90084  92346  2263  90084  90243  160  92191  92346  156  86.88  465
106344  110330  3987  106344  106647  304  110017  110330  314  92.36  465
156612  159183  2572  156612  157027  416  158765  159183  419  94.99  465
175055  177379  2325  175055  175527  473  176898  177379  482  94.81  465
396098  399615  3518  396098  396417  320  399291  399615  325  91.08  465
399843  401498  1656  399843  399978  136  401368  401498  131  86.03  465
440959  448687  7729  440959  441181  223  448461  448687  227  87.22  465
464045  473503  9459  464045  464226  182  473333  473503  171  86.26  465
476828  478195  1368  476828  477057  230  477985  478195  211  85.22  465
483991  494722  10732  483991  484375  385  494329  494722  394  90.36  465
619432  621305  1874  619432  619794  363  620942  621305  364  94.78  465
656250  658524  2275  656250  656412  163  658360  658524  165  89.09  465
803428  805495  2068  803428  804394  967  804549  805495  947  92.45  465
61841  71986  10146  61841  62122  282  71722  71986  265  89.72  466
19373  21389  2017  19373  19848  476  20929  21389  461  92.23  468
49142  57293  8152  49142  49344  203  57087  57293  207  90.34  469
189688  192122  2435  189688  190163  476  191666  192122  457  90.55  470
202054  204644  2591  202054  202175  122  204525  204644  120  95.08  470
79212  81395  2184  79212  79401  190  81209  81395  187  88.95  472
84125  86904  2780  84125  84384  260  86663  86904  242  87.69  472
12316  19922  7607  12316  12504  189  19737  19922  186  86.77  473
35921  38876  2956  35921  36082  162  38706  38876  171  86.55  479
9136  10655  1520  9136  9401  266  10379  10655  277  93.86  480
114269  116963  2695  114269  114828  560  116415  116963  549  88.57  484
137781  139562  1782  137781  137915  135  139429  139562  134  88.15  484
168493  173200  4708  168493  169050  558  172656  173200  545  91.94  484
272314  280033  7720  272314  272696  383  279654  280033  380  91.91  484
283630  284825  1196  283630  283736  107  284708  284825  118  88.98  484
288750  290341  1592  288750  289077  328  289991  290341  351  90.31  484
32426  33883  1458  32426  32583  158  33733  33883  151  89.24  485
87050  90988  3939  87050  87170  121  90877  90988  112  85.95  487
176017  177804  1788  176017  176309  293  177531  177804  274  90.44  487
80597  84128  3532  80597  80778  182  83947  84128  182  92.31  489
63000  67833  4834  63000  63395  396  67444  67833  390  86.11  490
39393  42103  2711  39393  39664  272  41837  42103  267  88.24  491
13387  24033  10647  13387  13747  361  23696  24033  338  85.60  492
181761  183696  1936  181761  182000  240  183463  183696  234  87.08  494
6589  11626  5038  6589  7072  484  11140  11626  487  87.89  495
16015  17341  1327  16015  16263  249  17087  17341  255  91.76  495
19262  20913  1652  19262  19598  337  20598  20913  316  87.83  495
21261  25724  4464  21261  21511  251  25471  25724  254  88.19  495
23287  24676  1390  23287  23546  260  24427  24676  250  90.77  496
25237  27760  2524  25237  26077  841  26950  27760  811  89.54  496
18430  20642  2213  18430  18673  244  20394  20642  249  88.35  497
66897  69378  2482  66897  67217  321  69029  69378  350  88.86  497
70896  72312  1417  70896  71144  249  72051  72312  262  90.46  497
93088  95775  2688  93088  93896  809  94976  95775  800  94.44  499
3521  9974  6454  3521  3647  127  9832  9974  143  87.41  501
77146  78314  1169  77146  77278  133  78174  78314  141  93.62  502
81885  84465  2581  81885  82263  379  84112  84465  354  91.29  502
123831  127013  3183  123831  123999  169  126835  127013  179  88.83  502
130706  133552  2847  130706  131372  667  132917  133552  636  87.86  502
27450  39947  12498  27450  27733  284  39666  39947  282  92.61  503
153372  166347  12976  153372  153833  462  165877  166347  471  92.99  506
173902  178239  4338  173902  174084  183  178066  178239  174  85.25  506
179698  180936  1239  179698  179827  130  180815  180936  122  86.15  506
193969  196700  2732  193969  194135  167  196547  196700  154  89.22  506
198258  200751  2494  198258  198492  235  200535  200751  217  86.38  506
200866  202542  1677  200866  201034  169  202382  202542  161  89.94  506
204972  207831  2860  204972  205352  381  207461  207831  371  93.70  506
210688  212090  1403  210688  210912  225  211843  212090  248  88.71  506
214436  222369  7934  214436  214700  265  222101  222369  269  93.31  506
222609  225446  2838  222609  222795  187  225260  225446  187  92.51  506
227465  229372  1908  227465  227652  188  229198  229372  175  88.83  506
229831  236748  6918  229831  230303  473  236278  236748  471  92.18  506
337612  339027  1416  337612  337998  387  338636  339027  392  88.01  506
342655  345049  2395  342655  342872  218  344831  345049  219  94.06  506
576333  583617  7285  576333  576733  401  583220  583617  398  92.02  506
584916  586129  1214  584916  585119  204  585936  586129  194  86.27  506
604344  605842  1499  604344  604466  123  605714  605842  129  85.27  506
143696  146807  3112  143696  144090  395  146398  146807  410  86.10  507
161576  166629  5054  161576  161801  226  166401  166629  229  89.52  507
262252  267846  5595  262252  262544  293  267542  267846  305  85.25  507
43135  45321  2187  43135  43248  114  45196  45321  126  85.71  508
46032  48198  2167  46032  46193  162  48023  48198  176  87.50  508
101857  103509  1653  101857  102037  181  103310  103509  200  87.00  509
815  3527  2713  815  1065  251  3283  3527  245  86.85  510
4152  6460  2309  4152  4743  592  5860  6460  601  88.85  510
11471  17614  6144  11471  12184  714  16895  17614  720  92.64  510
333  2332  2000  333  582  250  2068  2332  265  88.30  511
147195  149165  1971  147195  147309  115  149049  149165  117  92.31  511
30017  31413  1397  30017  30166  150  31266  31413  148  86.00  514
67804  75166  7363  67804  68105  302  74854  75166  313  86.26  514
87797  89890  2094  87797  88021  225  89664  89890  227  86.78  514
61119  64228  3110  61119  61232  114  64126  64228  103  86.84  515
77436  84040  6605  77436  77550  115  83924  84040  117  91.45  515
86907  88254  1348  86907  87157  251  87992  88254  263  90.49  516
94889  98052  3164  94889  95052  164  97883  98052  170  90.00  516
113045  116811  3767  113045  113451  407  116413  116811  399  92.87  516
151584  157014  5431  151584  151815  232  156798  157014  217  85.78  516
200680  205837  5158  200680  200841  162  205691  205837  147  88.27  516
262127  266419  4293  262127  262498  372  266041  266419  379  91.03  516
356715  360201  3487  356715  357101  387  359827  360201  375  90.96  516
371751  373009  1259  371751  372003  253  372782  373009  228  85.38  516
395482  399186  3705  395482  395817  336  398868  399186  319  92.26  516
25978  28269  2292  25978  26121  144  28123  28269  147  87.76  518
11985  15501  3517  11985  12103  119  15386  15501  116  88.24  521
2326  4872  2547  2326  2435  110  4748  4872  125  87.20  522
9949  13863  3915  9949  10070  122  13730  13863  134  85.82  522
14226  16184  1959  14226  14616  391  15776  16184  409  91.69  522
19423  24693  5271  19423  19542  120  24589  24693  105  86.67  522
18477  24352  5876  18477  18739  263  24085  24352  268  89.93  523
53846  56214  2369  53846  54199  354  55883  56214  332  88.14  523
3344  9794  6451  3344  3654  311  9494  9794  301  93.25  524
10521  12098  1578  10521  10627  107  11979  12098  120  86.67  526
313227  318958  5732  313227  313399  173  318773  318958  186  85.48  526
434931  438293  3363  434931  435268  338  437966  438293  328  90.24  526
445558  447793  2236  445558  445846  289  447484  447793  310  87.74  526
449538  452362  2825  449538  449822  285  452078  452362  285  85.96  526
609868  615324  5457  609868  610107  240  615080  615324  245  95.51  526
77616  79346  1731  77616  77716  101  79246  79346  101  87.13  527
91532  95506  3975  91532  91996  465  95027  95506  480  91.88  527
160710  163600  2891  160710  160825  116  163478  163600  123  90.24  527
179389  183457  4069  179389  179712  324  183122  183457  336  86.61  527
34824  37873  3050  34824  34942  119  37742  37873  132  87.12  528
38560  40934  2375  38560  38719  160  40777  40934  158  93.75  528
230635  233489  2855  230635  230819  185  233306  233489  184  87.57  530
48467  59083  10617  48467  48857  391  58703  59083  381  89.51  532
84807  86491  1685  84807  84930  124  86368  86491  124  88.71  532
86544  88124  1581  86544  86716  173  87952  88124  173  89.60  532
1890  8132  6243  1890  1991  102  8028  8132  105  88.57  533
8163  16452  8290  8163  8415  253  16185  16452  268  89.18  533
36766  38813  2048  36766  36911  146  38652  38813  162  85.19  533
6761  9825  3065  6761  7055  295  9516  9825  310  90.00  536
109951  113492  3542  109951  110256  306  113205  113492  288  89.54  538
83788  88734  4947  83788  83928  141  88588  88734  147  89.80  539
96784  111770  14987  96784  96916  133  111638  111770  133  91.73  539
96964  102526  5563  96964  97312  349  102197  102526  330  88.25  540
3402  4894  1493  3402  3783  382  4525  4894  370  94.76  541
5831  7194  1364  5831  6191  361  6840  7194  355  91.97  541
30012  31658  1647  30012  30374  363  31285  31658  374  88.77  541
93866  96221  2356  93866  94150  285  95948  96221  274  90.53  541
97051  99847  2797  97051  97197  147  99682  99847  166  85.54  541
57165  61186  4022  57165  57453  289  60914  61186  273  85.47  542
86229  88180  1952  86229  86386  158  88023  88180  158  88.61  542
259725  261048  1324  259725  259927  203  260843  261048  206  94.17  542
265000  267043  2044  265000  265445  446  266606  267043  438  92.83  542
378725  380905  2181  378725  379262  538  380337  380905  569  86.99  542
382378  385215  2838  382378  382974  597  384648  385215  568  89.95  542
11800  14875  3076  11800  12102  303  14568  14875  308  90.58  543
86431  88411  1981  86431  86788  358  88070  88411  342  89.94  543
100608  106618  6011  100608  100910  303  106331  106618  288  89.77  543
142151  144424  2274  142151  142444  294  144120  144424  305  89.18  543
271077  278709  7633  271077  271596  520  278135  278709  575  89.22  543
367086  370743  3658  367086  367339  254  370470  370743  274  90.15  543
384202  385580  1379  384202  384451  250  385339  385580  242  94.00  543
560927  562142  1216  560927  561117  191  561941  562142  202  88.12  543
572234  574265  2032  572234  572356  123  574141  574265  125  88.00  543
673306  676880  3575  673306  673652  347  676548  676880  333  92.22  543
679036  681057  2022  679036  679285  250  680813  681057  245  91.60  543
780011  782528  2518  780011  780171  161  782364  782528  165  95.15  543
784946  786828  1883  784946  785142  197  786629  786828  200  89.00  543
802897  805869  2973  802897  803279  383  805498  805869  372  85.38  543
807527  809155  1629  807527  807735  209  808967  809155  189  87.56  543
914814  916571  1758  914814  914945  132  916446  916571  126  87.12  543
994812  997104  2293  994812  995118  307  996801  997104  304  93.16  543
1154499  1165678  11180  1154499  1154816  318  1165375  1165678  304  89.94  543
1174552  1175784  1233  1174552  1174759  208  1175576  1175784  209  91.39  543
1299441  1303207  3767  1299441  1300110  670  1302538  1303207  670  93.13  543
1601152  1603212  2061  1601152  1601324  173  1603021  1603212  192  87.50  543
1665203  1667261  2059  1665203  1665465  263  1666997  1667261  265  93.96  543
1820593  1822294  1702  1820593  1821071  479  1821797  1822294  498  90.36  543
1941159  1947616  6458  1941159  1941345  187  1947429  1947616  188  90.43  543
1969161  1971826  2666  1969161  1969342  182  1971656  1971826  171  87.91  543
2060467  2064375  3909  2060467  2060700  234  2064152  2064375  224  89.74  543
2066102  2069810  3709  2066102  2066217  116  2069699  2069810  112  85.34  543
2237834  2239725  1892  2237834  2238042  209  2239510  2239725  216  85.65  543
2247226  2249236  2011  2247226  2247725  500  2248724  2249236  513  91.81  543
2252237  2253810  1574  2252237  2252443  207  2253612  2253810  199  88.41  543
6990  9857  2868  6990  7744  755  9094  9857  764  94.63  544
154101  157103  3003  154101  154421  321  156774  157103  330  89.70  544
160980  165422  4443  160980  161121  142  165278  165422  145  91.03  544
197543  204591  7049  197543  197771  229  204370  204591  222  86.90  544
256630  259246  2617  256630  257076  447  258773  259246  474  88.40  544
316541  319980  3440  316541  316731  191  319793  319980  188  86.39  544
430928  432996  2069  430928  431426  499  432481  432996  516  91.67  544
458745  461803  3059  458745  458999  255  461532  461803  272  86.76  544
464980  467873  2894  464980  465331  352  467484  467873  390  88.46  544
5454  7614  2161  5454  5917  464  7133  7614  482  95.23  545
10204  11429  1226  10204  10373  170  11250  11429  180  85.56  545
15105  19960  4856  15105  15261  157  19786  19960  175  86.29  545
37792  42655  4864  37792  38093  302  42365  42655  291  87.75  545
43668  45257  1590  43668  43799  132  45130  45257  128  85.61  545
53179  58851  5673  53179  53705  527  58312  58851  540  91.11  545
37335  42182  4848  37335  37814  480  41697  42182  486  85.39  547
61588  63950  2363  61588  61847  260  63676  63950  275  87.27  547
70728  75666  4939  70728  71090  363  75312  75666  355  92.01  547
6650  8464  1815  6650  6978  329  8147  8464  318  91.49  548
15466  20881  5416  15466  15656  191  20688  20881  194  87.63  548
68341  70888  2548  68341  68483  143  70743  70888  146  86.30  548
8820  11075  2256  8820  8979  160  10922  11075  154  88.75  549
15213  18265  3053  15213  15677  465  17812  18265  454  87.96  549
47504  50238  2735  47504  47744  241  49988  50238  251  88.05  549
65424  68804  3381  65424  65652  229  68564  68804  241  86.72  549
87960  89969  2010  87960  88060  101  89860  89969  110  90.00  549
3708  6148  2441  3708  3819  112  6040  6148  109  88.39  550
21355  24279  2925  21355  21540  186  24079  24279  201  85.07  551
130932  133149  2218  130932  131126  195  132953  133149  197  85.79  551
178868  181490  2623  178868  178982  115  181383  181490  108  86.09  551
181640  185911  4272  181640  181809  170  185731  185911  181  87.29  551
188769  190277  1509  188769  189017  249  190027  190277  251  92.43  551
323790  327410  3621  323790  324023  234  327145  327410  266  85.34  551
20094  26081  5988  20094  20696  603  25497  26081  585  89.55  552
68699  70353  1655  68699  68838  140  70209  70353  145  86.90  552
79  6539  6461  79  419  341  6194  6539  346  91.04  553
75449  79974  4526  75449  75571  123  79860  79974  115  88.62  553
97271  99115  1845  97271  97763  493  98599  99115  517  89.36  553
227247  235749  8503  227247  227508  262  235504  235749  246  88.17  553
241429  245111  3683  241429  241581  153  244957  245111  155  90.97  553
246150  249565  3416  246150  246557  408  249166  249565  400  90.20  553
263793  269251  5459  263793  264085  293  268977  269251  275  88.05  553
271032  277417  6386  271032  271759  728  276686  277417  732  92.49  553
356  8880  8525  356  660  305  8589  8880  292  85.57  554
53500  56798  3299  53500  53661  162  56637  56798  162  95.68  555
65528  67415  1888  65528  65649  122  67291  67415  125  87.20  555
4471  7594  3124  4471  4806  336  7286  7594  309  86.31  556
48761  51446  2686  48761  49010  250  51214  51446  233  87.20  556
53917  56422  2506  53917  54457  541  55873  56422  550  89.09  556
59148  61393  2246  59148  59370  223  61172  61393  222  88.34  556
175426  180306  4881  175426  175595  170  180113  180306  194  86.08  556
7372  8858  1487  7372  7537  166  8690  8858  169  88.17  557
9862  13695  3834  9862  10345  484  13202  13695  494  88.87  557
14125  16798  2674  14125  14305  181  16618  16798  181  90.61  557
27443  33454  6012  27443  28018  576  32895  33454  560  91.15  557
70280  80730  10451  70280  70926  647  80107  80730  624  96.45  558
100610  101995  1386  100610  100853  244  101757  101995  239  97.13  558
191899  195538  3640  191899  192475  577  194964  195538  575  86.66  558
3714  5512  1799  3714  3962  249  5240  5512  273  85.35  559
14626  19485  4860  14626  14755  130  19350  19485  136  90.44  561
101178  104838  3661  101178  101577  400  104444  104838  395  88.25  561
170548  178144  7597  170548  170756  209  177930  178144  215  90.70  562
194977  200271  5295  194977  195164  188  200067  200271  205  86.83  562
6  2091  2086  6  173  168  1926  2091  166  88.10  563
69468  71353  1886  69468  69717  250  71095  71353  259  91.51  563
135994  141612  5619  135994  136253  260  141343  141612  270  92.22  563
2375  8138  5764  2375  2597  223  7926  8138  213  90.58  564
55889  59977  4089  55889  56182  294  59677  59977  301  88.04  564
71449  75247  3799  71449  71563  115  75123  75247  125  86.40  564
105645  110435  4791  105645  106549  905  109533  110435  903  90.17  564
116655  121660  5006  116655  116876  222  121433  121660  228  94.74  564
131857  136639  4783  131857  131982  126  136503  136639  137  88.32  564
140329  143220  2892  140329  140520  192  143036  143220  185  85.94  564
144672  148401  3730  144672  144985  314  148093  148401  309  92.99  564
160835  162740  1906  160835  161049  215  162533  162740  208  91.16  564
163828  169036  5209  163828  163957  130  168907  169036  130  94.62  564
187374  199670  12297  187374  187511  138  199548  199670  123  87.68  564
226267  227856  1590  226267  226535  269  227594  227856  263  90.71  564
229892  231614  1723  229892  230201  310  231319  231614  296  85.16  564
248703  250543  1841  248703  248838  136  250424  250543  120  87.50  564
21676  23826  2151  21676  22139  464  23346  23826  481  89.81  565
12228  13867  1640  12228  12378  151  13699  13867  169  85.21  566
16680  18905  2226  16680  16904  225  18691  18905  215  88.00  566
39741  46868  7128  39741  40020  280  46616  46868  253  88.57  566
47470  52631  5162  47470  47745  276  52349  52631  283  91.87  566
53880  55411  1532  53880  54092  213  55194  55411  218  91.28  566
72612  74992  2381  72612  72923  312  74695  74992  298  89.10  566
131342  132875  1534  131342  131736  395  132468  132875  408  88.48  566
217104  225071  7968  217104  217333  230  224852  225071  220  90.43  566
298976  306189  7214  298976  299447  472  305753  306189  437  87.29  566
318527  324409  5883  318527  318804  278  324126  324409  284  87.68  566
2766  4918  2153  2766  3476  711  4189  4918  730  86.58  567
6879  9080  2202  6879  7563  685  8397  9080  684  92.12  567
35539  46018  10480  35539  35954  416  45584  46018  435  88.97  568
126820  128183  1364  126820  127032  213  127957  128183  227  85.46  568
149862  151311  1450  149862  150157  296  151012  151311  300  92.33  568
183171  187634  4464  183171  183398  228  187406  187634  229  85.59  568
251791  255138  3348  251791  251921  131  255005  255138  134  87.31  568
260416  264028  3613  260416  260550  135  263892  264028  137  91.97  568
38275  45025  6751  38275  38748  474  44543  45025  483  86.13  569
1411  6938  5528  1411  1546  136  6799  6938  140  85.00  570
9041  12189  3149  9041  9348  308  11887  12189  303  87.66  570
74237  76157  1921  74237  74363  127  76021  76157  137  91.24  570
102633  112955  10323  102633  102926  294  112655  112955  301  93.36  570
214787  218310  3524  214787  215217  431  217845  218310  466  87.55  570
223908  232851  8944  223908  224025  118  232742  232851  110  92.37  570
241753  244606  2854  241753  242028  276  244335  244606  272  85.51  570
246593  249126  2534  246593  246703  111  249021  249126  106  88.29  570
345609  347943  2335  345609  345723  115  347837  347943  107  86.96  570
402854  406930  4077  402854  403147  294  406615  406930  316  85.76  570
562453  565014  2562  562453  562723  271  564735  565014  280  87.50  570
587334  588746  1413  587334  587507  174  588569  588746  178  88.76  570
591943  594052  2110  591943  592103  161  593891  594052  162  86.42  570
604  4086  3483  604  1254  651  3422  4086  665  93.98  571
3668  8048  4381  3668  4307  640  7401  8048  648  88.43  572
18992  25201  6210  18992  19444  453  24775  25201  427  88.96  573
267003  274000  6998  267003  267179  177  273823  274000  178  90.45  576
388902  392323  3422  388902  389391  490  391824  392323  500  89.40  576
406346  408310  1965  406346  406725  380  407935  408310  376  90.00  576
450625  454562  3938  450625  450910  286  454273  454562  290  88.28  576
454865  458896  4032  454865  454965  101  458792  458896  105  89.52  576
570679  572631  1953  570679  570856  178  572460  572631  172  88.20  576
710515  713093  2579  710515  710684  170  712922  713093  172  94.19  576
713094  715025  1932  713094  713319  226  714787  715025  239  91.21  576
82080  85247  3168  82080  82272  193  85058  85247  190  87.05  577
91058  92771  1714  91058  91219  162  92629  92771  143  86.42  577
25390  31848  6459  25390  25529  140  31700  31848  149  89.26  578
18154  19358  1205  18154  18280  127  19238  19358  121  88.19  579
139618  141894  2277  139618  139796  179  141708  141894  187  93.05  579
8714  11721  3008  8714  8886  173  11538  11721  184  90.76  582
20704  24166  3463  20704  21106  403  23737  24166  430  89.53  582
67777  70786  3010  67777  68027  251  70529  70786  258  89.92  582
96779  99524  2746  96779  97326  548  98965  99524  560  91.61  582
104158  107222  3065  104158  104496  339  106887  107222  336  89.68  582
28210  36301  8092  28210  28367  158  36159  36301  143  85.44  585
38879  50472  11594  38879  39327  449  50066  50472  407  85.52  585
111240  115602  4363  111240  111397  158  115448  115602  155  96.84  585
250561  253201  2641  250561  250809  249  252936  253201  266  86.47  585
305026  319195  14170  305026  305300  275  318922  319195  274  89.09  585
32942  35646  2705  32942  33105  164  35494  35646  153  90.85  586
44999  47994  2996  44999  45206  208  47809  47994  186  85.58  586
53341  55331  1991  53341  53540  200  55116  55331  216  86.11  586
25192  27956  2765  25192  25458  267  27678  27956  279  89.96  587
2011  4739  2729  2011  2554  544  4192  4739  548  89.23  588
501  3027  2527  501  1150  650  2361  3027  667  90.40  590
3134  6875  3742  3134  3363  230  6635  6875  241  86.31  592
4355  9945  5591  4355  4603  249  9705  9945  241  89.96  593
18336  22057  3722  18336  18896  561  21479  22057  579  85.84  595
505  3861  3357  505  726  222  3647  3861  215  92.34  597
8948  20505  11558  8948  9181  234  20268  20505  238  86.55  597
20714  23982  3269  20714  21136  423  23554  23982  429  93.01  597
66619  77878  11260  66619  66778  160  77706  77878  173  85.55  597
167998  169550  1553  167998  168148  151  169403  169550  148  85.43  597
172454  176107  3654  172454  172580  127  175966  176107  142  85.21  597
304147  306428  2282  304147  304406  260  306182  306428  247  86.92  597
16  5783  5768  16  452  437  5330  5783  454  92.29  598
12639  19392  6754  12639  12830  192  19191  19392  202  89.60  599
74679  82102  7424  74679  74965  287  81791  82102  312  91.35  599
87238  88535  1298  87238  87425  188  88342  88535  194  91.75  599
98729  103141  4413  98729  99205  477  102671  103141  471  91.82  599
115274  129147  13874  115274  115468  195  128950  129147  198  89.39  599
3206  6489  3284  3206  3440  235  6269  6489  221  89.36  600
68218  77903  9686  68218  68506  289  77613  77903  291  87.29  600
78576  81455  2880  78576  78766  191  81263  81455  193  89.64  600
89038  95744  6707  89038  89433  396  95363  95744  382  86.62  600
337078  339045  1968  337078  337447  370  338664  339045  382  93.46  600
570016  572316  2301  570016  570194  179  572142  572316  175  86.03  600
572361  576929  4569  572361  572477  117  576812  576929  118  90.68  600
703522  709243  5722  703522  704062  541  708719  709243  525  88.91  600
711465  713115  1651  711465  711789  325  712788  713115  328  90.55  600
60367  62370  2004  60367  60641  275  62111  62370  260  89.45  601
121741  123597  1857  121741  122070  330  123255  123597  343  89.80  601
2060  3931  1872  2060  2259  200  3716  3931  216  85.19  602
16855  26233  9379  16855  17035  181  26050  26233  184  91.85  602
31194  32741  1548  31194  31461  268  32484  32741  258  90.30  602
118804  124761  5958  118804  119126  323  124444  124761  318  93.81  602
229491  232574  3084  229491  229811  321  232246  232574  329  91.49  602
242432  248738  6307  242432  242910  479  248275  248738  464  89.35  602
305482  309380  3899  305482  305784  303  309055  309380  326  85.89  602
382948  384972  2025  382948  383118  171  384817  384972  156  87.13  602
418327  419516  1190  418327  418434  108  419406  419516  111  95.50  602
6773  9465  2693  6773  6875  103  9361  9465  105  90.48  606
9651  11573  1923  9651  9776  126  11447  11573  127  99.21  606
8282  10602  2321  8282  8615  334  10271  10602  332  91.32  607
99701  101197  1497  99701  100069  369  100812  101197  386  85.75  607
9029  11392  2364  9029  9293  265  11126  11392  267  91.39  608
3301  10311  7011  3301  3794  494  9810  10311  502  91.63  609
2573  3822  1250  2573  2736  164  3658  3822  165  96.36  611
14543  16035  1493  14543  14809  267  15767  16035  269  88.48  611
6306  10630  4325  6306  6729  424  10237  10630  394  87.50  613
11095  16637  5543  11095  11447  353  16294  16637  344  93.48  614
41585  51009  9425  41585  41740  156  50843  51009  167  91.62  614
62874  71172  8299  62874  63352  479  70680  71172  493  90.87  614
82075  85043  2969  82075  82189  115  84928  85043  116  87.07  614
89701  91163  1463  89701  90102  402  90779  91163  385  89.05  614
103825  105536  1712  103825  104518  694  104861  105536  676  91.21  614
106642  108798  2157  106642  107058  417  108369  108798  430  90.93  614
113437  116542  3106  113437  114130  694  115888  116542  655  89.48  614
184  4715  4532  184  364  181  4539  4715  177  90.61  615
216745  218489  1745  216745  217167  423  218093  218489  397  86.52  615
270914  273344  2431  270914  271273  360  272979  273344  366  85.25  615
297853  299181  1329  297853  298022  170  299025  299181  157  87.65  615
355678  357172  1495  355678  355910  233  356941  357172  232  90.13  615
499183  501229  2047  499183  499452  270  500972  501229  258  85.93  615
619770  631944  12175  619770  619920  151  631786  631944  159  92.45  615
632386  637943  5558  632386  632626  241  637708  637943  236  93.78  615
640104  647181  7078  640104  640397  294  646902  647181  280  91.50  615
658234  659860  1627  658234  658560  327  659543  659860  318  87.46  615
798522  802659  4138  798522  798784  263  802374  802659  286  87.76  615
838367  850002  11636  838367  838683  317  849680  850002  323  88.54  615
926328  932942  6615  926328  926631  304  932657  932942  286  90.79  615
994576  996527  1952  994576  994725  150  996369  996527  159  88.68  615
672  2074  1403  672  860  189  1877  2074  198  91.41  616
602  1970  1369  602  811  210  1788  1970  183  85.24  618
13129  17873  4745  13129  13574  446  17442  17873  432  89.24  618
41334  42638  1305  41334  41640  307  42349  42638  290  89.90  618
51482  52639  1158  51482  51627  146  52494  52639  146  95.89  618
60393  63814  3422  60393  60910  518  63272  63814  543  94.84  618
64250  66614  2365  64250  64532  283  66328  66614  287  88.85  618
66983  71148  4166  66983  67186  204  70951  71148  198  88.73  618
82188  87743  5556  82188  82288  101  87643  87743  101  89.11  618
115017  117124  2108  115017  115129  113  117012  117124  113  92.92  618
117179  119255  2077  117179  117385  207  119047  119255  209  85.17  618
123666  126203  2538  123666  124103  438  125760  126203  444  93.02  618
182430  185205  2776  182430  182629  200  185026  185205  180  85.00  618
195191  198300  3110  195191  195381  191  198128  198300  173  85.86  618
378596  380852  2257  378596  378761  166  380691  380852  162  89.16  618
412914  415554  2641  412914  413255  342  415211  415554  344  87.21  618
556241  563278  7038  556241  556628  388  562906  563278  373  88.66  618
643184  652451  9268  643184  643783  600  651823  652451  629  95.39  618
762797  766577  3781  762797  762989  193  766367  766577  211  86.73  618
769209  771020  1812  769209  769408  200  770830  771020  191  91.00  618
3852  12112  8261  3852  3989  138  11970  12112  143  92.31  619
207404  210995  3592  207404  207680  277  210706  210995  290  88.97  619
232980  235181  2202  232980  233484  505  234655  235181  527  88.24  619
428505  436059  7555  428505  428769  265  435813  436059  247  88.68  619
506290  510545  4256  506290  506630  341  510214  510545  332  90.03  619
648133  652147  4015  648133  648342  210  651940  652147  208  89.52  619
722772  725645  2874  722772  722997  226  725409  725645  237  87.34  619
756306  767886  11581  756306  756694  389  767485  767886  402  90.80  619
2737  4351  1615  2737  3004  268  4083  4351  269  85.50  620
15400  16840  1441  15400  15614  215  16646  16840  195  86.05  620
16914  18790  1877  16914  17060  147  18657  18790  134  86.39  620
18952  21808  2857  18952  19077  126  21682  21808  127  92.91  620
48502  50288  1787  48502  48775  274  50017  50288  272  89.05  620
78420  80917  2498  78420  78694  275  80642  80917  276  85.51  620
11529  14575  3047  11529  11750  222  14350  14575  226  90.71  621
18557  22862  4306  18557  18791  235  22627  22862  236  91.53  621
180648  184037  3390  180648  180759  112  183931  184037  107  89.29  622
324638  330818  6181  324638  325259  622  330191  330818  628  90.29  622
407168  408287  1120  407168  407281  114  408177  408287  111  86.84  622
482662  485556  2895  482662  482861  200  485346  485556  211  89.10  622
522834  524284  1451  522834  523275  442  523861  524284  424  90.72  622
4218  10395  6178  4218  4522  305  10094  10395  302  86.23  623
10645  13603  2959  10645  11613  969  12631  13603  973  94.45  623
19410  22058  2649  19410  19540  131  21931  22058  128  96.18  623
28460  32551  4092  28460  28706  247  32291  32551  261  91.95  623
32716  35611  2896  32716  33128  413  35191  35611  421  93.11  623
7712  9971  2260  7712  7868  157  9809  9971  163  88.96  625
300619  303000  2382  300619  300811  193  302809  303000  192  93.26  626
384282  387863  3582  384282  384496  215  387635  387863  229  85.15  626
394607  396052  1446  394607  394928  322  395745  396052  308  88.20  626
516471  520673  4203  516471  516693  223  520437  520673  237  87.34  626
675514  678517  3004  675514  675636  123  678395  678517  123  90.24  626
679151  683001  3851  679151  679390  240  682761  683001  241  85.06  626
683308  685662  2355  683308  683439  132  685530  685662  133  92.48  626
686556  688763  2208  686556  686660  105  688660  688763  104  91.43  626
110601  112333  1733  110601  111216  616  111718  112333  616  91.40  627
128988  132079  3092  128988  129348  361  131737  132079  343  85.60  627
163938  170579  6642  163938  164243  306  170257  170579  323  89.47  628
341927  343419  1493  341927  342051  125  343293  343419  127  89.76  628
400927  406252  5326  400927  401091  165  406082  406252  171  88.89  628
513961  521915  7955  513961  514145  185  521738  521915  178  92.97  628
521991  528204  6214  521991  522413  423  527769  528204  436  92.66  628
530291  543577  13287  530291  530638  348  543219  543577  359  92.76  628
599077  604086  5010  599077  599363  287  603774  604086  313  85.30  628
620994  625492  4499  620994  621146  153  625334  625492  159  90.57  628
8283  10958  2676  8283  8586  304  10629  10958  330  85.76  629
15071  19227  4157  15071  15374  304  18920  19227  308  89.61  630
23493  29456  5964  23493  24131  639  28836  29456  621  92.33  630
32420  35095  2676  32420  32765  346  34739  35095  357  90.48  630
146640  150149  3510  146640  146934  295  149832  150149  318  89.62  630
306378  319690  13313  306378  306545  168  319517  319690  174  86.78  630
492282  493727  1446  492282  492462  181  493559  493727  169  90.61  630
495399  498513  3115  495399  495532  134  498380  498513  134  88.06  630
549272  552126  2855  549272  549528  257  551860  552126  267  92.13  630
12165  15562  3398  12165  12444  280  15267  15562  296  87.84  631
31776  33132  1357  31776  31893  118  33011  33132  122  86.07  633
119813  123384  3572  119813  120420  608  122801  123384  584  91.78  633
232354  246537  14184  232354  232572  219  246327  246537  211  85.39  633
8190  16746  8557  8190  8429  240  16498  16746  249  92.37  634
33160  34717  1558  33160  33394  235  34476  34717  242  90.50  634
8477  10710  2234  8477  8843  367  10332  10710  379  87.34  635
17122  19613  2492  17122  17271  150  19478  19613  136  88.00  635
20197  23156  2960  20197  20756  560  22617  23156  540  88.39  635
36802  38166  1365  36802  37079  278  37875  38166  292  88.36  635
48298  49965  1668  48298  48792  495  49442  49965  524  87.21  635
187428  189233  1806  187428  187695  268  188963  189233  271  87.08  635
241183  244039  2857  241183  241301  119  243931  244039  109  87.39  635
503  9323  8821  503  717  215  9122  9323  202  91.16  638
3916  7313  3398  3916  4102  187  7124  7313  190  91.58  639
46734  48400  1667  46734  47008  275  48104  48400  297  87.21  641
82785  84347  1563  82785  82934  150  84204  84347  144  86.00  641
20794  23010  2217  20794  20984  191  22807  23010  204  90.69  642
75096  81790  6695  75096  75210  115  81684  81790  107  85.22  642
185278  187307  2030  185278  185439  162  187133  187307  175  85.14  642
9520  14447  4928  9520  9650  131  14318  14447  130  99.24  643
33784  43070  9287  33784  34013  230  42838  43070  233  95.71  644
43356  44645  1290  43356  43467  112  44531  44645  115  88.70  644
80260  82609  2350  80260  80640  381  82210  82609  400  88.00  644
120207  124485  4279  120207  120366  160  124326  124485  160  91.25  644
142514  152442  9929  142514  142625  112  152318  152442  125  87.20  644
289409  304752  15344  289409  289777  369  304399  304752  354  91.06  644
424807  426750  1944  424807  424942  136  426624  426750  127  91.18  644
428209  433382  5174  428209  428551  343  433043  433382  340  93.00  644
472133  475619  3487  472133  472401  269  475380  475619  240  86.62  644
477960  479636  1677  477960  478607  648  479023  479636  614  89.20  644
489144  492140  2997  489144  489300  157  491997  492140  144  87.26  644
499848  502406  2559  499848  500173  326  502062  502406  345  90.43  644
511627  514737  3111  511627  511770  144  514593  514737  145  89.66  644
567543  569807  2265  567543  567652  110  569692  569807  116  87.07  644
590050  593220  3171  590050  590186  137  593083  593220  138  95.65  644
6745  9106  2362  6745  7056  312  8785  9106  322  95.34  645
2827  4899  2073  2827  3194  368  4544  4899  356  91.85  646
6148  10497  4350  6148  6745  598  9925  10497  573  88.46  646
31204  34757  3554  31204  31351  148  34611  34757  147  95.95  646
38126  39859  1734  38126  38259  134  39724  39859  136  95.59  646
39895  44365  4471  39895  40032  138  44226  44365  140  91.43  646
9  6266  6258  9  125  117  6147  6266  120  88.33  647
86792  88793  2002  86792  87354  563  88228  88793  566  85.51  647
128701  135050  6350  128701  129079  379  134659  135050  392  88.52  647
177722  179950  2229  177722  178087  366  179594  179950  357  91.53  647
209632  211826  2195  209632  209966  335  211492  211826  335  85.97  647
358876  361483  2608  358876  359543  668  360816  361483  668  95.06  647
374852  377599  2748  374852  374991  140  377451  377599  149  87.25  647
441627  452948  11322  441627  441734  108  452836  452948  113  92.92  647
481657  483114  1458  481657  481898  242  482866  483114  249  97.19  647
511133  515887  4755  511133  511530  398  515492  515887  396  89.70  647
516288  517854  1567  516288  516518  231  517631  517854  224  86.58  647
547305  548500  1196  547305  547484  180  548323  548500  178  93.33  647
691  1938  1248  691  790  100  1839  1938  100  98.00  648
3501  5436  1936  3501  3860  360  5081  5436  356  93.06  648
5940  11929  5990  5940  6138  199  11730  11929  200  98.00  648
150102  153263  3162  150102  150622  521  152728  153263  536  88.62  648
252308  253759  1452  252308  252721  414  253341  253759  419  88.07  648
347735  349254  1520  347735  348025  291  348960  349254  295  93.22  648
422066  426411  4346  422066  422187  122  426290  426411  122  89.34  648
442608  444787  2180  442608  442909  302  444490  444787  298  92.72  648
524526  526404  1879  524526  525200  675  525718  526404  687  91.70  648
578895  585261  6367  578895  579100  206  585072  585261  190  90.78  648
619909  622843  2935  619909  620226  318  622522  622843  322  90.68  648
631353  633314  1962  631353  631470  118  633203  633314  112  89.83  648
633685  636488  2804  633685  633817  133  636351  636488  138  91.30  648
643043  644981  1939  643043  643447  405  644587  644981  395  91.36  648
113182  117302  4121  113182  113407  226  117088  117302  215  89.82  650
276703  279645  2943  276703  276827  125  279534  279645  112  85.60  650
280326  288466  8141  280326  280875  550  287905  288466  562  94.48  650
36026  42554  6529  36026  36185  160  42387  42554  168  91.07  651
43506  48788  5283  43506  43671  166  48613  48788  176  90.34  651
77857  84985  7129  77857  78186  330  84627  84985  359  86.63  651
107862  113596  5735  107862  108268  407  113192  113596  405  92.63  651
158457  160300  1844  158457  158909  453  159855  160300  446  88.08  651
221994  224036  2043  221994  222204  211  223823  224036  214  86.45  651
282188  283865  1678  282188  282298  111  283745  283865  121  85.95  651
413290  424099  10810  413290  413675  386  423680  424099  420  88.10  651
424671  426005  1335  424671  424929  259  425732  426005  274  89.78  651
430818  434875  4058  430818  431575  758  434147  434875  729  91.16  651
495332  498402  3071  495332  495594  263  498142  498402  261  95.06  651
4798  7124  2327  4798  5103  306  6833  7124  292  86.93  652
14180  15910  1731  14180  14323  144  15759  15910  152  89.47  652
52146  61826  9681  52146  52613  468  61338  61826  489  90.18  652
86322  88616  2295  86322  86514  193  88441  88616  176  86.01  652
63574  78017  14444  63574  63763  190  77835  78017  183  89.47  654
106527  112773  6247  106527  106728  202  112569  112773  205  98.54  654
98113  102159  4047  98113  98295  183  101961  102159  199  86.93  655
115029  117127  2099  115029  115306  278  116851  117127  277  86.69  655
144291  146224  1934  144291  144461  171  146031  146224  194  85.05  655
160265  165565  5301  160265  160625  361  165211  165565  355  89.75  655
88211  95785  7575  88211  88341  131  95657  95785  129  85.50  656
111041  112851  1811  111041  111222  182  112669  112851  183  93.44  656
115617  127272  11656  115617  115772  156  127123  127272  150  87.82  656
182239  188602  6364  182239  182432  194  188389  188602  214  85.05  656
326797  339003  12207  326797  327079  283  338714  339003  290  85.86  656
414516  422491  7976  414516  414666  151  422342  422491  150  94.04  656
11361  14077  2717  11361  11952  592  13455  14077  623  88.76  657
120253  123282  3030  120253  120443  191  123074  123282  209  88.52  657
398847  401804  2958  398847  399111  265  401547  401804  258  95.47  657
442840  445059  2220  442840  443080  241  444807  445059  253  88.14  657
468353  470418  2066  468353  468636  284  470124  470418  295  89.49  657
471330  473249  1920  471330  471626  297  472953  473249  297  88.22  657
473818  475332  1515  473818  474077  260  475063  475332  270  91.85  657
476861  479052  2192  476861  477339  479  478562  479052  491  92.26  657
