# args=-index LTRHarvest/Sven/Sven_ltrharvest.index -mintsd 5 -maxtsd 100
# predictions are reported in the following way
# s(ret) e(ret) l(ret) s(lLTR) e(lLTR) l(lLTR) s(rLTR) e(rLTR) l(rLTR) sim(LTRs) seq-nr 
# where:
# s = starting position
# e = ending position
# l = length
# ret = LTR-retrotransposon
# lLTR = left LTR
# rLTR = right LTR
# sim = similarity
# seq-nr = sequence number
134154  136053  1900  134154  134637  484  135568  136053  486  93.83  0
727395  732886  5492  727395  728393  999  731905  732886  982  94.29  0
733897  737917  4021  733897  734520  624  737283  737917  635  87.87  0
1449262  1463036  13775  1449262  1450245  984  1462048  1463036  989  91.10  0
1674137  1677422  3286  1674137  1675030  894  1676539  1677422  884  96.87  0
4046399  4050755  4357  4046399  4046563  165  4050591  4050755  165  100.00  0
5458326  5466224  7899  5458326  5458940  615  5465620  5466224  605  95.28  0
5471677  5476086  4410  5471677  5472670  994  5475095  5476086  992  96.28  0
5772011  5773572  1562  5772011  5772496  486  5773100  5773572  473  95.68  0
5790111  5791840  1730  5790111  5790568  458  5791362  5791840  479  94.57  0
1056131  1057757  1627  1056131  1056492  362  1057390  1057757  368  87.50  1
1642554  1644049  1496  1642554  1643016  463  1643609  1644049  441  91.36  1
2696031  2700776  4746  2696031  2696471  441  2700328  2700776  449  98.00  1
2854646  2859126  4481  2854646  2855252  607  2858542  2859126  585  95.06  1
2876294  2878666  2373  2876294  2876921  628  2878013  2878666  654  87.61  1
3054950  3059897  4948  3054950  3055153  204  3059693  3059897  205  92.20  1
3312202  3317861  5660  3312202  3313098  897  3316963  3317861  899  90.32  1
3445380  3450724  5345  3445380  3445505  126  3450593  3450724  132  88.64  1
401531  404716  3186  401531  402282  752  403972  404716  745  92.15  2
407897  412070  4174  407897  408885  989  411093  412070  978  94.03  2
745897  749689  3793  745897  746423  527  749169  749689  521  89.18  2
1193905  1202931  9027  1193905  1194902  998  1201939  1202931  993  98.10  2
1591833  1594478  2646  1591833  1592485  653  1593825  1594478  654  96.79  2
1815920  1820749  4830  1815920  1816264  345  1820413  1820749  337  91.88  2
1820902  1825651  4750  1820902  1821109  208  1825451  1825651  201  87.02  2
1875602  1878720  3119  1875602  1876234  633  1878116  1878720  605  94.00  2
1885726  1888275  2550  1885726  1886722  997  1887291  1888275  985  94.78  2
1916881  1922442  5562  1916881  1917672  792  1921655  1922442  788  97.60  2
1951093  1955231  4139  1951093  1951547  455  1954775  1955231  457  92.56  2
1970044  1972555  2512  1970044  1970629  586  1971962  1972555  594  91.75  2
2183022  2185191  2170  2183022  2183620  599  2184571  2185191  621  93.72  2
2256591  2258161  1571  2256591  2256799  209  2257950  2258161  212  94.81  2
4785  9574  4790  4785  5001  217  9372  9574  203  90.78  3
13279  21191  7913  13279  13513  235  20952  21191  240  87.50  3
41920  46920  5001  41920  42232  313  46619  46920  302  88.18  3
124434  131936  7503  124434  124717  284  131664  131936  273  89.08  3
684612  699208  14597  684612  685010  399  698825  699208  384  94.49  3
1035469  1036855  1387  1035469  1035696  228  1036609  1036855  247  89.88  3
1520056  1533609  13554  1520056  1521053  998  1532637  1533609  973  96.59  3
2059038  2063824  4787  2059038  2059300  263  2063568  2063824  257  95.44  3
2070330  2072344  2015  2070330  2070875  546  2071832  2072344  513  92.49  3
2080353  2090600  10248  2080353  2080529  177  2090421  2090600  180  93.89  3
2097699  2109072  11374  2097699  2097915  217  2108866  2109072  207  91.71  3
2146962  2160417  13456  2146962  2147196  235  2160184  2160417  234  92.34  3
2207042  2216215  9174  2207042  2207283  242  2215965  2216215  251  90.44  3
2277593  2281986  4394  2277593  2277732  140  2281846  2281986  141  89.36  3
2331819  2335402  3584  2331819  2332218  400  2335028  2335402  375  88.00  3
2338920  2342551  3632  2338920  2339409  490  2342073  2342551  479  95.92  3
2347929  2351390  3462  2347929  2348208  280  2351110  2351390  281  92.88  3
2351924  2355310  3387  2351924  2352093  170  2355138  2355310  173  87.86  3
80346  87475  7130  80346  80684  339  87148  87475  328  87.02  4
133287  135421  2135  133287  133518  232  135195  135421  227  85.34  4
146617  148773  2157  146617  147275  659  148131  148773  643  96.81  4
178736  180248  1513  178736  178882  147  180099  180248  150  86.67  4
428508  432155  3648  428508  429059  552  431602  432155  554  97.47  4
436657  443155  6499  436657  437070  414  442740  443155  416  97.36  4
499605  501986  2382  499605  500263  659  501330  501986  657  98.03  4
505083  508376  3294  505083  505287  205  508170  508376  207  86.47  4
594922  600791  5870  594922  595273  352  600432  600791  360  86.94  4
770304  777759  7456  770304  770516  213  777530  777759  230  85.65  4
1050656  1053349  2694  1050656  1050794  139  1053219  1053349  131  91.37  4
1225257  1227663  2407  1225257  1225641  385  1227291  1227663  373  85.19  4
235840  238238  2399  235840  236702  863  237388  238238  851  96.18  5
279686  289546  9861  279686  279920  235  289320  289546  227  85.53  5
467605  470090  2486  467605  467904  300  469812  470090  279  88.33  5
500521  507984  7464  500521  500890  370  507635  507984  350  90.81  5
703305  705355  2051  703305  703474  170  705194  705355  162  91.18  5
707274  708856  1583  707274  707758  485  708364  708856  493  92.49  5
709070  710551  1482  709070  709450  381  710165  710551  387  87.86  5
770595  776958  6364  770595  771582  988  775962  776958  997  97.79  5
937064  939472  2409  937064  937694  631  938832  939472  641  90.80  5
946538  948578  2041  946538  946927  390  948209  948578  370  87.95  5
969584  971836  2253  969584  970325  742  971096  971836  741  92.59  5
976493  978474  1982  976493  976956  464  978029  978474  446  85.99  5
1116900  1122821  5922  1116900  1117783  884  1121943  1122821  879  92.65  5
1146831  1150695  3865  1146831  1147312  482  1150209  1150695  487  89.53  5
1151488  1155653  4166  1151488  1152238  751  1154892  1155653  762  92.52  5
1158372  1160864  2493  1158372  1159103  732  1160142  1160864  723  91.67  5
1203165  1210119  6955  1203165  1203956  792  1209311  1210119  809  91.35  5
1235432  1237796  2365  1235432  1235613  182  1237605  1237796  192  94.79  5
354432  361260  6829  354432  355186  755  360491  361260  770  96.88  6
472366  479867  7502  472366  472798  433  479444  479867  424  94.23  6
492124  495679  3556  492124  492805  682  495011  495679  669  93.55  6
698941  701639  2699  698941  699491  551  701074  701639  566  90.81  6
702804  706290  3487  702804  703026  223  706063  706290  228  86.40  6
763855  768401  4547  763855  764458  604  767785  768401  617  93.19  6
867202  872885  5684  867202  867829  628  872241  872885  645  95.66  6
873188  875170  1983  873188  873489  302  874867  875170  304  89.47  6
882307  884270  1964  882307  882558  252  884027  884270  244  94.84  6
904452  912188  7737  904452  904927  476  911706  912188  483  87.37  6
915987  917944  1958  915987  916470  484  917452  917944  493  88.24  6
982689  985800  3112  982689  983498  810  984990  985800  811  95.81  6
3931  6685  2755  3931  4908  978  5693  6685  993  96.98  7
18194  25637  7444  18194  18480  287  25351  25637  287  94.77  7
25943  28547  2605  25943  26210  268  28283  28547  265  87.69  7
38896  52683  13788  38896  39176  281  52391  52683  293  90.78  7
55702  58089  2388  55702  55834  133  57950  58089  140  85.00  7
60154  65119  4966  60154  60329  176  64940  65119  180  92.22  7
69480  73145  3666  69480  70463  984  72146  73145  1000  97.00  7
104427  108894  4468  104427  104566  140  108758  108894  137  87.86  7
109756  112140  2385  109756  110459  704  111432  112140  709  95.91  7
112703  117480  4778  112703  112905  203  117272  117480  209  85.65  7
156220  160347  4128  156220  156477  258  160096  160347  252  91.86  7
162701  169051  6351  162701  163574  874  168182  169051  870  93.25  7
507052  510294  3243  507052  508033  982  509305  510294  990  95.35  7
515897  522998  7102  515897  516061  165  522829  522998  170  90.00  7
616619  625299  8681  616619  617450  832  624463  625299  837  94.15  7
652903  655550  2648  652903  653348  446  655114  655550  437  95.29  7
783325  786535  3211  783325  783718  394  786134  786535  402  86.57  7
836720  839161  2442  836720  837439  720  838450  839161  712  92.36  7
1006230  1017604  11375  1006230  1007034  805  1016800  1017604  805  94.41  7
1042809  1049026  6218  1042809  1042994  186  1048837  1049026  190  85.26  7
1076791  1087349  10559  1076791  1077079  289  1087055  1087349  295  90.85  7
49377  51569  2193  49377  49484  108  51466  51569  104  89.81  8
149409  151427  2019  149409  150064  656  150777  151427  651  98.02  8
162090  165319  3230  162090  162850  761  164552  165319  768  95.70  8
599538  604635  5098  599538  599669  132  604505  604635  131  98.48  8
838564  840546  1983  838564  839303  740  839798  840546  749  95.46  8
158115  161805  3691  158115  158599  485  161315  161805  491  96.74  9
545916  550779  4864  545916  546450  535  550242  550779  538  93.12  9
637818  639645  1828  637818  638567  750  638902  639645  744  96.93  9
646088  648234  2147  646088  646577  490  647751  648234  484  90.61  9
649684  657167  7484  649684  650032  349  656820  657167  348  95.13  9
658515  660069  1555  658515  658831  317  659759  660069  311  91.48  9
926655  930668  4014  926655  926773  119  930544  930668  125  93.60  9
970584  980955  10372  970584  971430  847  980104  980955  852  89.79  9
3096  5180  2085  3096  3676  581  4600  5180  581  94.49  10
327616  331851  4236  327616  327737  122  331729  331851  123  91.06  10
902315  904914  2600  902315  903215  901  904007  904914  908  97.14  10
960966  974145  13180  960966  961740  775  973375  974145  771  91.87  10
2210  5798  3589  2210  3100  891  4906  5798  893  89.70  11
14507  17938  3432  14507  14814  308  17616  17938  323  91.95  11
22893  25334  2442  22893  23359  467  24873  25334  462  95.93  11
45405  48746  3342  45405  45740  336  48419  48746  328  89.88  11
66661  73855  7195  66661  67136  476  73365  73855  491  86.97  11
84831  91175  6345  84831  85827  997  90184  91175  992  95.49  11
118942  123043  4102  118942  119093  152  122899  123043  145  87.50  11
125084  132605  7522  125084  125450  367  132237  132605  369  91.60  11
136953  143028  6076  136953  137938  986  142034  143028  995  96.38  11
145157  149042  3886  145157  145306  150  148882  149042  161  88.82  11
180950  183653  2704  180950  181075  126  183519  183653  135  85.93  11
204107  208076  3970  204107  205094  988  207077  208076  1000  97.50  11
211170  217466  6297  211170  211617  448  217026  217466  441  93.53  11
222520  230350  7831  222520  223463  944  229405  230350  946  96.19  11
259958  264325  4368  259958  260492  535  263797  264325  529  90.84  11
307031  308459  1429  307031  307390  360  308131  308459  329  88.61  11
357150  366677  9528  357150  357438  289  366396  366677  282  88.93  11
368385  370932  2548  368385  369278  894  370047  370932  886  91.50  11
462527  464074  1548  462527  463039  513  463559  464074  516  90.70  11
559546  564897  5352  559546  559913  368  564536  564897  362  86.14  11
658813  661607  2795  658813  659352  540  661070  661607  538  87.78  11
869504  876640  7137  869504  869906  403  876220  876640  421  92.16  11
886429  891709  5281  886429  886710  282  891427  891709  283  91.17  11
895388  905649  10262  895388  895561  174  905480  905649  170  87.36  11
936419  937975  1557  936419  936693  275  937705  937975  271  97.45  11
4716  9996  5281  4716  4857  142  9854  9996  143  90.21  12
36058  38844  2787  36058  36574  517  38331  38844  514  86.65  12
56676  65132  8457  56676  56987  312  64817  65132  316  93.04  12
144438  148451  4014  144438  144570  133  148338  148451  114  85.71  12
7078  8669  1592  7078  7207  130  8546  8669  124  87.69  13
21613  25882  4270  21613  21763  151  25740  25882  143  85.43  13
28798  34562  5765  28798  29117  320  34235  34562  328  87.50  13
182147  183557  1411  182147  182447  301  183257  183557  301  96.35  13
534688  544288  9601  534688  534809  122  544160  544288  129  93.02  13
702803  704689  1887  702803  703284  482  704192  704689  498  92.77  13
383461  385559  2099  383461  383574  114  385438  385559  122  91.80  14
559360  561541  2182  559360  560187  828  560699  561541  843  96.92  14
568762  570896  2135  568762  569703  942  569965  570896  932  96.39  14
277338  278710  1373  277338  277522  185  278529  278710  182  92.43  15
519568  526671  7104  519568  520536  969  525689  526671  983  96.44  15
696481  700319  3839  696481  696881  401  699918  700319  402  90.80  15
702017  709055  7039  702017  702455  439  708628  709055  428  93.62  15
710769  714997  4229  710769  711540  772  714232  714997  766  90.41  15
46030  56941  10912  46030  46695  666  56260  56941  682  91.35  16
57151  64806  7656  57151  57625  475  64323  64806  484  94.42  16
73033  75718  2686  73033  73747  715  75015  75718  704  94.97  16
82118  86024  3907  82118  82243  126  85895  86024  130  93.85  16
172223  176511  4289  172223  172626  404  176083  176511  429  93.71  16
184369  195023  10655  184369  185365  997  194028  195023  996  97.09  16
209415  211458  2044  209415  209589  175  211283  211458  176  89.20  16
212929  215276  2348  212929  213416  488  214786  215276  491  93.48  16
222391  229273  6883  222391  222704  314  228965  229273  309  91.72  16
244804  247830  3027  244804  245209  406  247426  247830  405  95.07  16
256877  261025  4149  256877  257830  954  260079  261025  947  92.98  16
278571  283302  4732  278571  279562  992  282313  283302  990  96.67  16
441650  444239  2590  441650  442191  542  443693  444239  547  93.42  16
484971  492774  7804  484971  485957  987  491782  492774  993  95.77  16
500046  502386  2341  500046  500544  499  501881  502386  506  90.32  16
608989  611873  2885  608989  609705  717  611159  611873  715  93.86  16
648994  653255  4262  648994  649437  444  652808  653255  448  92.41  16
702941  705816  2876  702941  703077  137  705677  705816  140  91.43  16
221742  223541  1800  221742  222058  317  223215  223541  327  91.13  17
284993  287284  2292  284993  285896  904  286368  287284  917  91.93  17
290339  293390  3052  290339  290775  437  292941  293390  450  92.67  17
307264  316634  9371  307264  308226  963  315657  316634  978  96.52  17
394123  397106  2984  394123  394674  552  396555  397106  552  93.48  17
402692  404596  1905  402692  403272  581  404013  404596  584  95.55  17
406181  407554  1374  406181  406326  146  407399  407554  156  85.26  17
499379  506592  7214  499379  500140  762  505836  506592  757  94.49  17
568704  571710  3007  568704  568945  242  571473  571710  238  97.93  17
8135  10750  2616  8135  8593  459  10287  10750  464  91.16  18
486160  495519  9360  486160  486639  480  495028  495519  492  86.18  18
496326  503377  7052  496326  497038  713  502663  503377  715  93.99  18
633376  635223  1848  633376  633641  266  634956  635223  268  94.78  18
46279  61376  15098  46279  46794  516  60865  61376  512  95.74  19
66731  73044  6314  66731  67141  411  72618  73044  427  94.38  19
74515  76819  2305  74515  74983  469  76343  76819  477  89.73  19
94570  97658  3089  94570  95087  518  97174  97658  485  93.24  19
103261  110946  7686  103261  103512  252  110698  110946  249  90.48  19
135445  137592  2148  135445  136209  765  136822  137592  771  94.42  19
137673  138951  1279  137673  137925  253  138704  138951  248  89.33  19
140107  141778  1672  140107  140605  499  141297  141778  482  93.79  19
142043  144161  2119  142043  142300  258  143895  144161  267  92.88  19
159222  161030  1809  159222  159771  550  160493  161030  538  87.27  19
161696  163123  1428  161696  161886  191  162930  163123  194  90.21  19
197634  200302  2669  197634  198578  945  199369  200302  934  92.80  19
217540  221918  4379  217540  218294  755  221156  221918  763  90.43  19
275029  278095  3067  275029  275989  961  277112  278095  984  89.43  19
364540  371356  6817  364540  364920  381  370983  371356  374  85.30  19
425475  428450  2976  425475  426125  651  427820  428450  631  89.71  19
429645  432913  3269  429645  430576  932  431999  432913  915  91.09  19
472171  476429  4259  472171  472556  386  476058  476429  372  88.60  19
542877  546292  3416  542877  543835  959  545332  546292  961  94.90  19
562596  566260  3665  562596  563094  499  565737  566260  524  92.75  19
601374  607151  5778  601374  601967  594  606541  607151  611  91.82  19
619919  623091  3173  619919  620036  118  622980  623091  112  94.92  19
623580  625475  1896  623580  624190  611  624865  625475  611  97.55  19
19772  26471  6700  19772  20295  524  25957  26471  515  88.36  20
95836  100049  4214  95836  96213  378  99671  100049  379  87.07  20
134675  139699  5025  134675  135185  511  139185  139699  515  93.59  20
141921  144738  2818  141921  142422  502  144250  144738  489  85.46  20
181026  185979  4954  181026  181420  395  185570  185979  410  90.24  20
204398  211231  6834  204398  205049  652  210590  211231  642  92.79  20
211453  215066  3614  211453  211799  347  214709  215066  358  94.41  20
253828  265787  11960  253828  254379  552  265221  265787  567  95.06  20
384786  390312  5527  384786  385128  343  389952  390312  361  93.91  20
394606  397683  3078  394606  395398  793  396892  397683  792  92.94  20
473817  478035  4219  473817  474588  772  477252  478035  784  91.71  20
533102  535442  2341  533102  533743  642  534803  535442  640  92.37  20
559516  562638  3123  559516  560481  966  561697  562638  942  93.48  20
592645  597576  4932  592645  592798  154  597433  597576  144  92.86  20
603216  608199  4984  603216  603420  205  608009  608199  191  89.76  20
612591  617389  4799  612591  612764  174  617216  617389  174  99.43  20
11177  13503  2327  11177  11329  153  13346  13503  158  93.04  21
16896  19232  2337  16896  17037  142  19084  19232  149  85.23  21
174357  178501  4145  174357  174484  128  178374  178501  128  98.44  21
264424  270807  6384  264424  265120  697  270104  270807  704  92.76  21
278714  281612  2899  278714  279558  845  280741  281612  872  94.50  21
557982  563382  5401  557982  558211  230  563169  563382  214  85.65  21
564642  568424  3783  564642  565362  721  567703  568424  722  96.12  21
11065  12803  1739  11065  11570  506  12308  12803  496  98.02  22
23385  36725  13341  23385  23531  147  36577  36725  149  96.64  22
48560  50169  1610  48560  48858  299  49864  50169  306  95.10  22
441719  445061  3343  441719  441822  104  444958  445061  104  91.35  22
107217  111194  3978  107217  107729  513  110673  111194  522  96.93  23
121750  125988  4239  121750  122744  995  124995  125988  994  97.49  23
387781  402733  14953  387781  388396  616  402125  402733  609  90.75  23
448688  455364  6677  448688  449244  557  454795  455364  570  93.68  23
481440  485772  4333  481440  481767  328  485439  485772  334  90.42  23
66068  75963  9896  66068  66370  303  75665  75963  299  92.08  24
76185  91736  15552  76185  77184  1000  90743  91736  994  93.60  24
94976  96524  1549  94976  95505  530  96027  96524  498  88.49  24
100190  101793  1604  100190  100756  567  101222  101793  572  95.98  24
124118  133993  9876  124118  124260  143  133849  133993  145  97.93  24
213292  215125  1834  213292  213875  584  214541  215125  585  92.82  24
229727  235402  5676  229727  230326  600  234819  235402  584  90.67  24
255114  257892  2779  255114  255806  693  257194  257892  699  89.70  24
263942  268734  4793  263942  264106  165  268564  268734  171  87.13  24
285046  291717  6672  285046  285844  799  290923  291717  795  91.86  24
293712  297190  3479  293712  294538  827  296390  297190  801  93.71  24
330198  334248  4051  330198  330453  256  333987  334248  262  94.66  24
383388  386110  2723  383388  383995  608  385513  386110  598  86.84  24
387569  392708  5140  387569  388365  797  391907  392708  802  92.52  24
394684  410546  15863  394684  395677  994  409547  410546  1000  94.10  24
465435  467182  1748  465435  465717  283  466891  467182  292  87.67  24
478175  490876  12702  478175  478636  462  490418  490876  459  93.51  24
491079  496974  5896  491079  491803  725  496262  496974  713  95.45  24
14024  15467  1444  14024  14417  394  15067  15467  401  85.54  25
20293  28247  7955  20293  21013  721  27536  28247  712  96.39  25
29600  31564  1965  29600  30237  638  30903  31564  662  95.32  25
49473  62426  12954  49473  50470  998  61428  62426  999  95.90  25
68820  72509  3690  68820  69331  512  72003  72509  507  96.29  25
161119  164674  3556  161119  161602  484  164193  164674  482  90.29  25
189497  192226  2730  189497  190338  842  191385  192226  842  95.49  25
234080  238725  4646  234080  234534  455  238284  238725  442  85.49  25
301590  302848  1259  301590  301716  127  302720  302848  129  88.37  25
510366  515448  5083  510366  510650  285  515153  515448  296  89.19  25
2004  7503  5500  2004  2494  491  7022  7503  482  95.11  26
10881  13068  2188  10881  11041  161  12904  13068  165  87.27  26
57796  59203  1408  57796  58039  244  58982  59203  222  90.57  26
359717  362617  2901  359717  360645  929  361687  362617  931  94.52  26
47001  51450  4450  47001  47869  869  50572  51450  879  94.99  27
94068  96301  2234  94068  94601  534  95740  96301  562  89.32  27
183271  186223  2953  183271  183902  632  185591  186223  633  90.05  27
201148  206193  5046  201148  201917  770  205413  206193  781  98.08  27
208555  217199  8645  208555  208812  258  216936  217199  264  89.77  27
233322  234526  1205  233322  233508  187  234344  234526  183  87.17  27
240926  248163  7238  240926  241733  808  247351  248163  813  97.29  27
318917  324870  5954  318917  319808  892  323980  324870  891  95.85  27
368354  372474  4121  368354  369065  712  371744  372474  731  92.48  27
374306  379567  5262  374306  375298  993  378575  379567  993  92.45  27
382989  385938  2950  382989  383662  674  385266  385938  673  92.28  27
408105  412295  4191  408105  408648  544  411747  412295  549  89.07  27
414727  417665  2939  414727  415248  522  417160  417665  506  85.25  27
49018  53788  4771  49018  49192  175  53619  53788  170  96.57  28
117715  126722  9008  117715  118182  468  126249  126722  474  88.40  28
263834  266696  2863  263834  264235  402  266312  266696  385  86.57  28
278437  281838  3402  278437  278884  448  281404  281838  435  89.73  28
285146  286798  1653  285146  285466  321  286458  286798  341  89.15  28
328976  331071  2096  328976  329947  972  330088  331071  984  94.41  28
170549  172570  2022  170549  171531  983  171576  172570  995  93.27  29
391540  393353  1814  391540  392233  694  392672  393353  682  92.22  29
406339  407624  1286  406339  406571  233  407375  407624  250  88.00  29
412308  413940  1633  412308  412515  208  413725  413940  216  88.43  29
12004  13795  1792  12004  12415  412  13375  13795  421  94.77  30
20335  22857  2523  20335  20466  132  22728  22857  130  90.91  30
24496  27303  2808  24496  24625  130  27174  27303  130  96.92  30
42288  44463  2176  42288  42749  462  43999  44463  465  94.41  30
50379  54834  4456  50379  50494  116  54719  54834  116  93.97  30
67937  71057  3121  67937  68267  331  70726  71057  332  96.39  30
72626  74226  1601  72626  72849  224  74008  74226  219  90.62  30
74400  76322  1923  74400  75021  622  75700  76322  623  95.67  30
109463  111546  2084  109463  110310  848  110725  111546  822  95.40  30
117750  119622  1873  117750  118387  638  118960  119622  663  94.27  30
128310  132422  4113  128310  128424  115  132300  132422  123  89.43  30
354276  356042  1767  354276  354993  718  355314  356042  729  92.32  30
4997  9929  4933  4997  5210  214  9721  9929  209  96.26  31
141722  145934  4213  141722  142023  302  145625  145934  310  92.26  31
150998  153517  2520  150998  151799  802  152710  153517  808  96.66  31
153655  155975  2321  153655  154646  992  154977  155975  999  98.00  31
164251  168252  4002  164251  164584  334  167913  168252  340  94.12  31
173790  176548  2759  173790  174203  414  176129  176548  420  94.05  31
177736  179868  2133  177736  178359  624  179241  179868  628  96.34  31
184516  189639  5124  184516  184970  455  189198  189639  442  94.29  31
269692  275047  5356  269692  270288  597  274453  275047  595  97.99  31
325378  330578  5201  325378  325627  250  330333  330578  246  97.20  31
41921  56960  15040  41921  42160  240  56720  56960  241  90.46  32
111336  113910  2575  111336  111874  539  113375  113910  536  94.99  32
114291  117419  3129  114291  114741  451  116967  117419  453  93.60  32
117523  119668  2146  117523  118237  715  118958  119668  711  95.80  32
135287  136896  1610  135287  135627  341  136566  136896  331  89.74  32
154479  164754  10276  154479  155387  909  163850  164754  905  97.03  32
292875  304915  12041  292875  293445  571  304344  304915  572  90.03  32
366403  375049  8647  366403  367007  605  374449  375049  601  91.74  32
142005  146404  4400  142005  142785  781  145610  146404  795  95.47  33
150960  155385  4426  150960  151419  460  154919  155385  467  94.43  33
160828  166503  5676  160828  161227  400  166078  166503  426  87.09  33
177245  184566  7322  177245  178196  952  183621  184566  946  93.70  33
197597  201832  4236  197597  197746  150  201679  201832  154  88.96  33
203243  213732  10490  203243  203629  387  213350  213732  383  94.06  33
284231  294467  10237  284231  285221  991  293469  294467  999  98.40  33
299973  305066  5094  299973  300911  939  304113  305066  954  93.29  33
316342  320441  4100  316342  316930  589  319851  320441  591  87.48  33
2592  5892  3301  2592  3286  695  5196  5892  697  94.40  34
132156  136228  4073  132156  132474  319  135910  136228  319  97.18  34
374607  376396  1790  374607  375082  476  375960  376396  437  90.55  34
708  2559  1852  708  1162  455  2113  2559  447  93.63  35
4401  6311  1911  4401  5249  849  5471  6311  841  95.29  35
8367  12116  3750  8367  8514  148  11971  12116  146  89.19  35
165350  172619  7270  165350  165880  531  172100  172619  520  87.76  35
190493  195717  5225  190493  190739  247  195472  195717  246  89.47  35
206280  211904  5625  206280  206475  196  211727  211904  178  90.82  35
212982  219434  6453  212982  213974  993  218437  219434  998  97.29  35
311077  317582  6506  311077  311825  749  316823  317582  760  95.92  35
318420  321024  2605  318420  319087  668  320362  321024  663  97.75  35
360388  371606  11219  360388  360807  420  371176  371606  431  91.42  35
16940  21913  4974  16940  17249  310  21605  21913  309  91.94  36
104130  106035  1906  104130  104877  748  105287  106035  749  87.85  36
112492  114870  2379  112492  112616  125  114746  114870  125  98.40  36
136323  144062  7740  136323  136438  116  143947  144062  116  94.83  36
189629  191465  1837  189629  189964  336  191099  191465  367  89.37  36
195474  202161  6688  195474  196469  996  201162  202161  1000  95.10  36
210341  212303  1963  210341  211002  662  211624  212303  680  95.44  36
294553  296146  1594  294553  295016  464  295669  296146  478  92.26  36
309408  314706  5299  309408  309655  248  314459  314706  248  89.52  36
330043  334743  4701  330043  330300  258  334482  334743  262  90.46  36
342518  344790  2273  342518  343514  997  343800  344790  991  94.88  36
368823  377389  8567  368823  369676  854  376538  377389  852  95.08  36
270781  272089  1309  270781  271062  282  271810  272089  280  85.82  37
3687  6353  2667  3687  4459  773  5573  6353  781  91.55  38
329776  335068  5293  329776  329918  143  334917  335068  152  85.53  39
340837  342342  1506  340837  341067  231  342109  342342  234  95.30  39
1832  3466  1635  1832  2448  617  2848  3466  619  95.48  40
6248  11018  4771  6248  6704  457  10561  11018  458  96.72  40
85144  90382  5239  85144  86113  970  89412  90382  971  90.01  40
93901  105496  11596  93901  94445  545  104980  105496  517  89.36  40
215463  219285  3823  215463  215913  451  218847  219285  439  89.14  40
231047  233523  2477  231047  231900  854  232657  233523  867  93.54  40
237659  239259  1601  237659  237784  126  239130  239259  130  92.31  40
239641  245755  6115  239641  240308  668  245084  245755  672  96.28  40
267383  273742  6360  267383  267524  142  273601  273742  142  99.30  40
297993  303351  5359  297993  298550  558  302790  303351  562  94.48  40
324533  326743  2211  324533  325530  998  325752  326743  992  95.99  40
3236  12815  9580  3236  3538  303  12517  12815  299  90.76  41
20060  25125  5066  20060  20490  431  24679  25125  447  94.41  41
30224  38428  8205  30224  30689  466  37966  38428  463  94.21  41
39448  45429  5982  39448  39595  148  45280  45429  150  93.33  41
165087  171881  6795  165087  165487  401  171478  171881  404  96.53  41
240189  246813  6625  240189  241151  963  245860  246813  954  94.29  41
247633  251797  4165  247633  248395  763  251034  251797  764  98.17  41
273248  274748  1501  273248  273605  358  274402  274748  347  96.37  41
285978  287788  1811  285978  286549  572  287198  287788  591  95.94  41
310336  316197  5862  310336  310642  307  315900  316197  298  86.32  41
21995  26937  4943  21995  22166  172  26778  26937  160  89.53  42
33902  44610  10709  33902  34251  350  44266  44610  345  95.43  42
45736  51642  5907  45736  46543  808  50828  51642  815  98.65  42
55817  61872  6056  55817  56714  898  60963  61872  910  95.60  42
81975  86864  4890  81975  82228  254  86626  86864  239  88.58  42
171655  177377  5723  171655  172178  524  176848  177377  530  87.74  42
207935  212261  4327  207935  208546  612  211645  212261  617  95.95  42
261488  265372  3885  261488  261589  102  265265  265372  108  87.96  42
223162  231501  8340  223162  223441  280  231239  231501  263  87.86  44
231897  234393  2497  231897  232737  841  233556  234393  838  98.34  44
235269  237197  1929  235269  235554  286  236917  237197  281  94.76  44
246176  251498  5323  246176  246474  299  251203  251498  296  89.97  44
257153  267700  10548  257153  257676  524  267179  267700  522  96.95  44
295232  296811  1580  295232  295777  546  296264  296811  548  95.99  44
5329  7366  2038  5329  5935  607  6743  7366  624  92.63  45
9952  14907  4956  9952  10507  556  14344  14907  564  97.87  45
45007  54158  9152  45007  45911  905  53257  54158  902  93.37  45
101735  107599  5865  101735  102158  424  107171  107599  429  94.87  45
234293  239620  5328  234293  234703  411  239222  239620  399  91.24  45
250534  252190  1657  250534  251094  561  251618  252190  573  93.89  45
152492  155214  2723  152492  152701  210  155006  155214  209  90.95  46
218762  226084  7323  218762  219093  332  225760  226084  325  94.88  46
236618  241296  4679  236618  237262  645  240656  241296  641  93.64  46
254944  261343  6400  254944  255141  198  261137  261343  207  88.89  46
274750  284799  10050  274750  275199  450  284382  284799  418  87.56  46
104425  106549  2125  104425  105315  891  105656  106549  894  95.75  47
191461  197778  6318  191461  192064  604  197176  197778  603  96.36  47
6876  9971  3096  6876  7866  991  8977  9971  995  94.57  48
12972  18057  5086  12972  13825  854  17205  18057  853  92.27  48
37740  42922  5183  37740  38105  366  42553  42922  370  95.14  48
53360  56060  2701  53360  54180  821  55260  56060  801  90.86  48
62133  68480  6348  62133  62632  500  67965  68480  516  88.57  48
185686  189677  3992  185686  186381  696  188992  189677  686  93.39  48
189777  193465  3689  189777  190317  541  192932  193465  534  90.76  48
7666  15527  7862  7666  8279  614  14918  15527  610  91.86  49
40584  45540  4957  40584  40713  130  45412  45540  129  85.38  49
47691  50395  2705  47691  48063  373  50023  50395  373  90.08  49
74185  76191  2007  74185  75060  876  75308  76191  884  95.36  49
95127  97701  2575  95127  95869  743  96945  97701  757  96.43  49
115608  117034  1427  115608  115947  340  116697  117034  338  92.06  49
161143  166204  5062  161143  161408  266  165918  166204  287  88.15  49
246705  250119  3415  246705  246833  129  249993  250119  127  93.02  49
525  7912  7388  525  696  172  7730  7912  183  88.52  50
88340  90697  2358  88340  88460  121  90578  90697  120  95.04  50
101761  105983  4223  101761  102097  337  105645  105983  339  94.10  50
170930  173838  2909  170930  171408  479  173363  173838  476  96.03  50
229697  231461  1765  229697  230453  757  230718  231461  744  94.72  50
7889  10721  2833  7889  8383  495  10241  10721  481  95.76  51
20967  26652  5686  20967  21543  577  26067  26652  586  96.42  51
40705  42613  1909  40705  41301  597  42024  42613  590  92.46  51
222328  227356  5029  222328  222491  164  227196  227356  161  96.34  52
194380  198759  4380  194380  194518  139  198619  198759  141  91.49  53
211465  215721  4257  211465  211577  113  215609  215721  113  97.35  53
6080  13352  7273  6080  6775  696  12636  13352  717  92.05  54
16042  19683  3642  16042  16272  231  19462  19683  222  92.21  54
19911  22841  2931  19911  20662  752  22139  22841  703  92.69  54
24973  26753  1781  24973  25442  470  26300  26753  454  94.47  54
48425  52888  4464  48425  48556  132  52747  52888  142  89.44  54
53225  56256  3032  53225  54104  880  55391  56256  866  96.59  54
69592  74502  4911  69592  70273  682  73835  74502  668  97.21  54
197961  200029  2069  197961  198746  786  199243  200029  787  97.59  54
47432  51595  4164  47432  47556  125  51468  51595  128  94.53  55
166935  173901  6967  166935  167389  455  173455  173901  447  97.36  55
213939  218669  4731  213939  214092  154  218502  218669  168  89.29  55
23376  28599  5224  23376  24018  643  27953  28599  647  89.34  56
29180  31621  2442  29180  29605  426  31189  31621  433  94.00  56
43767  58388  14622  43767  43940  174  58213  58388  176  96.59  56
2245  6141  3897  2245  3243  999  5146  6141  996  96.90  57
8680  9962  1283  8680  8856  177  9786  9962  177  86.44  57
10791  25228  14438  10791  11138  348  24878  25228  351  90.60  57
25602  27071  1470  25602  26041  440  26638  27071  434  95.91  57
37220  41676  4457  37220  37403  184  41491  41676  186  91.94  57
50099  51537  1439  50099  50250  152  51392  51537  146  86.84  57
54553  61149  6597  54553  55341  789  60361  61149  789  94.42  57
76642  81953  5312  76642  76843  202  81751  81953  203  95.07  57
138715  143452  4738  138715  138897  183  143265  143452  188  88.83  57
144906  146777  1872  144906  145474  569  146212  146777  566  97.01  57
166567  168526  1960  166567  167179  613  167916  168526  611  94.94  57
173070  174625  1556  173070  173538  469  174152  174625  474  97.05  57
194987  197604  2618  194987  195984  998  196618  197604  987  96.69  57
210453  211801  1349  210453  210689  237  211581  211801  221  88.19  57
24615  29348  4734  24615  25158  544  28827  29348  522  86.21  58
98761  101360  2600  98761  98907  147  101207  101360  154  90.91  58
3404  5039  1636  3404  3707  304  4735  5039  305  85.57  59
5043  8233  3191  5043  5149  107  8127  8233  107  92.52  59
8992  10994  2003  8992  9458  467  10523  10994  472  96.40  59
183195  185897  2703  183195  183959  765  185149  185897  749  94.64  59
35402  37553  2152  35402  35845  444  37106  37553  448  90.18  60
142956  144984  2029  142956  143673  718  144298  144984  687  93.45  61
145342  147049  1708  145342  145832  491  146546  147049  504  90.28  61
149496  151507  2012  149496  150229  734  150786  151507  722  91.01  61
8964  14543  5580  8964  9196  233  14301  14543  243  95.47  62
37994  40978  2985  37994  38402  409  40567  40978  412  89.32  62
43522  47491  3970  43522  44155  634  46874  47491  618  89.12  62
129340  135978  6639  129340  129622  283  135708  135978  271  86.57  62
169592  174567  4976  169592  170133  542  174027  174567  541  88.38  62
7522  11422  3901  7522  8079  558  10862  11422  561  91.80  63
65025  67149  2125  65025  65397  373  66802  67149  348  86.60  63
71486  74939  3454  71486  71695  210  74731  74939  209  89.52  63
126407  131786  5380  126407  126676  270  131533  131786  254  87.78  63
24174  27385  3212  24174  24410  237  27148  27385  238  89.08  65
99593  103366  3774  99593  99849  257  103120  103366  247  93.39  65
105127  108048  2922  105127  105525  399  107652  108048  397  92.73  65
114728  124935  10208  114728  115044  317  124627  124935  309  90.85  65
132437  139666  7230  132437  133170  734  138950  139666  717  92.37  65
35729  39309  3581  35729  36222  494  38826  39309  484  87.85  66
53903  58417  4515  53903  54505  603  57826  58417  592  96.19  66
125846  131980  6135  125846  126520  675  131313  131980  668  94.22  66
145319  154812  9494  145319  146123  805  153998  154812  815  93.25  66
147094  151054  3961  147094  148046  953  150098  151054  957  96.55  67
157308  159186  1879  157308  158033  726  158454  159186  733  90.18  67
70387  72168  1782  70387  71070  684  71486  72168  683  97.66  68
78304  85627  7324  78304  78915  612  85018  85627  610  91.67  68
57853  60957  3105  57853  58527  675  60276  60957  682  92.96  69
30599  32348  1750  30599  30794  196  32134  32348  215  88.37  70
120965  134372  13408  120965  121415  451  133925  134372  448  97.12  70
143457  146204  2748  143457  143959  503  145700  146204  505  91.68  70
19263  23823  4561  19263  20013  751  23068  23823  756  95.11  71
27601  42023  14423  27601  28044  444  41572  42023  452  92.92  71
43355  45590  2236  43355  44098  744  44837  45590  754  96.02  71
54178  57206  3029  54178  54295  118  57097  57206  110  89.83  71
89761  92597  2837  89761  90037  277  92312  92597  286  87.06  71
111654  115070  3417  111654  112653  1000  114079  115070  992  96.50  71
119838  125058  5221  119838  120081  244  124813  125058  246  97.56  71
144332  147174  2843  144332  144620  289  146893  147174  282  85.47  71
3303  9906  6604  3303  3747  445  9447  9906  460  91.96  72
12366  17619  5254  12366  13007  642  16984  17619  636  92.99  72
16510  26887  10378  16510  16727  218  26658  26887  230  93.91  73
13990  18189  4200  13990  14985  996  17193  18189  997  97.49  74
22480  25003  2524  22480  22749  270  24741  25003  263  87.04  74
75728  77799  2072  75728  76727  1000  76805  77799  995  96.10  74
100819  103962  3144  100819  101401  583  103386  103962  577  98.28  74
139362  141274  1913  139362  140024  663  140624  141274  651  95.02  74
286  5485  5200  286  735  450  5034  5485  452  96.46  75
14744  16697  1954  14744  15380  637  16047  16697  651  94.16  75
23772  25960  2189  23772  23919  148  25815  25960  146  85.14  75
120307  122225  1919  120307  120963  657  121576  122225  650  96.65  75
132039  137672  5634  132039  132370  332  137336  137672  337  95.55  75
27611  33557  5947  27611  27712  102  33456  33557  102  89.22  76
30699  37225  6527  30699  31078  380  36826  37225  400  87.75  77
66711  71245  4535  66711  67516  806  70433  71245  813  91.64  77
76688  82038  5351  76688  77685  998  81053  82038  986  97.09  77
31842  34572  2731  31842  32058  217  34364  34572  209  93.09  78
39317  42387  3071  39317  39920  604  41792  42387  596  96.03  78
65033  67011  1979  65033  65728  696  66324  67011  688  97.56  78
77852  79983  2132  77852  78626  775  79213  79983  771  96.65  78
90471  103450  12980  90471  91200  730  102713  103450  738  92.95  78
113184  115464  2281  113184  113842  659  114814  115464  651  95.75  78
117445  121422  3978  117445  118196  752  120684  121422  739  91.09  78
125254  128866  3613  125254  125798  545  128335  128866  532  90.28  78
2291  3614  1324  2291  2574  284  3343  3614  272  85.92  79
3769  6166  2398  3769  4212  444  5728  6166  439  96.62  79
18939  25650  6712  18939  19455  517  25130  25650  521  97.70  79
92163  94235  2073  92163  92555  393  93862  94235  374  87.28  79
110783  125142  14360  110783  110983  201  124943  125142  200  92.04  79
2182  3920  1739  2182  2872  691  3259  3920  662  91.61  80
45790  47177  1388  45790  46115  326  46847  47177  331  92.75  80
62531  65161  2631  62531  63318  788  64366  65161  796  91.71  80
66275  69275  3001  66275  66801  527  68753  69275  523  86.15  80
108554  110195  1642  108554  109161  608  109603  110195  593  90.13  80
112075  115432  3358  112075  112248  174  115259  115432  174  97.70  80
41962  44041  2080  41962  42622  661  43374  44041  668  92.81  81
95577  100376  4800  95577  95995  419  99983  100376  394  87.11  81
7094  9039  1946  7094  7871  778  8267  9039  773  97.69  82
65178  67621  2444  65178  65764  587  67010  67621  612  91.50  82
110025  114502  4478  110025  111015  991  113507  114502  996  96.39  82
6845  9136  2292  6845  7834  990  8139  9136  998  96.79  83
17239  26908  9670  17239  17761  523  26395  26908  514  91.40  83
95892  97341  1450  95892  96002  111  97240  97341  102  87.39  83
11525  15848  4324  11525  11675  151  15677  15848  172  85.47  84
88499  89942  1444  88499  88879  381  89572  89942  371  95.80  84
101384  105303  3920  101384  101483  100  105199  105303  105  93.33  84
68871  70875  2005  68871  69849  979  69891  70875  985  95.94  85
83973  92442  8470  83973  84969  997  91452  92442  991  97.69  85
101213  103095  1883  101213  101742  530  102563  103095  533  94.56  85
85311  87969  2659  85311  85985  675  87277  87969  693  96.97  86
96077  98031  1955  96077  96895  819  97210  98031  822  95.13  86
14572  18414  3843  14572  14923  352  18077  18414  338  92.61  87
49413  54658  5246  49413  49665  253  54389  54658  270  87.78  87
55120  58982  3863  55120  55307  188  58805  58982  178  88.83  87
64077  66467  2391  64077  64885  809  65652  66467  816  94.61  87
86798  89240  2443  86798  87738  941  88311  89240  930  93.09  87
91168  96351  5184  91168  91853  686  95666  96351  686  92.57  87
83351  92447  9097  83351  83997  647  91821  92447  627  95.83  88
37889  50887  12999  37889  38632  744  50144  50887  744  92.07  89
6401  7875  1475  6401  6547  147  7731  7875  145  95.24  90
79642  81662  2021  79642  79875  234  81428  81662  235  95.32  90
3735  5996  2262  3735  4331  597  5385  5996  612  95.42  91
12348  13945  1598  12348  12817  470  13464  13945  482  95.44  91
9621  15721  6101  9621  10213  593  15143  15721  579  93.76  92
20452  29480  9029  20452  21157  706  28787  29480  694  95.61  92
64893  68675  3783  64893  65385  493  68193  68675  483  94.12  92
72549  75195  2647  72549  73054  506  74720  75195  476  91.11  92
81979  86027  4049  81979  82613  635  85393  86027  635  91.18  92
3122  5757  2636  3122  4114  993  4770  5757  988  95.87  93
9080  10897  1818  9080  9440  361  10544  10897  354  94.46  93
12162  14797  2636  12162  13001  840  13954  14797  844  97.39  93
32879  34323  1445  32879  33270  392  33942  34323  382  87.24  93
50363  64218  13856  50363  51308  946  63260  64218  959  91.14  93
74709  87580  12872  74709  75680  972  86618  87580  963  96.40  93
3905  7750  3846  3905  4121  217  7533  7750  218  93.12  94
32901  38124  5224  32901  33776  876  37261  38124  864  93.04  94
58224  59833  1610  58224  58792  569  59273  59833  561  89.63  94
12169  16539  4371  12169  13133  965  15581  16539  959  90.05  95
16315  18984  2670  16315  17312  998  17991  18984  994  96.89  96
33532  35296  1765  33532  34235  704  34617  35296  680  95.60  96
44803  51136  6334  44803  45796  994  50141  51136  996  93.57  96
19244  25515  6272  19244  20097  854  24673  25515  843  95.20  97
19730  26443  6714  19730  20708  979  25444  26443  1000  96.10  99
68448  70111  1664  68448  68953  506  69608  70111  504  96.44  99
74981  76553  1573  74981  75235  255  76302  76553  252  91.76  99
77997  79750  1754  77997  78481  485  79260  79750  491  95.72  99
277  2347  2071  277  569  293  2041  2347  307  92.18  100
16823  19662  2840  16823  17467  645  19065  19662  598  88.53  100
71140  72981  1842  71140  71614  475  72502  72981  480  97.29  100
68638  72677  4040  68638  68763  126  72552  72677  126  98.41  101
9901  12276  2376  9901  10900  1000  11277  12276  1000  98.00  102
24478  26366  1889  24478  25048  571  25784  26366  583  96.40  103
50171  55464  5294  50171  50312  142  55322  55464  143  90.91  103
57860  61801  3942  57860  58784  925  60869  61801  933  95.61  103
65894  69083  3190  65894  66214  321  68768  69083  316  93.77  103
22277  25996  3720  22277  23272  996  25005  25996  992  98.29  104
27286  33822  6537  27286  27468  183  33637  33822  186  89.78  104
58703  60481  1779  58703  59084  382  60100  60481  382  93.98  104
64075  69517  5443  64075  64629  555  68966  69517  552  91.35  104
69789  71835  2047  69789  70759  971  70847  71835  989  97.17  104
5595  7466  1872  5595  6216  622  6842  7466  625  96.16  105
11625  13236  1612  11625  12089  465  12782  13236  455  95.91  105
17035  20913  3879  17035  17540  506  20416  20913  498  96.05  105
24135  26557  2423  24135  25134  1000  25560  26557  998  99.10  105
36520  39792  3273  36520  37433  914  38881  39792  912  94.53  105
64443  69195  4753  64443  64631  189  69004  69195  192  87.50  105
7629  9380  1752  7629  8096  468  8918  9380  463  97.86  106
27154  32288  5135  27154  27361  208  32070  32288  219  88.58  106
32547  43788  11242  32547  33161  615  43193  43788  596  87.48  106
7477  9968  2492  7477  8241  765  9223  9968  746  96.34  107
13835  15677  1843  13835  14291  457  15226  15677  452  96.28  107
30335  38081  7747  30335  30804  470  37622  38081  460  94.04  107
58567  65397  6831  58567  59428  862  64539  65397  859  93.16  107
16897  22516  5620  16897  17078  182  22340  22516  177  94.51  108
53686  58653  4968  53686  54246  561  58087  58653  567  94.53  108
2458  4064  1607  2458  2984  527  3549  4064  516  93.93  109
17620  19712  2093  17620  18619  1000  18714  19712  999  98.40  109
34474  36546  2073  34474  35061  588  35970  36546  577  95.41  109
54118  59378  5261  54118  54259  142  59236  59378  143  93.71  109
37925  47150  9226  37925  38077  153  46997  47150  154  99.35  110
16818  19065  2248  16818  17348  531  18516  19065  550  92.00  111
22544  27180  4637  22544  22696  153  27035  27180  146  87.58  111
31080  33738  2659  31080  32077  998  32741  33738  998  97.29  111
39920  44534  4615  39920  40089  170  44369  44534  166  91.18  111
48434  51508  3075  48434  49029  596  50914  51508  595  94.13  111
35229  37346  2118  35229  35584  356  36985  37346  362  93.92  112
58581  62142  3562  58581  58800  220  61922  62142  221  89.59  112
47238  51148  3911  47238  47680  443  50703  51148  446  95.74  113
3124  5168  2045  3124  3392  269  4902  5168  267  97.77  115
10584  17993  7410  10584  11301  718  17261  17993  733  95.77  115
23294  24679  1386  23294  23519  226  24451  24679  229  97.82  115
36548  41164  4617  36548  36731  184  40979  41164  186  93.01  115
22690  24348  1659  22690  23282  593  23756  24348  593  97.64  116
29397  33969  4573  29397  29692  296  33691  33969  279  85.47  116
8515  11060  2546  8515  9514  1000  10070  11060  991  96.90  117
40803  43279  2477  40803  41701  899  42387  43279  893  95.66  117
44736  46941  2206  44736  45735  1000  45948  46941  994  98.60  117
53092  55591  2500  53092  53691  600  54986  55591  606  97.19  117
4241  6628  2388  4241  4696  456  6172  6628  457  97.59  118
22673  24152  1480  22673  23059  387  23774  24152  379  96.12  118
34525  37733  3209  34525  34857  333  37388  37733  346  92.77  118
42244  44072  1829  42244  42610  367  43678  44072  395  91.14  118
46311  48131  1821  46311  46949  639  47496  48131  636  97.50  118
52019  53919  1901  52019  52560  542  53382  53919  538  98.34  118
2262  6053  3792  2262  2548  287  5776  6053  278  88.50  119
77  5816  5740  77  828  752  5054  5816  763  93.45  120
11964  17184  5221  11964  12200  237  16947  17184  238  87.82  120
21525  23809  2285  21525  22390  866  22941  23809  869  95.74  120
27232  32317  5086  27232  27359  128  32182  32317  136  88.24  120
34173  45661  11489  34173  35076  904  44765  45661  897  99.00  120
5528  8046  2519  5528  6174  647  7397  8046  650  95.38  121
10098  11570  1473  10098  10541  444  11125  11570  446  92.60  121
53545  55578  2034  53545  54538  994  54580  55578  999  98.50  121
7500  15612  8113  7500  7850  351  15271  15612  342  91.74  122
29388  33414  4027  29388  29566  179  33241  33414  174  89.39  122
45087  47241  2155  45087  46019  933  46293  47241  949  95.05  122
11487  21779  10293  11487  12206  720  21053  21779  727  94.64  123
531  6317  5787  531  980  450  5864  6317  454  90.75  124
30093  34306  4214  30093  30219  127  34180  34306  127  95.28  125
36939  42472  5534  36939  37346  408  42050  42472  423  92.91  125
11692  21327  9636  11692  12680  989  20329  21327  999  98.10  127
13505  14867  1363  13505  13661  157  14710  14867  158  93.67  128
24032  25789  1758  24032  24403  372  25394  25789  396  93.18  128
26376  30852  4477  26376  26988  613  30226  30852  627  96.97  128
33143  36290  3148  33143  33778  636  35626  36290  665  95.34  128
2360  4339  1980  2360  2646  287  4057  4339  283  88.85  129
9024  11580  2557  9024  9937  914  10662  11580  919  99.24  129
15575  18251  2677  15575  16560  986  17254  18251  998  94.99  129
27483  29181  1699  27483  28150  668  28505  29181  677  95.72  129
13008  15321  2314  13008  13697  690  14623  15321  699  97.71  130
31615  33526  1912  31615  32079  465  33054  33526  473  95.56  130
1555  5892  4338  1555  1713  159  5726  5892  167  86.83  131
19505  30141  10637  19505  19684  180  29956  30141  186  86.02  131
6076  21043  14968  6076  6858  783  20266  21043  778  92.08  132
3510  6111  2602  3510  4095  586  5515  6111  597  95.64  133
13587  15481  1895  13587  14170  584  14886  15481  596  95.81  135
22283  24791  2509  22283  23204  922  23857  24791  935  94.22  135
5288  10772  5485  5288  5552  265  10500  10772  273  87.91  136
17822  20106  2285  17822  18352  531  19590  20106  517  92.47  137
131  6425  6295  131  980  850  5588  6425  838  96.94  138
11369  13607  2239  11369  11758  390  13208  13607  400  91.75  138
2719  4888  2170  2719  3566  848  4045  4888  844  95.99  139
18867  21473  2607  18867  19555  689  20782  21473  692  96.39  139
24602  26863  2262  24602  25314  713  26151  26863  713  98.04  140
9980  12644  2665  9980  10794  815  11822  12644  823  90.52  141
14529  19801  5273  14529  15518  990  18802  19801  1000  97.60  141
5540  9112  3573  5540  6442  903  8204  9112  909  95.16  142
16594  19418  2825  16594  17533  940  18488  19418  931  96.91  142
3400  7840  4441  3400  3575  176  7666  7840  175  90.34  143
8146  22323  14178  8146  8701  556  21770  22323  554  96.04  144
2392  7582  5191  2392  2594  203  7396  7582  187  86.21  147
12123  15801  3679  12123  12311  189  15616  15801  186  97.35  150
1418  3450  2033  1418  2386  969  2487  3450  964  96.80  151
8659  12901  4243  8659  8835  177  12726  12901  176  97.74  151
2745  4930  2186  2745  3739  995  3958  4930  973  96.28  152
10405  12661  2257  10405  11404  1000  11680  12661  982  96.80  153
13333  15372  2040  13333  14165  833  14527  15372  846  96.10  153
6754  11970  5217  6754  7191  438  11545  11970  426  89.27  154
6207  7684  1478  6207  6643  437  7238  7684  447  92.62  158
2128  7601  5474  2128  2353  226  7389  7601  213  90.71  160
11698  14739  3042  11698  12500  803  13938  14739  802  98.63  160
12065  14425  2361  12065  12977  913  13501  14425  925  91.03  161
8879  11137  2259  8879  8990  112  11019  11137  119  92.44  162
384  2505  2122  384  1383  1000  1507  2505  999  99.30  163
1248  6760  5513  1248  1402  155  6622  6760  139  89.03  164
5089  10639  5551  5089  5251  163  10477  10639  163  97.55  165
897  6551  5655  897  997  101  6452  6551  100  89.11  167
6553  8679  2127  6553  7167  615  8072  8679  608  96.26  168
3931  8712  4782  3931  4072  142  8580  8712  133  87.32  169
4048  5609  1562  4048  4551  504  5101  5609  509  96.66  170
5613  7579  1967  5613  6269  657  6910  7579  670  95.07  170
197  3929  3733  197  471  275  3654  3929  276  96.01  197
21  3464  3444  21  293  273  3189  3464  276  85.14  201
578  3437  2860  578  1552  975  2499  3437  939  95.38  222
