# args=-index LTRHarvest/Ttri/Ttri_ltrharvest.index -mintsd 5 -maxtsd 100
# predictions are reported in the following way
# s(ret) e(ret) l(ret) s(lLTR) e(lLTR) l(lLTR) s(rLTR) e(rLTR) l(rLTR) sim(LTRs) seq-nr 
# where:
# s = starting position
# e = ending position
# l = length
# ret = LTR-retrotransposon
# lLTR = left LTR
# rLTR = right LTR
# sim = similarity
# seq-nr = sequence number
681  4203  3523  681  864  184  4017  4203  187  95.19  1
51501  53870  2370  51501  51601  101  53770  53870  101  87.13  2
123642  129796  6155  123642  124380  739  129037  129796  760  93.29  2
323611  330062  6452  323611  324122  512  329516  330062  547  87.20  2
170675  176604  5930  170675  171396  722  175886  176604  719  94.04  4
331481  335020  3540  331481  331842  362  334637  335020  384  86.72  4
340354  348259  7906  340354  340955  602  347666  348259  594  91.03  4
78730  93209  14480  78730  79158  429  92793  93209  417  89.74  10
47031  54408  7378  47031  47467  437  53978  54408  431  93.36  11
71  2169  2099  71  656  586  1575  2169  595  90.76  12
35823  46163  10341  35823  36022  200  45953  46163  211  87.68  15
30663  37595  6933  30663  31497  835  36768  37595  828  92.34  17
60233  63284  3052  60233  60819  587  62704  63284  581  90.63  17
259899  262530  2632  259899  260767  869  261662  262530  869  89.87  17
7263  18188  10926  7263  7955  693  17450  18188  739  88.90  19
186800  193044  6245  186800  187356  557  192472  193044  573  93.02  19
134333  139753  5421  134333  134665  333  139413  139753  341  85.92  21
136134  140413  4280  136134  136299  166  140247  140413  167  99.40  25
28685  30719  2035  28685  28847  163  30550  30719  170  85.29  28
36059  45720  9662  36059  36159  101  45610  45720  111  87.39  30
205766  214131  8366  205766  206014  249  213880  214131  252  92.86  30
4299  18143  13845  4299  4917  619  17517  18143  627  89.31  33
99217  106314  7098  99217  99729  513  105813  106314  502  86.74  33
108399  113714  5316  108399  108787  389  113312  113714  403  85.36  33
167012  168725  1714  167012  167411  400  168334  168725  392  87.25  34
196909  201786  4878  196909  197859  951  200822  201786  965  91.61  34
71387  78987  7601  71387  71716  330  78661  78987  327  88.18  35
95570  97415  1846  95570  96138  569  96829  97415  587  86.88  35
112214  122505  10292  112214  112698  485  122023  122505  483  85.57  35
152418  161318  8901  152418  152903  486  160819  161318  500  90.60  36
151920  156327  4408  151920  152279  360  155958  156327  370  94.05  37
166501  174089  7589  166501  166850  350  173711  174089  379  85.49  41
178201  184754  6554  178201  178752  552  184226  184754  529  86.78  41
77827  83788  5962  77827  78203  377  83400  83788  389  85.60  42
94761  98551  3791  94761  95104  344  98201  98551  351  88.03  42
102248  109446  7199  102248  103091  844  108606  109446  841  92.30  42
110268  120611  10344  110268  110828  561  120076  120611  536  85.03  42
81574  87232  5659  81574  81706  133  87086  87232  147  89.12  47
7951  20845  12895  7951  8111  161  20686  20845  160  85.09  56
160617  166463  5847  160617  160786  170  166295  166463  169  92.35  56
146449  151767  5319  146449  147179  731  151009  151767  759  89.20  58
2651  6328  3678  2651  2823  173  6159  6328  170  87.86  63
102882  105968  3087  102882  103274  393  105595  105968  374  89.06  64
163208  173931  10724  163208  163789  582  173357  173931  575  94.67  66
37984  41251  3268  37984  38114  131  41129  41251  123  90.08  67
46637  48541  1905  46637  47148  512  48033  48541  509  94.14  68
58671  65775  7105  58671  59035  365  65415  65775  361  87.67  70
3985  11726  7742  3985  4125  141  11580  11726  147  85.71  71
96041  104413  8373  96041  96253  213  104221  104413  193  87.32  72
157679  162777  5099  157679  158610  932  161842  162777  936  92.95  72
95958  103772  7815  95958  96937  980  102773  103772  1000  95.90  77
146527  151347  4821  146527  147464  938  150408  151347  940  91.70  82
97732  106202  8471  97732  98144  413  105808  106202  395  91.53  86
6787  11167  4381  6787  7216  430  10747  11167  421  91.63  91
103016  116941  13926  103016  103403  388  116551  116941  391  91.30  92
20579  22040  1462  20579  20935  357  21706  22040  335  87.39  100
19860  24526  4667  19860  20263  404  24112  24526  415  91.57  107
53163  65457  12295  53163  54050  888  64570  65457  888  90.43  111
69774  71308  1535  69774  69880  107  71196  71308  113  85.84  111
46837  51801  4965  46837  47042  206  51574  51801  228  85.96  112
8601  14558  5958  8601  8849  249  14312  14558  247  96.79  120
57145  62804  5660  57145  57793  649  62131  62804  674  91.10  122
65574  75916  10343  65574  66568  995  74918  75916  999  90.19  122
92555  101100  8546  92555  93150  596  100508  101100  593  88.76  122
101223  109931  8709  101223  101676  454  109487  109931  445  85.90  122
26990  37337  10348  26990  27696  707  36621  37337  717  85.50  129
61182  68660  7479  61182  61464  283  68402  68660  259  85.16  129
91713  96869  5157  91713  91998  286  96611  96869  259  86.71  135
67655  71165  3511  67655  67917  263  70919  71165  247  88.21  145
954  10125  9172  954  1798  845  9292  10125  834  85.44  148
103168  110902  7735  103168  103483  316  110588  110902  315  92.09  148
36640  38089  1450  36640  36767  128  37971  38089  119  89.84  156
42178  43602  1425  42178  42301  124  43489  43602  114  85.48  156
28594  35938  7345  28594  29574  981  34954  35938  985  90.15  157
41975  55622  13648  41975  42428  454  55185  55622  438  88.11  157
99217  103245  4029  99217  99601  385  102874  103245  372  91.43  158
83244  84829  1586  83244  83611  368  84461  84829  369  90.24  159
44500  46797  2298  44500  44805  306  46495  46797  303  86.27  161
59921  69014  9094  59921  60465  545  68488  69014  527  92.11  163
32155  36160  4006  32155  32339  185  35973  36160  188  91.49  175
88437  99874  11438  88437  88818  382  99497  99874  378  86.91  175
46214  53521  7308  46214  46318  105  53422  53521  100  87.62  177
13604  15151  1548  13604  13710  107  15043  15151  109  87.16  185
50840  52723  1884  50840  51317  478  52260  52723  464  85.36  213
52707  67072  14366  52707  53205  499  66540  67072  533  87.99  217
71671  77261  5591  71671  71801  131  77129  77261  133  87.97  217
2975  6514  3540  2975  3118  144  6370  6514  145  91.72  219
32939  36434  3496  32939  33085  147  36304  36434  131  86.39  219
58426  63939  5514  58426  58622  197  63733  63939  207  92.27  222
71316  77472  6157  71316  71479  164  77315  77472  158  88.41  224
63800  67152  3353  63800  64119  320  66825  67152  328  96.34  225
8236  14105  5870  8236  9096  861  13257  14105  849  94.66  227
9552  14387  4836  9552  10112  561  13806  14387  582  91.75  232
42792  50207  7416  42792  43481  690  49510  50207  698  89.40  239
65243  69676  4434  65243  65437  195  69483  69676  194  99.49  240
4541  6739  2199  4541  4738  198  6541  6739  199  85.43  252
56312  68327  12016  56312  56999  688  67636  68327  692  97.25  256
6530  8640  2111  6530  6645  116  8521  8640  120  85.83  258
37826  39593  1768  37826  38334  509  39070  39593  524  86.07  262
13443  19311  5869  13443  14113  671  18616  19311  696  88.94  263
21360  32458  11099  21360  21505  146  32312  32458  147  88.44  263
38038  44839  6802  38038  38427  390  44464  44839  376  89.49  263
16  6243  6228  16  506  491  5740  6243  504  88.69  270
17035  18950  1916  17035  17787  753  18188  18950  763  90.69  270
57462  60717  3256  57462  57934  473  60242  60717  476  86.13  281
40434  43336  2903  40434  40793  360  42984  43336  353  93.89  284
17983  29542  11560  17983  18101  119  29410  29542  133  85.71  289
50636  53103  2468  50636  50776  141  52953  53103  151  87.42  289
39600  44117  4518  39600  40081  482  43641  44117  477  86.10  296
5177  12336  7160  5177  5528  352  12001  12336  336  87.78  300
35704  47879  12176  35704  36135  432  47432  47879  448  92.19  306
35258  39490  4233  35258  35366  109  39379  39490  112  85.71  308
20987  30364  9378  20987  21263  277  30091  30364  274  88.81  310
4656  10911  6256  4656  4828  173  10739  10911  173  94.80  314
22452  29961  7510  22452  23359  908  29039  29961  923  92.20  316
29  1776  1748  29  773  745  1036  1776  741  87.11  320
49886  58114  8229  49886  50094  209  57903  58114  212  88.21  322
54245  55524  1280  54245  54412  168  55361  55524  164  89.29  323
39011  45395  6385  39011  39176  166  45230  45395  166  88.55  332
36381  46041  9661  36381  36831  451  45565  46041  477  86.58  335
14199  19940  5742  14199  15145  947  18995  19940  946  89.55  353
37978  39412  1435  37978  38138  161  39250  39412  163  88.96  360
38457  52195  13739  38457  38596  140  52066  52195  130  87.86  377
43784  48981  5198  43784  43902  119  48850  48981  132  86.36  378
7207  15100  7894  7207  7500  294  14806  15100  295  88.81  382
17406  26455  9050  17406  17518  113  26340  26455  116  85.34  382
8  1502  1495  8  366  359  1122  1502  381  92.39  385
18010  22745  4736  18010  18405  396  22342  22745  404  92.08  387
1278  13736  12459  1278  2037  760  12980  13736  757  95.00  389
15246  19784  4539  15246  15930  685  19084  19784  701  93.01  391
37554  39580  2027  37554  38280  727  38855  39580  726  85.14  393
26190  35020  8831  26190  26701  512  34515  35020  506  88.48  397
21514  23708  2195  21514  21623  110  23601  23708  108  90.91  398
36490  38114  1625  36490  36903  414  37684  38114  431  85.85  399
9028  13538  4511  9028  9786  759  12770  13538  769  91.29  401
35297  44111  8815  35297  36010  714  43434  44111  678  89.50  402
1095  7834  6740  1095  1511  417  7405  7834  430  86.98  415
14479  25580  11102  14479  14654  176  25404  25580  177  89.27  422
44823  47069  2247  44823  45326  504  46570  47069  500  88.89  426
22279  30678  8400  22279  22514  236  30441  30678  238  87.39  428
21444  31336  9893  21444  22036  593  30766  31336  571  89.54  431
18701  20405  1705  18701  19008  308  20103  20405  303  94.16  445
32700  38462  5763  32700  32959  260  38206  38462  257  90.00  462
18515  25868  7354  18515  19505  991  24881  25868  988  93.84  471
5253  16574  11322  5253  5539  287  16285  16574  290  88.62  474
1864  12847  10984  1864  2722  859  11989  12847  859  91.62  477
14727  18369  3643  14727  15183  457  17900  18369  470  91.06  477
26843  38478  11636  26843  27657  815  37657  38478  822  91.36  480
4999  16666  11668  4999  5730  732  15910  16666  757  92.73  493
32830  41194  8365  32830  33332  503  40712  41194  483  89.07  493
33518  36727  3210  33518  33916  399  36328  36727  400  93.50  509
15  5658  5644  15  758  744  4893  5658  766  93.99  518
623  4851  4229  623  822  200  4648  4851  204  88.24  525
9762  19334  9573  9762  10161  400  18920  19334  415  92.29  525
5497  15977  10481  5497  5845  349  15613  15977  365  87.12  527
20400  26480  6081  20400  20824  425  26066  26480  415  88.71  535
12376  19643  7268  12376  13088  713  18939  19643  705  92.57  536
11173  17198  6026  11173  11411  239  16973  17198  226  86.19  537
18542  29745  11204  18542  19364  823  28925  29745  821  88.34  537
29121  35447  6327  29121  30108  988  34460  35447  988  93.22  538
9408  21486  12079  9408  9582  175  21310  21486  177  88.14  540
22230  28900  6671  22230  22764  535  28405  28900  496  88.79  540
31255  35720  4466  31255  31373  119  35602  35720  119  100.00  549
478  11089  10612  478  993  516  10561  11089  529  89.79  551
19836  35156  15321  19836  20460  625  34557  35156  600  90.72  551
7007  17298  10292  7007  7731  725  16585  17298  714  90.07  555
17590  26532  8943  17590  18166  577  25946  26532  587  89.95  555
117  10126  10010  117  355  239  9878  10126  249  87.95  559
14965  25062  10098  14965  15220  256  24797  25062  266  92.48  559
24  1542  1519  24  334  311  1206  1542  337  85.16  561
1768  7849  6082  1768  2055  288  7557  7849  293  95.90  561
8342  11254  2913  8342  8632  291  10969  11254  286  87.97  562
27954  33595  5642  27954  28530  577  33016  33595  580  87.59  563
28683  35194  6512  28683  28895  213  34982  35194  213  92.02  564
20068  28409  8342  20068  20581  514  27909  28409  501  89.69  568
8989  19692  10704  8989  9288  300  19390  19692  303  89.44  571
17450  18673  1224  17450  17644  195  18490  18673  184  89.23  575
413  10705  10293  413  881  469  10216  10705  490  88.16  579
22022  26402  4381  22022  22346  325  26045  26402  358  86.87  582
9553  23367  13815  9553  9674  122  23239  23367  129  86.05  588
3171  5020  1850  3171  3542  372  4621  5020  400  87.50  600
25752  29399  3648  25752  26597  846  28573  29399  827  91.02  600
18079  21894  3816  18079  18322  244  21649  21894  246  91.46  601
19687  22737  3051  19687  19902  216  22530  22737  208  90.28  603
27463  31395  3933  27463  27699  237  31162  31395  234  85.65  614
17325  21646  4322  17325  17532  208  21448  21646  199  90.38  620
15  7715  7701  15  879  865  6845  7715  871  93.23  622
26194  27998  1805  26194  26614  421  27585  27998  414  87.41  631
11085  12668  1584  11085  11528  444  12235  12668  434  89.64  635
19610  24206  4597  19610  19779  170  24025  24206  182  90.66  643
25429  27260  1832  25429  25966  538  26749  27260  512  92.75  643
4786  7526  2741  4786  4971  186  7352  7526  175  88.71  645
21296  24521  3226  21296  21665  370  24149  24521  373  90.35  646
72  5428  5357  72  189  118  5317  5428  112  88.98  648
2323  7193  4871  2323  2579  257  6937  7193  257  90.66  653
19386  22278  2893  19386  20059  674  21582  22278  697  88.38  663
19771  24333  4563  19771  19911  141  24190  24333  144  86.81  669
24400  28475  4076  24400  24618  219  28240  28475  236  85.59  669
2691  8168  5478  2691  3370  680  7484  8168  685  94.74  680
2564  11211  8648  2564  2737  174  11023  11211  189  86.24  703
1144  14348  13205  1144  2140  997  13357  14348  992  97.39  707
1175  3473  2299  1175  1497  323  3134  3473  340  87.06  713
9783  15884  6102  9783  10358  576  15351  15884  534  87.85  720
6145  18373  12229  6145  6770  626  17730  18373  644  94.57  726
5278  8475  3198  5278  5516  239  8236  8475  240  92.08  740
11958  18685  6728  11958  12304  347  18328  18685  358  90.78  751
8426  12369  3944  8426  8684  259  12111  12369  259  88.42  757
29  10339  10311  29  296  268  10037  10339  303  86.14  764
3553  15219  11667  3553  3811  259  14967  15219  253  90.35  775
6502  9130  2629  6502  7256  755  8384  9130  747  92.85  798
11492  13878  2387  11492  12330  839  13053  13878  826  89.87  798
16757  18625  1869  16757  17217  461  18152  18625  474  87.55  798
196  14194  13999  196  820  625  13577  14194  618  93.92  804
1126  9220  8095  1126  1672  547  8670  9220  551  91.47  813
15285  21193  5909  15285  15930  646  20615  21193  579  85.91  814
4070  18244  14175  4070  4273  204  18032  18244  213  85.45  820
7671  15426  7756  7671  8414  744  14692  15426  735  89.78  829
3157  9582  6426  3157  4055  899  8689  9582  894  87.65  833
12154  16659  4506  12154  12328  175  16491  16659  169  85.14  836
5867  18792  12926  5867  6280  414  18394  18792  399  85.51  849
11324  16636  5313  11324  11835  512  16128  16636  509  91.21  872
3655  15166  11512  3655  4180  526  14656  15166  511  89.35  880
233  7823  7591  233  408  176  7650  7823  174  90.91  900
3383  13016  9634  3383  4237  855  12178  13016  839  88.89  911
14  2626  2613  14  866  853  1753  2626  874  93.94  915
856  5924  5069  856  1007  152  5774  5924  151  90.79  933
1598  16229  14632  1598  2258  661  15583  16229  647  89.86  949
803  3799  2997  803  1054  252  3562  3799  238  85.32  950
11  12745  12735  11  421  411  12313  12745  433  94.69  981
66  5475  5410  66  275  210  5253  5475  223  85.20  982
2838  12087  9250  2838  3355  518  11552  12087  536  91.79  986
745  10878  10134  745  848  104  10772  10878  107  85.05  995
4303  13207  8905  4303  4516  214  12978  13207  230  85.65  1000
6513  12248  5736  6513  6684  172  12065  12248  184  87.50  1004
15  14885  14871  15  880  866  14090  14885  796  91.92  1006
4399  6332  1934  4399  5124  726  5643  6332  690  88.71  1012
10407  12770  2364  10407  11391  985  11811  12770  960  86.60  1035
3083  8099  5017  3083  3211  129  7974  8099  126  88.37  1045
1637  12729  11093  1637  2426  790  11950  12729  780  91.39  1053
2895  12124  9230  2895  3282  388  11753  12124  372  86.86  1062
4992  9426  4435  4992  5137  146  9276  9426  151  89.40  1064
7616  13825  6210  7616  7925  310  13549  13825  277  88.06  1068
5418  12244  6827  5418  5862  445  11785  12244  460  89.57  1075
2466  7910  5445  2466  2858  393  7524  7910  387  90.59  1077
8  13481  13474  8  442  435  13025  13481  457  87.75  1085
8949  12849  3901  8949  9126  178  12671  12849  179  87.15  1106
3931  12755  8825  3931  4734  804  11947  12755  809  93.08  1114
2133  9454  7322  2133  2701  569  8880  9454  575  92.35  1115
2639  12224  9586  2639  3230  592  11632  12224  593  94.94  1119
7208  9511  2304  7208  7844  637  8890  9511  622  85.24  1126
7569  12717  5149  7569  7923  355  12368  12717  350  89.86  1129
8  6190  6183  8  999  992  5239  6190  952  86.79  1141
3757  8453  4697  3757  3953  197  8257  8453  197  89.34  1144
9950  11469  1520  9950  10142  193  11255  11469  215  85.12  1158
2673  4915  2243  2673  2820  148  4764  4915  152  86.18  1176
3757  10282  6526  3757  4280  524  9755  10282  528  89.02  1182
6266  11845  5580  6266  6889  624  11231  11845  615  95.51  1187
4078  6540  2463  4078  4389  312  6211  6540  330  87.27  1210
151  9026  8876  151  609  459  8564  9026  463  88.12  1218
1578  3178  1601  1578  1875  298  2886  3178  293  91.28  1225
6441  9445  3005  6441  6651  211  9221  9445  225  92.00  1229
1824  10667  8844  1824  2311  488  10209  10667  459  86.89  1239
1085  4485  3401  1085  1683  599  3869  4485  617  91.09  1241
310  10788  10479  310  806  497  10313  10788  476  90.74  1245
1965  7860  5896  1965  2723  759  7096  7860  765  92.68  1248
15  10681  10667  15  607  593  10129  10681  553  87.86  1250
707  9780  9074  707  1207  501  9267  9780  514  92.02  1298
2113  3954  1842  2113  2293  181  3766  3954  189  88.36  1311
2008  3415  1408  2008  2146  139  3283  3415  133  87.05  1319
2494  4549  2056  2494  2637  144  4403  4549  147  89.80  1344
5753  9145  3393  5753  6259  507  8650  9145  496  88.36  1345
1127  9225  8099  1127  1674  548  8711  9225  515  93.80  1372
416  6010  5595  416  548  133  5871  6010  140  90.71  1377
3034  7499  4466  3034  3178  145  7341  7499  159  85.53  1378
1429  5307  3879  1429  2108  680  4624  5307  684  92.54  1380
1260  5303  4044  1260  1777  518  4807  5303  497  93.63  1447
3881  6203  2323  3881  4075  195  6010  6203  194  88.21  1473
2449  4132  1684  2449  3010  562  3572  4132  561  91.28  1500
9  3838  3830  9  623  615  3241  3838  598  93.33  1501
444  6527  6084  444  920  477  6040  6527  488  88.93  1558
868  3764  2897  868  1215  348  3413  3764  352  86.93  1566
38  5928  5891  38  566  529  5354  5928  575  85.22  1583
20  6491  6472  20  678  659  5810  6491  682  95.89  1598
3998  6280  2283  3998  4525  528  5764  6280  517  87.31  1616
2227  4179  1953  2227  2644  418  3768  4179  412  93.54  1632
494  4222  3729  494  798  305  3922  4222  301  88.20  1633
1673  4686  3014  1673  1817  145  4526  4686  161  86.96  1654
2483  5843  3361  2483  2799  317  5527  5843  317  90.22  1681
16  6039  6024  16  548  533  5517  6039  523  92.50  1695
363  5807  5445  363  511  149  5654  5807  154  87.01  1703
745  3880  3136  745  956  212  3667  3880  214  88.32  1723
933  4624  3692  933  1220  288  4327  4624  298  90.94  1744
986  5204  4219  986  1261  276  4916  5204  289  89.27  1775
3111  5167  2057  3111  3908  798  4377  5167  791  90.98  1801
470  2639  2170  470  771  302  2340  2639  300  90.73  1809
419  3602  3184  419  695  277  3325  3602  278  94.24  1813
2380  4395  2016  2380  2534  155  4250  4395  146  87.10  1819
19  5091  5073  19  545  527  4587  5091  505  88.99  1829
792  2058  1267  792  1054  263  1802  2058  257  88.59  1842
483  2727  2245  483  764  282  2447  2727  281  95.39  1846
2927  4880  1954  2927  3280  354  4516  4880  365  90.14  1846
110  4555  4446  110  457  348  4208  4555  348  92.24  1879
18  4688  4671  18  597  580  4097  4688  592  96.28  1901
2732  4048  1317  2732  2891  160  3894  4048  155  88.75  1914
2386  3925  1540  2386  2702  317  3601  3925  325  86.46  1923
2096  4070  1975  2096  2683  588  3482  4070  589  90.49  1935
1445  4365  2921  1445  1678  234  4144  4365  222  86.75  1962
665  2055  1391  665  972  308  1758  2055  298  87.66  1993
17  4111  4095  17  998  982  3155  4111  957  88.59  2000
1023  3912  2890  1023  1310  288  3649  3912  264  89.93  2018
18  2070  2053  18  231  214  1844  2070  227  88.99  2055
183  3643  3461  183  543  361  3311  3643  333  85.87  2081
32  3796  3765  32  526  495  3291  3796  506  89.92  2126
526  2954  2429  526  637  112  2844  2954  111  92.86  2133
15  2222  2208  15  1000  986  1242  2222  981  90.67  2147
8  3085  3078  8  282  275  2793  3085  293  93.17  2196
105  3576  3472  105  1102  998  2578  3576  999  93.49  2202
671  3311  2641  671  913  243  3064  3311  248  87.10  2220
9  3444  3436  9  413  405  3044  3444  401  87.16  2244
541  2278  1738  541  965  425  1881  2278  398  85.65  2345
15  2365  2351  15  602  588  1761  2365  605  88.10  2351
160  2244  2085  160  684  525  1717  2244  528  87.50  2370
132  2407  2276  132  537  406  2005  2407  403  86.21  2425
10  2818  2809  10  475  466  2370  2818  449  87.12  2449
736  2355  1620  736  1041  306  2065  2355  291  88.89  2477
19  2682  2664  19  830  812  1863  2682  820  90.98  2517
13  1800  1788  13  620  608  1188  1800  613  88.09  2551
482  2184  1703  482  939  458  1724  2184  461  86.55  2578
196  1728  1533  196  677  482  1236  1728  493  92.70  2652
159  1841  1683  159  451  293  1539  1841  303  87.46  2665
73  1656  1584  73  505  433  1220  1656  437  87.87  2717
605  2124  1520  605  1096  492  1645  2124  480  88.01  2726
300  2185  1886  300  959  660  1538  2185  648  89.39  2744
220  1605  1386  220  411  192  1400  1605  206  87.86  2769
488  2151  1664  488  645  158  2001  2151  151  88.61  2773
42  2127  2086  42  747  706  1387  2127  741  89.47  2781
6  2021  2016  6  190  185  1836  2021  186  90.32  2854
16  1719  1704  16  489  474  1258  1719  462  89.66  2928
10  1869  1860  10  631  622  1245  1869  625  92.16  2959
30  1602  1573  30  528  499  1062  1602  541  90.94  2973
49  1804  1756  49  429  381  1438  1804  367  89.24  2974
24  1620  1597  24  352  329  1274  1620  347  87.90  3127
69  1605  1537  69  527  459  1149  1605  457  93.68  3138
15  1350  1336  15  256  242  1104  1350  247  89.88  3242
