# args=-index /media/amir/DATA/work/RM_ANALYSIS/Bxyl/Bxyl_ltrharvest.index -mintsd 5 -maxtsd 100
# predictions are reported in the following way
# s(ret) e(ret) l(ret) s(lLTR) e(lLTR) l(lLTR) s(rLTR) e(rLTR) l(rLTR) sim(LTRs) seq-nr 
# where:
# s = starting position
# e = ending position
# l = length
# ret = LTR-retrotransposon
# lLTR = left LTR
# rLTR = right LTR
# sim = similarity
# seq-nr = sequence number
25795  30799  5005  25795  26033  239  30576  30799  224  90.38  4321
203295  205075  1781  203295  204030  736  204333  205075  743  99.06  4321
292238  293665  1428  292238  292465  228  293437  293665  229  99.56  4321
298676  303294  4619  298676  298902  227  303072  303294  223  90.75  4321
424104  426146  2043  424104  424404  301  425818  426146  329  86.02  4321
432626  436275  3650  432626  432972  347  435924  436275  352  90.34  4321
451352  452734  1383  451352  451654  303  452421  452734  314  88.54  4321
477080  478748  1669  477080  477223  144  478601  478748  148  90.54  4321
565617  568559  2943  565617  565878  262  568308  568559  252  86.64  4321
731271  733773  2503  731271  731713  443  733321  733773  453  90.73  4321
785835  790743  4909  785835  786220  386  790386  790743  358  87.05  4321
895049  902927  7879  895049  895312  264  902665  902927  263  98.48  4321
906917  911520  4604  906917  907128  212  911306  911520  215  92.09  4321
968024  982835  14812  968024  968484  461  982386  982835  450  86.77  4321
1002812  1007776  4965  1002812  1003036  225  1007561  1007776  216  95.11  4321
1066565  1073640  7076  1066565  1067017  453  1073177  1073640  464  89.01  4321
1097980  1100302  2323  1097980  1098367  388  1099907  1100302  396  89.39  4321
447369  451565  4197  447369  447825  457  451103  451565  463  91.14  4334
471790  475028  3239  471790  472194  405  474610  475028  419  93.32  4334
724559  726374  1816  724559  725118  560  725824  726374  551  97.32  4334
767686  778690  11005  767686  767894  209  778484  778690  207  94.74  4334
782721  788788  6068  782721  783703  983  787822  788788  967  95.93  4334
1055439  1070739  15301  1055439  1056132  694  1070050  1070739  690  92.65  4334
77479  79985  2507  77479  77941  463  79490  79985  496  88.51  4352
116012  122752  6741  116012  116134  123  122622  122752  131  85.50  4352
200208  212109  11902  200208  200402  195  211927  212109  183  88.21  4352
286151  288124  1974  286151  286466  316  287789  288124  336  90.48  4352
341907  349483  7577  341907  342611  705  348779  349483  705  96.17  4352
11955  21781  9827  11955  12383  429  21367  21781  415  89.28  4367
82279  86272  3994  82279  82727  449  85830  86272  443  89.53  4367
128491  132958  4468  128491  128753  263  132694  132958  265  86.42  4367
136933  149918  12986  136933  137101  169  149758  149918  161  86.39  4367
150908  155413  4506  150908  151017  110  155310  155413  104  85.45  4367
185261  190090  4830  185261  185868  608  189488  190090  603  92.93  4367
423991  427816  3826  423991  424155  165  427658  427816  159  87.88  4367
447190  450772  3583  447190  447584  395  450388  450772  385  91.65  4367
451875  456106  4232  451875  452173  299  455815  456106  292  88.96  4367
461983  464576  2594  461983  462629  647  463897  464576  680  95.00  4367
541009  545700  4692  541009  541257  249  545450  545700  251  86.06  4367
565625  574732  9108  565625  565993  369  574365  574732  368  91.87  4367
579265  581415  2151  579265  580184  920  580534  581415  882  95.87  4367
669212  684164  14953  669212  669535  324  683843  684164  322  87.35  4367
737988  743211  5224  737988  738325  338  742882  743211  330  88.46  4367
96393  98084  1692  96393  96556  164  97923  98084  162  85.37  4369
246388  250364  3977  246388  246732  345  250016  250364  349  91.40  4369
508625  510106  1482  508625  508912  288  509812  510106  295  92.88  4370
1150440  1153399  2960  1150440  1150994  555  1152821  1153399  579  93.96  4370
1209307  1213440  4134  1209307  1209975  669  1212819  1213440  622  88.49  4370
1447898  1454822  6925  1447898  1448237  340  1454456  1454822  367  89.37  4370
1528587  1531932  3346  1528587  1529250  664  1531279  1531932  654  91.27  4370
1633269  1639447  6179  1633269  1633593  325  1639127  1639447  321  93.54  4370
1640059  1645024  4966  1640059  1640473  415  1644603  1645024  422  94.79  4370
1678258  1684846  6589  1678258  1679038  781  1684086  1684846  761  93.85  4370
1905128  1908395  3268  1905128  1905369  242  1908139  1908395  257  88.33  4370
1924167  1937473  13307  1924167  1924469  303  1937185  1937473  289  94.72  4370
2056530  2059954  3425  2056530  2056731  202  2059761  2059954  194  89.11  4370
2060973  2064379  3407  2060973  2061617  645  2063706  2064379  674  87.54  4370
2254812  2260804  5993  2254812  2255229  418  2260389  2260804  416  91.15  4370
2301126  2306366  5241  2301126  2301437  312  2306043  2306366  324  92.90  4370
2496973  2499108  2136  2496973  2497904  932  2498206  2499108  903  96.89  4370
2572874  2575818  2945  2572874  2573111  238  2575582  2575818  237  99.58  4370
2602697  2606737  4041  2602697  2602993  297  2606440  2606737  298  85.23  4370
2910058  2915104  5047  2910058  2910237  180  2914924  2915104  181  99.45  4370
2972145  2974780  2636  2972145  2972265  121  2974668  2974780  113  88.43  4370
2989263  2995327  6065  2989263  2989695  433  2994846  2995327  482  85.68  4370
3053059  3057689  4631  3053059  3053449  391  3057294  3057689  396  90.66  4370
3139377  3142994  3618  3139377  3139625  249  3142733  3142994  262  91.60  4370
123142  126612  3471  123142  123415  274  126344  126612  269  86.50  4371
178502  182658  4157  178502  179414  913  181732  182658  927  95.90  4371
235925  242022  6098  235925  236086  162  241865  242022  158  95.68  4371
248158  250269  2112  248158  248485  328  249916  250269  354  92.66  4371
267605  271600  3996  267605  268012  408  271212  271600  389  90.44  4371
93439  100214  6776  93439  93725  287  99947  100214  268  85.71  4372
106065  108284  2220  106065  107025  961  107326  108284  959  98.34  4372
144598  146980  2383  144598  145119  522  146471  146980  510  89.27  4372
196696  208396  11701  196696  197151  456  207942  208396  455  90.35  4372
212475  221480  9006  212475  212906  432  221042  221480  439  86.10  4372
255473  261867  6395  255473  255665  193  261689  261867  179  87.05  4372
263387  268696  5310  263387  263655  269  268428  268696  269  85.13  4372
352263  356684  4422  352263  352584  322  356353  356684  332  90.66  4372
356695  363709  7015  356695  356927  233  363471  363709  239  91.63  4372
389392  391917  2526  389392  389862  471  391462  391917  456  90.23  4372
429075  433605  4531  429075  429261  187  433413  433605  193  88.08  4372
437986  440760  2775  437986  438249  264  440494  440760  267  88.01  4372
440790  443128  2339  440790  441060  271  442850  443128  279  87.10  4372
20373  24210  3838  20373  20571  199  23995  24210  216  85.65  4388
176034  185912  9879  176034  176141  108  185809  185912  104  86.11  4388
321294  329013  7720  321294  321433  140  328877  329013  137  89.29  4388
344390  354479  10090  344390  344848  459  353986  354479  494  85.22  4388
371004  375616  4613  371004  371423  420  375209  375616  408  88.57  4388
467884  479030  11147  467884  468102  219  478802  479030  229  88.21  4388
486689  493482  6794  486689  487083  395  493089  493482  394  91.39  4388
559034  561815  2782  559034  559368  335  561483  561815  333  88.06  4388
592851  599517  6667  592851  593298  448  599070  599517  448  87.05  4388
602499  604289  1791  602499  602888  390  603905  604289  385  93.33  4388
707478  709503  2026  707478  707723  246  709268  709503  236  85.37  4388
742142  756589  14448  742142  742369  228  756353  756589  237  87.34  4388
32193  34336  2144  32193  32470  278  34076  34336  261  93.88  4430
68084  69856  1773  68084  68691  608  69255  69856  602  96.71  4430
106612  109295  2684  106612  107583  972  108298  109295  998  96.99  4453
147536  161023  13488  147536  147843  308  160714  161023  310  91.94  4453
143136  146996  3861  143136  143390  255  146769  146996  228  87.06  4462
242966  248880  5915  242966  243161  196  248689  248880  192  90.31  4462
335540  346875  11336  335540  335662  123  346760  346875  116  89.43  4462
525387  530657  5271  525387  525506  120  530538  530657  120  88.33  4462
538086  546054  7969  538086  538190  105  545941  546054  114  87.72  4462
684186  686528  2343  684186  684523  338  686195  686528  334  89.94  4462
359586  364118  4533  359586  360034  449  363675  364118  444  91.98  4490
52443  54128  1686  52443  52719  277  53843  54128  286  88.11  4493
256609  258239  1631  256609  257071  463  257771  258239  469  85.71  4493
267642  270600  2959  267642  267894  253  270360  270600  241  93.28  4493
439463  441490  2028  439463  440298  836  440629  441490  862  96.98  4493
240825  245045  4221  240825  241166  342  244711  245045  335  91.81  4513
726736  728644  1909  726736  727010  275  728391  728644  254  85.45  4513
56924  59386  2463  56924  57378  455  58914  59386  473  93.02  4516
118376  121449  3074  118376  118568  193  121254  121449  196  89.80  4516
153821  158128  4308  153821  154124  304  157828  158128  301  85.86  4516
192015  193806  1792  192015  192241  227  193576  193806  231  96.97  4516
206626  211033  4408  206626  206898  273  210761  211033  273  98.90  4516
553008  556919  3912  553008  553166  159  556759  556919  161  93.79  4528
643093  644621  1529  643093  643279  187  644433  644621  189  98.41  4528
862380  864914  2535  862380  862606  227  864693  864914  222  87.22  4528
916709  922928  6220  916709  916879  171  922757  922928  172  85.47  4528
1344456  1348117  3662  1344456  1344663  208  1347924  1348117  194  86.06  4528
1351771  1354943  3173  1351771  1352315  545  1354405  1354943  539  88.99  4528
1407555  1410971  3417  1407555  1407869  315  1410648  1410971  324  85.80  4528
1426305  1437186  10882  1426305  1426586  282  1436924  1437186  263  85.46  4528
1476196  1478146  1951  1476196  1476500  305  1477835  1478146  312  88.46  4528
1556479  1558592  2114  1556479  1556873  395  1558216  1558592  377  86.84  4528
1705301  1716502  11202  1705301  1705464  164  1716349  1716502  154  90.24  4528
1785182  1790066  4885  1785182  1785289  108  1789965  1790066  102  87.96  4528
1994981  1997936  2956  1994981  1995331  351  1997582  1997936  355  87.04  4528
2234250  2236010  1761  2234250  2234962  713  2235267  2236010  744  95.56  4528
19352  21467  2116  19352  19743  392  21082  21467  386  93.11  4533
45338  48413  3076  45338  45727  390  48014  48413  400  92.50  4533
57762  70179  12418  57762  57911  150  70020  70179  160  87.50  4533
76876  83293  6418  76876  77103  228  83062  83293  232  90.52  4533
125019  130700  5682  125019  125137  119  130588  130700  113  89.92  4533
136623  138999  2377  136623  136993  371  138601  138999  399  89.22  4533
159960  170910  10951  159960  160137  178  170742  170910  169  89.33  4533
26616  30250  3635  26616  26725  110  30146  30250  105  86.36  4537
59101  68208  9108  59101  59410  310  67900  68208  309  87.42  4537
200552  213509  12958  200552  200786  235  213276  213509  234  90.64  4537
581709  583773  2065  581709  582600  892  582902  583773  872  97.76  4537
599140  602115  2976  599140  599718  579  601551  602115  565  93.26  4537
664328  669228  4901  664328  664602  275  668947  669228  282  89.01  4537
678565  680977  2413  678565  678897  333  680641  680977  337  97.03  4537
767107  770933  3827  767107  767241  135  770805  770933  129  91.11  4537
781333  786564  5232  781333  781443  111  786460  786564  105  92.79  4537
872028  875749  3722  872028  872571  544  875226  875749  524  88.42  4537
904287  906512  2226  904287  904841  555  905969  906512  544  85.23  4537
931041  934218  3178  931041  931601  561  933678  934218  541  90.20  4537
946368  950432  4065  946368  946948  581  949864  950432  569  89.16  4537
989475  992092  2618  989475  989977  503  991585  992092  508  87.40  4537
992482  995517  3036  992482  992653  172  995355  995517  163  86.05  4537
996336  1000039  3704  996336  996735  400  999636  1000039  404  87.62  4537
1016369  1019227  2859  1016369  1016808  440  1018791  1019227  437  90.91  4537
1029169  1032129  2961  1029169  1029471  303  1031822  1032129  308  92.86  4537
1060916  1074040  13125  1060916  1061153  238  1073807  1074040  234  86.13  4537
1171627  1175097  3471  1171627  1172381  755  1174318  1175097  780  90.64  4537
1227899  1230729  2831  1227899  1228191  293  1230434  1230729  296  87.84  4537
1269264  1271215  1952  1269264  1270092  829  1270393  1271215  823  98.07  4537
1303325  1305449  2125  1303325  1303712  388  1305098  1305449  352  89.95  4537
34136  35504  1369  34136  34344  209  35289  35504  216  85.19  4565
65926  68455  2530  65926  66248  323  68144  68455  312  88.54  4565
79219  83936  4718  79219  79415  197  83746  83936  191  92.39  4565
94869  100041  5173  94869  95052  184  99840  100041  202  89.60  4565
308144  311197  3054  308144  308411  268  310931  311197  267  94.03  4565
489138  491140  2003  489138  489990  853  490291  491140  850  99.18  4565
524341  528517  4177  524341  524448  108  528407  528517  111  91.89  4565
564027  566564  2538  564027  565021  995  565575  566564  990  97.89  4565
27  1812  1786  27  277  251  1556  1812  257  95.33  4566
597121  601584  4464  597121  597521  401  601175  601584  410  93.17  4587
897325  900486  3162  897325  898320  996  899488  900486  999  99.30  4587
1324054  1326906  2853  1324054  1324216  163  1326752  1326906  155  93.87  4587
1997596  2005350  7755  1997596  1997997  402  2004949  2005350  402  99.50  4587
2010371  2024968  14598  2010371  2010841  471  2024517  2024968  452  86.62  4587
2167695  2172011  4317  2167695  2167909  215  2171794  2172011  218  88.99  4587
3588  5841  2254  3588  4021  434  5388  5841  454  85.02  4599
102631  104866  2236  102631  103593  963  103894  104866  973  98.15  4614
145099  151421  6323  145099  145828  730  150705  151421  717  88.36  4614
333392  336544  3153  333392  333569  178  336374  336544  171  87.64  4614
392320  395035  2716  392320  392454  135  394899  395035  137  90.51  4614
760671  762819  2149  760671  761255  585  762234  762819  586  95.73  4614
794801  798560  3760  794801  794944  144  798416  798560  145  86.90  4614
805639  807051  1413  805639  806012  374  806655  807051  397  93.70  4614
819753  832271  12519  819753  820218  466  831814  832271  458  89.70  4614
1016611  1021026  4416  1016611  1016839  229  1020792  1021026  235  89.36  4614
1090548  1101577  11030  1090548  1090705  158  1101424  1101577  154  87.34  4614
1131712  1134929  3218  1131712  1131914  203  1134717  1134929  213  93.90  4614
1391260  1393239  1980  1391260  1392100  841  1392403  1393239  837  97.15  4614
1416213  1426800  10588  1416213  1416425  213  1426599  1426800  202  88.73  4614
1552328  1555334  3007  1552328  1552529  202  1555143  1555334  192  86.14  4614
45106  48151  3046  45106  45387  282  47868  48151  284  89.44  4617
82176  95200  13025  82176  82468  293  94892  95200  309  86.08  4617
131484  134031  2548  131484  131707  224  133808  134031  224  89.73  4617
205851  208635  2785  205851  206838  988  207649  208635  987  97.47  4617
42743  46629  3887  42743  43116  374  46234  46629  396  91.16  4618
48062  51677  3616  48062  48296  235  51444  51677  234  85.96  4618
91497  99044  7548  91497  91606  110  98941  99044  104  87.27  4618
161452  163431  1980  161452  161816  365  163063  163431  369  88.62  4618
198098  205695  7598  198098  198224  127  205565  205695  131  94.66  4618
313983  319249  5267  313983  314205  223  319034  319249  216  91.48  4618
403908  414649  10742  403908  404319  412  414243  414649  407  91.75  4618
433045  437297  4253  433045  433317  273  437015  437297  283  85.16  4618
447910  449473  1564  447910  448069  160  449307  449473  167  86.83  4618
462997  466983  3987  462997  463686  690  466294  466983  690  92.90  4618
467228  469289  2062  467228  468125  898  468428  469289  862  95.77  4618
552009  553294  1286  552009  552184  176  553114  553294  181  85.64  4618
662870  664812  1943  662870  663675  806  663977  664812  836  96.17  4618
717061  718253  1193  717061  717174  114  718150  718253  104  86.84  4618
826842  834804  7963  826842  827218  377  834431  834804  374  91.51  4618
925988  928052  2065  925988  926369  382  927658  928052  395  94.68  4618
78136  81920  3785  78136  78414  279  81638  81920  283  89.40  4648
104766  109041  4276  104766  105108  343  108699  109041  343  87.17  4648
120374  128509  8136  120374  120649  276  128261  128509  249  86.59  4648
136838  138979  2142  136838  137039  202  138767  138979  213  88.73  4648
221743  224184  2442  221743  222039  297  223863  224184  322  85.40  4648
241990  255716  13727  241990  242149  160  255571  255716  146  85.00  4648
276374  288803  12430  276374  276529  156  288637  288803  167  88.02  4648
476418  478399  1982  476418  476773  356  478057  478399  343  86.80  4648
91273  96647  5375  91273  91738  466  96175  96647  473  88.37  4659
131135  142465  11331  131135  131578  444  142035  142465  431  86.49  4659
71285  78456  7172  71285  71513  229  78234  78456  223  89.52  4669
134466  137021  2556  134466  134996  531  136507  137021  515  95.10  4669
3406  11935  8530  3406  3629  224  11720  11935  216  88.84  4670
131851  135509  3659  131851  132114  264  135253  135509  257  92.42  4678
138524  140600  2077  138524  138743  220  140399  140600  202  90.00  4678
211967  216280  4314  211967  212508  542  215748  216280  533  94.83  4678
294928  301930  7003  294928  295258  331  301612  301930  319  88.82  4678
261306  264115  2810  261306  261491  186  263922  264115  194  88.66  4703
533712  537838  4127  533712  534553  842  536971  537838  868  92.28  4703
671141  675199  4059  671141  671356  216  674987  675199  213  91.20  4703
1265264  1270765  5502  1265264  1265769  506  1270235  1270765  531  92.09  4703
1439839  1441068  1230  1439839  1439984  146  1440934  1441068  135  91.10  4703
1441412  1442724  1313  1441412  1441625  214  1442478  1442724  247  86.64  4703
1609580  1617463  7884  1609580  1609921  342  1617147  1617463  317  92.69  4703
1711424  1713427  2004  1711424  1711895  472  1712974  1713427  454  93.22  4703
2263359  2266126  2768  2263359  2263732  374  2265760  2266126  367  86.90  4703
13528  19965  6438  13528  13698  171  19783  19965  183  90.71  4719
39281  53321  14041  39281  39617  337  52966  53321  356  92.70  4719
70017  74848  4832  70017  70448  432  74426  74848  423  95.60  4719
83654  85306  1653  83654  83841  188  85121  85306  186  91.49  4719
144105  147903  3799  144105  144226  122  147772  147903  132  87.12  4719
165411  175461  10051  165411  165634  224  175232  175461  230  92.17  4719
220538  223707  3170  220538  220834  297  223407  223707  301  91.36  4719
232114  243806  11693  232114  232668  555  243267  243806  540  92.43  4719
332684  334784  2101  332684  332839  156  334625  334784  160  95.62  4719
359155  372549  13395  359155  359615  461  372088  372549  462  88.74  4719
498692  504121  5430  498692  499140  449  503681  504121  441  88.86  4719
553813  561932  8120  553813  554079  267  561661  561932  272  85.66  4719
619780  624712  4933  619780  619947  168  624552  624712  161  91.67  4719
205971  207289  1319  205971  206269  299  206996  207289  294  89.30  4725
393857  396596  2740  393857  394045  189  396423  396596  174  85.19  4725
539438  541188  1751  539438  540172  735  540475  541188  714  97.14  4725
544902  547137  2236  544902  545857  956  546158  547137  980  97.35  4725
596550  599228  2679  596550  596686  137  599089  599228  140  85.00  4725
628800  630765  1966  628800  629294  495  630255  630765  511  86.11  4725
648812  652334  3523  648812  649271  460  651847  652334  488  88.11  4725
738010  745293  7284  738010  738510  501  744798  745293  496  92.61  4725
787783  789955  2173  787783  788718  936  789019  789955  937  98.93  4725
796922  810012  13091  796922  797080  159  809860  810012  153  89.94  4725
879096  884391  5296  879096  879596  501  883867  884391  525  85.90  4725
224336  225573  1238  224336  224514  179  225402  225573  172  86.03  4742
227682  238230  10549  227682  227844  163  238076  238230  155  85.28  4742
272168  275092  2925  272168  272677  510  274613  275092  480  93.53  4742
289845  297292  7448  289845  290151  307  296981  297292  312  85.90  4742
24538  25933  1396  24538  24678  141  25787  25933  147  88.44  4756
72092  77536  5445  72092  72207  116  77412  77536  125  89.60  4756
180900  189606  8707  180900  181828  929  188673  189606  934  96.36  4756
240439  246061  5623  240439  241065  627  245441  246061  621  94.26  4756
251704  253964  2261  251704  251822  119  253844  253964  121  90.08  4756
319574  325071  5498  319574  319807  234  324836  325071  236  88.98  4756
382476  387685  5210  382476  382809  334  387365  387685  321  87.43  4756
419246  420514  1269  419246  419452  207  420313  420514  202  91.30  4756
428107  440590  12484  428107  428388  282  440328  440590  263  85.46  4756
460319  462389  2071  460319  460420  102  462287  462389  103  88.35  4756
628378  637203  8826  628378  628529  152  637054  637203  150  92.11  4756
638183  642554  4372  638183  638391  209  642357  642554  198  85.65  4756
740733  744478  3746  740733  741087  355  744119  744478  360  87.50  4756
814255  819057  4803  814255  814417  163  818893  819057  165  87.88  4756
823974  831128  7155  823974  824376  403  830746  831128  383  90.82  4756
858522  864239  5718  858522  858641  120  864112  864239  128  85.16  4756
973870  975830  1961  973870  974040  171  975661  975830  170  85.38  4756
982324  985075  2752  982324  982643  320  984755  985075  321  85.05  4756
1069559  1077275  7717  1069559  1069918  360  1076922  1077275  354  90.00  4756
1109141  1115439  6299  1109141  1109321  181  1115260  1115439  180  85.64  4756
6796  16381  9586  6796  7051  256  16113  16381  269  88.48  4758
280281  286889  6609  280281  281276  996  285916  286889  974  97.39  4758
302758  310664  7907  302758  303149  392  310276  310664  389  88.52  4758
11213  12987  1775  11213  11506  294  12678  12987  310  85.16  4774
119419  122194  2776  119419  119885  467  121739  122194  456  89.94  4774
165711  176154  10444  165711  165913  203  175938  176154  217  85.25  4774
371488  377160  5673  371488  372482  995  376165  377160  996  99.10  4774
3388  5804  2417  3388  4384  997  4810  5804  995  98.80  4795
58197  61409  3213  58197  58569  373  61036  61409  374  91.71  4801
68764  71466  2703  68764  68886  123  71333  71466  134  85.82  4801
72835  75378  2544  72835  72997  163  75216  75378  163  87.12  4801
116904  126216  9313  116904  117085  182  126046  126216  171  85.16  4801
237401  238900  1500  237401  237599  199  238711  238900  190  90.45  4801
352637  356631  3995  352637  352903  267  356393  356631  239  88.39  4801
369212  371107  1896  369212  369660  449  370618  371107  490  91.63  4806
2094565  2096259  1695  2094565  2094731  167  2096090  2096259  170  91.76  4806
2579120  2581717  2598  2579120  2579457  338  2581368  2581717  350  86.00  4806
2769387  2772451  3065  2769387  2769682  296  2772167  2772451  285  87.84  4806
2932188  2937843  5656  2932188  2932403  216  2937648  2937843  196  86.57  4806
3093466  3097254  3789  3093466  3094151  686  3096546  3097254  709  96.33  4806
3223073  3225733  2661  3223073  3223322  250  3225496  3225733  238  90.80  4806
3231582  3237397  5816  3231582  3232127  546  3236863  3237397  535  88.28  4806
3259959  3262447  2489  3259959  3260393  435  3261982  3262447  466  92.70  4806
3368466  3372400  3935  3368466  3368744  279  3372137  3372400  264  91.76  4806
3482730  3484125  1396  3482730  3482829  100  3484017  3484125  109  86.24  4806
35853  41490  5638  35853  36477  625  40845  41490  646  87.62  4816
47857  57880  10024  47857  48306  450  57439  57880  442  90.00  4816
146520  148739  2220  146520  146626  107  148636  148739  104  87.85  4816
1192  3257  2066  1192  1425  234  3017  3257  241  86.31  4833
168071  169944  1874  168071  168201  131  169820  169944  125  87.79  4850
189227  191064  1838  189227  189880  654  190366  191064  699  93.42  4850
241824  250230  8407  241824  242144  321  249925  250230  306  87.23  4850
316838  319666  2829  316838  317028  191  319473  319666  194  96.39  4850
402490  407479  4990  402490  402737  248  407232  407479  248  85.48  4850
72048  84439  12392  72048  72194  147  84294  84439  146  90.48  4852
1631  4236  2606  1631  1973  343  3895  4236  342  94.17  4857
34504  36214  1711  34504  35204  701  35507  36214  708  99.01  4864
46382  51024  4643  46382  46809  428  50580  51024  445  91.24  4864
1617  6990  5374  1617  1799  183  6811  6990  180  90.71  4867
40  3505  3466  40  411  372  3124  3505  382  85.60  4880
37140  38985  1846  37140  37600  461  38530  38985  456  88.29  4884
225150  228500  3351  225150  225264  115  228383  228500  118  86.44  4884
267009  271155  4147  267009  267424  416  270746  271155  410  95.19  4884
296167  307666  11500  296167  296417  251  307420  307666  247  86.85  4884
385038  397935  12898  385038  385157  120  397816  397935  120  85.83  4884
609943  613469  3527  609943  610439  497  612961  613469  509  90.96  4884
668919  670996  2078  668919  669805  887  670108  670996  889  99.78  4884
705079  706732  1654  705079  705237  159  706574  706732  159  89.94  4884
2041  5470  3430  2041  2624  584  4876  5470  595  95.97  4906
41221  55180  13960  41221  41413  193  54997  55180  184  86.53  4911
90572  102067  11496  90572  90762  191  101868  102067  200  85.00  4911
118575  123124  4550  118575  118782  208  122923  123124  202  87.98  4911
155512  157029  1518  155512  155858  347  156684  157029  346  88.76  4911
9660  17771  8112  9660  9865  206  17562  17771  210  88.57  4915
480664  482489  1826  480664  480944  281  482221  482489  269  88.97  4975
113767  115206  1440  113767  113983  217  114985  115206  222  87.84  4978
39960  47968  8009  39960  40348  389  47577  47968  392  91.84  4982
51108  53826  2719  51108  52034  927  52886  53826  941  97.34  4982
91746  106792  15047  91746  91848  103  106690  106792  103  90.29  4982
691  4529  3839  691  1114  424  4119  4529  411  88.68  4986
17080  19136  2057  17080  17953  874  18255  19136  882  98.98  4986
34407  38962  4556  34407  34922  516  38441  38962  522  87.36  4986
40002  51940  11939  40002  40445  444  51469  51940  472  88.14  4986
8223  9714  1492  8223  8486  264  9440  9714  275  85.09  4989
115100  128580  13481  115100  115257  158  128427  128580  154  90.51  4989
21831  25634  3804  21831  22394  564  25078  25634  557  90.25  5027
91834  100758  8925  91834  91936  103  100659  100758  100  88.35  5027
120335  125711  5377  120335  120482  148  125566  125711  146  91.22  5027
181926  185329  3404  181926  182229  304  185044  185329  286  89.47  5027
237171  241407  4237  237171  237298  128  241292  241407  116  85.94  5027
367141  370323  3183  367141  367584  444  369887  370323  437  86.26  5027
545330  549365  4036  545330  545570  241  549147  549365  219  86.31  5027
648417  661761  13345  648417  648806  390  661396  661761  366  86.41  5027
692639  694777  2139  692639  693555  917  693858  694777  920  99.67  5027
725762  733097  7336  725762  726178  417  732678  733097  420  91.43  5027
736602  741865  5264  736602  736891  290  741559  741865  307  90.55  5027
957893  960614  2722  957893  958139  247  960371  960614  244  87.04  5027
1143399  1147026  3628  1143399  1143658  260  1146770  1147026  257  92.69  5027
29143  31065  1923  29143  29330  188  30884  31065  182  86.70  5044
54360  55655  1296  54360  54651  292  55376  55655  280  88.70  5044
97332  100640  3309  97332  97564  233  100395  100640  246  86.99  5044
108355  114557  6203  108355  108559  205  114355  114557  203  89.76  5044
255533  263022  7490  255533  255644  112  262913  263022  110  85.71  5044
319457  323061  3605  319457  319642  186  322858  323061  204  85.29  5044
367976  374387  6412  367976  368346  371  374017  374387  371  88.68  5044
478135  486068  7934  478135  478516  382  485681  486068  388  88.40  5044
494818  500029  5212  494818  494959  142  499885  500029  145  91.72  5044
530845  535558  4714  530845  531078  234  535310  535558  249  87.15  5044
537353  541548  4196  537353  537710  358  541203  541548  346  93.85  5044
636566  639602  3037  636566  636772  207  639407  639602  196  94.69  5044
694764  697105  2342  694764  694948  185  696908  697105  198  86.36  5044
729069  733008  3940  729069  729586  518  732494  733008  515  92.86  5044
742753  749387  6635  742753  743292  540  748853  749387  535  92.96  5044
757362  760202  2841  757362  757543  182  760038  760202  165  88.46  5044
794052  798260  4209  794052  794425  374  797897  798260  364  93.85  5044
885001  887507  2507  885001  885464  464  887052  887507  456  92.46  5044
1814  3793  1980  1814  2203  390  3403  3793  391  87.72  5045
405788  419839  14052  405788  405919  132  419714  419839  126  91.67  5054
12560  14851  2292  12560  12793  234  14615  14851  237  92.41  5062
35694  49631  13938  35694  35801  108  49525  49631  107  87.04  5062
53897  62747  8851  53897  54142  246  62507  62747  241  88.21  5062
112815  125644  12830  112815  113021  207  125438  125644  207  94.69  5062
252083  260406  8324  252083  252524  442  259944  260406  463  86.61  5062
388595  390342  1748  388595  389306  712  389609  390342  734  96.73  5062
608713  615868  7156  608713  609036  324  615551  615868  318  88.58  5062
733583  736167  2585  733583  733689  107  736059  736167  109  88.99  5062
866289  868442  2154  866289  866437  149  868299  868442  144  86.58  5062
963863  965760  1898  963863  964075  213  965575  965760  186  87.32  5062
1102644  1104892  2249  1102644  1103031  388  1104488  1104892  405  85.19  5062
1285247  1286944  1698  1285247  1285946  700  1286248  1286944  697  97.57  5062
6153  10962  4810  6153  6459  307  10654  10962  309  89.32  5068
41309  43550  2242  41309  41491  183  43370  43550  181  97.27  5071
78499  81452  2954  78499  78721  223  81245  81452  208  89.24  5071
139741  142978  3238  139741  139928  188  142791  142978  188  99.47  5071
2628  4884  2257  2628  2820  193  4683  4884  202  86.63  5073
101635  104670  3036  101635  102063  429  104232  104670  439  94.08  5077
126745  129006  2262  126745  127357  613  128435  129006  572  92.50  5077
189177  191370  2194  189177  189525  349  191005  191370  366  91.26  5077
807877  809929  2053  807877  808309  433  809490  809929  440  94.09  5077
925267  926738  1472  925267  925371  105  926624  926738  115  86.96  5077
1478539  1480426  1888  1478539  1479331  793  1479632  1480426  795  95.60  5077
1591217  1596390  5174  1591217  1592076  860  1595551  1596390  840  90.12  5077
9  2614  2606  9  147  139  2474  2614  141  90.07  5084
21493  22728  1236  21493  21637  145  22594  22728  135  86.21  5085
41363  43404  2042  41363  41630  268  43103  43404  302  88.08  5106
69327  72601  3275  69327  69646  320  72274  72601  328  94.82  5106
161406  163727  2322  161406  162030  625  163113  163727  615  94.40  5106
176919  187640  10722  176919  177035  117  187527  187640  114  88.03  5106
244871  246928  2058  244871  245110  240  246690  246928  239  85.83  5106
83106  87908  4803  83106  83322  217  87686  87908  223  88.34  5108
159639  163463  3825  159639  159876  238  163233  163463  231  90.34  5108
195399  197288  1890  195399  195572  174  197112  197288  177  93.22  5108
234136  240459  6324  234136  234432  297  240172  240459  288  87.88  5108
274328  276168  1841  274328  274513  186  275976  276168  193  94.82  5108
346168  352259  6092  346168  346374  207  352081  352259  179  85.51  5108
353518  355604  2087  353518  354414  897  354715  355604  890  99.22  5108
447982  451423  3442  447982  448281  300  451132  451423  292  87.00  5108
755077  756529  1453  755077  755283  207  756323  756529  207  98.07  5108
788892  790856  1965  788892  789160  269  790592  790856  265  95.54  5108
795687  798423  2737  795687  795969  283  798114  798423  310  85.16  5108
929594  933578  3985  929594  929968  375  933202  933578  377  98.94  5108
934376  936538  2163  934376  934639  264  936287  936538  252  90.53  5108
1063838  1065875  2038  1063838  1064160  323  1065569  1065875  307  91.95  5108
7616  10663  3048  7616  8602  987  9686  10663  978  94.83  5109
190213  203258  13046  190213  190350  138  203132  203258  127  89.86  5109
222377  231578  9202  222377  223104  728  230846  231578  733  95.77  5109
243255  255086  11832  243255  243541  287  254809  255086  278  91.64  5109
357622  360687  3066  357622  358155  534  360122  360687  566  88.16  5109
387337  396480  9144  387337  388012  676  395779  396480  702  92.31  5109
454910  461651  6742  454910  455623  714  460946  461651  706  92.72  5109
566155  579683  13529  566155  566258  104  579582  579683  102  85.58  5109
583909  585544  1636  583909  584019  111  585437  585544  108  93.69  5109
39389  44177  4789  39389  39750  362  43815  44177  363  92.29  5111
198397  210746  12350  198397  198860  464  210289  210746  458  90.95  5111
250564  253114  2551  250564  250808  245  252863  253114  252  85.71  5111
292248  305007  12760  292248  292349  102  304900  305007  108  86.11  5111
502406  507816  5411  502406  502554  149  507649  507816  168  87.50  5111
698238  706337  8100  698238  698638  401  705950  706337  388  91.52  5111
715925  719611  3687  715925  716155  231  719382  719611  230  87.88  5111
857003  860394  3392  857003  857426  424  859977  860394  418  93.16  5111
911913  915248  3336  911913  912240  328  914922  915248  327  91.16  5111
1014626  1017521  2896  1014626  1014854  229  1017304  1017521  218  92.58  5111
1024045  1025546  1502  1024045  1024284  240  1025301  1025546  246  88.21  5111
1055836  1057020  1185  1055836  1055954  119  1056905  1057020  116  93.28  5111
1087135  1091432  4298  1087135  1087607  473  1090946  1091432  487  89.73  5111
1096992  1099623  2632  1096992  1097536  545  1099072  1099623  552  95.29  5111
84392  86122  1731  84392  85104  713  85405  86122  718  99.30  5113
95149  99278  4130  95149  95485  337  98950  99278  329  97.63  5113
184488  192660  8173  184488  184708  221  192439  192660  222  90.09  5113
245402  250136  4735  245402  245755  354  249780  250136  357  86.55  5113
266556  277978  11423  266556  266706  151  277825  277978  154  90.91  5113
287030  289999  2970  287030  287436  407  289602  289999  398  94.35  5113
313027  320731  7705  313027  313347  321  320413  320731  319  99.38  5113
329519  341635  12117  329519  329678  160  341468  341635  168  86.90  5113
124863  126818  1956  124863  125672  810  126008  126818  811  96.92  5114
168444  172502  4059  168444  168873  430  172070  172502  433  96.07  5114
7155  16896  9742  7155  7381  227  16663  16896  234  87.18  5115
28580  30873  2294  28580  28834  255  30631  30873  243  90.98  5115
89633  91520  1888  89633  90431  799  90734  91520  787  97.87  5115
1508  2984  1477  1508  1687  180  2800  2984  185  91.35  5120
8608  12925  4318  8608  8946  339  12581  12925  345  92.75  5120
15769  24787  9019  15769  15881  113  24677  24787  111  86.73  5120
45520  47154  1635  45520  45667  148  47001  47154  154  86.36  5120
64547  73309  8763  64547  64969  423  72889  73309  421  90.07  5120
6273  9327  3055  6273  6623  351  8960  9327  368  94.02  5126
95456  97042  1587  95456  95730  275  96772  97042  271  86.91  5126
171210  173642  2433  171210  171358  149  173507  173642  136  85.91  5133
133423  137890  4468  133423  133828  406  137475  137890  416  95.67  5140
137892  140678  2787  137892  138356  465  140207  140678  472  93.01  5140
165302  167767  2466  165302  166301  1000  166787  167767  981  98.10  5140
189880  198370  8491  189880  190005  126  198237  198370  134  87.31  5140
290555  294352  3798  290555  290764  210  294123  294352  230  89.57  5140
311229  325753  14525  311229  311331  103  325654  325753  100  85.44  5140
326149  328066  1918  326149  326371  223  327846  328066  221  85.20  5140
138207  140073  1867  138207  138989  783  139290  140073  784  95.41  5146
299264  308556  9293  299264  299638  375  308189  308556  368  89.07  5146
361985  364692  2708  361985  362284  300  364395  364692  298  86.67  5146
366076  371781  5706  366076  366435  360  371401  371781  381  93.44  5146
384816  391441  6626  384816  385439  624  390821  391441  621  93.91  5146
456533  459066  2534  456533  456874  342  458744  459066  323  92.11  5146
524804  527654  2851  524804  524917  114  527552  527654  103  89.47  5146
536999  540949  3951  536999  537370  372  540581  540949  369  88.44  5146
652613  654498  1886  652613  653200  588  653925  654498  574  97.11  5146
662754  673873  11120  662754  662990  237  673639  673873  235  85.65  5146
824094  833033  8940  824094  824514  421  832615  833033  419  93.11  5146
12389  19232  6844  12389  12583  195  19049  19232  184  90.26  5168
20465  21969  1505  20465  20925  461  21513  21969  457  95.01  5168
53160  58015  4856  53160  53663  504  57534  58015  482  93.65  5168
181297  184221  2925  181297  181415  119  184098  184221  124  85.48  5168
239632  243090  3459  239632  239861  230  242852  243090  239  87.45  5168
305673  318686  13014  305673  306125  453  318229  318686  458  86.68  5168
319397  324403  5007  319397  319625  229  324177  324403  227  89.08  5168
376749  381770  5022  376749  376868  120  381659  381770  112  92.50  5168
418657  422871  4215  418657  418980  324  422541  422871  331  90.63  5168
499546  502725  3180  499546  500545  1000  501726  502725  1000  99.60  5168
25508  35454  9947  25508  25679  172  35273  35454  182  85.71  5189
48113  60773  12661  48113  48388  276  60490  60773  284  86.62  5189
67401  75140  7740  67401  67586  186  74949  75140  192  89.06  5189
181980  186156  4177  181980  182379  400  185753  186156  404  90.35  5189
191660  197104  5445  191660  191915  256  196828  197104  277  91.70  5189
210372  214801  4430  210372  210491  120  214692  214801  110  86.67  5189
249722  254614  4893  249722  250156  435  254184  254614  431  90.80  5189
428663  430863  2201  428663  428807  145  430702  430863  162  88.89  5189
457797  460063  2267  457797  458294  498  459564  460063  500  93.80  5189
534700  537228  2529  534700  534843  144  537081  537228  148  85.81  5189
637504  641531  4028  637504  637719  216  641308  641531  224  91.96  5189
668503  677134  8632  668503  668813  311  676807  677134  328  89.33  5189
715354  726365  11012  715354  715627  274  726102  726365  264  87.23  5189
775989  783729  7741  775989  776237  249  783481  783729  249  86.75  5189
811037  816347  5311  811037  811466  430  815939  816347  409  89.77  5189
945619  953008  7390  945619  945877  259  952736  953008  273  86.81  5189
1009613  1016221  6609  1009613  1010067  455  1015744  1016221  478  88.49  5189
1102164  1106931  4768  1102164  1102529  366  1106567  1106931  365  92.08  5189
1134746  1137936  3191  1134746  1134956  211  1137725  1137936  212  88.68  5189
1349157  1351522  2366  1349157  1349605  449  1351078  1351522  445  89.76  5189
1559757  1562881  3125  1559757  1559984  228  1562655  1562881  227  89.04  5189
1606429  1610470  4042  1606429  1606649  221  1610249  1610470  222  91.89  5189
1628521  1631176  2656  1628521  1628694  174  1631014  1631176  163  87.93  5189
1634372  1646257  11886  1634372  1634783  412  1645849  1646257  409  90.53  5189
1699214  1709721  10508  1699214  1699357  144  1709572  1709721  150  86.67  5189
1739689  1754547  14859  1739689  1740087  399  1754161  1754547  387  90.48  5189
1755607  1759395  3789  1755607  1755951  345  1759052  1759395  344  90.14  5189
1801157  1809331  8175  1801157  1801407  251  1809051  1809331  281  86.12  5189
1824084  1835479  11396  1824084  1824477  394  1835077  1835479  403  90.57  5189
5175  20181  15007  5175  5427  253  19940  20181  242  87.75  5193
66466  68501  2036  66466  67326  861  67627  68501  875  97.03  5193
78732  81251  2520  78732  79248  517  80729  81251  523  95.22  5193
81287  83986  2700  81287  81401  115  83871  83986  116  87.07  5193
200211  203556  3346  200211  200363  153  203400  203556  157  97.45  5193
276393  281501  5109  276393  276801  409  281100  281501  402  85.33  5193
311640  314284  2645  311640  311946  307  313972  314284  313  86.58  5193
43367  48762  5396  43367  43892  526  48272  48762  491  92.59  5201
132296  139017  6722  132296  132479  184  138823  139017  195  85.13  5201
209597  212214  2618  209597  209877  281  211946  212214  269  86.12  5201
313387  318619  5233  313387  313599  213  318420  318619  200  89.67  5201
366706  373531  6826  366706  366929  224  373292  373531  240  85.42  5201
799  4028  3230  799  992  194  3839  4028  190  89.18  5212
166260  171810  5551  166260  166490  231  171592  171810  219  86.15  5213
199363  206250  6888  199363  199859  497  205718  206250  533  89.31  5213
314502  318044  3543  314502  314651  150  317888  318044  157  86.62  5213
374993  385060  10068  374993  375146  154  384914  385060  147  89.61  5213
393316  406976  13661  393316  393718  403  406591  406976  386  90.82  5213
448766  455253  6488  448766  449231  466  454807  455253  447  87.98  5213
510124  519775  9652  510124  510318  195  519581  519775  195  92.82  5213
540203  546319  6117  540203  540666  464  545846  546319  474  87.97  5213
659135  661617  2483  659135  659468  334  661295  661617  323  87.13  5213
661793  675441  13649  661793  662005  213  675236  675441  206  88.73  5213
679664  682248  2585  679664  679875  212  682023  682248  226  92.48  5213
801442  804414  2973  801442  801723  282  804154  804414  261  88.65  5213
847707  849872  2166  847707  848628  922  848930  849872  943  96.08  5213
984082  995991  11910  984082  984521  440  995569  995991  423  89.77  5213
997275  1004112  6838  997275  997409  135  1003969  1004112  144  88.19  5213
1028647  1029930  1284  1028647  1028801  155  1029777  1029930  154  85.81  5213
1083552  1086744  3193  1083552  1083838  287  1086462  1086744  283  93.38  5213
1106434  1111425  4992  1106434  1106565  132  1111279  1111425  147  89.80  5213
1134074  1141543  7470  1134074  1134248  175  1141367  1141543  177  88.70  5213
1152280  1164552  12273  1152280  1152672  393  1164154  1164552  399  94.49  5213
1210577  1219486  8910  1210577  1210906  330  1219154  1219486  333  93.09  5213
1260490  1261843  1354  1260490  1260642  153  1261694  1261843  150  98.04  5213
1293247  1300330  7084  1293247  1293576  330  1299997  1300330  334  88.02  5213
1562104  1564018  1915  1562104  1562394  291  1563754  1564018  265  89.69  5213
1616638  1619574  2937  1616638  1617075  438  1619136  1619574  439  85.88  5213
1631762  1634976  3215  1631762  1632044  283  1634672  1634976  305  92.79  5213
1640943  1644235  3293  1640943  1641833  891  1643364  1644235  872  92.48  5213
1940426  1948900  8475  1940426  1940581  156  1948736  1948900  165  87.27  5213
35312  38798  3487  35312  35426  115  38680  38798  119  89.92  5219
88781  90348  1568  88781  89086  306  90051  90348  298  87.91  5219
98195  101691  3497  98195  98532  338  101362  101691  330  85.21  5219
120500  122889  2390  120500  120718  219  122669  122889  221  91.40  5219
19846  23487  3642  19846  20458  613  22895  23487  593  95.43  5256
65217  66955  1739  65217  65912  696  66243  66955  713  97.48  5256
261869  275082  13214  261869  262103  235  274845  275082  238  88.66  5256
352692  356283  3592  352692  353009  318  355991  356283  293  89.94  5256
640382  642302  1921  640382  641201  820  641503  642302  800  97.56  5256
652199  655359  3161  652199  652514  316  655053  655359  307  93.35  5256
541  7564  7024  541  1036  496  7118  7564  447  90.12  5314
60129  63004  2876  60129  60324  196  62803  63004  202  86.63  5339
176248  180065  3818  176248  176434  187  179885  180065  181  91.44  5339
226724  235772  9049  226724  227176  453  235296  235772  477  87.21  5339
282127  292930  10804  282127  282333  207  292738  292930  193  86.47  5339
592455  595245  2791  592455  592934  480  594787  595245  459  88.54  5339
633429  639223  5795  633429  634078  650  638583  639223  641  91.38  5339
374  3666  3293  374  843  470  3212  3666  455  93.62  5386
140127  142057  1931  140127  140347  221  141841  142057  217  91.86  5393
164926  173988  9063  164926  165507  582  173405  173988  584  92.12  5393
183349  189107  5759  183349  183807  459  188628  189107  480  92.08  5393
417151  418981  1831  417151  417330  180  418800  418981  182  97.25  5393
1061885  1064513  2629  1061885  1062879  995  1063519  1064513  995  98.99  5393
1150676  1153197  2522  1150676  1150895  220  1152976  1153197  222  88.74  5393
158218  165827  7610  158218  158611  394  165450  165827  378  87.31  5398
216744  218725  1982  216744  217559  816  217861  218725  865  94.34  5398
361523  365358  3836  361523  361896  374  364986  365358  373  94.92  5398
548254  562383  14130  548254  548383  130  562251  562383  133  93.23  5398
591768  599405  7638  591768  592067  300  599101  599405  305  86.56  5398
2739  5493  2755  2739  3135  397  5076  5493  418  91.87  5416
717  2753  2037  717  821  105  2654  2753  100  85.71  5436
14837  26231  11395  14837  15016  180  26055  26231  177  91.11  5505
79484  84181  4698  79484  79622  139  84047  84181  135  86.33  5505
91820  93487  1668  91820  92029  210  93276  93487  212  87.26  5505
34  2768  2735  34  325  292  2476  2768  293  99.66  5507
11563  13854  2292  11563  12089  527  13325  13854  530  96.79  5509
103009  104876  1868  103009  103792  784  104096  104876  781  96.43  5509
125655  129012  3358  125655  126113  459  128584  129012  429  89.32  5509
983073  985697  2625  983073  984069  997  984703  985697  995  99.00  5518
1474297  1486549  12253  1474297  1474673  377  1486190  1486549  360  85.41  5518
1527734  1531307  3574  1527734  1527992  259  1531078  1531307  230  88.80  5518
1593675  1599859  6185  1593675  1593954  280  1599612  1599859  248  87.86  5518
1670722  1673337  2616  1670722  1670902  181  1673148  1673337  190  95.26  5518
1741848  1744451  2604  1741848  1742039  192  1744270  1744451  182  93.23  5518
1756067  1759309  3243  1756067  1756860  794  1758527  1759309  783  89.29  5518
1820530  1826313  5784  1820530  1820706  177  1826140  1826313  174  88.70  5518
28789  32045  3257  28789  28990  202  31851  32045  195  90.59  5520
36106  38043  1938  36106  36916  811  37217  38043  827  97.70  5520
119771  123687  3917  119771  119932  162  123526  123687  162  92.59  5520
228625  234289  5665  228625  228762  138  234148  234289  142  90.85  5520
465946  472636  6691  465946  466332  387  472249  472636  388  89.69  5520
87171  88949  1779  87171  87907  737  88210  88949  740  98.51  5523
139467  141439  1973  139467  140295  829  140598  141439  842  98.10  5524
269087  273651  4565  269087  269981  895  272770  273651  882  87.49  5525
149474  151012  1539  149474  149956  483  150521  151012  492  93.50  5526
171142  178783  7642  171142  171432  291  178498  178783  286  91.75  5526
