# args=-index LTRHarvest/Ooch/Ooch_ltrharvest.index -mintsd 5 -maxtsd 100
# predictions are reported in the following way
# s(ret) e(ret) l(ret) s(lLTR) e(lLTR) l(lLTR) s(rLTR) e(rLTR) l(rLTR) sim(LTRs) seq-nr 
# where:
# s = starting position
# e = ending position
# l = length
# ret = LTR-retrotransposon
# lLTR = left LTR
# rLTR = right LTR
# sim = similarity
# seq-nr = sequence number
8  9499  9492  8  174  167  9317  9499  183  87.43  22
32875  35155  2281  32875  33147  273  34872  35155  284  85.92  194
10348  17823  7476  10348  10596  249  17566  17823  258  91.86  290
2891  17779  14889  2891  2998  108  17677  17779  103  87.96  382
24835  29176  4342  24835  25107  273  28906  29176  271  89.74  383
5480  12540  7061  5480  5757  278  12268  12540  273  88.13  390
21197  22573  1377  21197  21514  318  22278  22573  296  90.25  450
18437  21325  2889  18437  18651  215  21099  21325  227  85.90  636
16530  24891  8362  16530  16661  132  24771  24891  121  86.36  693
3355  18425  15071  3355  3709  355  18070  18425  356  87.92  847
8  3618  3611  8  107  100  3516  3618  103  88.35  1636
1326  8155  6830  1326  1522  197  7958  8155  198  89.90  1692
566  5249  4684  566  1365  800  4440  5249  810  88.77  2905
1652  4282  2631  1652  1846  195  4081  4282  202  86.14  4342
331  3218  2888  331  641  311  2882  3218  337  86.65  5267
8  2169  2162  8  352  345  1808  2169  362  85.08  6416
6  1781  1776  6  163  158  1629  1781  153  86.71  6576
402  1985  1584  402  690  289  1699  1985  287  89.97  7322
70  1984  1915  70  620  551  1445  1984  540  86.93  7436
123  1414  1292  123  274  152  1266  1414  149  87.50  7921
90  1436  1347  90  196  107  1327  1436  110  87.27  8690
