# args=-index /media/amir/DATA/work/RM_ANALYSIS/Rsim/Rsim_ltrharvest.index -mintsd 5 -maxtsd 100
# predictions are reported in the following way
# s(ret) e(ret) l(ret) s(lLTR) e(lLTR) l(lLTR) s(rLTR) e(rLTR) l(rLTR) sim(LTRs) seq-nr 
# where:
# s = starting position
# e = ending position
# l = length
# ret = LTR-retrotransposon
# lLTR = left LTR
# rLTR = right LTR
# sim = similarity
# seq-nr = sequence number
3972  8006  4035  3972  4203  232  7804  8006  203  85.78  5
8771  12282  3512  8771  8876  106  12177  12282  106  86.79  93
6747  15073  8327  6747  6882  136  14922  15073  152  89.47  95
20513  22605  2093  20513  20668  156  22441  22605  165  87.88  118
660  3703  3044  660  995  336  3365  3703  339  91.74  176
229365  236761  7397  229365  229489  125  236627  236761  135  90.37  218
36949  39182  2234  36949  37363  415  38757  39182  426  89.67  291
2587  9119  6533  2587  2765  179  8948  9119  172  88.27  344
14894  26848  11955  14894  15140  247  26618  26848  231  88.66  365
44  2452  2409  44  180  137  2302  2452  151  86.09  406
1950  5306  3357  1950  2054  105  5204  5306  103  90.48  584
1325  6213  4889  1325  1636  312  5892  6213  322  87.27  585
3530  9704  6175  3530  3753  224  9469  9704  236  93.64  587
13142  14952  1811  13142  13265  124  14830  14952  123  94.35  694
490  15014  14525  490  680  191  14813  15014  202  90.10  695
33757  37811  4055  33757  34038  282  37547  37811  265  87.94  873
5755  7489  1735  5755  5910  156  7342  7489  148  94.23  1062
7626  11837  4212  7626  7733  108  11724  11837  114  86.84  1113
3462  4820  1359  3462  3638  177  4658  4820  163  87.57  1193
8720  11039  2320  8720  8852  133  10896  11039  144  86.11  1320
20127  22021  1895  20127  20259  133  21893  22021  129  92.48  1374
4805  6466  1662  4805  5049  245  6212  6466  255  87.45  1439
3145  5423  2279  3145  3364  220  5205  5423  219  92.27  1457
1643  4372  2730  1643  1936  294  4070  4372  303  89.11  1554
13679  18959  5281  13679  13910  232  18718  18959  242  88.84  1758
1541  3899  2359  1541  1812  272  3611  3899  289  87.89  1773
445  1742  1298  445  564  120  1620  1742  123  91.87  2021
6045  8263  2219  6045  6196  152  8104  8263  160  93.75  2152
9538  13215  3678  9538  9799  262  12956  13215  260  89.31  2176
2235  5184  2950  2235  2489  255  4915  5184  270  91.48  2240
1355  4733  3379  1355  1492  138  4599  4733  135  85.51  2431
403  3544  3142  403  537  135  3395  3544  150  88.00  2455
832  5973  5142  832  1014  183  5790  5973  184  92.39  2502
2152  3662  1511  2152  2280  129  3540  3662  123  87.60  2596
1820  3634  1815  1820  1990  171  3443  3634  192  87.50  2626
4901  8449  3549  4901  5129  229  8212  8449  238  87.39  2675
1657  3728  2072  1657  2162  506  3215  3728  514  87.16  2735
1240  2756  1517  1240  1717  478  2292  2756  465  91.63  2827
656  4836  4181  656  845  190  4641  4836  196  90.31  3051
3505  7983  4479  3505  3649  145  7819  7983  165  86.67  3757
458  4644  4187  458  622  165  4470  4644  175  90.86  4061
3031  4609  1579  3031  3201  171  4443  4609  167  87.13  4458
6327  9151  2825  6327  6551  225  8930  9151  222  95.11  5114
175  1611  1437  175  428  254  1367  1611  245  86.22  5145
100  3632  3533  100  364  265  3357  3632  276  86.96  5163
2206  4360  2155  2206  2395  190  4164  4360  197  93.91  5399
382  3235  2854  382  524  143  3097  3235  139  85.31  5746
134  2493  2360  134  346  213  2279  2493  215  86.05  5819
312  2421  2110  312  434  123  2305  2421  117  89.43  6298
