# args=-index LTRHarvest/Spap/Spap_ltrharvest.index -mintsd 5 -maxtsd 100
# predictions are reported in the following way
# s(ret) e(ret) l(ret) s(lLTR) e(lLTR) l(lLTR) s(rLTR) e(rLTR) l(rLTR) sim(LTRs) seq-nr 
# where:
# s = starting position
# e = ending position
# l = length
# ret = LTR-retrotransposon
# lLTR = left LTR
# rLTR = right LTR
# sim = similarity
# seq-nr = sequence number
981552  987689  6138  981552  982492  941  986771  987689  919  93.09  0
420518  423397  2880  420518  420645  128  423277  423397  121  86.72  1
677540  683330  5791  677540  678000  461  682876  683330  455  90.02  1
798319  802564  4246  798319  798620  302  802270  802564  295  92.38  1
878103  880949  2847  878103  878330  228  880740  880949  210  85.53  1
1226261  1229981  3721  1226261  1226853  593  1229383  1229981  599  90.82  1
1234058  1237103  3046  1234058  1234377  320  1236774  1237103  330  87.27  1
1239223  1242794  3572  1239223  1239563  341  1242452  1242794  343  85.13  1
1297372  1302436  5065  1297372  1297598  227  1302209  1302436  228  85.09  1
296905  299278  2374  296905  297042  138  299137  299278  142  85.21  2
304492  307208  2717  304492  304948  457  306749  307208  460  86.09  2
868047  877711  9665  868047  869003  957  876765  877711  947  92.69  2
138402  142828  4427  138402  138569  168  142659  142828  170  97.06  3
59197  63563  4367  59197  59323  127  63437  63563  127  99.21  5
332196  336357  4162  332196  333192  997  335372  336357  986  94.58  6
337089  340595  3507  337089  337409  321  340275  340595  321  86.92  6
593554  595970  2417  593554  593876  323  595642  595970  329  86.93  6
663777  669684  5908  663777  664281  505  669172  669684  513  89.86  7
460563  462055  1493  460563  461025  463  461616  462055  440  88.55  8
4801  7723  2923  4801  5435  635  7109  7723  615  85.83  10
114085  123239  9155  114085  114530  446  122787  123239  453  88.30  10
125939  132383  6445  125939  126222  284  132110  132383  274  87.68  10
154767  159392  4626  154767  155410  644  158759  159392  634  94.57  10
161207  165765  4559  161207  161979  773  164992  165765  774  85.01  10
178943  181179  2237  178943  179757  815  180349  181179  831  90.73  10
214396  221950  7555  214396  215389  994  220954  221950  997  96.09  10
226239  230863  4625  226239  226637  399  230476  230863  388  86.22  10
337007  340479  3473  337007  337110  104  340374  340479  106  89.62  10
392363  400689  8327  392363  392839  477  400202  400689  488  91.80  10
6286  10529  4244  6286  6818  533  10008  10529  522  91.37  12
86242  89563  3322  86242  86432  191  89367  89563  197  87.82  12
90855  94520  3666  90855  91338  484  94049  94520  472  89.67  12
314873  319681  4809  314873  315176  304  319378  319681  304  93.09  12
451473  457705  6233  451473  451656  184  457531  457705  175  88.59  12
53337  55867  2531  53337  54005  669  55191  55867  677  94.53  13
120388  124033  3646  120388  120686  299  123724  124033  310  87.10  13
212081  219640  7560  212081  212381  301  219338  219640  303  90.43  14
356222  359112  2891  356222  357208  987  358123  359112  990  97.37  14
361654  363993  2340  361654  361964  311  363684  363993  310  89.39  14
367750  370430  2681  367750  368033  284  370156  370430  275  95.07  14
2060  8902  6843  2060  2551  492  8411  8902  492  91.46  15
21117  22915  1799  21117  21584  468  22460  22915  456  85.90  15
50169  54891  4723  50169  50476  308  54583  54891  309  90.94  15
265684  268325  2642  265684  266241  558  267780  268325  546  88.89  15
4465  6118  1654  4465  4664  200  5939  6118  180  89.50  16
123324  128040  4717  123324  123499  176  127865  128040  176  100.00  16
337900  342184  4285  337900  338038  139  342058  342184  127  89.21  18
345082  346940  1859  345082  345208  127  346814  346940  127  93.70  18
39057  43793  4737  39057  39579  523  43265  43793  529  96.41  19
47743  52311  4569  47743  47964  222  52073  52311  239  85.77  19
357876  359928  2053  357876  358015  140  359789  359928  140  100.00  19
227393  229227  1835  227393  227634  242  228976  229227  252  86.11  21
71988  75573  3586  71988  72601  614  74958  75573  616  92.53  22
114396  117090  2695  114396  114690  295  116813  117090  278  85.08  22
233106  235090  1985  233106  233464  359  234741  235090  350  88.86  22
275524  280243  4720  275524  275927  404  279852  280243  392  87.13  22
290098  292832  2735  290098  290256  159  292672  292832  161  90.06  22
60715  62101  1387  60715  60928  214  61879  62101  223  91.03  23
123959  126156  2198  123959  124219  261  125882  126156  275  90.18  23
281329  285981  4653  281329  282327  999  285001  285981  981  96.60  23
262  5381  5120  262  457  196  5202  5381  180  90.31  24
201763  204162  2400  201763  202361  599  203568  204162  595  89.98  26
185503  192371  6869  185503  186327  825  191546  192371  826  88.74  27
158634  167071  8438  158634  159313  680  166389  167071  683  91.22  28
170  6306  6137  170  304  135  6176  6306  131  88.15  29
12499  16584  4086  12499  12656  158  16428  16584  157  91.77  30
15293  17881  2589  15293  15950  658  17249  17881  633  85.56  34
97122  99428  2307  97122  97487  366  99072  99428  357  95.36  34
104087  108173  4087  104087  104234  148  108023  108173  151  85.43  34
972  3268  2297  972  1126  155  3105  3268  164  93.90  36
52967  58856  5890  52967  53208  242  58612  58856  245  85.71  40
101705  107390  5686  101705  102153  449  106938  107390  453  97.79  42
29078  33411  4334  29078  29855  778  32643  33411  769  89.46  43
87550  89196  1647  87550  87674  125  89072  89196  125  91.20  43
164981  168355  3375  164981  165713  733  167630  168355  726  85.27  43
178073  182620  4548  178073  178279  207  182410  182620  211  90.05  44
418  3965  3548  418  1333  916  3050  3965  916  87.66  46
46855  50876  4022  46855  47310  456  50414  50876  463  96.33  49
158422  167591  9170  158422  158718  297  167287  167591  305  93.11  49
7249  9353  2105  7249  7844  596  8772  9353  582  90.94  51
54227  60005  5779  54227  54333  107  59903  60005  103  87.85  51
10850  15177  4328  10850  11107  258  14910  15177  268  91.42  54
13028  19505  6478  13028  13263  236  19259  19505  247  85.43  55
41357  46756  5400  41357  41609  253  46506  46756  251  88.93  55
58012  61371  3360  58012  58298  287  61084  61371  288  89.58  55
134240  136947  2708  134240  134448  209  136741  136947  207  94.74  55
139884  143044  3161  139884  140023  140  142902  143044  143  88.11  57
152734  157583  4850  152734  153448  715  156861  157583  723  91.42  57
16  2534  2519  16  997  982  1536  2534  999  95.90  58
18593  21694  3102  18593  19345  753  20963  21694  732  90.57  61
24337  26587  2251  24337  24843  507  26075  26587  513  86.35  61
36755  40962  4208  36755  37361  607  40365  40962  598  90.12  61
47554  50141  2588  47554  47720  167  49989  50141  153  86.23  61
151635  153411  1777  151635  151840  206  153215  153411  197  85.44  62
33994  40965  6972  33994  34374  381  40592  40965  374  85.83  64
96815  99242  2428  96815  96946  132  99106  99242  137  87.59  64
27812  32083  4272  27812  28310  499  31603  32083  481  91.58  65
10573  14809  4237  10573  10697  125  14686  14809  124  99.20  71
84778  86681  1904  84778  84954  177  86515  86681  167  86.44  71
137645  145805  8161  137645  138022  378  145461  145805  345  85.71  71
2313  5145  2833  2313  2592  280  4852  5145  294  86.73  75
18106  20734  2629  18106  18773  668  20072  20734  663  91.02  75
67855  70373  2519  67855  68118  264  70113  70373  261  91.67  75
98126  100163  2038  98126  98268  143  100021  100163  143  100.00  76
32588  34866  2279  32588  32903  316  34553  34866  314  93.35  79
54960  62160  7201  54960  55233  274  61891  62160  270  88.32  79
66624  68424  1801  66624  66848  225  68183  68424  242  89.26  79
69031  73449  4419  69031  70028  998  72456  73449  994  94.89  79
66014  68553  2540  66014  66431  418  68129  68553  425  95.06  83
113326  119834  6509  113326  113707  382  119455  119834  380  91.36  83
86969  90922  3954  86969  87100  132  90789  90922  134  95.52  87
102283  110164  7882  102283  102988  706  109464  110164  701  95.18  87
51661  54452  2792  51661  52192  532  53916  54452  537  93.11  91
58527  69465  10939  58527  59440  914  68554  69465  912  90.92  91
89858  94724  4867  89858  90096  239  94485  94724  240  98.33  91
39256  40663  1408  39256  39420  165  40499  40663  165  90.30  94
19227  21456  2230  19227  19763  537  20921  21456  536  86.41  96
34837  44175  9339  34837  35325  489  43685  44175  491  87.98  98
77382  82187  4806  77382  77710  329  81850  82187  338  94.97  99
18118  24477  6360  18118  18414  297  24167  24477  311  91.00  103
27570  34173  6604  27570  28341  772  33384  34173  790  87.09  103
83412  84709  1298  83412  83596  185  84548  84709  162  87.03  103
31181  35735  4555  31181  31326  146  35582  35735  154  85.71  105
36991  43864  6874  36991  37457  467  43412  43864  453  87.37  105
51086  58838  7753  51086  51439  354  58482  58838  357  93.84  105
89586  95780  6195  89586  90155  570  95239  95780  542  88.95  105
41809  45711  3903  41809  41943  135  45573  45711  139  86.33  108
13213  15534  2322  13213  13461  249  15281  15534  254  93.31  111
21901  31643  9743  21901  22322  422  31230  31643  414  86.73  122
31836  34096  2261  31836  32020  185  33911  34096  186  94.09  124
36205  38426  2222  36205  36389  185  38242  38426  185  88.11  124
32742  47823  15082  32742  33088  347  47493  47823  331  92.80  128
44939  49161  4223  44939  45384  446  48706  49161  456  91.89  130
32063  36994  4932  32063  32394  332  36673  36994  322  85.54  135
39823  45797  5975  39823  40011  189  45589  45797  209  88.04  136
48161  51263  3103  48161  49026  866  50406  51263  858  91.22  136
77407  82669  5263  77407  78406  1000  81675  82669  995  97.70  136
3258  7328  4071  3258  3831  574  6745  7328  584  90.24  144
15850  20304  4455  15850  16231  382  19927  20304  378  87.70  144
9060  13910  4851  9060  9366  307  13620  13910  291  86.64  145
37662  47940  10279  37662  38351  690  47222  47940  719  92.49  145
17410  32099  14690  17410  18024  615  31517  32099  583  88.29  148
67429  68818  1390  67429  67642  214  68607  68818  212  86.45  148
75221  79751  4531  75221  75429  209  79540  79751  212  97.64  148
63743  66493  2751  63743  64260  518  65966  66493  528  89.58  149
17  2201  2185  17  798  782  1399  2201  803  96.01  152
3525  11583  8059  3525  4100  576  10995  11583  589  86.08  153
66754  73554  6801  66754  67241  488  73068  73554  487  86.07  153
43845  47526  3682  43845  44417  573  46959  47526  568  86.56  157
55968  57771  1804  55968  56351  384  57355  57771  417  86.57  157
12196  17782  5587  12196  12508  313  17476  17782  307  86.26  162
19410  23122  3713  19410  19631  222  22901  23122  222  89.64  162
31844  41561  9718  31844  32450  607  40962  41561  600  88.47  162
22837  24567  1731  22837  22997  161  24411  24567  157  86.96  164
21470  24386  2917  21470  22370  901  23487  24386  900  87.79  165
10218  15302  5085  10218  10606  389  14912  15302  391  87.21  169
15081  30177  15097  15081  15392  312  29858  30177  320  92.50  171
8370  11208  2839  8370  8634  265  10944  11208  265  86.79  173
44301  49626  5326  44301  44533  233  49392  49626  235  87.23  173
61115  71847  10733  61115  61465  351  71499  71847  349  93.16  173
38365  41473  3109  38365  38693  329  41164  41473  310  86.63  175
38430  42363  3934  38430  38659  230  42135  42363  229  89.13  185
57989  62005  4017  57989  58093  105  61902  62005  104  93.33  185
47452  50299  2848  47452  47979  528  49768  50299  532  90.04  186
3891  6157  2267  3891  4060  170  5989  6157  169  89.41  187
1507  9874  8368  1507  2290  784  9108  9874  767  87.63  189
15613  19666  4054  15613  15931  319  19318  19666  349  86.53  189
560  5637  5078  560  728  169  5462  5637  176  85.80  192
60372  62755  2384  60372  60514  143  62607  62755  149  88.59  194
20880  24455  3576  20880  21073  194  24265  24455  191  89.69  195
42559  49154  6596  42559  42753  195  48954  49154  201  86.07  195
55470  59789  4320  55470  56371  902  58883  59789  907  94.49  195
50382  54582  4201  50382  50534  153  54424  54582  159  93.08  197
20281  22557  2277  20281  20417  137  22422  22557  136  86.86  199
6172  9469  3298  6172  6706  535  8946  9469  524  89.16  200
56977  58795  1819  56977  57113  137  58651  58795  145  90.34  200
56872  61278  4407  56872  57204  333  60941  61278  338  89.94  201
57269  60442  3174  57269  57510  242  60215  60442  228  88.02  202
20283  24989  4707  20283  20796  514  24486  24989  504  88.72  203
1012  9014  8003  1012  1149  138  8880  9014  135  89.13  204
43125  53674  10550  43125  43361  237  53431  53674  244  87.30  213
121  1796  1676  121  665  545  1249  1796  548  92.15  214
12  3530  3519  12  831  820  2689  3530  842  91.33  215
13  3222  3210  13  913  901  2315  3222  908  97.25  216
51432  55627  4196  51432  51576  145  55485  55627  143  94.48  224
41308  46039  4732  41308  41542  235  45816  46039  224  85.53  226
13489  15885  2397  13489  14273  785  15094  15885  792  85.23  227
29576  32107  2532  29576  30196  621  31498  32107  610  92.27  227
4522  8169  3648  4522  4889  368  7774  8169  396  86.62  232
21974  24000  2027  21974  22518  545  23450  24000  551  92.56  234
46418  49326  2909  46418  47300  883  48466  49326  861  95.81  238
3488  15118  11631  3488  4004  517  14582  15118  537  93.67  241
20373  25403  5031  20373  20681  309  25094  25403  310  88.06  241
13495  16425  2931  13495  13961  467  15935  16425  491  86.56  243
17800  20546  2747  17800  18106  307  20244  20546  303  87.95  243
45993  48684  2692  45993  46191  199  48473  48684  212  85.85  243
10196  14429  4234  10196  10466  271  14145  14429  285  88.07  244
16695  19530  2836  16695  17318  624  18902  19530  629  92.37  244
45829  50240  4412  45829  46677  849  49394  50240  847  96.00  247
39098  43060  3963  39098  39925  828  42240  43060  821  93.48  254
14569  17343  2775  14569  14825  257  17091  17343  253  91.44  255
1305  2554  1250  1305  1541  237  2323  2554  232  92.83  269
7727  16086  8360  7727  7936  210  15886  16086  201  85.24  271
17206  19593  2388  17206  17460  255  19337  19593  257  90.27  272
31017  35389  4373  31017  31324  308  35077  35389  313  88.50  272
38454  43648  5195  38454  39349  896  42750  43648  899  91.21  272
191  7000  6810  191  1051  861  6150  7000  851  91.75  273
34326  36761  2436  34326  34486  161  36601  36761  161  100.00  273
24099  34398  10300  24099  24704  606  33806  34398  593  85.64  275
26048  27731  1684  26048  26163  116  27617  27731  115  87.07  276
23464  28666  5203  23464  23720  257  28408  28666  259  93.82  277
4621  9817  5197  4621  4968  348  9468  9817  350  98.86  283
14263  17375  3113  14263  14462  200  17171  17375  205  91.22  283
26736  28785  2050  26736  27010  275  28504  28785  282  88.30  285
36859  39450  2592  36859  37212  354  39090  39450  361  85.04  286
3126  6620  3495  3126  3241  116  6505  6620  116  87.93  287
14428  17114  2687  14428  14697  270  16862  17114  253  85.93  287
17698  29634  11937  17698  17909  212  29421  29634  214  92.06  288
32631  37140  4510  32631  33466  836  36301  37140  840  89.29  288
621  7265  6645  621  1526  906  6376  7265  890  90.84  292
16657  18114  1458  16657  16971  315  17808  18114  307  85.71  292
27723  37177  9455  27723  28357  635  36545  37177  633  96.38  292
14713  24412  9700  14713  14839  127  24285  24412  128  92.97  293
25377  32404  7028  25377  25644  268  32133  32404  272  87.87  293
33088  35762  2675  33088  33492  405  35360  35762  403  85.43  293
4960  13027  8068  4960  5181  222  12796  13027  232  87.50  294
29635  37095  7461  29635  30601  967  36118  37095  978  93.05  294
11364  14267  2904  11364  12260  897  13386  14267  882  88.63  296
27707  35490  7784  27707  28088  382  35126  35490  365  85.34  301
27737  30582  2846  27737  28197  461  30132  30582  451  85.47  302
23242  27889  4648  23242  23993  752  27157  27889  733  91.49  303
26272  33531  7260  26272  26728  457  33085  33531  447  90.15  313
24697  31245  6549  24697  25078  382  30856  31245  390  95.90  315
13755  18077  4323  13755  14163  409  17647  18077  431  86.31  317
12  1600  1589  12  470  459  1137  1600  464  95.69  318
26531  28566  2036  26531  26725  195  28360  28566  207  94.20  330
20249  29861  9613  20249  20817  569  29307  29861  555  93.85  332
2002  6315  4314  2002  2422  421  5889  6315  427  89.70  337
24787  27617  2831  24787  25057  271  27365  27617  253  89.67  339
5757  7564  1808  5757  6116  360  7208  7564  357  91.11  343
4942  9880  4939  4942  5252  311  9589  9880  292  86.82  345
13894  17992  4099  13894  14022  129  17848  17992  145  85.52  345
7184  12256  5073  7184  7689  506  11759  12256  498  91.70  348
3941  12685  8745  3941  4524  584  12095  12685  591  88.66  357
5362  10194  4833  5362  5525  164  10040  10194  155  85.98  361
3492  7171  3680  3492  4235  744  6428  7171  744  88.71  362
23084  25151  2068  23084  23640  557  24600  25151  552  92.82  362
17749  20320  2572  17749  18028  280  20033  20320  288  90.97  372
5309  10078  4770  5309  5466  158  9935  10078  144  90.51  374
6327  8962  2636  6327  6615  289  8676  8962  287  91.00  375
18424  23582  5159  18424  19057  634  22932  23582  651  86.02  381
21311  23268  1958  21311  21498  188  23090  23268  179  90.43  387
2062  12262  10201  2062  2347  286  11967  12262  296  89.86  389
5703  10567  4865  5703  5925  223  10354  10567  214  87.89  391
8895  14478  5584  8895  9543  649  13818  14478  661  87.29  401
988  7480  6493  988  1643  656  6820  7480  661  87.59  402
18508  21015  2508  18508  19145  638  20369  21015  647  87.33  402
72  14135  14064  72  1055  984  13149  14135  987  95.24  404
5233  15853  10621  5233  5523  291  15569  15853  285  86.94  408
4900  13235  8336  4900  5551  652  12575  13235  661  93.34  413
16407  20567  4161  16407  16698  292  20285  20567  283  87.67  417
4482  9825  5344  4482  4857  376  9457  9825  369  95.74  418
2774  5624  2851  2774  3274  501  5119  5624  506  91.90  428
966  4842  3877  966  1091  126  4716  4842  127  89.76  432
11737  13928  2192  11737  12205  469  13458  13928  471  90.02  435
13385  17976  4592  13385  13590  206  17782  17976  195  94.66  438
13048  15007  1960  13048  13355  308  14688  15007  320  88.44  439
621  6926  6306  621  1171  551  6357  6926  570  88.42  440
8610  11590  2981  8610  8766  157  11423  11590  168  88.10  440
2213  7295  5083  2213  2550  338  6961  7295  335  96.75  447
12228  17563  5336  12228  12840  613  16943  17563  621  95.17  458
1776  6233  4458  1776  2226  451  5766  6233  468  85.26  460
8074  12310  4237  8074  8259  186  12105  12310  206  86.89  460
4717  16170  11454  4717  4824  108  16047  16170  124  87.10  461
9285  12153  2869  9285  9562  278  11874  12153  280  90.36  471
1902  4602  2701  1902  2071  170  4434  4602  169  88.24  473
14757  16760  2004  14757  15034  278  16489  16760  272  92.45  474
4092  8601  4510  4092  4213  122  8495  8601  107  86.89  476
7717  14248  6532  7717  7928  212  14033  14248  216  89.81  478
13095  14790  1696  13095  13531  437  14373  14790  418  95.42  482
6767  11783  5017  6767  7324  558  11243  11783  541  90.32  483
686  5721  5036  686  814  129  5593  5721  129  100.00  490
12  6211  6200  12  823  812  5393  6211  819  93.16  500
358  4852  4495  358  1088  731  4103  4852  750  92.27  502
6850  8227  1378  6850  7171  322  7901  8227  327  94.80  507
12  3009  2998  12  1000  989  2019  3009  991  97.48  509
14  14866  14853  14  677  664  14220  14866  647  92.62  514
1690  5880  4191  1690  1945  256  5617  5880  264  88.64  516
600  4646  4047  600  1508  909  3728  4646  919  88.68  518
10001  11639  1639  10001  10132  132  11523  11639  117  85.61  520
8563  13644  5082  8563  9425  863  12743  13644  902  95.23  521
1960  6576  4617  1960  2221  262  6296  6576  281  88.97  534
5836  8531  2696  5836  6037  202  8331  8531  201  96.53  536
5839  11921  6083  5839  5959  121  11786  11921  136  86.76  540
6788  13443  6656  6788  7289  502  12934  13443  510  93.33  546
2757  9227  6471  2757  2872  116  9112  9227  116  89.66  547
315  6938  6624  315  437  123  6820  6938  119  91.06  548
8537  12802  4266  8537  8664  128  12675  12802  128  85.16  551
179  7637  7459  179  453  275  7393  7637  245  87.64  553
1951  5747  3797  1951  2206  256  5478  5747  270  85.93  567
7  1419  1413  7  299  293  1138  1419  282  92.15  570
5066  8562  3497  5066  5715  650  7921  8562  642  98.77  570
3920  11311  7392  3920  4119  200  11110  11311  202  99.01  571
3439  7284  3846  3439  4269  831  6444  7284  841  98.81  573
16  2349  2334  16  1000  985  1350  2349  1000  98.30  575
9226  11944  2719  9226  9887  662  11279  11944  666  99.10  598
6803  10065  3263  6803  7025  223  9850  10065  216  87.00  602
1091  6220  5130  1091  1231  141  6069  6220  152  86.84  603
6776  11840  5065  6776  6944  169  11670  11840  171  85.38  604
10051  11727  1677  10051  10355  305  11437  11727  291  87.54  612
4638  7325  2688  4638  5142  505  6818  7325  508  87.01  621
4477  6923  2447  4477  4701  225  6679  6923  245  89.39  623
722  4827  4106  722  852  131  4696  4827  132  90.91  627
765  8456  7692  765  947  183  8282  8456  175  90.16  641
1165  9758  8594  1165  1602  438  9310  9758  449  89.09  643
2688  8354  5667  2688  3133  446  7907  8354  448  94.20  646
5981  10611  4631  5981  6171  191  10420  10611  192  89.58  647
12  7608  7597  12  332  321  7301  7608  308  88.16  650
5089  7912  2824  5089  5265  177  7739  7912  174  87.01  660
2203  4435  2233  2203  2370  168  4269  4435  167  99.40  662
4236  7522  3287  4236  4518  283  7245  7522  278  87.28  665
6855  10318  3464  6855  7192  338  9966  10318  353  87.82  666
98  10610  10513  98  407  310  10312  10610  299  96.45  667
2311  7266  4956  2311  2608  298  6978  7266  289  88.59  673
606  6230  5625  606  1022  417  5821  6230  410  96.40  676
3847  5610  1764  3847  4047  201  5391  5610  220  90.91  693
904  2653  1750  904  1501  598  2026  2653  628  91.72  699
3752  9334  5583  3752  3872  121  9223  9334  112  88.43  706
162  8335  8174  162  431  270  8071  8335  265  95.93  712
1991  7076  5086  1991  2352  362  6710  7076  367  91.55  713
2546  8980  6435  2546  2759  214  8746  8980  235  89.79  734
388  7347  6960  388  647  260  7081  7347  267  94.76  743
6  4916  4911  6  197  192  4728  4916  189  88.54  749
3405  7535  4131  3405  3529  125  7411  7535  125  97.60  751
829  3415  2587  829  1179  351  3029  3415  387  90.44  756
687  4259  3573  687  883  197  4082  4259  178  88.32  762
2804  7794  4991  2804  2943  140  7656  7794  139  93.57  764
7337  8883  1547  7337  7868  532  8390  8883  494  89.10  786
5637  8195  2559  5637  5822  186  8017  8195  179  87.10  792
955  4177  3223  955  1090  136  4033  4177  145  87.59  804
2593  5057  2465  2593  3258  666  4411  5057  647  94.29  808
1465  3604  2140  1465  1710  246  3361  3604  244  92.68  826
208  8189  7982  208  744  537  7647  8189  543  87.48  827
3107  8238  5132  3107  3274  168  8074  8238  165  93.45  830
239  1689  1451  239  583  345  1358  1689  332  91.88  840
2533  6310  3778  2533  2834  302  5985  6310  326  86.50  841
363  8191  7829  363  960  598  7587  8191  605  94.88  855
2750  5180  2431  2750  2858  109  5072  5180  109  97.25  864
848  6157  5310  848  1141  294  5861  6157  297  85.86  867
146  4243  4098  146  425  280  3972  4243  272  87.50  886
511  4558  4048  511  650  140  4417  4558  142  97.89  895
8  2187  2180  8  864  857  1297  2187  891  96.18  922
1752  4054  2303  1752  2390  639  3417  4054  638  93.27  928
3457  4816  1360  3457  3733  277  4546  4816  271  88.45  936
3288  7390  4103  3288  3559  272  7123  7390  268  94.85  942
2773  5998  3226  2773  2921  149  5861  5998  138  87.92  946
426  5800  5375  426  614  189  5605  5800  196  91.84  956
1023  6137  5115  1023  1335  313  5823  6137  315  95.24  972
485  1718  1234  485  689  205  1503  1718  216  86.57  974
3007  4887  1881  3007  3225  219  4680  4887  208  91.32  979
3671  7011  3341  3671  4666  996  6046  7011  966  95.98  988
2768  6867  4100  2768  3675  908  5986  6867  882  89.76  1008
6  4166  4161  6  829  824  3322  4166  845  94.91  1013
1290  6267  4978  1290  1509  220  6066  6267  202  91.82  1028
2980  6684  3705  2980  3688  709  5990  6684  695  91.11  1031
1172  6157  4986  1172  1488  317  5845  6157  313  94.01  1032
1361  5758  4398  1361  1547  187  5581  5758  178  92.51  1034
458  5569  5112  458  790  333  5248  5569  322  95.20  1041
1084  6595  5512  1084  1436  353  6240  6595  356  96.91  1043
34  5694  5661  34  724  691  4969  5694  726  91.05  1052
316  1786  1471  316  616  301  1480  1786  307  86.97  1069
3486  5868  2383  3486  3681  196  5672  5868  197  93.91  1071
551  5427  4877  551  692  142  5287  5427  141  99.30  1080
114  5279  5166  114  416  303  4990  5279  290  95.38  1097
2754  6005  3252  2754  3047  294  5719  6005  287  88.78  1100
15  5904  5890  15  501  487  5388  5904  517  89.75  1101
1853  5870  4018  1853  2670  818  5033  5870  838  88.19  1108
1297  4163  2867  1297  1671  375  3786  4163  378  94.97  1115
1009  5774  4766  1009  1252  244  5532  5774  243  94.26  1125
1139  5415  4277  1139  1284  146  5270  5415  146  99.32  1130
1020  5669  4650  1020  1140  121  5558  5669  112  90.91  1135
3403  6064  2662  3403  3932  530  5547  6064  518  88.49  1152
13  5765  5753  13  859  847  4912  5765  854  98.01  1157
1340  5646  4307  1340  1476  137  5499  5646  148  88.51  1161
514  6016  5503  514  1260  747  5275  6016  742  93.71  1167
16  4630  4615  16  394  379  4243  4630  388  87.89  1172
280  5057  4778  280  466  187  4847  5057  211  88.63  1174
3327  4845  1519  3327  3842  516  4341  4845  505  95.35  1180
10  4691  4682  10  206  197  4484  4691  208  91.35  1188
2323  4439  2117  2323  2474  152  4272  4439  168  86.31  1189
10  5893  5884  10  197  188  5710  5893  184  87.77  1198
539  5457  4919  539  868  330  5152  5457  306  90.61  1209
405  5516  5112  405  535  131  5387  5516  130  96.95  1216
23  5819  5797  23  568  546  5258  5819  562  94.84  1222
1455  5680  4226  1455  1570  116  5565  5680  116  99.14  1223
113  5256  5144  113  419  307  4946  5256  311  96.14  1227
1517  5670  4154  1517  1654  138  5550  5670  121  87.68  1228
846  5116  4271  846  967  122  4994  5116  123  92.68  1237
36  5725  5690  36  605  570  5129  5725  597  92.80  1239
779  5056  4278  779  1122  344  4733  5056  324  85.17  1251
1371  5617  4247  1371  1860  490  5135  5617  483  94.69  1262
3410  5119  1710  3410  4007  598  4533  5119  587  97.99  1271
665  4276  3612  665  1381  717  3566  4276  711  89.82  1296
160  5136  4977  160  356  197  4941  5136  196  96.45  1326
288  5297  5010  288  741  454  4868  5297  430  94.71  1344
7  5255  5249  7  1000  994  4267  5255  989  97.48  1347
18  2801  2784  18  999  982  1808  2801  994  97.79  1366
159  5029  4871  159  418  260  4777  5029  253  96.15  1374
137  2712  2576  137  467  331  2378  2712  335  88.06  1383
577  3689  3113  577  859  283  3387  3689  303  85.81  1407
30  4873  4844  30  185  156  4720  4873  154  96.15  1418
1960  3723  1764  1960  2075  116  3603  3723  121  94.21  1432
926  2553  1628  926  1459  534  2014  2553  540  93.33  1438
2611  4596  1986  2611  3544  934  3640  4596  957  91.54  1441
550  4633  4084  550  654  105  4528  4633  106  99.06  1450
22  4952  4931  22  595  574  4391  4952  562  90.42  1461
261  4767  4507  261  390  130  4632  4767  136  95.59  1468
45  3971  3927  45  359  315  3635  3971  337  87.54  1490
157  4623  4467  157  285  129  4484  4623  140  90.71  1492
25  2938  2914  25  753  729  2182  2938  757  95.64  1497
13  4833  4821  13  595  583  4245  4833  589  96.43  1500
1268  2568  1301  1268  1558  291  2279  2568  290  94.50  1519
503  3335  2833  503  1246  744  2573  3335  763  88.47  1522
2256  4523  2268  2256  2565  310  4212  4523  312  89.42  1525
32  4716  4685  32  603  572  4131  4716  586  91.81  1538
9  4171  4163  9  550  542  3610  4171  562  95.91  1558
241  4537  4297  241  398  158  4381  4537  157  99.37  1560
1336  4070  2735  1336  1549  214  3852  4070  219  85.39  1564
2005  4440  2436  2005  2317  313  4120  4440  321  87.23  1574
2244  4004  1761  2244  2377  134  3871  4004  134  87.31  1582
189  2550  2362  189  1182  994  1553  2550  998  98.70  1589
648  4473  3826  648  885  238  4226  4473  248  86.69  1593
76  1734  1659  76  301  226  1523  1734  212  88.05  1625
1413  3888  2476  1413  1607  195  3693  3888  196  95.41  1636
209  4256  4048  209  325  117  4127  4256  130  88.46  1651
47  4387  4341  47  627  581  3786  4387  602  88.21  1660
832  4113  3282  832  1663  832  3293  4113  821  85.10  1673
788  2356  1569  788  1152  365  1989  2356  368  96.74  1674
1728  4179  2452  1728  2061  334  3843  4179  337  86.94  1686
2308  3965  1658  2308  2935  628  3344  3965  622  98.41  1691
299  2360  2062  299  907  609  1758  2360  603  96.72  1723
1263  3166  1904  1263  1538  276  2878  3166  289  85.47  1801
538  2303  1766  538  1248  711  1561  2303  743  87.21  1864
319  2390  2072  319  464  146  2243  2390  148  86.49  1879
83  3099  3017  83  786  704  2406  3099  694  87.64  1908
180  3643  3464  180  340  161  3482  3643  162  88.27  1911
978  3683  2706  978  1767  790  2903  3683  781  93.42  1966
142  3540  3399  142  413  272  3294  3540  247  90.44  1972
865  3628  2764  865  1333  469  3176  3628  453  91.47  1986
808  3398  2591  808  1155  348  3039  3398  360  91.39  1993
2065  3511  1447  2065  2188  124  3386  3511  126  88.89  2020
9  1632  1624  9  615  607  1030  1632  603  96.05  2029
690  3372  2683  690  1054  365  3027  3372  346  86.58  2045
23  3466  3444  23  538  516  2938  3466  529  85.44  2086
968  3392  2425  968  1546  579  2790  3392  603  95.52  2091
107  2073  1967  107  776  670  1409  2073  665  96.87  2142
1218  2952  1735  1218  1399  182  2760  2952  193  92.75  2143
143  2717  2575  143  323  181  2517  2717  201  85.57  2146
16  3366  3351  16  266  251  3108  3366  259  87.64  2150
316  3040  2725  316  535  220  2827  3040  214  87.73  2181
28  3199  3172  28  212  185  2986  3199  214  85.98  2182
16  2933  2918  16  247  232  2681  2933  253  88.54  2189
1550  3176  1627  1550  1742  193  2987  3176  190  89.12  2264
39  2157  2119  39  717  679  1438  2157  720  94.31  2283
108  2070  1963  108  600  493  1571  2070  500  97.60  2315
13  3072  3060  13  753  741  2330  3072  743  96.77  2353
394  2257  1864  394  761  368  1897  2257  361  91.30  2393
606  2548  1943  606  802  197  2360  2548  189  85.79  2396
162  1914  1753  162  302  141  1762  1914  153  87.58  2413
143  2822  2680  143  320  178  2649  2822  174  95.51  2432
112  1701  1590  112  676  565  1142  1701  560  90.44  2438
434  2465  2032  434  1213  780  1699  2465  767  98.33  2442
7  2919  2913  7  876  870  2067  2919  853  96.67  2447
575  2262  1688  575  1230  656  1597  2262  666  97.15  2479
542  2798  2257  542  859  318  2480  2798  319  94.04  2540
13  2787  2775  13  595  583  2204  2787  584  89.38  2541
537  2002  1466  537  736  200  1819  2002  184  89.50  2671
102  2368  2267  102  618  517  1838  2368  531  90.77  2702
16  2583  2568  16  498  483  2109  2583  475  92.13  2719
497  2343  1847  497  714  218  2138  2343  206  87.61  2767
472  1969  1498  472  932  461  1521  1969  449  94.58  2768
17  2217  2201  17  542  526  1682  2217  536  93.10  2772
400  2354  1955  400  1178  779  1570  2354  785  96.31  2836
8  1999  1992  8  618  611  1370  1999  630  92.38  2983
177  2173  1997  177  1175  999  1204  2173  970  96.00  3052
18  1972  1955  18  954  937  1037  1972  936  98.61  3106
13  2178  2166  13  780  768  1405  2178  774  97.16  3108
514  1969  1456  514  693  180  1790  1969  180  89.44  3118
10  1913  1904  10  296  287  1619  1913  295  90.17  3141
9  1992  1984  9  812  804  1189  1992  804  97.01  3271
29  1845  1817  29  402  374  1463  1845  383  89.03  3360
