# args=-index /media/amir/DATA/work/RM_ANALYSIS/Otip/Otip_ltrharvest.index -mintsd 5 -maxtsd 100
# predictions are reported in the following way
# s(ret) e(ret) l(ret) s(lLTR) e(lLTR) l(lLTR) s(rLTR) e(rLTR) l(rLTR) sim(LTRs) seq-nr 
# where:
# s = starting position
# e = ending position
# l = length
# ret = LTR-retrotransposon
# lLTR = left LTR
# rLTR = right LTR
# sim = similarity
# seq-nr = sequence number
11191  21962  10772  11191  11441  251  21721  21962  242  92.83  4488
24155  26518  2364  24155  24432  278  26236  26518  283  89.05  4565
2090  6082  3993  2090  2269  180  5893  6082  190  85.26  4620
4603  6625  2023  4603  4739  137  6484  6625  142  86.62  5097
8759  10131  1373  8759  8970  212  9935  10131  197  90.57  5113
31378  37887  6510  31378  31530  153  37721  37887  167  86.23  5116
53  3182  3130  53  167  115  3065  3182  118  85.59  5129
7297  10763  3467  7297  7563  267  10487  10763  277  87.00  5624
19394  21104  1711  19394  19620  227  20892  21104  213  91.63  5631
3117  4320  1204  3117  3278  162  4173  4320  148  85.19  5633
25300  28001  2702  25300  25571  272  27720  28001  282  86.17  5858
168  8150  7983  168  456  289  7855  8150  296  89.19  5938
12256  17504  5249  12256  12579  324  17185  17504  320  90.43  5981
7978  11175  3198  7978  8161  184  10992  11175  184  87.50  6240
14950  18667  3718  14950  15155  206  18466  18667  202  94.17  6399
3258  12532  9275  3258  3491  234  12319  12532  214  86.75  6435
7861  10943  3083  7861  8141  281  10656  10943  288  87.50  6649
1346  4322  2977  1346  1579  234  4089  4322  234  91.45  6710
7312  8915  1604  7312  7413  102  8812  8915  104  85.58  7269
494  2206  1713  494  754  261  1956  2206  251  85.44  10497
