# args=-index /media/amir/DATA/work/RM_ANALYSIS/Lloa/Lloa_ltrharvest.index -mintsd 5 -maxtsd 100
# predictions are reported in the following way
# s(ret) e(ret) l(ret) s(lLTR) e(lLTR) l(lLTR) s(rLTR) e(rLTR) l(rLTR) sim(LTRs) seq-nr 
# where:
# s = starting position
# e = ending position
# l = length
# ret = LTR-retrotransposon
# lLTR = left LTR
# rLTR = right LTR
# sim = similarity
# seq-nr = sequence number
647183  648660  1478  647183  647647  465  648206  648660  455  97.85  0
993223  1004300  11078  993223  993336  114  1004192  1004300  109  92.11  0
1251565  1253064  1500  1251565  1251918  354  1252722  1253064  343  90.11  0
1278175  1279696  1522  1278175  1278564  390  1279308  1279696  389  94.10  0
139147  140716  1570  139147  139551  405  140303  140716  414  97.34  1
511860  519469  7610  511860  512140  281  519203  519469  267  89.68  1
522893  528026  5134  522893  523262  370  527660  528026  367  94.32  1
630676  632464  1789  630676  631095  420  632046  632464  419  96.43  1
896494  898068  1575  896494  897014  521  897537  898068  532  93.80  1
1219612  1220807  1196  1219612  1219807  196  1220615  1220807  193  96.94  1
1238647  1252352  13706  1238647  1238754  108  1252244  1252352  109  99.08  1
601493  602935  1443  601493  601954  462  602495  602935  441  91.56  2
965476  967070  1595  965476  966016  541  966486  967070  585  91.97  2
1084485  1088659  4175  1084485  1084825  341  1088329  1088659  331  93.84  2
176191  177919  1729  176191  176755  565  177389  177919  531  93.81  3
273833  288965  15133  273833  274206  374  288602  288965  364  92.51  3
325423  326633  1211  325423  325587  165  326481  326633  153  87.88  3
640433  641600  1168  640433  640603  171  641443  641600  158  90.64  3
904883  906443  1561  904883  905343  461  905984  906443  460  98.48  3
910822  916144  5323  910822  911313  492  915648  916144  497  94.37  3
8317  10120  1804  8317  9080  764  9360  10120  761  93.85  4
849901  851399  1499  849901  850367  467  850916  851399  484  96.07  4
5594  7160  1567  5594  5774  181  6977  7160  184  88.59  5
444842  446651  1810  444842  445411  570  446079  446651  573  98.60  5
349868  351009  1142  349868  350004  137  350869  351009  141  94.33  6
493573  497218  3646  493573  493766  194  497028  497218  191  92.78  6
732204  733707  1504  732204  732646  443  733239  733707  469  93.18  6
149699  161287  11589  149699  150047  349  160942  161287  346  97.99  7
173003  174694  1692  173003  173322  320  174346  174694  349  89.40  7
356910  358170  1261  356910  357047  138  358032  358170  139  99.28  7
103758  116578  12821  103758  103859  102  116477  116578  102  85.29  8
406845  408287  1443  406845  407292  448  407861  408287  427  95.31  8
681744  685883  4140  681744  681843  100  685783  685883  101  97.03  10
245830  252401  6572  245830  245932  103  252301  252401  101  98.06  11
580754  582279  1526  580754  581249  496  581793  582279  487  95.56  11
418988  433356  14369  418988  419149  162  433195  433356  162  100.00  12
192089  193612  1524  192089  192603  515  193131  193612  482  93.59  13
298818  300347  1530  298818  299286  469  299858  300347  490  95.71  13
350499  356393  5895  350499  350608  110  356289  356393  105  92.73  13
539622  540965  1344  539622  539812  191  540775  540965  191  100.00  14
385272  386909  1638  385272  385729  458  386474  386909  436  94.54  15
136419  140436  4018  136419  136679  261  140178  140436  259  90.42  16
96200  105583  9384  96200  96416  217  105384  105583  200  86.64  17
252212  257927  5716  252212  252634  423  257513  257927  415  95.74  17
306876  308292  1417  306876  307190  315  307986  308292  307  91.11  18
154550  156127  1578  154550  155089  540  155607  156127  521  95.93  19
14040  24166  10127  14040  14494  455  23699  24166  468  94.23  20
34945  43100  8156  34945  35476  532  42595  43100  506  93.98  20
143985  146894  2910  143985  144598  614  146303  146894  592  90.07  20
267549  269547  1999  267549  267721  173  269376  269547  172  87.86  20
315053  316570  1518  315053  315493  441  316122  316570  449  96.88  20
2272  3574  1303  2272  2536  265  3312  3574  263  96.23  22
326193  327661  1469  326193  326622  430  327251  327661  411  95.58  22
75375  76579  1205  75375  75517  143  76446  76579  134  90.21  25
431952  436595  4644  431952  432151  200  436386  436595  210  95.24  25
16901  18607  1707  16901  17359  459  18132  18607  476  95.17  27
407660  409257  1598  407660  408169  510  408728  409257  530  95.47  28
308544  310256  1713  308544  309010  467  309748  310256  509  91.75  30
12374  27498  15125  12374  12803  430  27064  27498  435  96.78  31
86957  101956  15000  86957  87057  101  101856  101956  101  98.02  32
18407  19915  1509  18407  18873  467  19441  19915  475  95.58  35
355164  362902  7739  355164  355732  569  362327  362902  576  94.79  35
168757  183510  14754  168757  168859  103  183409  183510  102  88.35  36
131258  133508  2251  131258  131677  420  133099  133508  410  94.29  37
281613  283262  1650  281613  282142  530  282720  283262  543  95.03  37
157350  158916  1567  157350  157761  412  158485  158916  432  95.37  38
227576  228782  1207  227576  227680  105  228676  228782  107  97.20  38
372236  373843  1608  372236  372648  413  373422  373843  422  97.63  38
214785  217292  2508  214785  215168  384  216926  217292  367  94.53  39
231504  238247  6744  231504  231865  362  237888  238247  360  94.75  39
54553  55664  1112  54553  54659  107  55554  55664  111  93.69  42
114362  115978  1617  114362  114786  425  115551  115978  428  97.43  43
22162  23748  1587  22162  22686  525  23239  23748  510  96.76  44
226888  228429  1542  226888  227404  517  227913  228429  517  97.49  45
91180  92718  1539  91180  91288  109  92614  92718  105  93.58  47
162626  164059  1434  162626  162774  149  163911  164059  149  100.00  48
317804  324994  7191  317804  318221  418  324606  324994  389  90.19  49
37200  38662  1463  37200  37647  448  38252  38662  411  91.29  50
53195  54408  1214  53195  53318  124  54285  54408  124  100.00  50
237558  241509  3952  237558  237733  176  241338  241509  172  92.61  50
33111  34720  1610  33111  33591  481  34242  34720  479  99.17  51
36242  37656  1415  36242  36395  154  37503  37656  154  100.00  51
189212  190655  1444  189212  189624  413  190245  190655  411  94.92  52
140690  142238  1549  140690  141192  503  141771  142238  468  91.05  53
154020  156981  2962  154020  154123  104  156878  156981  104  93.27  54
1159  2680  1522  1159  1558  400  2271  2680  410  96.59  55
258294  259881  1588  258294  258532  239  259649  259881  233  97.49  55
64664  69336  4673  64664  64766  103  69233  69336  104  96.15  58
236166  239976  3811  236166  236292  127  239850  239976  127  91.34  58
274790  278224  3435  274790  275080  291  277941  278224  284  97.25  58
289825  298921  9097  289825  289938  114  298808  298921  114  98.25  58
295419  297132  1714  295419  295844  426  296725  297132  408  92.02  59
276669  278186  1518  276669  277129  461  277725  278186  462  97.62  61
16271  19717  3447  16271  16395  125  19593  19717  125  99.20  63
59891  69366  9476  59891  60029  139  69228  69366  139  92.81  63
135210  142299  7090  135210  135418  209  142091  142299  209  100.00  66
226672  241653  14982  226672  226771  100  241554  241653  100  95.00  66
20644  22202  1559  20644  21165  522  21663  22202  540  94.44  67
203916  205406  1491  203916  204293  378  205014  205406  393  94.66  67
29722  37141  7420  29722  29839  118  37021  37141  121  91.74  68
228373  236369  7997  228373  228896  524  235842  236369  528  96.02  68
184065  193736  9672  184065  184180  116  193629  193736  108  87.07  71
238897  242803  3907  238897  239023  127  242676  242803  128  93.75  72
40411  41832  1422  40411  40679  269  41549  41832  284  91.55  75
184001  195995  11995  184001  184440  440  195556  195995  440  93.86  75
2829  8515  5687  2829  3046  218  8305  8515  211  90.83  76
39402  40921  1520  39402  39800  399  40531  40921  391  97.49  77
133568  134832  1265  133568  133674  107  134726  134832  107  99.07  78
139770  145832  6063  139770  140240  471  145360  145832  473  95.35  78
178423  179838  1416  178423  178786  364  179456  179838  383  94.52  78
69728  84008  14281  69728  69920  193  83818  84008  191  96.37  81
224974  235561  10588  224974  225465  492  235065  235561  497  93.36  81
23121  25155  2035  23121  23581  461  24706  25155  450  96.96  82
162131  163649  1519  162131  162625  495  163137  163649  513  96.30  82
60922  62615  1694  60922  61025  104  62514  62615  102  89.42  87
34456  36088  1633  34456  34563  108  35978  36088  111  93.69  88
126139  135795  9657  126139  126644  506  135292  135795  504  96.64  88
180184  181609  1426  180184  180524  341  181268  181609  342  99.12  89
128586  130053  1468  128586  128990  405  129626  130053  428  92.29  92
121033  128583  7551  121033  121496  464  128129  128583  455  97.20  93
44051  45624  1574  44051  44410  360  45252  45624  373  95.44  95
50499  52035  1537  50499  50998  500  51539  52035  497  98.60  95
62276  69410  7135  62276  62469  194  69215  69410  196  96.94  95
8994  15667  6674  8994  9122  129  15537  15667  131  98.47  96
18464  19875  1412  18464  18565  102  19776  19875  100  93.14  96
65833  77437  11605  65833  66125  293  77126  77437  312  91.99  98
157880  163769  5890  157880  158154  275  163472  163769  298  85.23  100
139711  141436  1726  139711  140284  574  140888  141436  549  94.60  102
5440  8252  2813  5440  5567  128  8113  8252  140  86.43  104
58501  66091  7591  58501  59013  513  65602  66091  490  94.54  104
159739  161232  1494  159739  160138  400  160814  161232  419  90.69  104
134440  136522  2083  134440  134592  153  136369  136522  154  98.70  105
179048  191439  12392  179048  179219  172  191277  191439  163  93.60  105
127109  128585  1477  127109  127515  407  128183  128585  403  96.07  107
125625  129978  4354  125625  125752  128  129855  129978  124  89.06  108
183921  186799  2879  183921  184059  139  186660  186799  140  88.57  108
81165  82601  1437  81165  81436  272  82330  82601  272  85.29  113
178351  179647  1297  178351  178459  109  179539  179647  109  100.00  116
9  6382  6374  9  193  185  6201  6382  182  89.73  119
19588  23265  3678  19588  19919  332  22919  23265  347  94.52  119
49006  56987  7982  49006  49117  112  56878  56987  110  93.75  119
165908  167477  1570  165908  166435  528  166964  167477  514  96.78  119
73527  75140  1614  73527  74091  565  74543  75140  598  92.81  121
179178  183811  4634  179178  179482  305  183505  183811  307  97.72  121
70434  72089  1656  70434  70939  506  71633  72089  457  89.53  123
86296  91094  4799  86296  86572  277  90817  91094  278  90.29  123
94690  95816  1127  94690  94809  120  95695  95816  122  90.98  130
9  9788  9780  9  188  180  9609  9788  180  98.33  132
79773  81444  1672  79773  80298  526  80930  81444  515  95.63  133
115576  116755  1180  115576  115700  125  116644  116755  112  88.80  135
21095  34631  13537  21095  21196  102  34531  34631  101  93.14  136
87472  93015  5544  87472  87604  133  92882  93015  134  91.79  136
40999  42198  1200  40999  41183  185  42011  42198  188  92.02  137
68314  80975  12662  68314  68424  111  80863  80975  113  96.46  138
65993  67464  1472  65993  66390  398  67046  67464  419  93.08  140
128819  129955  1137  128819  128920  102  129846  129955  110  87.27  140
107536  108970  1435  107536  107881  346  108639  108970  332  93.06  141
807  6836  6030  807  985  179  6673  6836  164  87.71  144
30968  45682  14715  30968  31105  138  45544  45682  139  98.56  145
119960  124976  5017  119960  120286  327  124651  124976  326  93.88  145
34726  36105  1380  34726  35029  304  35774  36105  332  89.46  149
86094  89641  3548  86094  86295  202  89437  89641  205  97.07  149
10  10205  10196  10  158  149  10058  10205  148  95.30  151
85488  86879  1392  85488  85687  200  86686  86879  194  93.50  151
140737  142177  1441  140737  141122  386  141785  142177  393  94.40  154
63557  65177  1621  63557  63968  412  64777  65177  401  97.33  155
91079  92583  1505  91079  91509  431  92141  92583  443  97.29  155
131067  132550  1484  131067  131227  161  132392  132550  159  90.68  155
44233  45745  1513  44233  44622  390  45349  45745  397  97.73  156
76273  85813  9541  76273  76682  410  85399  85813  415  98.55  158
1359  7529  6171  1359  1551  193  7326  7529  204  86.27  160
27523  28994  1472  27523  27860  338  28666  28994  329  86.39  160
30589  44463  13875  30589  30700  112  44353  44463  111  92.86  160
76694  83689  6996  76694  76800  107  83583  83689  107  97.20  160
56281  57609  1329  56281  56537  257  57336  57609  274  89.42  162
66785  68364  1580  66785  67090  306  68061  68364  304  96.73  164
136547  138611  2065  136547  136721  175  138438  138611  174  90.86  164
124531  125876  1346  124531  124634  104  125775  125876  102  88.46  165
100446  105218  4773  100446  100569  124  105095  105218  124  100.00  166
114662  117354  2693  114662  114877  216  117159  117354  196  85.19  167
25693  35279  9587  25693  25877  185  35095  35279  185  100.00  169
83014  87443  4430  83014  83124  111  87333  87443  111  94.59  169
95159  108517  13359  95159  95269  111  108409  108517  109  98.20  169
29781  31399  1619  29781  30182  402  30980  31399  420  95.71  171
54855  59941  5087  54855  54957  103  59833  59941  109  93.58  172
98187  99690  1504  98187  98706  520  99206  99690  485  92.12  173
103934  105287  1354  103934  104059  126  105161  105287  127  97.64  176
112170  113834  1665  112170  112277  108  113728  113834  107  99.07  176
122816  127933  5118  122816  122917  102  127832  127933  102  93.14  176
21589  22823  1235  21589  21822  234  22594  22823  230  90.60  177
66106  67596  1491  66106  66553  448  67111  67596  486  92.18  177
63248  76249  13002  63248  63403  156  76093  76249  157  99.36  178
121691  122885  1195  121691  121819  129  122754  122885  132  85.61  178
64941  66093  1153  64941  65087  147  65943  66093  151  95.36  181
6265  15480  9216  6265  6762  498  14959  15480  522  92.15  182
34440  43392  8953  34440  34541  102  43291  43392  102  92.16  182
79685  81201  1517  79685  79986  302  80894  81201  308  96.10  182
94505  95660  1156  94505  94644  140  95513  95660  148  90.54  182
70  4252  4183  70  179  110  4143  4252  110  97.27  183
7  3794  3788  7  189  183  3613  3794  182  96.17  186
37827  38955  1129  37827  37937  111  38847  38955  109  88.29  186
97303  107442  10140  97303  97409  107  107340  107442  103  86.92  186
32846  45389  12544  32846  33011  166  45227  45389  163  97.59  190
71808  86136  14329  71808  71958  151  85985  86136  152  90.79  193
2176  7053  4878  2176  2373  198  6858  7053  196  97.98  194
72219  81401  9183  72219  72320  102  81301  81401  101  95.10  194
98906  113539  14634  98906  99014  109  113436  113539  104  89.91  194
115594  116923  1330  115594  115762  169  116755  116923  169  97.63  194
64300  68290  3991  64300  64405  106  68185  68290  106  100.00  196
94284  95989  1706  94284  94723  440  95563  95989  427  92.27  199
10035  12134  2100  10035  10450  416  11709  12134  426  97.18  203
71962  73276  1315  71962  72070  109  73166  73276  111  93.69  203
55662  66238  10577  55662  55772  111  66131  66238  108  93.69  204
114765  116138  1374  114765  114909  145  115997  116138  142  86.21  204
1032  13153  12122  1032  1355  324  12809  13153  345  87.83  205
17658  28180  10523  17658  18530  873  27289  28180  892  94.96  205
1972  7602  5631  1972  2442  471  7133  7602  470  97.45  207
79291  80835  1545  79291  79748  458  80372  80835  464  98.71  207
34319  35843  1525  34319  34742  424  35397  35843  447  93.51  211
61159  62688  1530  61159  61551  393  62292  62688  397  90.93  211
38405  49264  10860  38405  38508  104  49158  49264  107  90.65  213
2204  13954  11751  2204  2303  100  13847  13954  108  85.19  214
37676  39228  1553  37676  38178  503  38752  39228  477  94.83  214
17247  24449  7203  17247  17375  129  24320  24449  130  90.00  226
36562  40522  3961  36562  36711  150  40373  40522  150  100.00  227
68693  70266  1574  68693  69010  318  69947  70266  320  95.00  227
93611  95154  1544  93611  93711  101  95054  95154  101  91.09  227
38975  40481  1507  38975  39478  504  39975  40481  507  98.03  231
59661  61105  1445  59661  60078  418  60702  61105  404  92.11  232
77939  79161  1223  77939  78038  100  79053  79161  109  85.32  232
12107  21167  9061  12107  12210  104  21065  21167  103  88.46  234
26304  30062  3759  26304  26404  101  29960  30062  103  88.35  234
94003  104500  10498  94003  94102  100  104397  104500  104  88.46  234
60947  62500  1554  60947  61366  420  62088  62500  413  96.43  235
89840  97653  7814  89840  89945  106  97547  97653  107  94.39  235
19620  28360  8741  19620  19750  131  28215  28360  146  86.30  236
44980  46704  1725  44980  45510  531  46172  46704  533  94.75  237
86166  87917  1752  86166  86605  440  87499  87917  419  91.82  240
13533  25085  11553  13533  13680  148  24953  25085  133  85.81  241
13242  14402  1161  13242  13357  116  14285  14402  118  87.29  242
88842  98721  9880  88842  89179  338  98390  98721  332  95.56  243
21542  36759  15218  21542  21845  304  36460  36759  300  89.47  245
71669  86336  14668  71669  71839  171  86164  86336  173  98.84  245
69242  71501  2260  69242  69648  407  71106  71501  396  95.82  250
51623  64867  13245  51623  51760  138  64729  64867  139  98.56  251
17170  25050  7881  17170  17306  137  24911  25050  140  97.14  253
74166  80127  5962  74166  74404  239  79889  80127  239  100.00  255
39324  46846  7523  39324  39471  148  46703  46846  144  97.30  256
91633  93241  1609  91633  92129  497  92749  93241  493  97.79  256
34763  37285  2523  34763  34906  144  37138  37285  148  93.92  257
85770  87240  1471  85770  86125  356  86871  87240  370  92.97  257
26088  40099  14012  26088  26198  111  39989  40099  111  91.89  258
81710  90193  8484  81710  82081  372  89807  90193  387  94.83  260
52555  54149  1595  52555  52989  435  53690  54149  460  93.70  261
22074  31531  9458  22074  22284  211  31318  31531  214  94.86  263
45122  46360  1239  45122  45269  148  46213  46360  148  93.92  263
47  6721  6675  47  153  107  6619  6721  103  93.46  264
488  2237  1750  488  974  487  1748  2237  490  91.63  265
20897  22112  1216  20897  21019  123  21990  22112  123  100.00  266
49427  59309  9883  49427  49534  108  59198  59309  112  85.71  267
87913  90567  2655  87913  88051  139  90429  90567  139  98.56  267
78648  79940  1293  78648  78833  186  79755  79940  186  100.00  271
45183  46845  1663  45183  45718  536  46329  46845  517  94.22  272
2113  3509  1397  2113  2329  217  3284  3509  226  92.04  274
22100  23467  1368  22100  22245  146  23321  23467  147  95.24  274
26759  41093  14335  26759  26859  101  40992  41093  102  98.04  275
64550  66078  1529  64550  65035  486  65564  66078  515  94.37  276
8  13703  13696  8  139  132  13569  13703  135  97.78  279
78850  83968  5119  78850  79001  152  83817  83968  152  100.00  279
5091  6572  1482  5091  5351  261  6322  6572  251  93.49  281
7534  9175  1642  7534  8033  500  8695  9175  481  93.80  281
31678  39085  7408  31678  32214  537  38548  39085  538  94.24  287
81320  82973  1654  81320  81605  286  82693  82973  281  98.25  289
37243  38755  1513  37243  37734  492  38288  38755  468  94.31  290
1805  3220  1416  1805  2154  350  2869  3220  352  98.30  291
79193  82997  3805  79193  79459  267  82742  82997  256  93.63  291
954  2765  1812  954  1392  439  2347  2765  419  94.99  296
18301  29415  11115  18301  18444  144  29270  29415  146  96.58  297
31290  43809  12520  31290  31406  117  43695  43809  115  91.45  303
6881  8350  1470  6881  7345  465  7884  8350  467  98.72  307
10437  12495  2059  10437  10954  518  11992  12495  504  96.72  308
62256  63751  1496  62256  62735  480  63269  63751  483  98.14  309
51607  53024  1418  51607  52029  423  52632  53024  393  91.49  310
51987  66785  14799  51987  52101  115  66674  66785  112  86.96  316
36783  38247  1465  36783  37161  379  37869  38247  379  98.42  319
37221  38968  1748  37221  37383  163  38804  38968  165  95.15  322
67119  68700  1582  67119  67417  299  68408  68700  293  92.64  322
15  3083  3069  15  128  114  2977  3083  107  85.96  323
43421  44972  1552  43421  43803  383  44588  44972  385  97.92  324
70850  72086  1237  70850  71043  194  71895  72086  192  92.78  324
400  12977  12578  400  575  176  12802  12977  176  96.02  326
11172  24353  13182  11172  11411  240  24113  24353  241  98.34  327
54825  69984  15160  54825  54987  163  69825  69984  160  85.28  327
71958  73530  1573  71958  72389  432  73095  73530  436  95.64  330
1856  11727  9872  1856  2215  360  11372  11727  356  96.39  335
59184  73462  14279  59184  59408  225  73239  73462  224  99.11  336
30596  32363  1768  30596  31071  476  31879  32363  485  95.26  339
47314  55231  7918  47314  47724  411  54828  55231  404  96.84  342
45710  47244  1535  45710  46174  465  46781  47244  464  98.28  347
63458  64987  1530  63458  63963  506  64480  64987  508  93.31  352
1333  14466  13134  1333  1522  190  14277  14466  190  92.63  353
5650  7200  1551  5650  5751  102  7099  7200  102  94.12  355
9015  10317  1303  9015  9144  130  10190  10317  128  90.00  355
55383  56953  1571  55383  55657  275  56671  56953  283  91.87  355
6695  8268  1574  6695  7177  483  7767  8268  502  95.02  357
26048  39812  13765  26048  26177  130  39684  39812  129  99.23  357
24700  37801  13102  24700  24801  102  37702  37801  100  93.14  358
37820  42678  4859  37820  37932  113  42566  42678  113  100.00  358
9609  12333  2725  9609  9712  104  12231  12333  103  90.38  361
55527  61066  5540  55527  55633  107  60959  61066  108  95.37  361
23459  34353  10895  23459  23671  213  34140  34353  214  95.79  362
42650  46631  3982  42650  42751  102  46530  46631  102  100.00  364
26094  27611  1518  26094  26426  333  27269  27611  343  91.84  366
43987  45349  1363  43987  44094  108  45243  45349  107  99.07  366
32479  37741  5263  32479  32909  431  37333  37741  409  94.20  368
33492  48505  15014  33492  33608  117  48389  48505  117  100.00  371
43981  54045  10065  43981  44093  113  53931  54045  115  93.91  372
1236  2552  1317  1236  1526  291  2260  2552  293  95.90  374
3866  9207  5342  3866  4300  435  8787  9207  421  91.49  376
24887  32407  7521  24887  25062  176  32236  32407  172  86.36  379
44080  45363  1284  44080  44212  133  45233  45363  131  96.24  379
24249  25797  1549  24249  24582  334  25457  25797  341  96.19  382
418  2280  1863  418  814  397  1884  2280  397  92.95  383
49569  50975  1407  49569  49723  155  50821  50975  155  100.00  383
3183  4663  1481  3183  3458  276  4388  4663  276  95.65  387
39339  40817  1479  39339  39777  439  40419  40817  399  90.21  390
28093  40222  12130  28093  28212  120  40102  40222  121  99.17  392
21646  25604  3959  21646  21797  152  25452  25604  153  99.35  393
55943  57145  1203  55943  56063  121  57018  57145  128  90.62  395
32729  33837  1109  32729  32828  100  33733  33837  105  88.57  396
13917  15382  1466  13917  14036  120  15268  15382  115  93.33  397
2390  6047  3658  2390  2538  149  5901  6047  147  98.66  401
8440  20905  12466  8440  8572  133  20772  20905  134  99.25  401
16106  17455  1350  16106  16237  132  17316  17455  140  88.57  404
21071  31165  10095  21071  21182  112  31053  31165  113  96.46  404
9052  11480  2429  9052  9158  107  11376  11480  105  97.20  405
33443  36556  3114  33443  33580  138  36419  36556  138  100.00  406
35  11789  11755  35  166  132  11656  11789  134  97.76  408
23860  36429  12570  23860  23961  102  36329  36429  101  96.08  414
1440  2848  1409  1440  1588  149  2692  2848  157  92.36  417
10523  22172  11650  10523  10667  145  22035  22172  138  87.59  418
3323  8724  5402  3323  3769  447  8286  8724  439  95.97  420
47683  50824  3142  47683  47791  109  50720  50824  105  85.32  423
523  7362  6840  523  856  334  7044  7362  319  91.62  426
8901  18945  10045  8901  9013  113  18840  18945  106  91.15  428
39620  41110  1491  39620  39982  363  40751  41110  360  96.14  429
4448  10507  6060  4448  4805  358  10129  10507  379  93.93  432
31795  33379  1585  31795  32297  503  32891  33379  489  96.42  433
35  5254  5220  35  307  273  4980  5254  275  98.55  436
14171  18116  3946  14171  14308  138  17977  18116  140  95.00  438
24628  26290  1663  24628  25141  514  25806  26290  485  93.97  438
16592  26338  9747  16592  16721  130  26211  26338  128  94.62  439
34199  35728  1530  34199  34322  124  35599  35728  130  90.77  439
4314  13547  9234  4314  4493  180  13387  13547  161  85.56  441
25773  29639  3867  25773  25879  107  29534  29639  106  97.20  441
5997  11515  5519  5997  6101  105  11411  11515  105  98.10  442
19385  20543  1159  19385  19497  113  20422  20543  122  89.34  445
41949  44688  2740  41949  42099  151  44534  44688  155  90.97  446
16058  17277  1220  16058  16273  216  17062  17277  216  99.07  448
6941  8278  1338  6941  7061  121  8155  8278  124  91.13  449
6256  11674  5419  6256  6368  113  11566  11674  109  92.92  451
61  5508  5448  61  532  472  5033  5508  476  98.74  455
17737  19252  1516  17737  18239  503  18777  19252  476  94.63  457
19132  20670  1539  19132  19609  478  20193  20670  478  98.12  459
39130  40316  1187  39130  39251  122  40205  40316  112  86.07  465
36556  44117  7562  36556  36700  145  43968  44117  150  96.00  466
14971  23901  8931  14971  15098  128  23768  23901  134  90.30  473
1591  2741  1151  1591  1712  122  2617  2741  125  89.60  475
3698  18646  14949  3698  4107  410  18244  18646  403  96.34  475
1071  2790  1720  1071  1501  431  2340  2790  451  95.12  479
16283  29774  13492  16283  16407  125  29653  29774  122  94.40  479
18874  20180  1307  18874  19034  161  20026  20180  155  93.17  481
27138  36279  9142  27138  27344  207  36075  36279  205  91.30  483
59  2542  2484  59  333  275  2266  2542  277  97.47  486
266  2427  2162  266  595  330  2109  2427  319  90.91  489
6321  20891  14571  6321  6447  127  20766  20891  126  89.76  493
24440  26300  1861  24440  24755  316  25994  26300  307  96.52  495
28304  36627  8324  28304  28418  115  36515  36627  113  95.65  498
18800  20349  1550  18800  19294  495  19824  20349  526  92.59  500
4124  7589  3466  4124  4683  560  7042  7589  548  93.21  503
7264  14851  7588  7264  7692  429  14430  14851  422  96.97  506
35357  36976  1620  35357  35826  470  36513  36976  464  94.04  507
4499  11774  7276  4499  4615  117  11658  11774  117  95.73  508
20811  35958  15148  20811  21237  427  35519  35958  440  88.64  508
34753  36106  1354  34753  34905  153  35963  36106  144  90.20  509
856  2493  1638  856  1276  421  2062  2493  432  93.75  516
11205  13372  2168  11205  11574  370  12991  13372  382  89.01  516
30474  35755  5282  30474  30635  162  35586  35755  170  87.06  520
24948  32329  7382  24948  25103  156  32175  32329  155  92.95  521
1130  2452  1323  1130  1337  208  2254  2452  199  94.71  522
11454  13061  1608  11454  11930  477  12586  13061  476  91.19  523
781  7865  7085  781  999  219  7657  7865  209  89.95  525
32218  34377  2160  32218  32635  418  33955  34377  423  96.22  526
15909  17262  1354  15909  16052  144  17119  17262  144  98.61  531
1114  2809  1696  1114  1364  251  2550  2809  260  91.92  534
3163  11453  8291  3163  3277  115  11337  11453  117  87.18  537
21681  23248  1568  21681  22124  444  22856  23248  393  86.94  538
28870  33577  4708  28870  28991  122  33456  33577  122  92.62  538
5171  8817  3647  5171  5376  206  8629  8817  189  90.78  543
1256  2927  1672  1256  1656  401  2535  2927  393  94.51  548
15049  17026  1978  15049  15488  440  16586  17026  441  97.51  549
26004  29960  3957  26004  26220  217  29736  29960  225  85.78  549
27762  29110  1349  27762  27919  158  28952  29110  159  96.86  551
11640  16265  4626  11640  11778  139  16127  16265  139  93.53  557
4318  7792  3475  4318  4447  130  7662  7792  131  90.08  558
28600  30268  1669  28600  28728  129  30140  30268  129  98.45  559
15462  21855  6394  15462  15629  168  21700  21855  156  86.90  561
1080  4557  3478  1080  1372  293  4253  4557  305  89.18  566
5397  8281  2885  5397  5550  154  8134  8281  148  88.31  571
5955  13926  7972  5955  6411  457  13445  13926  482  89.42  576
17708  19018  1311  17708  17945  238  18786  19018  233  91.60  577
25636  27213  1578  25636  25804  169  27039  27213  175  94.86  577
18354  19764  1411  18354  18734  381  19366  19764  399  95.49  583
20284  21747  1464  20284  20399  116  21627  21747  121  91.74  583
22313  23608  1296  22313  22534  222  23396  23608  213  91.44  583
18300  19761  1462  18300  18764  465  19302  19761  460  96.99  588
10163  11963  1801  10163  10671  509  11452  11963  512  96.09  589
20819  23779  2961  20819  20935  117  23665  23779  115  93.16  589
4460  5695  1236  4460  4686  227  5460  5695  236  92.37  595
20802  22463  1662  20802  20928  127  22335  22463  129  93.80  601
4757  8353  3597  4757  5039  283  8092  8353  262  89.40  615
10731  12475  1745  10731  11200  470  11992  12475  484  96.90  616
18614  23672  5059  18614  19163  550  23130  23672  543  92.55  620
14252  15541  1290  14252  14385  134  15418  15541  124  91.04  626
5175  6575  1401  5175  5439  265  6307  6575  269  92.94  627
460  6084  5625  460  605  146  5950  6084  135  89.04  630
14552  21130  6579  14552  15343  792  20316  21130  815  92.88  647
49  7782  7734  49  159  111  7674  7782  109  86.49  649
11920  21281  9362  11920  12028  109  21162  21281  120  89.17  652
2691  10572  7882  2691  3092  402  10165  10572  408  96.32  653
1324  2816  1493  1324  1786  463  2346  2816  471  97.03  655
10621  12209  1589  10621  11042  422  11784  12209  426  95.31  666
9236  11133  1898  9236  9452  217  10933  11133  201  88.02  667
8630  15540  6911  8630  9090  461  15087  15540  454  97.83  670
9558  11218  1661  9558  9708  151  11065  11218  154  89.61  678
10897  14411  3515  10897  11472  576  13855  14411  557  91.49  682
3980  5535  1556  3980  4381  402  5141  5535  395  98.01  685
1923  11195  9273  1923  2400  478  10723  11195  473  91.00  686
15628  17741  2114  15628  16002  375  17360  17741  382  92.41  686
7  7855  7849  7  108  102  7755  7855  101  93.14  687
7203  8857  1655  7203  7748  546  8307  8857  551  95.64  689
2968  11496  8529  2968  3424  457  11049  11496  448  91.90  695
1569  3032  1464  1569  1972  404  2634  3032  399  93.07  697
8820  9980  1161  8820  8948  129  9862  9980  119  89.92  701
14400  16142  1743  14400  14947  548  15614  16142  529  95.99  706
23  11679  11657  23  378  356  11323  11679  357  87.11  710
14925  16237  1313  14925  15090  166  16072  16237  166  96.39  710
167  3835  3669  167  525  359  3511  3835  325  88.58  713
5239  6891  1653  5239  5607  369  6536  6891  356  96.48  713
9907  13586  3680  9907  10440  534  13029  13586  558  93.91  713
9699  14282  4584  9699  9894  196  14102  14282  181  87.24  717
7421  12445  5025  7421  7678  258  12179  12445  267  90.26  723
5689  11264  5576  5689  5825  137  11130  11264  135  90.51  724
7  3718  3712  7  134  128  3589  3718  130  93.85  729
6657  8005  1349  6657  6892  236  7764  8005  242  94.21  732
12706  15846  3141  12706  12825  120  15735  15846  112  90.83  734
3504  10396  6893  3504  3623  120  10283  10396  114  87.50  735
11592  13095  1504  11592  12043  452  12638  13095  458  98.25  736
2720  12553  9834  2720  2824  105  12448  12553  106  91.51  748
6911  14668  7758  6911  7030  120  14549  14668  120  98.33  751
1090  3745  2656  1090  1247  158  3588  3745  158  98.10  752
7  2674  2668  7  111  105  2568  2674  107  95.33  755
11733  13040  1308  11733  11998  266  12774  13040  267  94.76  759
4011  5673  1663  4011  4241  231  5419  5673  255  88.24  760
1628  9431  7804  1628  1770  143  9298  9431  134  90.21  762
11880  13377  1498  11880  12375  496  12881  13377  497  96.98  763
10313  13804  3492  10313  10596  284  13503  13804  302  88.08  765
3517  5364  1848  3517  4271  755  4615  5364  750  96.29  768
6809  8469  1661  6809  6993  185  8280  8469  190  95.26  771
10383  12302  1920  10383  10483  101  12192  12302  111  86.49  771
1821  8125  6305  1821  2182  362  7749  8125  377  89.66  781
9902  12227  2326  9902  10061  160  12064  12227  164  87.20  781
3915  12432  8518  3915  4355  441  12035  12432  398  88.66  796
15  7564  7550  15  213  199  7367  7564  198  98.99  798
4600  6762  2163  4600  4847  248  6505  6762  258  95.35  813
1327  5706  4380  1327  1685  359  5351  5706  356  91.09  821
2931  4961  2031  2931  3455  525  4424  4961  538  97.03  830
7  4337  4331  7  118  112  4223  4337  115  86.09  842
2444  6179  3736  2444  2561  118  6062  6179  118  93.22  901
2480  3881  1402  2480  2634  155  3743  3881  139  85.81  902
5043  6813  1771  5043  5448  406  6411  6813  403  99.26  904
1631  5918  4288  1631  1909  279  5617  5918  302  86.09  906
1304  2985  1682  1304  1696  393  2584  2985  402  96.27  923
994  3255  2262  994  1389  396  2862  3255  394  97.98  926
304  6599  6296  304  515  212  6390  6599  210  86.32  928
337  7380  7044  337  683  347  7035  7380  346  91.64  929
8  6932  6925  8  110  103  6823  6932  110  91.82  949
1468  2720  1253  1468  1637  170  2562  2720  159  88.82  952
3488  4986  1499  3488  3928  441  4539  4986  448  97.10  952
1330  2849  1520  1330  1638  309  2529  2849  321  95.64  961
186  4027  3842  186  515  330  3701  4027  327  93.64  964
2448  4137  1690  2448  2612  165  3970  4137  168  97.62  971
2805  4420  1616  2805  3075  271  4141  4420  280  96.07  1003
1406  2740  1335  1406  1508  103  2638  2740  103  87.38  1022
1068  2864  1797  1068  1560  493  2379  2864  486  97.77  1023
1450  2729  1280  1450  1730  281  2450  2729  280  95.37  1036
1062  2236  1175  1062  1189  128  2109  2236  128  100.00  1038
36  4153  4118  36  207  172  3985  4153  169  96.51  1061
13  2042  2030  13  137  125  1918  2042  125  95.20  1068
1469  3166  1698  1469  1634  166  3009  3166  158  90.96  1075
556  2521  1966  556  821  266  2242  2521  280  86.07  1082
1018  2885  1868  1018  1598  581  2323  2885  563  94.66  1085
519  3273  2755  519  1078  560  2716  3273  558  87.86  1095
7  3247  3241  7  172  166  3076  3247  172  96.51  1103
10  2893  2884  10  169  160  2734  2893  160  92.50  1136
129  2353  2225  129  781  653  1711  2353  643  91.27  1217
8  2264  2257  8  115  108  2155  2264  110  96.36  1279
6  1524  1519  6  105  100  1423  1524  102  92.16  2066
7  1512  1506  7  151  145  1368  1512  145  94.48  2082
13  1185  1173  13  157  145  1036  1185  150  86.00  2866
8  1155  1148  8  152  145  1010  1155  146  97.95  2962
