# args=-index /media/amir/DATA/work/RM_ANALYSIS/Tspi/Tspi_ltrharvest.index -mintsd 5 -maxtsd 100
# predictions are reported in the following way
# s(ret) e(ret) l(ret) s(lLTR) e(lLTR) l(lLTR) s(rLTR) e(rLTR) l(rLTR) sim(LTRs) seq-nr 
# where:
# s = starting position
# e = ending position
# l = length
# ret = LTR-retrotransposon
# lLTR = left LTR
# rLTR = right LTR
# sim = similarity
# seq-nr = sequence number
3145  7851  4707  3145  3289  145  7708  7851  144  88.97  0
34623  36208  1586  34623  34914  292  35905  36208  304  87.50  0
239025  242200  3176  239025  239450  426  241772  242200  429  97.20  0
249514  252326  2813  249514  250188  675  251598  252326  729  90.67  0
356219  366572  10354  356219  356624  406  366165  366572  408  92.89  0
410659  415044  4386  410659  410818  160  414874  415044  171  91.23  0
456573  459749  3177  456573  456780  208  459539  459749  211  86.73  0
508572  512670  4099  508572  508921  350  512317  512670  354  90.11  0
523341  528118  4778  523341  523577  237  527879  528118  240  96.67  0
659382  663175  3794  659382  659502  121  663052  663175  124  91.13  0
672596  677360  4765  672596  672815  220  677156  677360  205  87.73  0
693963  697409  3447  693963  694959  997  696472  697409  938  93.58  0
731897  734099  2203  731897  732148  252  733835  734099  265  92.08  0
786824  798740  11917  786824  787147  324  798434  798740  307  89.81  0
819207  834799  15593  819207  819804  598  834198  834799  602  96.18  0
834832  843688  8857  834832  835064  233  843445  843688  244  91.39  0
873112  877644  4533  873112  873428  317  877320  877644  325  87.69  0
887069  890826  3758  887069  887789  721  890091  890826  736  93.61  0
892657  905161  12505  892657  893037  381  904773  905161  389  87.92  0
1236763  1249081  12319  1236763  1237553  791  1248297  1249081  785  92.29  0
1339469  1348082  8614  1339469  1339763  295  1347780  1348082  303  85.48  0
1421230  1427366  6137  1421230  1421447  218  1427149  1427366  218  86.24  0
1427372  1440146  12775  1427372  1427788  417  1439728  1440146  419  94.03  0
1444983  1453194  8212  1444983  1445858  876  1452315  1453194  880  95.11  0
1581906  1583471  1566  1581906  1582327  422  1583033  1583471  439  86.79  0
1626944  1629763  2820  1626944  1627733  790  1628973  1629763  791  96.59  0
1676008  1681073  5066  1676008  1676652  645  1680437  1681073  637  95.97  0
1830026  1835271  5246  1830026  1830652  627  1834628  1835271  644  85.56  0
1864325  1866717  2393  1864325  1864873  549  1866190  1866717  528  91.80  0
1867594  1876526  8933  1867594  1868389  796  1875738  1876526  789  98.62  0
1929250  1931380  2131  1929250  1930073  824  1930530  1931380  851  93.77  0
1949478  1955608  6131  1949478  1949861  384  1955224  1955608  385  98.96  0
2020519  2024223  3705  2020519  2021057  539  2023684  2024223  540  95.37  0
2027281  2031731  4451  2027281  2027526  246  2031485  2031731  247  94.74  0
2247550  2249987  2438  2247550  2248332  783  2249172  2249987  816  95.22  0
2250664  2265553  14890  2250664  2251201  538  2265032  2265553  522  88.66  0
2271900  2275138  3239  2271900  2272523  624  2274531  2275138  608  95.99  0
2276140  2277903  1764  2276140  2276591  452  2277458  2277903  446  92.48  0
2288129  2293290  5162  2288129  2288376  248  2293046  2293290  245  91.53  0
2293522  2298273  4752  2293522  2293915  394  2297880  2298273  394  99.24  0
2318863  2324743  5881  2318863  2319110  248  2324498  2324743  246  92.34  0
2324975  2331201  6227  2324975  2325368  394  2330808  2331201  394  99.24  0
2362479  2367537  5059  2362479  2363402  924  2366606  2367537  932  98.39  0
2373653  2376452  2800  2373653  2374490  838  2375603  2376452  850  98.00  0
2388371  2395013  6643  2388371  2389225  855  2394158  2395013  856  98.60  0
2406962  2412508  5547  2406962  2407795  834  2411661  2412508  848  97.17  0
2504810  2516712  11903  2504810  2505238  429  2516285  2516712  428  98.14  0
2517906  2522124  4219  2517906  2518068  163  2521958  2522124  167  97.60  0
2555451  2561308  5858  2555451  2556190  740  2560533  2561308  776  94.33  0
2598642  2608368  9727  2598642  2599472  831  2607548  2608368  821  98.07  0
2643311  2648915  5605  2643311  2643975  665  2648280  2648915  636  93.08  0
2654939  2656714  1776  2654939  2655322  384  2656317  2656714  398  95.98  0
2689277  2695249  5973  2689277  2689561  285  2694960  2695249  290  96.21  0
2695475  2700055  4581  2695475  2695872  398  2699663  2700055  393  98.49  0
2717854  2723374  5521  2717854  2718011  158  2723217  2723374  158  93.04  0
2744191  2746296  2106  2744191  2744845  655  2745635  2746296  662  87.76  0
2746774  2752908  6135  2746774  2747161  388  2752519  2752908  390  95.64  0
2753196  2757138  3943  2753196  2754193  998  2756155  2757138  984  96.09  0
2819015  2822550  3536  2819015  2819998  984  2821624  2822550  927  92.28  0
2840765  2846717  5953  2840765  2841266  502  2846225  2846717  493  96.02  0
2928706  2940384  11679  2928706  2929055  350  2940048  2940384  337  89.43  0
2940503  2944197  3695  2940503  2941004  502  2943699  2944197  499  95.42  0
2968620  2972718  4099  2968620  2968785  166  2972558  2972718  161  86.14  0
2980567  2988448  7882  2980567  2980945  379  2988070  2988448  379  99.47  0
3005847  3009690  3844  3005847  3006490  644  3009037  3009690  654  96.02  0
3139997  3143677  3681  3139997  3140456  460  3143220  3143677  458  97.39  0
3151216  3155710  4495  3151216  3151670  455  3155253  3155710  458  90.61  0
3156925  3172431  15507  3156925  3157698  774  3171678  3172431  754  96.90  0
3176868  3181182  4315  3176868  3177153  286  3180898  3181182  285  95.45  0
3184632  3187822  3191  3184632  3185538  907  3186895  3187822  928  89.44  0
3225358  3228843  3486  3225358  3225928  571  3228270  3228843  574  96.86  0
3237363  3243396  6034  3237363  3237511  149  3243255  3243396  142  91.95  0
3275373  3277071  1699  3275373  3275601  229  3276841  3277071  231  92.21  0
3281359  3292495  11137  3281359  3282319  961  3291498  3292495  998  95.49  0
3376396  3381297  4902  3376396  3376767  372  3380923  3381297  375  98.40  0
3385716  3391964  6249  3385716  3386637  922  3391014  3391964  951  96.53  0
3397005  3412410  15406  3397005  3397658  654  3411770  3412410  641  97.40  0
3412804  3424151  11348  3412804  3413792  989  3423165  3424151  987  96.36  0
8148  23024  14877  8148  9141  994  22037  23024  988  97.48  1
391116  396472  5357  391116  391563  448  396031  396472  442  96.43  1
668976  681423  12448  668976  669659  684  680730  681423  694  97.84  1
693123  694865  1743  693123  693428  306  694561  694865  305  90.20  1
794435  801284  6850  794435  795256  822  800438  801284  847  94.69  1
811411  814933  3523  811411  812172  762  814153  814933  781  95.77  1
873835  877117  3283  873835  874534  700  876422  877117  696  98.71  1
890791  892754  1964  890791  890899  109  892650  892754  105  87.16  1
902322  904077  1756  902322  902641  320  903761  904077  317  93.12  1
995237  997683  2447  995237  995442  206  997473  997683  211  91.00  1
1007468  1010094  2627  1007468  1008139  672  1009428  1010094  667  92.71  1
1344013  1350086  6074  1344013  1344544  532  1349559  1350086  528  98.12  1
1746657  1748524  1868  1746657  1747368  712  1747808  1748524  717  97.35  1
1831556  1835349  3794  1831556  1832343  788  1834558  1835349  792  96.59  1
1839455  1841415  1961  1839455  1840113  659  1840754  1841415  662  97.43  1
2009216  2012051  2836  2009216  2009875  660  2011404  2012051  648  97.88  1
2066037  2071676  5640  2066037  2066868  832  2070854  2071676  823  98.68  1
2179408  2182673  3266  2179408  2179587  180  2182495  2182673  179  94.44  1
2229899  2233716  3818  2229899  2230386  488  2233237  2233716  480  97.54  1
2354815  2363117  8303  2354815  2355379  565  2362562  2363117  556  97.70  1
2415497  2428889  13393  2415497  2416495  999  2427890  2428889  1000  99.50  1
2446087  2448693  2607  2446087  2446693  607  2448078  2448693  616  96.27  1
2509080  2512849  3770  2509080  2509756  677  2512137  2512849  713  94.11  1
2645934  2648319  2386  2645934  2646584  651  2647665  2648319  655  95.88  1
2718922  2722041  3120  2718922  2719408  487  2721559  2722041  483  99.18  1
2921258  2924724  3467  2921258  2921405  148  2924571  2924724  154  88.96  1
3016766  3018879  2114  3016766  3017064  299  3018580  3018879  300  94.67  1
3265352  3267340  1989  3265352  3265943  592  3266734  3267340  607  88.30  1
3268088  3270840  2753  3268088  3268764  677  3270158  3270840  683  93.56  1
3275017  3278140  3124  3275017  3275968  952  3277188  3278140  953  95.17  1
3391182  3393907  2726  3391182  3391875  694  3393214  3393907  694  93.08  1
3960913  3964029  3117  3960913  3961525  613  3963421  3964029  609  96.25  1
3966274  3970433  4160  3966274  3967092  819  3969637  3970433  797  96.58  1
3971393  3973034  1642  3971393  3971660  268  3972789  3973034  246  89.18  1
3973896  3978031  4136  3973896  3974240  345  3977713  3978031  319  86.09  1
3995064  3997462  2399  3995064  3995820  757  3996727  3997462  736  95.24  1
4011638  4015705  4068  4011638  4012393  756  4014943  4015705  763  94.23  1
4097117  4098656  1540  4097117  4097517  401  4098247  4098656  410  92.68  1
4113285  4116358  3074  4113285  4113580  296  4116058  4116358  301  91.03  1
4121196  4127816  6621  4121196  4122185  990  4126826  4127816  991  97.48  1
4164490  4175032  10543  4164490  4164696  207  4174824  4175032  209  95.69  1
4338112  4342023  3912  4338112  4338886  775  4341263  4342023  761  97.03  1
4479664  4482080  2417  4479664  4480310  647  4481414  4482080  667  95.65  1
4485874  4489911  4038  4485874  4486452  579  4489361  4489911  551  94.82  1
4552428  4565072  12645  4552428  4553128  701  4564382  4565072  691  94.44  1
4569719  4576164  6446  4569719  4570612  894  4575262  4576164  903  95.35  1
4577780  4580406  2627  4577780  4578772  993  4579416  4580406  991  98.19  1
4671464  4673723  2260  4671464  4672081  618  4673108  4673723  616  90.78  1
4954707  4958401  3695  4954707  4954969  263  4958151  4958401  251  89.73  1
4960354  4963427  3074  4960354  4961087  734  4962702  4963427  726  90.74  1
5026764  5029798  3035  5026764  5027330  567  5029237  5029798  562  97.71  1
5096523  5098078  1556  5096523  5096750  228  5097842  5098078  237  93.25  1
5243460  5247494  4035  5243460  5243559  100  5247388  5247494  107  91.59  1
5291544  5296112  4569  5291544  5292507  964  5295154  5296112  959  95.95  1
5357652  5369563  11912  5357652  5358354  703  5368851  5369563  713  97.05  1
5466174  5468951  2778  5466174  5467026  853  5468122  5468951  830  96.60  1
5472907  5474596  1690  5472907  5473417  511  5474075  5474596  522  87.74  1
5561605  5563725  2121  5561605  5562141  537  5563210  5563725  516  90.32  1
5617774  5623819  6046  5617774  5618748  975  5622861  5623819  959  97.33  1
5730562  5735664  5103  5730562  5730841  280  5735370  5735664  295  88.47  1
5923688  5926334  2647  5923688  5923925  238  5926095  5926334  240  93.33  1
6055927  6063630  7704  6055927  6056699  773  6062818  6063630  813  92.50  1
6327906  6334099  6194  6327906  6328493  588  6333516  6334099  584  92.35  1
6384691  6389945  5255  6384691  6385644  954  6388983  6389945  963  92.00  1
6540216  6548261  8046  6540216  6540599  384  6547879  6548261  383  97.14  1
6653432  6657287  3856  6653432  6654232  801  6656493  6657287  795  96.88  1
6663203  6673822  10620  6663203  6663946  744  6673062  6673822  761  92.51  1
6674420  6686713  12294  6674420  6675059  640  6686074  6686713  640  97.34  1
6757056  6770254  13199  6757056  6757868  813  6769430  6770254  825  96.97  1
6805060  6806782  1723  6805060  6805703  644  6806142  6806782  641  89.91  1
6855950  6860554  4605  6855950  6856075  126  6860430  6860554  125  95.24  1
6957397  6966070  8674  6957397  6957918  522  6965527  6966070  544  93.01  1
6972504  6981763  9260  6972504  6973058  555  6981217  6981763  547  93.51  1
7095559  7100149  4591  7095559  7096551  993  7099155  7100149  995  97.39  1
7333656  7339966  6311  7333656  7334207  552  7339426  7339966  541  93.84  1
7421560  7423658  2099  7421560  7421772  213  7423437  7423658  222  86.04  1
7425788  7433705  7918  7425788  7426564  777  7432944  7433705  762  95.24  1
7433802  7437760  3959  7433802  7434537  736  7437030  7437760  731  90.35  1
7441475  7444374  2900  7441475  7442447  973  7443404  7444374  971  93.01  1
7445586  7450427  4842  7445586  7446010  425  7449997  7450427  431  93.97  1
7453403  7455671  2269  7453403  7454338  936  7454758  7455671  914  97.33  1
7634617  7637457  2841  7634617  7635149  533  7636925  7637457  533  96.44  1
7637599  7639281  1683  7637599  7638054  456  7638853  7639281  429  92.54  1
7639468  7641968  2501  7639468  7640076  609  7641348  7641968  621  95.17  1
7723185  7724441  1257  7723185  7723320  136  7724312  7724441  130  92.65  1
7728958  7732600  3643  7728958  7729748  791  7731806  7732600  795  95.22  1
7937117  7943869  6753  7937117  7937787  671  7943210  7943869  660  94.63  1
8255777  8259180  3404  8255777  8256140  364  8258841  8259180  340  89.01  1
8269155  8272047  2893  8269155  8269853  699  8271332  8272047  716  93.99  1
8301763  8304623  2861  8301763  8302647  885  8303727  8304623  897  95.76  1
8380469  8383978  3510  8380469  8381050  582  8383404  8383978  575  97.59  1
8887798  8892005  4208  8887798  8888776  979  8891034  8892005  972  97.34  1
8904083  8908633  4551  8904083  8905075  993  8907652  8908633  982  97.08  1
9260588  9261931  1344  9260588  9260731  144  9261792  9261931  140  86.81  1
9542366  9545763  3398  9542366  9542600  235  9545523  9545763  241  96.68  1
9572178  9575596  3419  9572178  9572656  479  9575102  9575596  495  94.75  1
9585954  9589456  3503  9585954  9586930  977  9588459  9589456  998  96.39  1
9663280  9666291  3012  9663280  9663782  503  9665807  9666291  485  93.84  1
9748703  9760122  11420  9748703  9749209  507  9759623  9760122  500  93.69  1
9774449  9779479  5031  9774449  9774667  219  9779261  9779479  219  92.69  1
9782072  9786238  4167  9782072  9782357  286  9785956  9786238  283  92.66  1
9790486  9796532  6047  9790486  9790871  386  9796151  9796532  382  97.67  1
10187971  10200672  12702  10187971  10188960  990  10199695  10200672  978  95.45  1
11014153  11015654  1502  11014153  11014636  484  11015163  11015654  492  94.72  1
9372  11934  2563  9372  9700  329  11592  11934  343  85.13  2
19265  28038  8774  19265  19761  497  27537  28038  502  94.62  2
30272  36435  6164  30272  30690  419  36051  36435  385  91.89  2
42797  46819  4023  42797  43167  371  46478  46819  342  87.60  2
58952  62519  3568  58952  59724  773  61747  62519  773  98.71  2
105316  108930  3615  105316  106032  717  108227  108930  704  97.21  2
577377  587074  9698  577377  577870  494  586576  587074  499  92.79  3
1054614  1059349  4736  1054614  1055587  974  1058398  1059349  952  89.32  3
1311342  1313766  2425  1311342  1312298  957  1312801  1313766  966  96.79  3
1632437  1636615  4179  1632437  1632708  272  1636344  1636615  272  100.00  3
1889311  1903791  14481  1889311  1890224  914  1902896  1903791  896  96.39  3
1991008  1994857  3850  1991008  1991844  837  1994019  1994857  839  97.97  3
2056667  2061170  4504  2056667  2056919  253  2060917  2061170  254  97.24  3
2119600  2125060  5461  2119600  2119849  250  2124805  2125060  256  86.33  3
2646000  2650897  4898  2646000  2646571  572  2650339  2650897  559  96.15  3
2680179  2687416  7238  2680179  2680700  522  2686896  2687416  521  99.81  3
2853389  2854851  1463  2853389  2853788  400  2854437  2854851  415  91.81  3
2854854  2856149  1296  2854854  2855091  238  2855891  2856149  259  85.33  3
2894048  2895495  1448  2894048  2894454  407  2895108  2895495  388  85.75  3
2908426  2912193  3768  2908426  2908870  445  2911750  2912193  444  93.71  3
3107496  3112787  5292  3107496  3107782  287  3112462  3112787  326  85.28  3
3998007  4002428  4422  3998007  3998208  202  4002225  4002428  204  99.02  3
4013264  4015696  2433  4013264  4014221  958  4014731  4015696  966  97.41  3
4256564  4265182  8619  4256564  4256749  186  4265002  4265182  181  86.02  3
4265388  4273372  7985  4265388  4266277  890  4272476  4273372  897  91.86  3
4275036  4277739  2704  4275036  4275661  626  4277103  4277739  637  95.29  3
4771088  4781372  10285  4771088  4771836  749  4780604  4781372  769  94.54  3
4826400  4835602  9203  4826400  4827324  925  4834673  4835602  930  96.77  3
4951602  4954850  3249  4951602  4952075  474  4954382  4954850  469  96.20  3
4979025  4981771  2747  4979025  4979837  813  4980962  4981771  810  93.85  3
6347876  6349317  1442  6347876  6348130  255  6349077  6349317  241  85.10  3
6596733  6599492  2760  6596733  6597017  285  6599195  6599492  298  86.24  3
6637610  6642586  4977  6637610  6638006  397  6642199  6642586  388  93.70  3
6653382  6661386  8005  6653382  6653830  449  6660929  6661386  458  94.98  3
6679905  6686643  6739  6679905  6680882  978  6685645  6686643  999  96.90  3
6707589  6714003  6415  6707589  6708085  497  6713507  6714003  497  94.77  3
6792717  6796718  4002  6792717  6793297  581  6796150  6796718  569  95.52  3
7378559  7385295  6737  7378559  7378698  140  7385163  7385295  133  89.29  3
7529692  7542514  12823  7529692  7530011  320  7542204  7542514  311  88.12  3
7837917  7839339  1423  7837917  7838116  200  7839142  7839339  198  92.50  3
7858816  7860412  1597  7858816  7859336  521  7859861  7860412  552  93.84  3
7885152  7887005  1854  7885152  7885433  282  7886729  7887005  277  89.01  3
7892605  7903235  10631  7892605  7892924  320  7902914  7903235  322  93.79  3
8013092  8018044  4953  8013092  8013550  459  8017615  8018044  430  93.46  3
8132275  8141088  8814  8132275  8133269  995  8140100  8141088  989  96.78  3
8205139  8206846  1708  8205139  8205293  155  8206701  8206846  146  91.61  3
8255944  8270055  14112  8255944  8256485  542  8269503  8270055  553  93.85  3
8273709  8280329  6621  8273709  8274641  933  8279410  8280329  920  96.46  3
8283700  8292010  8311  8283700  8283827  128  8291886  8292010  125  87.50  3
8296217  8303037  6821  8296217  8297215  999  8302054  8303037  984  98.00  3
8587845  8590539  2695  8587845  8588069  225  8590295  8590539  245  89.80  3
8880861  8884129  3269  8880861  8880978  118  8884013  8884129  117  88.98  3
8884923  8888264  3342  8884923  8885919  997  8887273  8888264  992  98.29  3
8906612  8914629  8018  8906612  8907549  938  8913734  8914629  896  94.99  3
8980167  8984563  4397  8980167  8980386  220  8984344  8984563  220  99.55  3
9108472  9112750  4279  9108472  9108816  345  9112418  9112750  333  96.52  3
9174501  9176311  1811  9174501  9174713  213  9176086  9176311  226  87.61  3
9347020  9351881  4862  9347020  9347331  312  9351582  9351881  300  94.55  3
9648069  9662842  14774  9648069  9648933  865  9661990  9662842  853  95.26  3
9664303  9668724  4422  9664303  9664770  468  9668272  9668724  453  85.47  3
9672218  9684482  12265  9672218  9672817  600  9683880  9684482  603  89.55  3
10301727  10312048  10322  10301727  10302441  715  10311332  10312048  717  96.79  3
10375015  10384422  9408  10375015  10375733  719  10383733  10384422  690  86.65  3
10969211  10973320  4110  10969211  10969349  139  10973178  10973320  143  93.71  3
10978891  10991762  12872  10978891  10979602  712  10991068  10991762  695  94.80  3
11047881  11051837  3957  11047881  11048822  942  11050892  11051837  946  96.93  3
11182750  11187685  4936  11182750  11183014  265  11187410  11187685  276  86.96  3
11377982  11381896  3915  11377982  11378132  151  11381745  11381896  152  96.71  3
11868333  11872454  4122  11868333  11868608  276  11872169  11872454  286  87.06  3
11917104  11922138  5035  11917104  11917306  203  11921934  11922138  205  91.22  3
281658  283927  2270  281658  281865  208  283720  283927  208  90.38  4
631201  633705  2505  631201  631824  624  633091  633705  615  95.67  4
642769  646226  3458  642769  643700  932  645314  646226  913  88.09  4
747130  748716  1587  747130  747453  324  748388  748716  329  88.75  4
748795  750836  2042  748795  749555  761  750080  750836  757  86.20  4
950124  951547  1424  950124  950538  415  951135  951547  413  93.01  4
1006996  1009462  2467  1006996  1007396  401  1009057  1009462  406  93.35  4
1016454  1019661  3208  1016454  1016943  490  1019162  1019661  500  89.20  4
1051312  1055067  3756  1051312  1051811  500  1054571  1055067  497  95.00  4
1320088  1323462  3375  1320088  1320791  704  1322748  1323462  715  97.76  4
1323717  1326757  3041  1323717  1323989  273  1326514  1326757  244  87.91  4
1361811  1363367  1557  1361811  1362114  304  1363096  1363367  272  86.18  4
1365546  1368474  2929  1365546  1366486  941  1367546  1368474  929  96.71  4
1503644  1507902  4259  1503644  1504499  856  1507019  1507902  884  95.81  4
1621912  1624326  2415  1621912  1622907  996  1623339  1624326  988  98.39  4
2124465  2126846  2382  2124465  2124999  535  2126315  2126846  532  91.40  4
2127249  2130159  2911  2127249  2127388  140  2130022  2130159  138  95.00  4
2239185  2243342  4158  2239185  2240156  972  2242403  2243342  940  95.58  4
2285102  2290673  5572  2285102  2286097  996  2289675  2290673  999  99.00  4
2427095  2429413  2319  2427095  2427630  536  2428854  2429413  560  93.21  4
2466288  2472277  5990  2466288  2467240  953  2471332  2472277  946  95.70  4
2564550  2567050  2501  2564550  2564957  408  2566655  2567050  396  96.81  4
2581513  2584138  2626  2581513  2582488  976  2583141  2584138  998  93.69  4
2735634  2751246  15613  2735634  2736275  642  2750614  2751246  633  97.66  4
2792026  2800812  8787  2792026  2792721  696  2800138  2800812  675  95.40  4
2944544  2946089  1546  2944544  2945056  513  2945576  2946089  514  92.02  4
3185541  3188499  2959  3185541  3185911  371  3188121  3188499  379  94.46  4
3277946  3279869  1924  3277946  3278466  521  3279346  3279869  524  92.18  4
3457660  3462133  4474  3457660  3457926  267  3461882  3462133  252  91.39  4
3656052  3657903  1852  3656052  3656640  589  3657329  3657903  575  86.08  4
3682508  3697306  14799  3682508  3683025  518  3696810  3697306  497  90.54  4
3714039  3715314  1276  3714039  3714274  236  3715081  3715314  234  88.56  4
3784469  3786265  1797  3784469  3784730  262  3786006  3786265  260  97.33  4
3880098  3883135  3038  3880098  3880313  216  3882934  3883135  202  88.43  4
3948981  3955299  6319  3948981  3949293  313  3955007  3955299  293  91.69  4
4076866  4082399  5534  4076866  4077159  294  4082112  4082399  288  96.60  4
4146032  4151393  5362  4146032  4147016  985  4150404  4151393  990  97.47  4
4295796  4298472  2677  4295796  4296464  669  4297801  4298472  672  95.83  4
4320183  4324020  3838  4320183  4321172  990  4323022  4324020  999  98.00  4
4473024  4476085  3062  4473024  4473850  827  4475252  4476085  834  96.64  4
4685612  4689078  3467  4685612  4686143  532  4688535  4689078  544  90.81  4
4694422  4698608  4187  4694422  4695031  610  4697978  4698608  631  90.17  4
4699116  4703178  4063  4699116  4699766  651  4702539  4703178  640  93.39  4
4967394  4971387  3994  4967394  4968184  791  4970537  4971387  851  92.83  4
5024219  5028171  3953  5024219  5024563  345  5027840  5028171  332  90.72  4
5296787  5302225  5439  5296787  5297467  681  5301523  5302225  703  94.31  4
5321385  5326107  4723  5321385  5322004  620  5325489  5326107  619  97.26  4
5344079  5359162  15084  5344079  5344996  918  5358261  5359162  902  95.53  4
5390112  5395218  5107  5390112  5390593  482  5394752  5395218  467  94.40  4
5413364  5415127  1764  5413364  5413972  609  5414505  5415127  623  95.18  4
5424865  5427110  2246  5424865  5425028  164  5426948  5427110  163  90.24  4
5520379  5531561  11183  5520379  5521248  870  5530697  5531561  865  95.86  4
171589  173996  2408  171589  172350  762  173261  173996  736  94.36  5
213225  215509  2285  213225  213599  375  215124  215509  386  89.90  5
244104  248832  4729  244104  244910  807  248019  248832  814  93.73  5
324283  327367  3085  324283  324538  256  327099  327367  269  93.31  5
327375  329580  2206  327375  328296  922  328671  329580  910  91.43  5
539822  543156  3335  539822  540752  931  542214  543156  943  96.50  5
545929  547994  2066  545929  546799  871  547087  547994  908  94.71  5
581559  585008  3450  581559  582260  702  584275  585008  734  88.01  5
701093  707228  6136  701093  701933  841  706386  707228  843  97.86  5
708470  712279  3810  708470  709173  704  711571  712279  709  91.68  5
854855  858899  4045  854855  855559  705  858231  858899  669  93.62  5
1049768  1053192  3425  1049768  1050594  827  1052333  1053192  860  94.07  5
1202551  1205354  2804  1202551  1203026  476  1204873  1205354  482  91.49  5
1592803  1594760  1958  1592803  1593008  206  1594552  1594760  209  94.26  5
1618365  1620315  1951  1618365  1618819  455  1619886  1620315  430  85.49  5
1735348  1741617  6270  1735348  1735557  210  1741399  1741617  219  91.78  5
1743224  1745365  2142  1743224  1743577  354  1745018  1745365  348  95.48  5
1747662  1751986  4325  1747662  1748373  712  1751251  1751986  736  91.71  5
1941026  1944298  3273  1941026  1941568  543  1943740  1944298  559  94.63  5
1975226  1978691  3466  1975226  1976168  943  1977724  1978691  968  96.80  5
2051038  2052580  1543  2051038  2051292  255  2052312  2052580  269  92.19  5
2079298  2082293  2996  2079298  2079720  423  2081865  2082293  429  89.28  5
2083267  2085516  2250  2083267  2084211  945  2084572  2085516  945  93.76  5
2187785  2190417  2633  2187785  2188055  271  2190159  2190417  259  87.45  5
2221533  2230122  8590  2221533  2222210  678  2229453  2230122  670  95.72  5
2894200  2902519  8320  2894200  2894445  246  2902292  2902519  228  89.84  5
2968921  2979939  11019  2968921  2969671  751  2979197  2979939  743  97.20  5
3041825  3044716  2892  3041825  3042143  319  3044390  3044716  327  88.38  5
3151553  3159679  8127  3151553  3152360  808  3158844  3159679  836  94.98  5
3161747  3168905  7159  3161747  3162637  891  3168015  3168905  891  94.84  5
3273983  3275470  1488  3273983  3274184  202  3275249  3275470  222  88.29  5
3280557  3287352  6796  3280557  3281535  979  3286391  3287352  962  95.81  5
3670435  3672403  1969  3670435  3671304  870  3671544  3672403  860  95.98  5
3721283  3725085  3803  3721283  3721908  626  3724444  3725085  642  92.52  5
3922951  3927388  4438  3922951  3923707  757  3926622  3927388  767  94.13  5
3928178  3932082  3905  3928178  3928306  129  3931944  3932082  139  87.05  5
3963059  3965499  2441  3963059  3963548  490  3964955  3965499  545  86.61  5
3967020  3971256  4237  3967020  3967818  799  3970475  3971256  782  97.37  5
4070052  4071715  1664  4070052  4070297  246  4071466  4071715  250  87.60  5
4142202  4144588  2387  4142202  4142517  316  4144261  4144588  328  90.24  5
4222480  4224327  1848  4222480  4222914  435  4223893  4224327  435  85.98  5
4250868  4252364  1497  4250868  4251091  224  4252151  4252364  214  88.39  5
4281404  4289612  8209  4281404  4282289  886  4288732  4289612  881  93.23  5
4679674  4687345  7672  4679674  4679919  246  4687091  4687345  255  87.06  5
4818398  4822896  4499  4818398  4819392  995  4821905  4822896  992  98.19  5
4903834  4916073  12240  4903834  4904183  350  4915732  4916073  342  88.29  5
5027213  5030236  3024  5027213  5027684  472  5029760  5030236  477  98.74  5
5066134  5071043  4910  5066134  5066728  595  5070474  5071043  570  90.25  5
5123936  5127677  3742  5123936  5124252  317  5127360  5127677  318  99.06  5
5343036  5346569  3534  5343036  5344031  996  5345571  5346569  999  99.20  5
5501636  5503092  1457  5501636  5501812  177  5502922  5503092  171  87.57  5
5503110  5505012  1903  5503110  5503730  621  5504411  5505012  602  95.01  5
5570159  5573786  3628  5570159  5571114  956  5572825  5573786  962  96.05  5
5813193  5817261  4069  5813193  5813476  284  5816965  5817261  297  85.52  5
5868680  5881306  12627  5868680  5869339  660  5880625  5881306  682  95.01  5
6074665  6085785  11121  6074665  6075059  395  6085406  6085785  380  93.67  5
6361883  6363828  1946  6361883  6362525  643  6363177  6363828  652  92.79  5
27108  32814  5707  27108  27780  673  32125  32814  690  93.19  6
187980  189935  1956  187980  188730  751  189191  189935  745  93.08  6
195222  197553  2332  195222  195604  383  197156  197553  398  94.22  6
232492  245993  13502  232492  233491  1000  244997  245993  997  99.00  6
305732  309610  3879  305732  306094  363  309204  309610  407  86.49  6
353865  359016  5152  353865  354303  439  358584  359016  433  96.36  6
398366  403582  5217  398366  398509  144  403441  403582  142  88.19  6
457828  465021  7194  457828  458635  808  464223  465021  799  96.16  6
554746  561475  6730  554746  555109  364  561144  561475  332  89.29  6
568018  578785  10768  568018  568574  557  578230  578785  556  86.89  6
622097  626279  4183  622097  622351  255  626027  626279  253  86.27  6
632109  647371  15263  632109  632700  592  646789  647371  583  93.07  6
657197  667923  10727  657197  657781  585  667317  667923  607  91.43  6
794820  796742  1923  794820  794987  168  796584  796742  159  89.88  6
63826  65823  1998  63826  64720  895  64957  65823  867  95.08  7
70566  75859  5294  70566  71308  743  75098  75859  762  96.46  7
90479  92136  1658  90479  91104  626  91493  92136  644  95.34  7
105272  108630  3359  105272  105562  291  108327  108630  304  86.51  7
110042  123933  13892  110042  110491  450  123491  123933  443  96.89  7
207477  211856  4380  207477  208475  999  210869  211856  988  95.40  7
214229  215873  1645  214229  214761  533  215363  215873  511  94.18  7
326731  329330  2600  326731  327535  805  328552  329330  779  94.53  7
535116  538096  2981  535116  536094  979  537148  538096  949  95.10  7
696343  701091  4749  696343  697141  799  700314  701091  778  94.99  7
701511  703325  1815  701511  701881  371  702940  703325  386  86.53  7
813100  814624  1525  813100  813485  386  814231  814624  394  86.80  7
875688  880553  4866  875688  876350  663  879892  880553  662  99.85  7
906607  908877  2271  906607  906781  175  908709  908877  169  90.86  7
911377  918057  6681  911377  912365  989  917060  918057  998  97.80  7
922566  924135  1570  922566  922698  133  924009  924135  127  90.23  7
980123  981727  1605  980123  980331  209  981503  981727  225  89.33  7
1190285  1192868  2584  1190285  1191032  748  1192128  1192868  741  95.32  7
9455  11062  1608  9455  9770  316  10725  11062  338  92.01  8
70730  73885  3156  70730  70850  121  73765  73885  121  91.74  8
1276384  1282425  6042  1276384  1276542  159  1282263  1282425  163  87.73  8
1390396  1396396  6001  1390396  1390574  179  1396199  1396396  198  86.87  8
1401839  1404531  2693  1401839  1402615  777  1403747  1404531  785  94.78  8
1404872  1407155  2284  1404872  1405384  513  1406633  1407155  523  96.94  8
1412511  1414491  1981  1412511  1413092  582  1413923  1414491  569  96.56  8
1415346  1417429  2084  1415346  1415674  329  1417086  1417429  344  91.28  8
1511098  1519430  8333  1511098  1512081  984  1518439  1519430  992  95.46  8
1699739  1703058  3320  1699739  1700063  325  1702694  1703058  365  88.77  8
1705765  1708925  3161  1705765  1706412  648  1708298  1708925  628  94.44  8
1733492  1739622  6131  1733492  1733733  242  1739385  1739622  238  87.60  8
2066319  2068383  2065  2066319  2066749  431  2067975  2068383  409  91.88  8
2117416  2119132  1717  2117416  2117912  497  2118607  2119132  526  90.87  8
2206696  2209851  3156  2206696  2207146  451  2209431  2209851  421  87.80  8
2388588  2399778  11191  2388588  2389471  884  2398911  2399778  868  96.49  8
2654613  2658009  3397  2654613  2655611  999  2657021  2658009  989  96.20  8
2720625  2724963  4339  2720625  2721052  428  2724565  2724963  399  89.49  8
3131329  3134157  2829  3131329  3131908  580  3133608  3134157  550  88.79  8
3175405  3178278  2874  3175405  3175612  208  3178072  3178278  207  92.79  8
3340206  3346997  6792  3340206  3341107  902  3346064  3346997  934  93.04  8
3622662  3624661  2000  3622662  3623287  626  3624011  3624661  651  90.32  8
3635371  3639791  4421  3635371  3635695  325  3639473  3639791  319  90.15  8
3793435  3803033  9599  3793435  3794024  590  3802453  3803033  581  95.59  8
3845118  3847229  2112  3845118  3845391  274  3846941  3847229  289  89.62  8
3850830  3853342  2513  3850830  3851508  679  3852654  3853342  689  96.66  8
3854442  3857582  3141  3854442  3855013  572  3856993  3857582  590  87.12  8
4054859  4060852  5994  4054859  4055346  488  4060363  4060852  490  94.29  8
4087054  4088765  1712  4087054  4087451  398  4088374  4088765  392  87.19  8
4115123  4119025  3903  4115123  4115773  651  4118361  4119025  665  87.97  8
4120332  4121848  1517  4120332  4120585  254  4121600  4121848  249  85.43  8
4160175  4161667  1493  4160175  4160382  208  4161465  4161667  203  87.02  8
4215930  4218911  2982  4215930  4216923  994  4217923  4218911  989  96.78  8
4428557  4431743  3187  4428557  4428993  437  4431329  4431743  415  88.79  8
4842928  4850131  7204  4842928  4843104  177  4849945  4850131  187  86.10  8
4944983  4948678  3696  4944983  4945647  665  4947998  4948678  681  96.33  8
4958760  4962904  4145  4958760  4959183  424  4962495  4962904  410  92.45  8
5057217  5063949  6733  5057217  5057986  770  5063157  5063949  793  93.69  8
5279245  5288247  9003  5279245  5279957  713  5287538  5288247  710  95.51  8
5378443  5384706  6264  5378443  5379309  867  5383836  5384706  871  95.52  8
5486242  5493229  6988  5486242  5487000  759  5492481  5493229  749  92.23  8
5541272  5543776  2505  5541272  5541740  469  5543318  5543776  459  94.88  8
5813416  5815760  2345  5813416  5814206  791  5814991  5815760  770  96.59  8
5827159  5829101  1943  5827159  5827814  656  5828444  5829101  658  93.31  8
5913829  5921912  8084  5913829  5914076  248  5921662  5921912  251  86.45  8
6044787  6046985  2199  6044787  6045019  233  6046737  6046985  249  85.94  8
6077289  6085115  7827  6077289  6077858  570  6084557  6085115  559  93.68  8
6145346  6155814  10469  6145346  6146229  884  6154919  6155814  896  97.21  8
6167983  6179168  11186  6167983  6168698  716  6178459  6179168  710  97.35  8
6279687  6281329  1643  6279687  6280079  393  6280933  6281329  397  94.46  8
6283701  6285484  1784  6283701  6284341  641  6284850  6285484  635  91.73  8
6287892  6299549  11658  6287892  6288162  271  6299289  6299549  261  93.73  8
6337794  6346999  9206  6337794  6338645  852  6346153  6346999  847  96.48  8
6396811  6398855  2045  6396811  6397675  865  6397981  6398855  875  96.80  8
6406668  6409279  2612  6406668  6407634  967  6408289  6409279  991  94.15  8
6412700  6414650  1951  6412700  6412986  287  6414365  6414650  286  96.86  8
6423619  6425292  1674  6423619  6424220  602  6424689  6425292  604  93.54  8
6435654  6438905  3252  6435654  6436449  796  6438108  6438905  798  98.62  8
6604181  6606136  1956  6604181  6604734  554  6605585  6606136  552  94.40  8
6702837  6705890  3054  6702837  6703686  850  6705052  6705890  839  96.94  8
6816395  6817717  1323  6816395  6816596  202  6817511  6817717  207  89.37  8
6856626  6859045  2420  6856626  6857068  443  6858612  6859045  434  88.26  8
6859960  6861240  1281  6859960  6860174  215  6861016  6861240  225  87.56  8
6892670  6896252  3583  6892670  6893160  491  6895775  6896252  478  91.04  8
6909195  6913957  4763  6909195  6909383  189  6913775  6913957  183  87.83  8
6947657  6951046  3390  6947657  6947961  305  6950724  6951046  323  93.81  8
6988990  6997478  8489  6988990  6989985  996  6996480  6997478  999  99.10  8
6997509  6999665  2157  6997509  6998452  944  6998782  6999665  884  89.51  8
7027475  7031965  4491  7027475  7027786  312  7031640  7031965  326  89.26  8
7048811  7057735  8925  7048811  7049260  450  7057291  7057735  445  95.11  8
7115454  7118428  2975  7115454  7115897  444  7117952  7118428  477  92.66  8
7156359  7160678  4320  7156359  7156543  185  7160496  7160678  183  89.19  8
7180018  7185254  5237  7180018  7180215  198  7185054  7185254  201  97.51  8
7394907  7396291  1385  7394907  7395241  335  7395949  7396291  343  93.29  8
7400425  7405996  5572  7400425  7401089  665  7405335  7405996  662  94.59  8
7477889  7482028  4140  7477889  7478368  480  7481542  7482028  487  97.33  8
7488575  7492738  4164  7488575  7489558  984  7491743  7492738  996  97.59  8
7497140  7500396  3257  7497140  7498035  896  7499493  7500396  904  96.68  8
7514224  7516492  2269  7514224  7514823  600  7515908  7516492  585  96.50  8
36  3776  3741  36  324  289  3504  3776  273  90.66  12
4256  7538  3283  4256  4646  391  7122  7538  417  90.89  78
23  1902  1880  23  529  507  1399  1902  504  90.73  287
610  4999  4390  610  1035  426  4626  4999  374  85.45  334
9  3411  3403  9  264  256  3158  3411  254  87.89  468
641  6613  5973  641  927  287  6328  6613  286  99.30  609
15417  17940  2524  15417  16228  812  17132  17940  809  97.41  609
27955  36223  8269  27955  28695  741  35480  36223  744  98.39  609
38115  45395  7281  38115  38244  130  45267  45395  129  86.92  609
48354  56495  8142  48354  49151  798  55694  56495  802  97.88  609
79722  86061  6340  79722  80304  583  85479  86061  583  99.66  609
95782  102317  6536  95782  96365  584  101734  102317  584  99.66  609
130775  137611  6837  130775  131058  284  137332  137611  280  95.77  609
242770  246828  4059  242770  243407  638  246197  246828  632  95.45  609
250437  253153  2717  250437  251266  830  252329  253153  825  89.76  609
261216  266179  4964  261216  261616  401  265790  266179  390  92.02  609
295884  310115  14232  295884  296047  164  309955  310115  161  85.98  609
371627  379542  7916  371627  371771  145  379394  379542  149  89.93  609
585181  589352  4172  585181  585380  200  589158  589352  195  96.00  609
628032  630726  2695  628032  629018  987  629742  630726  985  96.66  609
2175  6578  4404  2175  3005  831  5745  6578  834  97.36  610
417  2642  2226  417  1322  906  1701  2642  942  92.36  744
16  1291  1276  16  252  237  1036  1291  256  87.89  762
6  1502  1497  6  368  363  1114  1502  389  86.12  1049
154346  156783  2438  154346  154978  633  156158  156783  626  87.05  1084
347253  353778  6526  347253  347435  183  353599  353778  180  90.16  1084
452680  456320  3641  452680  453391  712  455627  456320  694  88.48  1084
77  4527  4451  77  324  248  4280  4527  248  100.00  1085
15  6422  6408  15  513  499  5917  6422  506  94.86  1087
7058  10659  3602  7058  7239  182  10477  10659  183  95.63  1218
43092  45854  2763  43092  43718  627  45194  45854  661  91.07  1355
46817  52673  5857  46817  47176  360  52313  52673  361  98.61  1355
195244  199500  4257  195244  195441  198  199305  199500  196  95.96  1355
213429  219593  6165  213429  213674  246  219340  219593  254  94.88  1355
222196  225043  2848  222196  223186  991  224045  225043  999  97.20  1355
227700  230750  3051  227700  228021  322  230438  230750  313  95.03  1355
234766  246276  11511  234766  235374  609  245662  246276  615  97.72  1355
269282  272292  3011  269282  269859  578  271718  272292  575  97.40  1355
360194  362698  2505  360194  360528  335  362353  362698  346  93.93  1355
367035  373901  6867  367035  368001  967  372922  373901  980  94.18  1355
375020  379284  4265  375020  375311  292  378990  379284  295  97.97  1355
26  1764  1739  26  693  668  1106  1764  659  91.17  1364
3285  6420  3136  3285  3801  517  5886  6420  535  89.16  1425
1444  2884  1441  1444  1879  436  2455  2884  430  90.60  1427
89956  99362  9407  89956  90256  301  99081  99362  282  85.71  1556
162780  165796  3017  162780  162949  170  165627  165796  170  90.00  1556
230395  236689  6295  230395  230747  353  236336  236689  354  98.02  1556
244196  247346  3151  244196  244611  416  246932  247346  415  96.63  1556
285417  289026  3610  285417  285816  400  288617  289026  410  92.20  1556
370502  376695  6194  370502  370686  185  376511  376695  185  92.43  1556
490207  495161  4955  490207  490393  187  494984  495161  178  91.98  1556
518654  523953  5300  518654  519429  776  523140  523953  814  94.47  1556
530521  541072  10552  530521  530745  225  540843  541072  230  91.30  1556
541648  543998  2351  541648  541807  160  543843  543998  156  86.25  1556
654972  656991  2020  654972  655629  658  656353  656991  639  96.81  1556
673742  682596  8855  673742  674368  627  681937  682596  660  88.33  1556
684764  694133  9370  684764  685083  320  693808  694133  326  96.32  1556
735333  737416  2084  735333  736087  755  736666  737416  751  98.54  1556
746608  748627  2020  746608  747241  634  747980  748627  648  97.07  1556
749706  751899  2194  749706  750545  840  751063  751899  837  95.83  1556
753655  761666  8012  753655  754640  986  760684  761666  983  98.48  1556
805312  817705  12394  805312  806037  726  816982  817705  724  96.56  1556
866636  873880  7245  866636  867316  681  873192  873880  689  95.94  1556
881689  885183  3495  881689  882517  829  884338  885183  846  97.40  1556
887147  890345  3199  887147  888012  866  889478  890345  868  97.81  1556
903667  906253  2587  903667  904532  866  905407  906253  847  97.34  1556
967194  969635  2442  967194  967304  111  969526  969635  110  94.59  1556
1056702  1069293  12592  1056702  1057630  929  1068371  1069293  923  96.23  1556
1081753  1085444  3692  1081753  1081961  209  1085257  1085444  188  87.08  1556
1135730  1138215  2486  1135730  1136122  393  1137836  1138215  380  89.06  1556
1289115  1293865  4751  1289115  1289506  392  1293473  1293865  393  99.49  1556
1294493  1298085  3593  1294493  1294849  357  1297734  1298085  352  98.60  1556
1430175  1431913  1739  1430175  1430281  107  1431806  1431913  108  91.67  1556
1498710  1503828  5119  1498710  1498985  276  1503548  1503828  281  96.80  1556
1507978  1517516  9539  1507978  1508388  411  1517101  1517516  416  88.94  1556
1546766  1548348  1583  1546766  1546870  105  1548246  1548348  103  96.19  1556
1573181  1587664  14484  1573181  1574080  900  1586773  1587664  892  96.00  1556
1602202  1604481  2280  1602202  1602807  606  1603892  1604481  590  95.54  1556
1606474  1609459  2986  1606474  1606723  250  1609190  1609459  270  89.63  1556
1614272  1617062  2791  1614272  1615176  905  1616167  1617062  896  95.69  1556
1625914  1627379  1466  1625914  1626365  452  1626957  1627379  423  88.27  1556
1635948  1647329  11382  1635948  1636600  653  1646660  1647329  670  96.12  1556
1658678  1661857  3180  1658678  1659273  596  1661247  1661857  611  97.55  1556
1746535  1750240  3706  1746535  1746803  269  1749966  1750240  275  93.09  1556
1793429  1799295  5867  1793429  1793701  273  1799023  1799295  273  98.53  1556
1810163  1816278  6116  1810163  1810562  400  1815879  1816278  400  99.00  1556
1816849  1821472  4624  1816849  1817099  251  1821219  1821472  254  96.85  1556
1835766  1840054  4289  1835766  1836759  994  1839079  1840054  976  96.68  1556
1840430  1849803  9374  1840430  1840840  411  1849383  1849803  421  92.87  1556
1852175  1857048  4874  1852175  1852982  808  1856245  1857048  804  99.50  1556
2161476  2170234  8759  2161476  2161827  352  2169893  2170234  342  90.34  1556
2207118  2210539  3422  2207118  2207443  326  2210192  2210539  348  92.53  1556
16  4915  4900  16  493  478  4434  4915  482  94.61  1560
5282  8808  3527  5282  6279  998  7825  8808  984  96.69  1623
11  1835  1825  11  466  456  1381  1835  455  87.94  1633
213  2547  2335  213  1091  879  1685  2547  863  94.65  1959
16  2025  2010  16  910  895  1122  2025  904  96.02  1968
392  2790  2399  392  601  210  2588  2790  203  87.62  2026
5379  7316  1938  5379  6283  905  6401  7316  916  94.32  2088
453  6933  6481  453  1134  682  6235  6933  699  96.28  2158
8272  20163  11892  8272  9261  990  19173  20163  991  98.08  2158
23466  28001  4536  23466  24428  963  27055  28001  947  96.99  2158
37009  45988  8980  37009  37658  650  45331  45988  658  98.63  2158
50293  52268  1976  50293  51286  994  51299  52268  970  96.88  2158
56640  60095  3456  56640  57634  995  59098  60095  998  98.60  2158
106857  108807  1951  106857  107403  547  108263  108807  545  96.34  2158
8149  12550  4402  8149  8510  362  12172  12550  379  91.03  2159
12178  14637  2460  12178  12506  329  14326  14637  312  91.79  2231
10  4858  4849  10  375  366  4528  4858  331  85.25  2299
30  2142  2113  30  800  771  1372  2142  771  91.18  2371
70871  72838  1968  70871  71553  683  72150  72838  689  96.52  2510
74  5629  5556  74  1063  990  4639  5629  991  97.78  2904
3966  6022  2057  3966  4360  395  5613  6022  410  91.46  2976
7540  9522  1983  7540  8531  992  8542  9522  981  97.88  3180
9757  13564  3808  9757  10508  752  12816  13564  749  95.88  3180
21  1364  1344  21  269  249  1103  1364  262  88.55  3390
14  1976  1963  14  541  528  1446  1976  531  92.09  3453
7  2782  2776  7  930  924  1839  2782  944  88.14  3864
4097  8518  4422  4097  5089  993  7523  8518  996  97.79  3926
8  1866  1859  8  593  586  1281  1866  586  94.54  3938
10  1445  1436  10  332  323  1132  1445  314  91.33  3943
1246  5283  4038  1246  1913  668  4605  5283  679  93.52  4136
636  6137  5502  636  832  197  5952  6137  186  90.36  4347
1123  2447  1325  1123  1447  325  2130  2447  318  96.00  4351
12  4571  4560  12  1000  989  3583  4571  989  97.57  4418
5168  8889  3722  5168  6167  1000  7905  8889  985  97.30  4418
455  7242  6788  455  666  212  7034  7242  209  89.62  4696
9943  14505  4563  9943  10460  518  14000  14505  506  88.03  4696
18612  29907  11296  18612  18888  277  29637  29907  271  91.70  4696
37  5440  5404  37  1006  970  4493  5440  948  97.22  5188
10771  14218  3448  10771  11708  938  13284  14218  935  94.67  5733
32  7384  7353  32  693  662  6708  7384  677  90.55  5807
706  4898  4193  706  987  282  4613  4898  286  98.60  5954
2402  7303  4902  2402  2804  403  6911  7303  393  95.78  6028
19  1505  1487  19  399  381  1121  1505  385  91.69  6037
13886  21268  7383  13886  14101  216  21064  21268  205  86.57  6095
5857  7945  2089  5857  6529  673  7235  7945  711  94.37  6096
9234  11447  2214  9234  10026  793  10640  11447  808  87.75  6164
26  2317  2292  26  918  893  1405  2317  913  93.10  6381
184  7578  7395  184  784  601  6958  7578  621  96.46  6514
11  1814  1804  11  524  514  1303  1814  512  94.55  6522
6668  10976  4309  6668  7316  649  10333  10976  644  99.23  6579
40  1553  1514  40  329  290  1278  1553  276  86.55  6663
8033  12356  4324  8033  8818  786  11564  12356  793  95.71  6727
5442  14792  9351  5442  5847  406  14397  14792  396  91.38  6792
123  1831  1709  123  647  525  1280  1831  552  87.86  6794
