# args=-index /media/amir/DATA/work/RM_ANALYSIS/Avit/Avit_ltrharvest.index -mintsd 5 -maxtsd 100
# predictions are reported in the following way
# s(ret) e(ret) l(ret) s(lLTR) e(lLTR) l(lLTR) s(rLTR) e(rLTR) l(rLTR) sim(LTRs) seq-nr 
# where:
# s = starting position
# e = ending position
# l = length
# ret = LTR-retrotransposon
# lLTR = left LTR
# rLTR = right LTR
# sim = similarity
# seq-nr = sequence number
47326  53695  6370  47326  47544  219  53485  53695  211  92.69  115
33777  35125  1349  33777  34001  225  34904  35125  222  94.67  139
57992  59284  1293  57992  58123  132  59137  59284  148  87.84  156
92  4481  4390  92  256  165  4325  4481  157  86.67  199
36665  40212  3548  36665  36839  175  40040  40212  173  92.57  213
23413  29581  6169  23413  23639  227  29343  29581  239  88.28  310
13815  16033  2219  13815  14104  290  15756  16033  278  86.21  341
22890  35059  12170  22890  23066  177  34871  35059  189  86.77  472
30361  32123  1763  30361  30500  140  31979  32123  145  86.21  599
15507  22480  6974  15507  15803  297  22192  22480  289  94.28  885
19564  21669  2106  19564  19743  180  21489  21669  181  86.19  914
19  14000  13982  19  312  294  13699  14000  302  90.73  1638
4020  10895  6876  4020  4297  278  10626  10895  270  93.88  1773
98  7936  7839  98  364  267  7645  7936  292  88.01  2223
54  9632  9579  54  716  663  8941  9632  692  88.87  2250
6  9007  9002  6  495  490  8518  9007  490  97.96  2374
1284  4326  3043  1284  1514  231  4109  4326  218  87.88  2470
6  7608  7603  6  271  266  7366  7608  243  87.59  2688
13  6179  6167  13  278  266  5916  6179  264  90.23  3059
1140  2773  1634  1140  1285  146  2633  2773  141  92.47  3138
9  5622  5614  9  254  246  5384  5622  239  90.65  3228
18  5565  5548  18  709  692  4863  5565  703  96.73  3249
1409  4678  3270  1409  1597  189  4487  4678  192  96.88  3337
128  2108  1981  128  364  237  1869  2108  240  85.00  3384
20  5153  5134  20  395  376  4769  5153  385  92.47  3389
11  4882  4872  11  428  418  4489  4882  394  89.47  3486
47  4675  4629  47  944  898  3772  4675  904  90.49  3562
30  4417  4388  30  440  411  3988  4417  430  90.93  3657
2388  3671  1284  2388  2510  123  3555  3671  117  88.62  3986
986  3216  2231  986  1165  180  3039  3216  178  86.11  4254
24  2914  2891  24  492  469  2431  2914  484  93.60  4450
1206  2806  1601  1206  1354  149  2664  2806  143  86.58  4529
31  2251  2221  31  304  274  1957  2251  295  86.78  4935
