# args=-index LTRHarvest/Bpah/Bpah_ltrharvest.index -mintsd 5 -maxtsd 100
# predictions are reported in the following way
# s(ret) e(ret) l(ret) s(lLTR) e(lLTR) l(lLTR) s(rLTR) e(rLTR) l(rLTR) sim(LTRs) seq-nr 
# where:
# s = starting position
# e = ending position
# l = length
# ret = LTR-retrotransposon
# lLTR = left LTR
# rLTR = right LTR
# sim = similarity
# seq-nr = sequence number
64771  74450  9680  64771  65001  231  74225  74450  226  89.18  3
300502  310293  9792  300502  301165  664  309610  310293  684  95.91  3
358903  360167  1265  358903  359065  163  360004  360167  164  87.80  4
336421  344982  8562  336421  336958  538  344475  344982  508  94.42  13
324027  330983  6957  324027  324238  212  330784  330983  200  91.51  15
106734  109339  2606  106734  107223  490  108826  109339  514  93.97  17
245740  256347  10608  245740  246119  380  255962  256347  386  97.93  22
218224  220260  2037  218224  218350  127  220131  220260  130  87.69  24
162082  163765  1684  162082  162474  393  163402  163765  364  85.24  26
238435  249438  11004  238435  238568  134  249311  249438  128  91.04  26
43218  56235  13018  43218  43323  106  56136  56235  100  88.68  27
165414  169647  4234  165414  165571  158  169505  169647  143  86.71  33
7856  9245  1390  7856  8055  200  9057  9245  189  92.50  42
6513  9669  3157  6513  6694  182  9487  9669  183  92.90  43
120189  128283  8095  120189  120731  543  127720  128283  564  95.39  48
184  1527  1344  184  290  107  1421  1527  107  87.85  57
130999  143565  12567  130999  131157  159  143407  143565  159  90.57  58
151975  157431  5457  151975  152294  320  157106  157431  326  91.41  59
180371  194057  13687  180371  180487  117  193943  194057  115  98.29  63
13  14798  14786  13  423  411  14368  14798  431  94.90  64
26738  38075  11338  26738  27249  512  37567  38075  509  93.75  68
143022  144386  1365  143022  143126  105  144282  144386  105  91.43  83
95466  102201  6736  95466  95567  102  102095  102201  107  85.05  85
85601  91173  5573  85601  86161  561  90600  91173  574  96.34  86
72536  81583  9048  72536  72669  134  81439  81583  145  87.59  92
95727  107594  11868  95727  95873  147  107451  107594  144  87.76  92
50307  62771  12465  50307  50634  328  62436  62771  336  93.45  96
14841  23841  9001  14841  14969  129  23722  23841  120  89.15  99
145254  147600  2347  145254  145369  116  147496  147600  105  86.21  103
61600  73247  11648  61600  61738  139  73114  73247  134  92.09  111
4757  14625  9869  4757  4870  114  14514  14625  112  92.11  115
51618  54958  3341  51618  51717  100  54857  54958  102  86.27  115
16821  23332  6512  16821  16952  132  23197  23332  136  91.91  123
58323  60257  1935  58323  58478  156  60104  60257  154  97.44  124
120445  132958  12514  120445  120553  109  132850  132958  109  98.17  127
90429  93312  2884  90429  90583  155  93158  93312  155  92.90  128
18422  30724  12303  18422  19391  970  29730  30724  995  97.19  130
10691  24746  14056  10691  10804  114  24629  24746  118  93.22  136
27969  29424  1456  27969  28103  135  29288  29424  137  92.70  137
121387  122584  1198  121387  121490  104  122475  122584  110  90.91  143
30226  43686  13461  30226  31111  886  42808  43686  879  97.07  144
11807  18421  6615  11807  12717  911  17513  18421  909  98.24  151
26971  34043  7073  26971  27162  192  33855  34043  189  94.79  155
73287  78847  5561  73287  73393  107  78738  78847  110  88.18  155
32126  34629  2504  32126  32225  100  34529  34629  101  85.15  165
580  5957  5378  580  731  152  5822  5957  136  86.18  166
80438  92419  11982  80438  80981  544  91876  92419  544  94.85  177
19254  27272  8019  19254  19692  439  26832  27272  441  90.02  183
40733  44422  3690  40733  40865  133  44290  44422  133  91.73  185
33807  35092  1286  33807  33915  109  34977  35092  116  93.10  186
35718  37319  1602  35718  36231  514  36809  37319  511  97.67  186
41754  43922  2169  41754  42747  994  42927  43922  996  99.40  186
53165  55456  2292  53165  53554  390  55096  55456  361  87.69  186
63051  65406  2356  63051  63688  638  64786  65406  621  96.55  186
68145  69617  1473  68145  68503  359  69263  69617  355  96.10  186
73105  75532  2428  73105  73630  526  75007  75532  526  97.53  186
76890  78658  1769  76890  77283  394  78245  78658  414  94.20  186
79423  80796  1374  79423  79680  258  80523  80796  274  93.43  186
81441  83341  1901  81441  82331  891  82450  83341  892  97.20  186
84101  86890  2790  84101  84927  827  86067  86890  824  97.34  186
88214  90383  2170  88214  88813  600  89777  90383  607  97.86  186
91604  93395  1792  91604  92182  579  92826  93395  570  98.10  186
905  2730  1826  905  1622  718  2004  2730  727  98.21  187
4033  6432  2400  4033  4640  608  5849  6432  584  95.56  187
439  3704  3266  439  651  213  3487  3704  218  85.78  190
32531  39776  7246  32531  32655  125  39660  39776  117  91.20  202
3877  5848  1972  3877  4224  348  5525  5848  324  92.24  203
11483  13227  1745  11483  12045  563  12660  13227  568  95.25  203
16587  18759  2173  16587  17360  774  17981  18759  779  95.76  203
20707  23234  2528  20707  21159  453  22782  23234  453  96.47  203
24362  29090  4729  24362  24570  209  28869  29090  222  89.19  203
29233  31335  2103  29233  30196  964  30381  31335  955  95.12  203
33156  39395  6240  33156  33333  178  39215  39395  181  90.61  203
67957  74434  6478  67957  68062  106  74331  74434  104  90.57  207
21286  23502  2217  21286  21876  591  22910  23502  593  98.48  210
28489  31196  2708  28489  29387  899  30310  31196  887  96.77  210
31844  33751  1908  31844  32350  507  33246  33751  506  97.44  210
36972  38917  1946  36972  37792  821  38090  38917  828  98.79  210
49264  51785  2522  49264  49831  568  51226  51785  560  97.36  210
58101  60034  1934  58101  58934  834  59184  60034  851  96.36  210
62291  63826  1536  62291  62771  481  63338  63826  489  95.91  210
63886  65809  1924  63886  64365  480  65322  65809  488  97.75  210
71786  73101  1316  71786  72085  300  72809  73101  293  97.33  210
76301  78242  1942  76301  76954  654  77585  78242  658  98.02  210
79291  81355  2065  79291  79905  615  80749  81355  607  97.40  210
22606  37156  14551  22606  22860  255  36932  37156  225  87.84  217
52904  61259  8356  52904  53487  584  60693  61259  567  96.06  224
74389  84012  9624  74389  74728  340  83645  84012  368  89.67  232
77378  81944  4567  77378  77627  250  81708  81944  237  93.60  236
72150  77454  5305  72150  72317  168  77295  77454  160  88.10  241
70893  75593  4701  70893  71105  213  75383  75593  211  93.43  242
10  13048  13039  10  186  177  12848  13048  201  88.06  244
40247  48403  8157  40247  40350  104  48299  48403  105  89.52  254
66056  69626  3571  66056  66399  344  69298  69626  329  89.83  268
5539  6675  1137  5539  5648  110  6558  6675  118  85.59  278
1040  2356  1317  1040  1256  217  2146  2356  211  94.01  293
2909  4896  1988  2909  3363  455  4420  4896  477  94.34  293
5829  7402  1574  5829  6351  523  6873  7402  530  96.60  293
7718  9592  1875  7718  8332  615  8973  9592  620  98.23  293
10247  12053  1807  10247  10562  316  11743  12053  311  92.41  293
17929  19469  1541  17929  18282  354  19106  19469  364  95.88  293
21206  22634  1429  21206  21573  368  22272  22634  363  94.57  293
23329  26041  2713  23329  24004  676  25366  26041  676  98.22  293
28157  30531  2375  28157  28521  365  30163  30531  369  94.58  293
32202  33732  1531  32202  32690  489  33251  33732  482  98.36  293
36226  38049  1824  36226  36840  615  37428  38049  622  97.11  293
42263  44586  2324  42263  42992  730  43851  44586  736  99.18  293
48636  50888  2253  48636  49229  594  50285  50888  604  96.36  293
59426  63248  3823  59426  59657  232  63007  63248  242  95.87  293
16774  18111  1338  16774  16988  215  17886  18111  226  86.73  296
644  2743  2100  644  1048  405  2337  2743  407  97.30  300
3548  5100  1553  3548  3856  309  4774  5100  327  93.58  300
7462  8972  1511  7462  7940  479  8485  8972  488  96.93  300
9772  11157  1386  9772  9897  126  11029  11157  129  95.35  300
14708  17053  2346  14708  15080  373  16683  17053  371  96.25  300
20229  22820  2592  20229  20793  565  22254  22820  567  99.12  300
29181  30512  1332  29181  29461  281  30210  30512  303  87.46  300
30625  32417  1793  30625  31049  425  31991  32417  427  96.72  300
38923  40589  1667  38923  39318  396  40183  40589  407  96.31  300
44409  47935  3527  44409  45379  971  46952  47935  984  97.26  300
48856  50829  1974  48856  49244  389  50441  50829  389  97.17  300
53919  55800  1882  53919  54224  306  55488  55800  313  97.44  300
57549  59761  2213  57549  58453  905  58856  59761  906  97.35  300
61763  63143  1381  61763  61884  122  63025  63143  119  87.70  300
57987  63107  5121  57987  58100  114  62994  63107  114  94.74  309
20635  28182  7548  20635  20791  157  28028  28182  155  91.08  310
31292  39332  8041  31292  31486  195  39149  39332  184  91.28  312
7070  19189  12120  7070  7227  158  19037  19189  153  88.61  314
19196  22082  2887  19196  19306  111  21976  22082  107  90.99  315
35183  36456  1274  35183  35296  114  36348  36456  109  88.60  325
51507  58220  6714  51507  52091  585  57631  58220  590  96.10  326
29006  39354  10349  29006  29214  209  39148  39354  207  86.12  339
9861  14501  4641  9861  10426  566  13940  14501  562  98.59  347
48113  50131  2019  48113  48373  261  49901  50131  231  85.06  375
1391  6401  5011  1391  1818  428  5976  6401  426  96.03  376
1887  15675  13789  1887  2075  189  15473  15675  203  91.63  385
2534  4370  1837  2534  2764  231  4131  4370  240  87.92  390
6693  18424  11732  6693  6795  103  18323  18424  102  87.38  461
10071  21967  11897  10071  10688  618  21349  21967  619  97.09  477
27130  33742  6613  27130  27234  105  33639  33742  104  90.48  485
15714  24754  9041  15714  15837  124  24630  24754  125  95.20  526
4828  10025  5198  4828  5398  571  9468  10025  558  97.20  549
11589  13685  2097  11589  12160  572  13098  13685  588  96.43  549
14785  16607  1823  14785  15577  793  15818  16607  790  95.59  549
22724  25059  2336  22724  23089  366  24695  25059  365  96.17  549
26421  28854  2434  26421  26781  361  28501  28854  354  98.06  549
463  9784  9322  463  1145  683  9097  9784  688  96.22  551
22766  23951  1186  22766  22926  161  23775  23951  177  90.40  583
193  6910  6718  193  309  117  6792  6910  119  91.60  640
19640  23375  3736  19640  19745  106  23275  23375  101  87.74  644
9492  14892  5401  9492  9770  279  14602  14892  291  92.78  692
17380  20005  2626  17380  17931  552  19469  20005  537  90.94  695
10302  18480  8179  10302  10409  108  18370  18480  111  87.39  733
3594  5797  2204  3594  4245  652  5152  5797  646  98.31  740
8182  10746  2565  8182  8365  184  10569  10746  178  96.74  752
12810  13989  1180  12810  12955  146  13846  13989  144  87.67  752
15236  17587  2352  15236  16161  926  16672  17587  916  96.33  752
435  5053  4619  435  692  258  4798  5053  256  89.15  759
11960  17474  5515  11960  12068  109  17364  17474  111  96.40  760
5198  13868  8671  5198  5352  155  13713  13868  156  88.46  764
4491  17319  12829  4491  5096  606  16725  17319  595  95.71  766
15605  16723  1119  15605  15704  100  16621  16723  103  90.29  782
1320  3561  2242  1320  2296  977  2572  3561  990  95.86  798
5145  8185  3041  5145  5723  579  7607  8185  579  98.27  798
10206  11759  1554  10206  10612  407  11344  11759  416  95.43  798
6  1135  1130  6  134  129  1006  1135  130  90.00  815
1019  2148  1130  1019  1131  113  2036  2148  113  86.73  822
2677  4244  1568  2677  2891  215  4027  4244  218  96.33  822
5602  7282  1681  5602  6153  552  6741  7282  542  96.56  822
10  1400  1391  10  144  135  1256  1400  145  86.90  855
369  5550  5182  369  623  255  5315  5550  236  86.67  857
12737  14136  1400  12737  13124  388  13747  14136  390  88.97  865
1353  2654  1302  1353  1467  115  2536  2654  119  89.92  875
54  10664  10611  54  507  454  10226  10664  439  96.04  878
11068  13478  2411  11068  11429  362  13130  13478  349  88.67  893
368  7329  6962  368  663  296  7056  7329  274  91.89  899
8963  10348  1386  8963  9311  349  9985  10348  364  89.56  907
258  2283  2026  258  902  645  1656  2283  628  88.99  908
1575  3447  1873  1575  1860  286  3163  3447  285  95.45  926
2980  5232  2253  2980  3113  134  5099  5232  134  94.03  933
5051  6894  1844  5051  5450  400  6464  6894  431  92.81  970
9534  11657  2124  9534  9900  367  11286  11657  372  92.47  970
2039  3391  1353  2039  2231  193  3198  3391  194  94.33  981
4001  5713  1713  4001  4493  493  5216  5713  498  97.59  981
7295  9218  1924  7295  7533  239  8975  9218  244  93.03  1051
6684  9305  2622  6684  6801  118  9196  9305  110  86.44  1069
1177  9061  7885  1177  1745  569  8483  9061  579  94.13  1096
3734  5603  1870  3734  3873  140  5462  5603  142  97.89  1104
5995  7942  1948  5995  6267  273  7690  7942  253  92.67  1104
85  3541  3457  85  1081  997  2547  3541  995  97.69  1111
7780  9083  1304  7780  8020  241  8843  9083  241  90.04  1111
771  9116  8346  771  1143  373  8770  9116  347  91.42  1114
1184  5444  4261  1184  1834  651  4778  5444  667  96.70  1119
2012  3497  1486  2012  2256  245  3274  3497  224  86.94  1220
4232  6484  2253  4232  4642  411  6065  6484  420  96.67  1220
278  2151  1874  278  761  484  1678  2151  474  93.80  1232
222  2378  2157  222  800  579  1793  2378  586  95.05  1233
1592  6463  4872  1592  1704  113  6354  6463  110  87.61  1241
399  2250  1852  399  636  238  2022  2250  229  91.60  1244
3309  5412  2104  3309  3739  431  4989  5412  424  97.68  1262
1130  2430  1301  1130  1374  245  2182  2430  249  93.17  1264
2951  4302  1352  2951  3171  221  4083  4302  220  88.69  1264
10  7491  7482  10  646  637  6846  7491  646  92.41  1268
1227  7433  6207  1227  1348  122  7317  7433  117  90.16  1309
4099  5584  1486  4099  4213  115  5473  5584  112  93.91  1314
3232  5428  2197  3232  3401  170  5257  5428  172  95.35  1359
2425  5244  2820  2425  2861  437  4798  5244  447  86.80  1366
1290  6007  4718  1290  1409  120  5888  6007  120  97.50  1390
41  6398  6358  41  170  130  6267  6398  132  93.94  1412
4967  6557  1591  4967  5502  536  6009  6557  549  93.08  1426
4153  6462  2310  4153  4306  154  6311  6462  152  90.26  1445
788  2046  1259  788  949  162  1883  2046  164  92.68  1462
2532  4686  2155  2532  2922  391  4289  4686  398  94.97  1462
1612  5907  4296  1612  1807  196  5693  5907  215  87.44  1473
1319  2681  1363  1319  1597  279  2404  2681  278  93.91  1507
687  2984  2298  687  936  250  2702  2984  283  85.87  1544
804  3999  3196  804  1213  410  3596  3999  404  97.32  1562
2163  5541  3379  2163  2425  263  5285  5541  257  89.35  1568
3675  5382  1708  3675  4006  332  5046  5382  337  92.28  1584
3506  4764  1259  3506  3673  168  4608  4764  157  88.10  1591
6  3715  3710  6  172  167  3540  3715  176  92.05  1592
8  2041  2034  8  426  419  1627  2041  415  93.32  1613
4150  5352  1203  4150  4346  197  5152  5352  201  94.03  1625
1515  3488  1974  1515  1820  306  3195  3488  294  95.10  1631
1987  3400  1414  1987  2103  117  3286  3400  115  95.73  1634
1426  3650  2225  1426  1650  225  3424  3650  227  94.27  1671
2471  4010  1540  2471  2584  114  3897  4010  114  93.86  1672
3461  5067  1607  3461  3775  315  4742  5067  326  92.02  1706
2006  5033  3028  2006  2204  199  4826  5033  208  95.19  1713
2305  5150  2846  2305  2476  172  4974  5150  177  85.88  1715
12  2112  2101  12  207  196  1914  2112  199  89.45  1721
3117  4879  1763  3117  3749  633  4243  4879  637  96.08  1721
1899  3282  1384  1899  2117  219  3061  3282  222  97.30  1751
3398  4704  1307  3398  3541  144  4560  4704  145  86.21  1752
2155  3436  1282  2155  2423  269  3175  3436  262  92.94  1777
98  3204  3107  98  315  218  2993  3204  212  92.20  1790
2430  4396  1967  2430  2624  195  4202  4396  195  99.49  1796
1306  3532  2227  1306  2210  905  2635  3532  898  96.13  1814
2814  4294  1481  2814  3192  379  3910  4294  385  97.40  1855
981  2235  1255  981  1229  249  1992  2235  244  95.58  1867
1509  3160  1652  1509  2004  496  2669  3160  492  96.57  1872
1338  2732  1395  1338  1728  391  2338  2732  395  91.65  1900
1684  4625  2942  1684  1943  260  4389  4625  237  86.54  1909
986  2120  1135  986  1116  131  1988  2120  133  85.71  1914
2530  4378  1849  2530  2817  288  4092  4378  287  94.10  1914
2671  3874  1204  2671  2820  150  3721  3874  154  87.01  1916
1862  3455  1594  1862  2424  563  2893  3455  563  92.01  1929
11  3746  3736  11  820  810  2898  3746  849  93.29  2021
2015  3706  1692  2015  2471  457  3250  3706  457  85.56  2035
611  3547  2937  611  1416  806  2734  3547  814  97.79  2087
983  3118  2136  983  1123  141  2986  3118  133  85.11  2109
808  2734  1927  808  1078  271  2476  2734  259  86.72  2113
1149  2718  1570  1149  1649  501  2211  2718  508  97.24  2116
1904  3283  1380  1904  2042  139  3146  3283  138  91.37  2146
586  2578  1993  586  753  168  2409  2578  170  87.65  2175
474  2257  1784  474  956  483  1779  2257  479  95.03  2199
855  2719  1865  855  1091  237  2480  2719  240  93.75  2223
257  1649  1393  257  377  121  1532  1649  118  85.95  2242
2136  3766  1631  2136  2687  552  3204  3766  563  96.63  2263
9  3193  3185  9  460  452  2710  3193  484  91.53  2266
830  3811  2982  830  1110  281  3540  3811  272  87.19  2278
546  2147  1602  546  894  349  1781  2147  367  93.46  2296
2118  3501  1384  2118  2354  237  3272  3501  230  97.05  2310
262  1947  1686  262  612  351  1598  1947  350  94.59  2362
101  1639  1539  101  345  245  1396  1639  244  86.12  2375
1115  3400  2286  1115  1756  642  2756  3400  645  94.42  2446
6  3441  3436  6  136  131  3308  3441  134  86.57  2522
281  1678  1398  281  616  336  1326  1678  353  93.48  2643
953  3291  2339  953  1952  1000  2293  3291  999  98.50  2710
20  1796  1777  20  139  120  1675  1796  122  86.07  2767
53  2495  2443  53  349  297  2203  2495  293  89.90  2814
1165  2473  1309  1165  1321  157  2319  2473  155  85.35  2828
882  2189  1308  882  1135  254  1931  2189  259  89.58  2851
620  2294  1675  620  1208  589  1703  2294  592  95.78  2854
769  2643  1875  769  1521  753  1872  2643  772  93.26  2867
1328  2932  1605  1328  1702  375  2578  2932  355  93.07  2880
570  1771  1202  570  681  112  1663  1771  109  91.96  2884
932  3033  2102  932  1171  240  2804  3033  230  86.67  2925
1099  2549  1451  1099  1283  185  2375  2549  175  94.05  2929
1419  3021  1603  1419  1907  489  2521  3021  501  90.42  2949
1664  2953  1290  1664  1896  233  2712  2953  242  86.36  3034
895  2595  1701  895  1306  412  2179  2595  417  92.81  3232
633  2427  1795  633  1340  708  1728  2427  700  96.33  3319
477  2508  2032  477  1099  623  1896  2508  613  95.18  3363
30  1682  1653  30  450  421  1245  1682  438  89.04  3611
6  2052  2047  6  819  814  1228  2052  825  96.48  3646
599  2138  1540  599  699  101  2037  2138  102  94.12  3684
251  2375  2125  251  451  201  2172  2375  204  87.75  3903
753  2008  1256  753  960  208  1795  2008  214  85.05  3945
165  2320  2156  165  413  249  2082  2320  239  87.55  4070
958  2298  1341  958  1176  219  2090  2298  209  87.21  4122
434  1547  1114  434  540  107  1443  1547  105  86.92  4138
220  1708  1489  220  383  164  1543  1708  166  87.35  4215
1032  2225  1194  1032  1220  189  2033  2225  193  87.56  4306
70  1454  1385  70  277  208  1244  1454  211  93.84  4346
216  1750  1535  216  556  341  1408  1750  343  95.04  4419
125  2088  1964  125  660  536  1544  2088  545  94.50  4549
215  2073  1859  215  703  489  1582  2073  492  86.59  4660
231  1474  1244  231  449  219  1242  1474  233  88.84  4758
235  1695  1461  235  681  447  1240  1695  456  94.52  4806
451  1875  1425  451  693  243  1626  1875  250  86.00  4879
58  1219  1162  58  210  153  1063  1219  157  89.17  5112
12  1715  1704  12  519  508  1205  1715  511  85.71  5252
519  1772  1254  519  635  117  1653  1772  120  95.00  5322
297  1880  1584  297  839  543  1335  1880  546  96.70  5352
600  1825  1226  600  749  150  1677  1825  149  90.67  5556
213  1821  1609  213  494  282  1546  1821  276  91.49  5574
456  1709  1254  456  557  102  1609  1709  101  92.16  5985
331  1611  1281  331  581  251  1360  1611  252  88.49  6011
15  1262  1248  15  236  222  1030  1262  233  90.99  6218
39  1661  1623  39  300  262  1370  1661  292  86.64  6264
201  1395  1195  201  332  132  1267  1395  129  87.12  6301
152  1549  1398  152  340  189  1359  1549  191  85.86  6512
68  1479  1412  68  189  122  1362  1479  118  89.34  6843
