# args=-index LTRHarvest/Wban/Wban_ltrharvest.index -mintsd 5 -maxtsd 100
# predictions are reported in the following way
# s(ret) e(ret) l(ret) s(lLTR) e(lLTR) l(lLTR) s(rLTR) e(rLTR) l(rLTR) sim(LTRs) seq-nr 
# where:
# s = starting position
# e = ending position
# l = length
# ret = LTR-retrotransposon
# lLTR = left LTR
# rLTR = right LTR
# sim = similarity
# seq-nr = sequence number
11922  18214  6293  11922  12255  334  17880  18214  335  86.27  300
16602  19693  3092  16602  16806  205  19492  19693  202  97.07  326
14770  22863  8094  14770  15031  262  22604  22863  260  92.37  387
22113  24096  1984  22113  23022  910  23179  24096  918  96.95  417
2298  3757  1460  2298  2719  422  3351  3757  407  91.94  538
3709  9475  5767  3709  3897  189  9307  9475  169  86.77  596
40  6531  6492  40  235  196  6339  6531  193  88.27  733
4476  6756  2281  4476  4877  402  6360  6756  397  96.02  757
4397  5634  1238  4397  4582  186  5460  5634  175  85.48  878
39  13740  13702  39  544  506  13210  13740  531  90.40  1161
10  8294  8285  10  509  500  7842  8294  453  87.00  2389
931  8025  7095  931  1302  372  7657  8025  369  98.92  2455
31  7170  7140  31  426  396  6764  7170  407  87.96  2843
1940  6413  4474  1940  2118  179  6242  6413  172  89.94  2979
10  6646  6637  10  213  204  6439  6646  208  93.27  3088
369  5945  5577  369  596  228  5745  5945  201  87.72  3476
1956  5616  3661  1956  2313  358  5268  5616  349  95.25  3545
27  5482  5456  27  408  382  5086  5482  397  90.43  3819
895  3249  2355  895  1099  205  3046  3249  204  89.27  5518
38  3633  3596  38  465  428  3210  3633  424  98.36  5783
711  2070  1360  711  835  125  1945  2070  126  87.30  6021
397  3009  2613  397  738  342  2669  3009  341  92.40  6172
16  3134  3119  16  436  421  2709  3134  426  92.25  6716
237  2768  2532  237  343  107  2662  2768  107  100.00  6718
6  1687  1682  6  257  252  1436  1687  252  94.44  7107
114  1397  1284  114  289  176  1224  1397  174  90.34  7716
8  2103  2096  8  1002  995  1116  2103  988  97.59  8043
131  2117  1987  131  1011  881  1228  2117  890  97.42  8065
467  1844  1378  467  651  185  1662  1844  183  90.81  8334
11  2079  2069  11  509  499  1588  2079  492  92.79  9173
8  2140  2133  8  444  437  1703  2140  438  97.03  9209
313  1942  1630  313  581  269  1661  1942  282  92.20  9501
9  2031  2023  9  641  633  1396  2031  636  97.33  9503
61  1623  1563  61  245  185  1440  1623  184  89.19  10812
