# args=-index LTRHarvest/Ptri/Ptri_ltrharvest.index -mintsd 5 -maxtsd 100
# predictions are reported in the following way
# s(ret) e(ret) l(ret) s(lLTR) e(lLTR) l(lLTR) s(rLTR) e(rLTR) l(rLTR) sim(LTRs) seq-nr 
# where:
# s = starting position
# e = ending position
# l = length
# ret = LTR-retrotransposon
# lLTR = left LTR
# rLTR = right LTR
# sim = similarity
# seq-nr = sequence number
2965140  2968464  3325  2965140  2965445  306  2968168  2968464  297  91.83  0
1118781  1123625  4845  1118781  1119095  315  1123306  1123625  320  92.19  1
2217043  2220169  3127  2217043  2217507  465  2219702  2220169  468  85.90  1
2221691  2224562  2872  2221691  2222217  527  2224036  2224562  527  92.60  1
112897  114622  1726  112897  113199  303  114325  114622  298  93.40  2
185076  187736  2661  185076  185630  555  187176  187736  561  92.16  2
749144  753942  4799  749144  749296  153  753790  753942  153  92.81  2
1853224  1855976  2753  1853224  1853771  548  1855433  1855976  544  95.99  2
346698  349517  2820  346698  346865  168  349344  349517  174  87.36  3
936391  938896  2506  936391  936597  207  938697  938896  200  85.02  5
734  2157  1424  734  978  245  1912  2157  246  94.31  6
3668  6647  2980  3668  3953  286  6354  6647  294  90.82  7
659257  663133  3877  659257  659434  178  662953  663133  181  85.64  7
663211  667166  3956  663211  663525  315  666849  667166  318  94.34  7
861404  864338  2935  861404  861559  156  864172  864338  167  88.02  8
992412  999636  7225  992412  992978  567  999074  999636  563  89.77  8
556639  558739  2101  556639  557220  582  558173  558739  567  97.25  9
57107  71209  14103  57107  57318  212  70989  71209  221  90.05  10
389518  393343  3826  389518  389652  135  393207  393343  137  88.32  11
684  2077  1394  684  923  240  1840  2077  238  86.67  12
562523  563955  1433  562523  562712  190  563784  563955  172  87.89  13
190735  192130  1396  190735  191044  310  191819  192130  312  85.90  14
350818  352156  1339  350818  350990  173  351982  352156  175  94.86  16
112861  115496  2636  112861  113851  991  114498  115496  999  98.90  30
222489  225183  2695  222489  222955  467  224695  225183  489  89.37  30
204133  206304  2172  204133  204499  367  205922  206304  383  86.16  35
31564  35283  3720  31564  32197  634  34651  35283  633  93.53  37
3833  8835  5003  3833  4592  760  8093  8835  743  91.45  38
96873  98738  1866  96873  97690  818  97916  98738  823  93.07  38
99242  101400  2159  99242  100058  817  100590  101400  811  94.49  38
66757  69456  2700  66757  67014  258  69206  69456  251  89.15  41
136378  140179  3802  136378  136987  610  139575  140179  605  94.92  41
86866  89507  2642  86866  87283  418  89095  89507  413  87.32  59
38946  41639  2694  38946  39232  287  41344  41639  296  88.85  61
41688  44049  2362  41688  42178  491  43561  44049  489  91.24  62
41961  44122  2162  41961  42120  160  43962  44122  161  85.71  65
59754  61855  2102  59754  60475  722  61141  61855  715  94.46  68
36683  39550  2868  36683  37127  445  39104  39550  447  87.25  69
53469  55822  2354  53469  53598  130  55685  55822  138  86.23  69
72625  76518  3894  72625  73075  451  76072  76518  447  90.02  69
77328  79126  1799  77328  77611  284  78839  79126  288  95.49  69
11533  12868  1336  11533  11644  112  12752  12868  117  90.60  71
13411  17439  4029  13411  13534  124  17310  17439  130  87.69  72
37459  43760  6302  37459  37829  371  43401  43760  360  95.69  72
1410  6739  5330  1410  1553  144  6598  6739  142  95.83  76
9661  12027  2367  9661  10618  958  11078  12027  950  96.66  76
16556  21603  5048  16556  16730  175  21436  21603  168  85.71  79
27850  32846  4997  27850  28402  553  32271  32846  576  89.24  79
15759  18078  2320  15759  16035  277  17799  18078  280  98.21  80
25007  40467  15461  25007  25564  558  39879  40467  589  93.89  84
17728  29136  11409  17728  17908  181  28964  29136  173  87.85  85
35114  37146  2033  35114  35860  747  36419  37146  728  86.61  85
17407  24825  7419  17407  17910  504  24326  24825  500  93.85  86
44551  46333  1783  44551  45035  485  45812  46333  522  86.02  86
2324  7498  5175  2324  2911  588  6905  7498  594  98.99  87
29857  34627  4771  29857  30155  299  34322  34627  306  91.83  88
5680  8087  2408  5680  6674  995  7092  8087  996  96.69  89
41027  43864  2838  41027  41547  521  43334  43864  531  85.31  90
16036  18399  2364  16036  17012  977  17432  18399  968  96.62  92
20925  23225  2301  20925  21368  444  22785  23225  441  85.36  93
5010  7275  2266  5010  5131  122  7161  7275  115  93.44  99
349  5392  5044  349  523  175  5191  5392  202  86.63  115
11685  16225  4541  11685  12177  493  15726  16225  500  95.80  120
20357  25407  5051  20357  20837  481  24911  25407  497  85.92  120
6  9645  9640  6  553  548  9087  9645  559  97.85  127
11056  12660  1605  11056  11626  571  12081  12660  580  95.86  129
11029  12879  1851  11029  11713  685  12181  12879  699  95.42  132
20072  21698  1627  20072  20470  399  21294  21698  405  93.58  133
19819  21714  1896  19819  20358  540  21169  21714  546  98.35  135
16714  18531  1818  16714  17223  510  18041  18531  491  91.76  141
15463  17870  2408  15463  15729  267  17601  17870  270  85.93  143
2906  7517  4612  2906  3148  243  7263  7517  255  85.49  145
188  2125  1938  188  405  218  1915  2125  211  88.07  146
15524  17655  2132  15524  16407  884  16771  17655  885  92.77  147
15487  17720  2234  15487  16079  593  17154  17720  567  88.87  148
4506  8055  3550  4506  4882  377  7674  8055  382  88.74  164
12229  14162  1934  12229  12475  247  13901  14162  262  88.17  171
5777  12635  6859  5777  5999  223  12425  12635  211  86.10  172
5748  11516  5769  5748  6224  477  11017  11516  500  89.80  180
5063  7106  2044  5063  6004  942  6133  7106  974  87.68  183
2718  10008  7291  2718  2920  203  9811  10008  198  95.57  195
23  12209  12187  23  243  221  11974  12209  236  86.02  206
4268  5998  1731  4268  4531  264  5743  5998  256  92.80  214
6531  10586  4056  6531  7103  573  10006  10586  581  92.60  215
7  8089  8083  7  109  103  7972  8089  118  87.29  217
8097  9754  1658  8097  8617  521  9224  9754  531  93.22  217
7420  9976  2557  7420  8054  635  9353  9976  624  87.24  220
74  3167  3094  74  344  271  2893  3167  275  85.45  226
4816  7011  2196  4816  5791  976  6040  7011  972  98.16  233
988  5716  4729  988  1517  530  5165  5716  552  87.86  234
4005  8603  4599  4005  4161  157  8459  8603  145  88.54  235
7206  8794  1589  7206  7539  334  8456  8794  339  91.45  244
6123  8262  2140  6123  6347  225  8036  8262  227  86.78  247
6350  8339  1990  6350  7167  818  7505  8339  835  88.62  249
2433  6933  4501  2433  2734  302  6638  6933  296  87.42  251
2917  8973  6057  2917  3236  320  8651  8973  323  92.26  256
732  4454  3723  732  1024  293  4162  4454  293  86.69  263
4446  7649  3204  4446  4653  208  7436  7649  214  89.25  293
3354  5449  2096  3354  3973  620  4844  5449  606  96.13  297
513  6508  5996  513  646  134  6366  6508  143  88.81  310
613  7210  6598  613  868  256  6965  7210  246  88.67  312
4266  7152  2887  4266  4441  176  6983  7152  170  90.34  316
19  5303  5285  19  696  678  4585  5303  719  94.30  336
2220  5599  3380  2220  2585  366  5247  5599  353  86.61  351
849  2997  2149  849  1144  296  2712  2997  286  89.86  358
9  1630  1622  9  244  236  1400  1630  231  89.83  365
789  2394  1606  789  1162  374  2018  2394  377  89.92  366
677  2550  1874  677  1183  507  2052  2550  499  90.34  368
709  3402  2694  709  1402  694  2715  3402  688  88.47  393
702  4273  3572  702  945  244  4014  4273  260  92.69  424
2232  4163  1932  2232  2520  289  3874  4163  290  90.34  425
26  4854  4829  26  605  580  4296  4854  559  87.76  429
1744  3166  1423  1744  2078  335  2836  3166  331  88.36  430
1112  3022  1911  1112  1544  433  2592  3022  431  87.99  431
580  2763  2184  580  816  237  2534  2763  230  86.08  437
517  3346  2830  517  1344  828  2508  3346  839  92.01  448
1162  4187  3026  1162  1338  177  4008  4187  180  88.33  449
591  2520  1930  591  979  389  2137  2520  384  95.12  459
2619  4486  1868  2619  2793  175  4327  4486  160  87.43  459
1522  4041  2520  1522  1795  274  3786  4041  256  86.86  467
655  2435  1781  655  838  184  2244  2435  192  89.06  482
810  3229  2420  810  1261  452  2787  3229  443  96.02  486
7  3760  3754  7  286  280  3462  3760  299  92.64  498
402  2910  2509  402  804  403  2514  2910  397  97.02  533
1267  3102  1836  1267  1410  144  2951  3102  152  86.84  547
1123  3455  2333  1123  1308  186  3288  3455  168  87.10  549
1064  2498  1435  1064  1315  252  2259  2498  240  91.27  552
703  2900  2198  703  884  182  2721  2900  180  86.81  553
405  2396  1992  405  909  505  1855  2396  542  87.45  556
674  2454  1781  674  885  212  2239  2454  216  88.43  565
101  1909  1809  101  441  341  1567  1909  343  93.00  572
708  2028  1321  708  1009  302  1721  2028  308  97.73  578
530  2892  2363  530  1352  823  2062  2892  831  96.87  581
6  1790  1785  6  475  470  1312  1790  479  85.59  585
564  2713  2150  564  934  371  2361  2713  353  91.64  595
747  2607  1861  747  880  134  2486  2607  122  91.04  597
825  3143  2319  825  1258  434  2715  3143  429  91.24  602
754  1964  1211  754  892  139  1840  1964  125  87.05  607
221  2675  2455  221  554  334  2344  2675  332  85.03  688
10  2295  2286  10  463  454  1814  2295  482  86.10  699
36  1430  1395  36  303  268  1164  1430  267  87.69  799
245  1717  1473  245  552  308  1411  1717  307  93.83  879
23  1458  1436  23  278  256  1204  1458  255  94.92  949
35  1553  1519  35  328  294  1231  1553  323  85.14  1056
65  1215  1151  65  189  125  1093  1215  123  93.60  1199
