# args=-index LTRHarvest/Sbat/Sbat_ltrharvest.index -mintsd 5 -maxtsd 100
# predictions are reported in the following way
# s(ret) e(ret) l(ret) s(lLTR) e(lLTR) l(lLTR) s(rLTR) e(rLTR) l(rLTR) sim(LTRs) seq-nr 
# where:
# s = starting position
# e = ending position
# l = length
# ret = LTR-retrotransposon
# lLTR = left LTR
# rLTR = right LTR
# sim = similarity
# seq-nr = sequence number
50781  62614  11834  50781  51076  296  62318  62614  297  89.23  24
32261  35903  3643  32261  33021  761  35132  35903  772  94.82  79
15302  18358  3057  15302  15481  180  18179  18358  180  86.11  196
35768  40284  4517  35768  36207  440  39836  40284  449  89.09  589
305  6032  5728  305  589  285  5716  6032  317  86.75  600
5844  17978  12135  5844  6335  492  17496  17978  483  97.36  606
20740  29054  8315  20740  21116  377  28688  29054  367  92.57  650
29031  35896  6866  29031  29342  312  35587  35896  310  94.55  811
9128  15786  6659  9128  9354  227  15565  15786  222  85.90  1172
13360  27687  14328  13360  13677  318  27365  27687  323  85.76  1175
6859  12751  5893  6859  7258  400  12351  12751  401  91.52  1178
1406  3765  2360  1406  1532  127  3636  3765  130  87.69  1556
5589  10641  5053  5589  6034  446  10191  10641  451  86.92  1822
7677  20395  12719  7677  7782  106  20293  20395  103  87.74  2145
3442  12071  8630  3442  3784  343  11719  12071  353  87.54  2158
1751  12881  11131  1751  2190  440  12404  12881  478  86.19  2177
373  15216  14844  373  912  540  14678  15216  539  93.33  2490
94  10228  10135  94  243  150  10077  10228  152  86.18  2495
212  10604  10393  212  428  217  10395  10604  210  88.48  2659
1216  15949  14734  1216  1911  696  15239  15949  711  87.34  2876
1651  6629  4979  1651  2243  593  6037  6629  593  92.58  2890
10123  20645  10523  10123  10555  433  20234  20645  412  85.45  2992
9290  12872  3583  9290  9615  326  12552  12872  321  88.34  3582
8768  14420  5653  8768  9058  291  14131  14420  290  85.57  3650
6210  16019  9810  6210  6657  448  15567  16019  453  86.31  3796
3932  11245  7314  3932  4392  461  10797  11245  449  92.84  4079
10  2560  2551  10  734  725  1829  2560  732  88.93  4182
8290  16836  8547  8290  8574  285  16557  16836  280  85.61  4254
2180  5383  3204  2180  2418  239  5139  5383  245  88.16  4500
8253  15647  7395  8253  8495  243  15394  15647  254  87.01  4741
8271  13307  5037  8271  8439  169  13140  13307  168  86.39  5676
35  2260  2226  35  206  172  2095  2260  166  89.53  5959
5019  10694  5676  5019  5180  162  10525  10694  170  85.88  6401
7517  9021  1505  7517  8013  497  8543  9021  479  87.73  6417
8006  11515  3510  8006  8237  232  11275  11515  241  88.80  6546
7900  9238  1339  7900  8024  125  9110  9238  129  93.80  7637
2428  4894  2467  2428  2847  420  4464  4894  431  90.72  9813
422  4914  4493  422  863  442  4480  4914  435  88.24  9865
4982  6990  2009  4982  5199  218  6777  6990  214  92.66  9865
1644  3684  2041  1644  1961  318  3353  3684  332  88.55  10378
111  1379  1269  111  225  115  1266  1379  114  93.04  10516
1886  6297  4412  1886  2009  124  6176  6297  122  86.29  10516
4326  5756  1431  4326  4465  140  5623  5756  134  86.43  11021
914  5448  4535  914  1308  395  5056  5448  393  88.10  11110
2344  4103  1760  2344  2816  473  3634  4103  470  88.79  11948
2247  3906  1660  2247  2366  120  3794  3906  113  86.67  12499
738  3288  2551  738  1670  933  2348  3288  941  88.10  12889
1651  3669  2019  1651  1765  115  3554  3669  116  87.07  13117
946  2863  1918  946  1846  901  1965  2863  899  88.35  13574
728  2250  1523  728  1153  426  1833  2250  418  85.21  14548
479  2524  2046  479  650  172  2345  2524  180  88.89  14599
79  2284  2206  79  550  472  1791  2284  494  85.63  14773
323  1467  1145  323  457  135  1328  1467  140  88.57  15550
449  1607  1159  449  594  146  1465  1607  143  87.67  15929
330  1493  1164  330  486  157  1337  1493  157  92.36  16301
8  1256  1249  8  119  112  1143  1256  114  85.96  17187
