# args=-index LTRHarvest/Srat/Srat_ltrharvest.index -mintsd 5 -maxtsd 100
# predictions are reported in the following way
# s(ret) e(ret) l(ret) s(lLTR) e(lLTR) l(lLTR) s(rLTR) e(rLTR) l(rLTR) sim(LTRs) seq-nr 
# where:
# s = starting position
# e = ending position
# l = length
# ret = LTR-retrotransposon
# lLTR = left LTR
# rLTR = right LTR
# sim = similarity
# seq-nr = sequence number
756  7566  6811  756  1133  378  7203  7566  364  91.27  0
166357  168575  2219  166357  166908  552  168017  168575  559  91.77  0
245827  247635  1809  245827  245973  147  247486  247635  150  93.33  0
410270  412332  2063  410270  410673  404  411935  412332  398  89.60  0
475449  477849  2401  475449  476196  748  477119  477849  731  90.64  0
562345  564968  2624  562345  563290  946  563996  564968  973  88.69  0
639916  641892  1977  639916  640234  319  641579  641892  314  90.60  0
787196  789678  2483  787196  788025  830  788859  789678  820  88.19  0
912679  914680  2002  912679  913020  342  914325  914680  356  89.33  0
1046492  1048409  1918  1046492  1046745  254  1048148  1048409  262  87.02  0
1231921  1234984  3064  1231921  1232493  573  1234395  1234984  590  88.31  0
1329293  1339501  10209  1329293  1329593  301  1339198  1339501  304  89.47  0
1417271  1419543  2273  1417271  1417893  623  1418924  1419543  620  87.96  0
1510249  1512380  2132  1510249  1510724  476  1511914  1512380  467  93.49  0
1757765  1759788  2024  1757765  1758158  394  1759402  1759788  387  92.64  0
1944092  1946427  2336  1944092  1944745  654  1945758  1946427  670  87.76  0
1968898  1970753  1856  1968898  1969106  209  1970548  1970753  206  90.91  0
2018546  2020406  1861  2018546  2018773  228  2020175  2020406  232  93.53  0
2124691  2126814  2124  2124691  2125160  470  2126336  2126814  479  89.14  0
2185378  2187557  2180  2185378  2185909  532  2187031  2187557  527  90.23  0
2223049  2227233  4185  2223049  2223538  490  2226741  2227233  493  89.05  0
2251281  2253296  2016  2251281  2251640  360  2252927  2253296  370  90.00  0
2287361  2295826  8466  2287361  2288049  689  2295137  2295826  690  92.03  0
2464897  2467682  2786  2464897  2465624  728  2466949  2467682  734  91.28  0
2476740  2478461  1722  2476740  2476901  162  2478302  2478461  160  88.27  0
2575288  2577181  1894  2575288  2575525  238  2576950  2577181  232  91.18  0
2627916  2630282  2367  2627916  2628619  704  2629553  2630282  730  87.95  0
2774827  2782796  7970  2774827  2775120  294  2782496  2782796  301  86.05  0
3129320  3137206  7887  3129320  3129913  594  3136614  3137206  593  92.76  0
3285982  3288052  2071  3285982  3286390  409  3287643  3288052  410  86.10  0
3388220  3396298  8079  3388220  3388334  115  3396187  3396298  112  85.22  0
3556307  3558459  2153  3556307  3556805  499  3557969  3558459  491  88.98  0
3625277  3627846  2570  3625277  3626181  905  3626950  3627846  897  89.06  0
3744581  3746470  1890  3744581  3744809  229  3746246  3746470  225  86.03  0
3890972  3893087  2116  3890972  3891164  193  3892885  3893087  203  90.15  0
3901120  3902640  1521  3901120  3901235  116  3902526  3902640  115  91.38  0
3904199  3906008  1810  3904199  3904607  409  3905594  3906008  415  91.08  0
3913253  3921473  8221  3913253  3913452  200  3921267  3921473  207  91.30  0
3921977  3925125  3149  3921977  3922501  525  3924602  3925125  524  91.05  0
3926548  3928918  2371  3926548  3927541  994  3927936  3928918  983  94.16  0
3957902  3962650  4749  3957902  3958160  259  3962403  3962650  248  95.75  0
4011942  4014295  2354  4011942  4012173  232  4014072  4014295  224  87.07  0
4015493  4017358  1866  4015493  4015649  157  4017198  4017358  161  86.34  0
4111065  4113258  2194  4111065  4111594  530  4112713  4113258  546  90.11  0
4607898  4609722  1825  4607898  4608069  172  4609557  4609722  166  86.05  0
4694228  4698974  4747  4694228  4694639  412  4698560  4698974  415  96.14  0
4896640  4901593  4954  4896640  4897159  520  4901085  4901593  509  93.85  0
4926844  4928611  1768  4926844  4927168  325  4928286  4928611  326  98.16  0
5113281  5120566  7286  5113281  5113996  716  5119851  5120566  716  89.11  0
5536622  5538756  2135  5536622  5537100  479  5538270  5538756  487  88.71  0
6319598  6321801  2204  6319598  6320137  540  6321266  6321801  536  87.78  0
7127206  7131557  4352  7127206  7127487  282  7131291  7131557  267  85.46  0
7199256  7200670  1415  7199256  7199384  129  7200541  7200670  130  94.62  0
7563424  7566790  3367  7563424  7563970  547  7566255  7566790  536  97.62  0
7608842  7610115  1274  7608842  7609010  169  7609947  7610115  169  91.12  0
7894424  7899561  5138  7894424  7895416  993  7898568  7899561  994  97.79  0
8063348  8064731  1384  8063348  8063474  127  8064613  8064731  119  88.19  0
8402283  8404600  2318  8402283  8402644  362  8404244  8404600  357  87.29  0
8407199  8409696  2498  8407199  8407447  249  8409439  8409696  258  95.74  0
8411506  8414128  2623  8411506  8411948  443  8413690  8414128  439  91.20  0
9101250  9111474  10225  9101250  9101581  332  9111142  9111474  333  87.09  0
9111528  9114329  2802  9111528  9112225  698  9113640  9114329  690  96.42  0
9123658  9137062  13405  9123658  9124212  555  9136517  9137062  546  90.09  0
9141238  9143769  2532  9141238  9141574  337  9143435  9143769  335  93.77  0
10242839  10250281  7443  10242839  10243256  418  10249855  10250281  427  89.23  0
10681599  10683426  1828  10681599  10682285  687  10682742  10683426  685  88.36  0
11208123  11212526  4404  11208123  11209006  884  11211631  11212526  896  97.99  0
11756027  11761556  5530  11756027  11756280  254  11761317  11761556  240  87.01  0
12070813  12072355  1543  12070813  12071246  434  12071957  12072355  399  86.64  0
12072814  12074233  1420  12072814  12073073  260  12073974  12074233  260  96.15  0
12078630  12080447  1818  12078630  12078737  108  12080346  12080447  102  94.44  0
12103349  12105646  2298  12103349  12104003  655  12104973  12105646  674  86.80  0
12402510  12404459  1950  12402510  12402825  316  12404145  12404459  315  88.92  0
12493121  12495393  2273  12493121  12493771  651  12494761  12495393  633  86.18  0
12603680  12610486  6807  12603680  12603846  167  12610326  12610486  161  88.02  0
12716927  12720075  3149  12716927  12717483  557  12719536  12720075  540  94.43  0
12735743  12738154  2412  12735743  12736525  783  12737378  12738154  777  89.91  0
12843554  12845471  1918  12843554  12843815  262  12845218  12845471  254  87.02  0
13050868  13055623  4756  13050868  13051127  260  13055362  13055623  262  98.09  0
13061767  13063630  1864  13061767  13061977  211  13063420  13063630  211  89.10  0
13100183  13104314  4132  13100183  13100644  462  13103853  13104314  462  92.42  0
13140006  13141928  1923  13140006  13140270  265  13141663  13141928  266  91.73  0
13403360  13407317  3958  13403360  13403649  290  13407024  13407317  294  94.56  0
13476594  13478900  2307  13476594  13476848  255  13478643  13478900  258  94.57  0
13595523  13598741  3219  13595523  13595884  362  13598388  13598741  354  87.29  0
13672882  13675626  2745  13672882  13673374  493  13675113  13675626  514  87.16  0
13883702  13885649  1948  13883702  13884014  313  13885345  13885649  305  86.26  0
14027947  14030491  2545  14027947  14028851  905  14029555  14030491  937  90.07  0
14077554  14082925  5372  14077554  14077949  396  14082511  14082925  415  94.70  0
14093511  14095657  2147  14093511  14093735  225  14095435  14095657  223  86.67  0
14225552  14229544  3993  14225552  14226122  571  14228979  14229544  566  93.70  0
14299321  14301864  2544  14299321  14299712  392  14301475  14301864  390  86.99  0
14445351  14447264  1914  14445351  14445607  257  14447015  14447264  250  91.05  0
14493740  14497157  3418  14493740  14494164  425  14496714  14497157  444  93.24  0
14499517  14503611  4095  14499517  14500128  612  14502995  14503611  617  94.98  0
14598648  14609008  10361  14598648  14599068  421  14608616  14609008  393  90.26  0
14784286  14789576  5291  14784286  14784637  352  14789223  14789576  354  96.61  0
14824961  14827219  2259  14824961  14825559  599  14826614  14827219  606  88.61  0
14967688  14971212  3525  14967688  14968345  658  14970551  14971212  662  96.98  0
15003966  15008636  4671  15003966  15004589  624  15008012  15008636  625  97.92  0
15013323  15018070  4748  15013323  15013821  499  15017569  15018070  502  94.02  0
15104833  15111737  6905  15104833  15105215  383  15111360  15111737  378  86.16  0
15232100  15234335  2236  15232100  15232669  570  15233755  15234335  581  92.43  0
15306215  15316352  10138  15306215  15306446  232  15316119  15316352  234  99.15  0
15465478  15468017  2540  15465478  15465917  440  15467577  15468017  441  89.57  0
15468605  15470844  2240  15468605  15468844  240  15470609  15470844  236  94.17  0
15482614  15486805  4192  15482614  15483317  704  15486098  15486805  708  96.05  0
15539598  15541937  2340  15539598  15540012  415  15541527  15541937  411  93.98  0
15567074  15576093  9020  15567074  15568013  940  15575143  15576093  951  92.11  0
15671513  15674275  2763  15671513  15671827  315  15673968  15674275  308  92.70  0
15697513  15699962  2450  15697513  15697834  322  15699648  15699962  315  88.82  0
15701982  15704551  2570  15701982  15702458  477  15704078  15704551  474  91.61  0
15725197  15727758  2562  15725197  15725622  426  15727332  15727758  427  90.63  0
15744882  15753730  8849  15744882  15745460  579  15753150  15753730  581  92.77  0
15761266  15775929  14664  15761266  15761428  163  15775767  15775929  163  88.96  0
15784870  15792284  7415  15784870  15785621  752  15791548  15792284  737  95.61  0
15803315  15810589  7275  15803315  15803525  211  15810380  15810589  210  97.63  0
15810783  15819182  8400  15810783  15811471  689  15818484  15819182  699  89.41  0
15822876  15826182  3307  15822876  15823694  819  15825362  15826182  821  87.09  0
15971608  15973449  1842  15971608  15971813  206  15973226  15973449  224  88.84  0
16051408  16056894  5487  16051408  16051770  363  16056519  16056894  376  93.35  0
16064960  16067070  2111  16064960  16065434  475  16066603  16067070  468  90.74  0
16092108  16105204  13097  16092108  16092884  777  16104423  16105204  782  94.37  0
16131580  16133568  1989  16131580  16131927  348  16133214  16133568  355  92.96  0
16183101  16189667  6567  16183101  16183885  785  16188878  16189667  790  98.86  0
16207541  16209718  2178  16207541  16208083  543  16209172  16209718  547  89.03  0
16301037  16302895  1859  16301037  16301308  272  16302629  16302895  267  94.85  0
16303215  16304590  1376  16303215  16303486  272  16304324  16304590  267  94.12  0
16304913  16306617  1705  16304913  16305220  308  16306316  16306617  302  87.34  0
16320931  16324998  4068  16320931  16321682  752  16324244  16324998  755  87.81  0
16407019  16409216  2198  16407019  16407574  556  16408644  16409216  573  87.61  0
16455259  16457645  2387  16455259  16456012  754  16456892  16457645  754  89.66  0
16538629  16548627  9999  16538629  16539233  605  16548012  16548627  616  93.67  0
16594488  16603538  9051  16594488  16595267  780  16602772  16603538  767  94.74  0
16606615  16613192  6578  16606615  16607296  682  16612497  16613192  696  92.96  0
16613262  16617906  4645  16613262  16613738  477  16617418  16617906  489  87.12  0
16618880  16625137  6258  16618880  16619849  970  16624165  16625137  973  91.88  0
16630755  16641506  10752  16630755  16631359  605  16640899  16641506  608  96.55  0
16643294  16648703  5410  16643294  16643625  332  16648360  16648703  344  95.35  0
16705152  16707284  2133  16705152  16705601  450  16706822  16707284  463  92.66  0
16755925  16758062  2138  16755925  16756735  811  16757272  16758062  791  93.46  0
62103  64265  2163  62103  62621  519  63729  64265  537  91.99  1
139530  142978  3449  139530  139933  404  142589  142978  390  93.32  1
166924  169285  2362  166924  167618  695  168590  169285  696  96.12  1
431836  434005  2170  431836  432349  514  433489  434005  517  93.04  1
473629  475803  2175  473629  474149  521  475302  475803  502  89.83  1
528368  531214  2847  528368  528718  351  530854  531214  361  90.03  1
617334  620260  2927  617334  617768  435  619825  620260  436  90.14  1
763719  765666  1948  763719  764011  293  765384  765666  283  89.08  1
868222  870557  2336  868222  868893  672  869874  870557  684  90.06  1
1070477  1072655  2179  1070477  1071002  526  1072140  1072655  516  87.26  1
1117585  1119955  2371  1117585  1118290  706  1119243  1119955  713  90.18  1
1365406  1367607  2202  1365406  1365950  545  1367068  1367607  540  87.16  1
1400648  1403247  2600  1400648  1401590  943  1402307  1403247  941  91.52  1
1611800  1615499  3700  1611800  1612652  853  1614673  1615499  827  91.56  1
1752300  1754522  2223  1752300  1752869  570  1753955  1754522  568  85.79  1
1992272  1994509  2238  1992272  1992849  578  1993932  1994509  578  93.08  1
2273806  2275789  1984  2273806  2274142  337  2275461  2275789  329  89.91  1
2368383  2370389  2007  2368383  2368737  355  2370031  2370389  359  86.35  1
2669014  2671078  2065  2669014  2669419  406  2670676  2671078  403  89.41  1
2828512  2832442  3931  2828512  2828629  118  2832326  2832442  117  94.07  1
2898956  2901123  2168  2898956  2899645  690  2900431  2901123  693  88.46  1
2919086  2929337  10252  2919086  2919778  693  2928649  2929337  689  94.81  1
3019141  3021543  2403  3019141  3019879  739  3020792  3021543  752  92.82  1
3182378  3184309  1932  3182378  3182834  457  3183868  3184309  442  85.56  1
3208046  3211464  3419  3208046  3208603  558  3210915  3211464  550  94.09  1
3249332  3253204  3873  3249332  3250065  734  3252483  3253204  722  92.78  1
3309087  3310970  1884  3309087  3309481  395  3310566  3310970  405  85.43  1
4017842  4019666  1825  4017842  4018007  166  4019503  4019666  164  90.96  1
4231495  4241081  9587  4231495  4231846  352  4240724  4241081  358  88.27  1
4330609  4336677  6069  4330609  4331041  433  4336248  4336677  430  90.07  1
4337024  4338886  1863  4337024  4337491  468  4338411  4338886  476  97.27  1
5076620  5086519  9900  5076620  5076769  150  5086373  5086519  147  95.33  1
5176715  5184827  8113  5176715  5177317  603  5184235  5184827  593  94.53  1
5686526  5700105  13580  5686526  5686796  271  5699829  5700105  277  89.89  1
5702941  5705922  2982  5702941  5703631  691  5705225  5705922  698  97.42  1
5707363  5716013  8651  5707363  5707647  285  5715725  5716013  289  88.93  1
6027936  6029538  1603  6027936  6028451  516  6029026  6029538  513  92.25  1
6297306  6302059  4754  6297306  6297430  125  6301936  6302059  124  88.00  1
6439462  6451994  12533  6439462  6440409  948  6451052  6451994  943  94.41  1
6693917  6697238  3322  6693917  6694182  266  6696974  6697238  265  89.47  1
6901386  6903143  1758  6901386  6901720  335  6902806  6903143  338  91.42  1
7163236  7165570  2335  7163236  7164078  843  7164733  7165570  838  96.44  1
7167137  7168521  1385  7167137  7167360  224  7168297  7168521  225  95.56  1
7176755  7177967  1213  7176755  7176951  197  7177765  7177967  203  89.66  1
7548306  7549866  1561  7548306  7548462  157  7549699  7549866  168  85.12  1
7715780  7717974  2195  7715780  7716303  524  7717413  7717974  562  85.23  1
7964268  7966280  2013  7964268  7964631  364  7965920  7966280  361  87.09  1
8032392  8034537  2146  8032392  8032878  487  8034055  8034537  483  89.53  1
8467435  8473221  5787  8467435  8467712  278  8472950  8473221  272  87.41  1
8560943  8563108  2166  8560943  8561446  504  8562595  8563108  514  88.33  1
8616029  8618431  2403  8616029  8616791  763  8617666  8618431  766  90.60  1
8795350  8797202  1853  8795350  8795572  223  8796994  8797202  209  87.00  1
9019355  9021279  1925  9019355  9019621  267  9020999  9021279  281  91.10  1
9148050  9150176  2127  9148050  9148539  490  9149683  9150176  494  94.94  1
9202343  9204669  2327  9202343  9203025  683  9203976  9204669  694  88.33  1
9269911  9279111  9201  9269911  9270902  992  9278114  9279111  998  98.30  1
9307385  9309696  2312  9307385  9308048  664  9309049  9309696  648  93.98  1
9369222  9370803  1582  9369222  9369436  215  9370589  9370803  215  94.42  1
9371229  9373104  1876  9371229  9371707  479  9372626  9373104  479  95.41  1
9428407  9430195  1789  9428407  9428562  156  9430049  9430195  147  87.18  1
9467192  9470031  2840  9467192  9467582  391  9469649  9470031  383  87.47  1
9591313  9593220  1908  9591313  9591579  267  9592951  9593220  270  86.67  1
9639633  9641761  2129  9639633  9640092  460  9641285  9641761  477  91.19  1
9704030  9708644  4615  9704030  9704618  589  9708065  9708644  580  96.94  1
9722724  9724718  1995  9722724  9723059  336  9724377  9724718  342  90.94  1
9852955  9855889  2935  9852955  9853394  440  9855439  9855889  451  93.79  1
9914407  9916234  1828  9914407  9914607  201  9916043  9916234  192  91.54  1
10053133  10056478  3346  10053133  10053995  863  10055617  10056478  862  91.08  1
10125958  10128008  2051  10125958  10126362  405  10127584  10128008  425  86.82  1
10179515  10181454  1940  10179515  10179807  293  10181156  10181454  299  87.29  1
10258344  10260592  2249  10258344  10258967  624  10259973  10260592  620  92.95  1
10354908  10357028  2121  10354908  10355382  475  10356545  10357028  484  90.70  1
10431342  10433485  2144  10431342  10431844  503  10432984  10433485  502  89.66  1
10486381  10488652  2272  10486381  10486624  244  10488427  10488652  226  85.25  1
10576185  10578146  1962  10576185  10576508  324  10577816  10578146  331  89.43  1
10842571  10845797  3227  10842571  10843329  759  10845016  10845797  782  89.64  1
10929580  10932898  3319  10929580  10930457  878  10932033  10932898  866  90.55  1
10980718  10982911  2194  10980718  10981278  561  10982348  10982911  564  86.70  1
11004269  11006581  2313  11004269  11004395  127  11006444  11006581  138  86.96  1
11066509  11069074  2566  11066509  11067427  919  11068178  11069074  897  88.14  1
11118411  11119892  1482  11118411  11118662  252  11119644  11119892  249  91.67  1
11124158  11126810  2653  11124158  11124350  193  11126613  11126810  198  88.38  1
11200301  11202540  2240  11200301  11200903  603  11201927  11202540  614  95.11  1
11348512  11350492  1981  11348512  11348831  320  11350166  11350492  327  88.38  1
11407376  11409649  2274  11407376  11407992  617  11409050  11409649  600  88.82  1
11467808  11469811  2004  11467808  11468153  346  11469453  11469811  359  85.79  1
11493769  11500766  6998  11493769  11494560  792  11499971  11500766  796  95.48  1
11559407  11562338  2932  11559407  11559844  438  11561889  11562338  450  91.56  1
11611759  11614458  2700  11611759  11612003  245  11614229  11614458  230  88.98  1
11638942  11641493  2552  11638942  11639690  749  11640759  11641493  735  88.25  1
480740  482497  1758  480740  481092  353  482162  482497  336  94.90  2
561788  572269  10482  561788  562101  314  571968  572269  302  87.26  2
578427  587005  8579  578427  578827  401  586612  587005  394  90.77  2
709493  713275  3783  709493  710359  867  712406  713275  870  88.51  2
716975  722889  5915  716975  717350  376  722526  722889  364  89.63  2
742902  752572  9671  742902  743301  400  752186  752572  387  93.00  2
807135  814123  6989  807135  807954  820  813295  814123  829  89.14  2
1223375  1230350  6976  1223375  1223642  268  1230084  1230350  267  87.31  2
1240697  1249961  9265  1240697  1240820  124  1249841  1249961  121  93.55  2
1254641  1269630  14990  1254641  1254962  322  1269305  1269630  326  91.41  2
1279944  1287897  7954  1279944  1280727  784  1287117  1287897  781  96.17  2
1572296  1576592  4297  1572296  1573227  932  1575659  1576592  934  91.86  2
1579813  1581791  1979  1579813  1580005  193  1581609  1581791  183  86.53  2
1581878  1587002  5125  1581878  1582158  281  1586729  1587002  274  85.05  2
1589993  1595243  5251  1589993  1590340  348  1594897  1595243  347  95.98  2
1605238  1607875  2638  1605238  1605663  426  1607458  1607875  418  88.50  2
1781964  1789837  7874  1781964  1782082  119  1789725  1789837  113  89.92  2
1793167  1803883  10717  1793167  1794164  998  1802892  1803883  992  98.80  2
2387843  2389089  1247  2387843  2387993  151  2388925  2389089  165  86.67  2
2392374  2401182  8809  2392374  2392718  345  2400840  2401182  343  95.07  2
2401772  2410347  8576  2401772  2402705  934  2409413  2410347  935  94.87  2
2425257  2430246  4990  2425257  2425640  384  2429852  2430246  395  92.41  2
2430493  2432909  2417  2430493  2431213  721  2432202  2432909  708  86.69  2
2438723  2444748  6026  2438723  2439529  807  2443952  2444748  797  94.92  2
2609589  2613014  3426  2609589  2610222  634  2612386  2613014  629  87.70  2
2854160  2857173  3014  2854160  2854628  469  2856719  2857173  455  88.06  2
2921282  2929435  8154  2921282  2921650  369  2929064  2929435  372  92.74  2
3011495  3026879  15385  3011495  3012254  760  3026115  3026879  765  96.60  2
3255799  3257995  2197  3255799  3256063  265  3257716  3257995  280  92.86  2
3325514  3328029  2516  3325514  3326331  818  3327217  3328029  813  91.81  2
3714971  3717485  2515  3714971  3715784  814  3716658  3717485  828  90.70  2
3860423  3863004  2582  3860423  3861316  894  3862115  3863004  890  92.95  2
4126729  4129084  2356  4126729  4127091  363  4128728  4129084  357  88.43  2
4430903  4432913  2011  4430903  4431774  872  4432031  4432913  883  94.56  2
4433292  4434989  1698  4433292  4433865  574  4434419  4434989  571  92.68  2
4438397  4443209  4813  4438397  4439027  631  4442565  4443209  645  92.87  2
4445311  4447749  2439  4445311  4446268  958  4446771  4447749  979  94.48  2
420940  425113  4174  420940  421066  127  424991  425113  123  90.55  3
1118863  1134293  15431  1118863  1119576  714  1133596  1134293  698  89.78  3
1399188  1404626  5439  1399188  1399532  345  1404279  1404626  348  91.38  3
1404630  1407949  3320  1404630  1404929  300  1407648  1407949  302  93.05  3
1677730  1692497  14768  1677730  1677876  147  1692352  1692497  146  97.96  3
1862987  1871620  8634  1862987  1863725  739  1870872  1871620  749  94.39  3
1889934  1892696  2763  1889934  1890434  501  1892184  1892696  513  90.84  3
1993447  1995224  1778  1993447  1993996  550  1994673  1995224  552  90.94  3
1995474  2003800  8327  1995474  1996096  623  2003193  2003800  608  92.13  3
2033101  2036135  3035  2033101  2033730  630  2035509  2036135  627  90.63  3
2041455  2044541  3087  2041455  2041630  176  2044368  2044541  174  85.23  3
2208697  2218591  9895  2208697  2209338  642  2217956  2218591  636  91.12  3
2220016  2223893  3878  2220016  2220355  340  2223568  2223893  326  85.88  3
2250637  2258883  8247  2250637  2251633  997  2257884  2258883  1000  97.20  3
2698748  2705207  6460  2698748  2699026  279  2704924  2705207  284  89.44  3
2713961  2721442  7482  2713961  2714239  279  2721164  2721442  279  85.30  3
3201960  3210205  8246  3201960  3202652  693  3209502  3210205  704  92.33  3
3231189  3232970  1782  3231189  3231478  290  3232687  3232970  284  96.90  3
3278362  3283137  4776  3278362  3278546  185  3282954  3283137  184  89.73  3
3286809  3292977  6169  3286809  3287268  460  3292528  3292977  450  90.22  3
3491818  3495211  3394  3491818  3492071  254  3494972  3495211  240  91.34  3
3729849  3734792  4944  3729849  3730193  345  3734448  3734792  345  100.00  3
3741555  3744163  2609  3741555  3741699  145  3744032  3744163  132  86.21  3
205977  208527  2551  205977  206273  297  208232  208527  296  88.89  4
439680  443943  4264  439680  440007  328  443610  443943  334  94.61  4
462118  467238  5121  462118  462459  342  466897  467238  342  99.12  4
495288  498137  2850  495288  496096  809  497352  498137  786  90.85  4
499040  501285  2246  499040  499294  255  501033  501285  253  87.45  4
503125  510208  7084  503125  503264  140  510070  510208  139  99.29  4
687751  692859  5109  687751  688624  874  691977  692859  883  90.60  4
871415  874924  3510  871415  872387  973  873938  874924  987  93.92  4
882396  890771  8376  882396  882501  106  890665  890771  107  98.13  4
14138  15732  1595  14138  14422  285  15452  15732  281  85.96  5
81519  83509  1991  81519  81874  356  83161  83509  349  93.26  5
207042  211703  4662  207042  207310  269  211426  211703  278  93.53  5
246562  248956  2395  246562  247311  750  248221  248956  736  87.07  5
255710  260989  5280  255710  256058  349  260645  260989  345  98.85  5
352417  355303  2887  352417  352589  173  355143  355303  161  88.44  5
359835  362120  2286  359835  360495  661  361483  362120  638  85.33  5
593601  596105  2505  593601  594464  864  595260  596105  846  87.50  5
755270  759472  4203  755270  756003  734  758730  759472  743  97.58  5
760478  763390  2913  760478  760895  418  762976  763390  415  87.80  5
787598  792184  4587  787598  788010  413  791763  792184  422  95.02  5
1598  8627  7030  1598  1965  368  8255  8627  373  88.47  6
13792  17839  4048  13792  13942  151  17693  17839  147  93.38  6
18990  26945  7956  18990  19404  415  26525  26945  421  93.82  6
40666  46771  6106  40666  40875  210  46561  46771  211  99.05  6
47882  50981  3100  47882  48328  447  50540  50981  442  89.71  6
51535  54675  3141  51535  52462  928  53766  54675  910  90.73  6
12869  17623  4755  12869  13092  224  17414  17623  210  92.86  7
136521  146479  9959  136521  137264  744  145719  146479  761  90.14  7
148073  151301  3229  148073  148186  114  151191  151301  111  88.60  7
158459  162303  3845  158459  159113  655  161646  162303  658  97.72  7
163924  167210  3287  163924  164169  246  166970  167210  241  93.50  7
167810  173440  5631  167810  168077  268  173165  173440  276  86.59  7
197100  200856  3757  197100  197662  563  200288  200856  569  90.69  7
26988  31396  4409  26988  27162  175  31221  31396  176  92.05  8
32492  34230  1739  32492  32607  116  34103  34230  128  87.50  8
35183  43753  8571  35183  35451  269  43488  43753  266  98.88  8
57505  61967  4463  57505  57733  229  61746  61967  222  93.01  8
118090  122786  4697  118090  118276  187  122600  122786  187  98.93  8
128108  130561  2454  128108  128710  603  129970  130561  592  95.69  8
142393  147960  5568  142393  142557  165  147793  147960  168  93.45  8
170779  181754  10976  170779  171248  470  181298  181754  457  92.55  8
259293  260647  1355  259293  259471  179  260481  260647  167  86.03  8
303818  310622  6805  303818  304636  819  309812  310622  811  88.03  8
102  5708  5607  102  273  172  5545  5708  164  91.86  9
9889  22454  12566  9889  10607  719  21733  22454  722  95.43  9
33046  43755  10710  33046  33530  485  43286  43755  470  90.52  9
124938  126503  1566  124938  125351  414  126068  126503  436  91.06  9
8472  17784  9313  8472  8807  336  17453  17784  332  86.31  10
20153  24324  4172  20153  20282  130  24207  24324  118  90.77  10
47595  49551  1957  47595  48240  646  48926  49551  626  95.82  10
126852  128818  1967  126852  127272  421  128407  128818  412  91.92  10
152219  154305  2087  152219  152492  274  154014  154305  292  92.12  10
154808  158653  3846  154808  155079  272  158376  158653  278  96.76  10
201291  214647  13357  201291  202211  921  213717  214647  931  97.10  10
241180  245740  4561  241180  241354  175  245561  245740  180  93.89  10
249257  261102  11846  249257  249553  297  260802  261102  301  91.69  10
265675  268080  2406  265675  266248  574  267502  268080  579  95.68  10
319589  324118  4530  319589  319732  144  323973  324118  146  91.78  10
334776  340395  5620  334776  335247  472  339922  340395  474  85.23  10
346421  348388  1968  346421  346562  142  348246  348388  143  94.41  10
357173  361982  4810  357173  357394  222  361774  361982  209  88.29  10
406466  408901  2436  406466  406566  101  408801  408901  101  96.04  10
217765  231118  13354  217765  218343  579  230535  231118  584  90.41  11
231121  235273  4153  231121  231231  111  235165  235273  109  98.20  11
14045  19805  5761  14045  14583  539  19262  19805  544  92.46  12
22618  27909  5292  22618  22842  225  27695  27909  215  95.56  12
64778  66209  1432  64778  65026  249  65969  66209  241  89.16  12
32636  36687  4052  32636  33032  397  36293  36687  395  90.93  13
42734  44971  2238  42734  43074  341  44633  44971  339  87.98  13
90348  94811  4464  90348  91237  890  93925  94811  887  97.30  13
100331  105269  4939  100331  100485  155  105114  105269  156  87.18  13
110875  118234  7360  110875  111092  218  118018  118234  217  85.32  13
172938  177231  4294  172938  173111  174  177069  177231  163  87.36  13
178833  183533  4701  178833  179024  192  183343  183533  191  94.27  13
190779  191972  1194  190779  190945  167  191813  191972  160  88.02  13
204587  211988  7402  204587  205327  741  211243  211988  746  93.30  13
3521  7813  4293  3521  3688  168  7634  7813  180  87.22  14
29440  33346  3907  29440  29558  119  33232  33346  115  89.08  14
58155  60166  2012  58155  58262  108  60059  60166  108  90.74  14
74567  79026  4460  74567  74692  126  78902  79026  125  98.41  14
22046  26828  4783  22046  22309  264  26577  26828  252  90.15  15
27957  29893  1937  27957  28084  128  29778  29893  116  88.28  15
16998  22374  5377  16998  17405  408  21968  22374  407  97.55  16
2054  4891  2838  2054  2350  297  4609  4891  283  91.58  18
15310  24075  8766  15310  15438  129  23948  24075  128  97.67  18
10027  18400  8374  10027  10133  107  18295  18400  106  97.20  20
25757  31604  5848  25757  26187  431  31184  31604  421  96.75  20
21717  24182  2466  21717  22593  877  23313  24182  870  97.61  22
24547  25956  1410  24547  24717  171  25791  25956  166  93.57  22
26252  29604  3353  26252  26952  701  28905  29604  700  98.29  22
3333  18095  14763  3333  3477  145  17961  18095  135  86.90  23
5388  11024  5637  5388  5885  498  10522  11024  503  96.02  24
16  9051  9036  16  812  797  8241  9051  811  95.93  26
13141  16982  3842  13141  13267  127  16856  16982  127  95.28  26
7317  12355  5039  7317  7550  234  12110  12355  246  92.68  27
7235  11726  4492  7235  7391  157  11577  11726  150  89.17  28
1580  6085  4506  1580  1850  271  5818  6085  268  90.77  30
3319  7550  4232  3319  3484  166  7388  7550  163  88.55  31
6440  10734  4295  6440  6574  135  10591  10734  144  90.97  33
6218  10972  4755  6218  7209  992  9978  10972  995  98.09  34
1624  5438  3815  1624  2051  428  5020  5438  419  88.55  36
6618  10411  3794  6618  6989  372  10043  10411  369  93.82  36
699  5866  5168  699  1041  343  5526  5866  341  93.59  39
3249  5275  2027  3249  3356  108  5168  5275  108  98.15  40
4222  6032  1811  4222  4633  412  5602  6032  431  91.88  41
577  2578  2002  577  810  234  2330  2578  249  85.54  53
106  3963  3858  106  513  408  3555  3963  409  92.91  59
1379  2976  1598  1379  1571  193  2784  2976  193  96.89  61
