# args=-index LTRHarvest/Smur/Smur_ltrharvest.index -mintsd 5 -maxtsd 100
# predictions are reported in the following way
# s(ret) e(ret) l(ret) s(lLTR) e(lLTR) l(lLTR) s(rLTR) e(rLTR) l(rLTR) sim(LTRs) seq-nr 
# where:
# s = starting position
# e = ending position
# l = length
# ret = LTR-retrotransposon
# lLTR = left LTR
# rLTR = right LTR
# sim = similarity
# seq-nr = sequence number
60821  65896  5076  60821  60954  134  65756  65896  141  90.07  11
104271  108438  4168  104271  104438  168  108286  108438  153  91.07  15
130075  137106  7032  130075  130812  738  136374  137106  733  98.24  15
85056  87252  2197  85056  85307  252  87017  87252  236  90.87  19
72872  82206  9335  72872  73414  543  81665  82206  542  96.13  25
31170  35902  4733  31170  31453  284  35620  35902  283  92.96  30
87604  95998  8395  87604  87762  159  95832  95998  167  88.62  41
62523  72424  9902  62523  62988  466  71981  72424  444  94.64  45
53149  60691  7543  53149  53841  693  60015  60691  677  94.52  47
112869  120180  7312  112869  113420  552  119631  120180  550  97.10  55
82015  85130  3116  82015  82559  545  84583  85130  548  90.51  65
107042  110445  3404  107042  107354  313  110120  110445  326  91.10  81
96379  101196  4818  96379  96526  148  101035  101196  162  88.27  83
29464  34047  4584  29464  29853  390  33642  34047  406  95.07  84
110306  118015  7710  110306  110697  392  117610  118015  406  95.81  89
65921  69161  3241  65921  66648  728  68428  69161  734  98.64  91
44667  48974  4308  44667  44987  321  48607  48974  368  86.68  113
31428  33074  1647  31428  31582  155  32926  33074  149  85.81  127
60593  75290  14698  60593  60777  185  75111  75290  180  89.73  133
10554  22435  11882  10554  10814  261  22175  22435  261  96.93  176
31896  43324  11429  31896  32538  643  42708  43324  617  95.96  224
16206  22201  5996  16206  16687  482  21725  22201  477  94.61  262
1268  12757  11490  1268  1769  502  12262  12757  496  97.61  289
64750  69949  5200  64750  65014  265  69712  69949  238  89.06  309
54031  56679  2649  54031  54330  300  56366  56679  314  95.54  330
65028  66931  1904  65028  65261  234  66679  66931  253  92.49  345
51997  64400  12404  51997  52288  292  64108  64400  293  98.63  379
29557  32829  3273  29557  29954  398  32437  32829  393  95.48  445
35880  38382  2503  35880  36280  401  38006  38382  377  94.01  461
38412  48578  10167  38412  38787  376  48193  48578  386  93.78  484
55709  59634  3926  55709  55919  211  59416  59634  219  92.69  508
6  2536  2531  6  107  102  2434  2536  103  87.38  509
18314  20812  2499  18314  18518  205  20599  20812  214  93.46  510
49089  50839  1751  49089  49448  360  50481  50839  359  95.56  530
38513  44904  6392  38513  38773  261  44661  44904  244  92.34  667
32031  42223  10193  32031  32555  525  41685  42223  539  96.47  730
25697  32277  6581  25697  26311  615  31630  32277  648  93.83  1013
23834  30338  6505  23834  24198  365  29990  30338  349  94.52  1024
15722  22837  7116  15722  16290  569  22286  22837  552  95.61  1032
1246  5183  3938  1246  1628  383  4774  5183  410  93.41  1086
19632  21840  2209  19632  19786  155  21702  21840  139  85.16  1120
18393  23087  4695  18393  18845  453  22658  23087  430  94.48  1196
21389  26374  4986  21389  21731  343  26023  26374  352  94.32  1207
2123  5674  3552  2123  2462  340  5324  5674  351  96.01  1416
15945  19966  4022  15945  16204  260  19715  19966  252  95.77  1423
3005  4441  1437  3005  3310  306  4135  4441  307  87.30  1496
2679  4586  1908  2679  3309  631  3967  4586  620  97.31  1633
13039  14689  1651  13039  13208  170  14522  14689  168  91.76  1677
1946  9525  7580  1946  2388  443  9092  9525  434  97.74  1687
12975  15945  2971  12975  13580  606  15363  15945  583  94.06  1725
375  4412  4038  375  520  146  4281  4412  132  85.62  2154
1027  2656  1630  1027  1218  192  2466  2656  191  94.79  2274
2970  6523  3554  2970  3087  118  6415  6523  109  87.29  2280
2335  6943  4609  2335  2610  276  6653  6943  291  94.50  2310
1067  5846  4780  1067  1488  422  5425  5846  422  91.71  2366
785  5702  4918  785  1187  403  5308  5702  395  96.77  2394
1430  3287  1858  1430  1817  388  2900  3287  388  94.59  2405
1233  3067  1835  1233  1667  435  2643  3067  425  93.33  2698
