# args=-index /media/amir/DATA/work/RM_ANALYSIS/Asuu/Asuu_ltrharvest.index -mintsd 5 -maxtsd 100
# predictions are reported in the following way
# s(ret) e(ret) l(ret) s(lLTR) e(lLTR) l(lLTR) s(rLTR) e(rLTR) l(rLTR) sim(LTRs) seq-nr 
# where:
# s = starting position
# e = ending position
# l = length
# ret = LTR-retrotransposon
# lLTR = left LTR
# rLTR = right LTR
# sim = similarity
# seq-nr = sequence number
107959  118138  10180  107959  108588  630  117500  118138  639  96.87  0
811165  813844  2680  811165  811568  404  813428  813844  417  89.69  1
776472  781266  4795  776472  776802  331  780922  781266  345  93.04  13
723817  736102  12286  723817  724372  556  735513  736102  590  93.56  14
874518  877056  2539  874518  875463  946  876111  877056  946  96.19  14
820772  826915  6144  820772  821167  396  826544  826915  372  88.89  15
700705  702276  1572  700705  701057  353  701895  702276  382  88.22  17
170498  181109  10612  170498  170924  427  180665  181109  445  93.03  20
185136  190944  5809  185136  185642  507  190442  190944  503  92.90  20
400904  402105  1202  400904  401088  185  401925  402105  181  87.03  21
83558  89227  5670  83558  83739  182  89050  89227  178  92.86  31
646625  657709  11085  646625  647213  589  657152  657709  558  92.53  32
689919  694507  4589  689919  690174  256  694257  694507  251  91.02  37
578139  579609  1471  578139  578566  428  579185  579609  425  89.49  47
685617  687441  1825  685617  685753  137  687313  687441  129  89.78  47
57044  68153  11110  57044  57285  242  67889  68153  265  86.42  57
68566  70381  1816  68566  68996  431  69945  70381  437  98.63  61
413996  415330  1335  413996  414136  141  415186  415330  145  95.86  67
526550  541672  15123  526550  526699  150  541526  541672  147  87.33  67
306191  318339  12149  306191  306337  147  318197  318339  143  93.88  70
352053  354888  2836  352053  352835  783  354108  354888  781  96.55  70
8335  23025  14691  8335  8664  330  22686  23025  340  86.47  74
1632  5593  3962  1632  1773  142  5466  5593  128  85.92  75
519874  523131  3258  519874  520086  213  522921  523131  211  89.67  84
435200  438380  3181  435200  435380  181  438202  438380  179  90.61  87
462839  474301  11463  462839  463266  428  473874  474301  428  90.89  92
475017  485973  10957  475017  475327  311  485669  485973  305  87.14  92
502298  512512  10215  502298  502420  123  512387  512512  126  86.51  92
47308  61430  14123  47308  47553  246  61199  61430  232  89.84  123
316397  330138  13742  316397  316566  170  329949  330138  190  87.37  123
33294  34604  1311  33294  33435  142  34465  34604  140  88.03  136
38202  50843  12642  38202  38808  607  50264  50843  580  95.06  144
397479  401340  3862  397479  397859  381  400962  401340  379  85.04  144
318541  323811  5271  318541  318734  194  323616  323811  196  87.76  150
217817  222860  5044  217817  218552  736  222110  222860  751  92.01  155
371023  377299  6277  371023  371250  228  377074  377299  226  92.54  158
46322  61136  14815  46322  46686  365  60771  61136  366  93.72  173
341010  344810  3801  341010  341492  483  344338  344810  473  95.86  173
53897  55595  1699  53897  54156  260  55348  55595  248  85.00  174
118471  129634  11164  118471  118801  331  129293  129634  342  89.77  177
263477  275388  11912  263477  264246  770  274613  275388  776  97.42  178
140144  146290  6147  140144  140387  244  146040  146290  251  91.63  188
2297  7225  4929  2297  2631  335  6910  7225  316  85.37  212
303318  311535  8218  303318  303445  128  311404  311535  132  90.91  226
168159  169985  1827  168159  168281  123  169861  169985  125  92.80  242
235957  245151  9195  235957  236456  500  244649  245151  503  95.23  243
278052  280483  2432  278052  278309  258  280217  280483  267  91.01  246
9269  23347  14079  9269  10265  997  22349  23347  999  99.10  248
98193  99479  1287  98193  98444  252  99226  99479  254  95.28  262
124685  135841  11157  124685  124893  209  135602  135841  240  85.00  263
41010  44422  3413  41010  41194  185  44236  44422  187  89.30  307
198137  206462  8326  198137  198306  170  206305  206462  158  89.41  307
78102  79951  1850  78102  78780  679  79289  79951  663  88.81  319
173483  174811  1329  173483  173663  181  174640  174811  172  90.61  321
46671  56655  9985  46671  46855  185  56474  56655  182  88.65  333
139610  151293  11684  139610  140101  492  150797  151293  497  90.54  335
217555  223638  6084  217555  217799  245  223385  223638  254  90.55  338
2349  4694  2346  2349  3268  920  3770  4694  925  99.35  343
182815  186544  3730  182815  182991  177  186382  186544  163  86.44  350
42581  56530  13950  42581  43063  483  56034  56530  497  92.15  353
51526  53283  1758  51526  51764  239  53036  53283  248  91.13  373
97751  107338  9588  97751  97949  199  107132  107338  207  85.99  399
122435  136195  13761  122435  122856  422  135770  136195  426  98.12  418
144033  154307  10275  144033  144429  397  153931  154307  377  89.42  423
164779  172365  7587  164779  165403  625  171731  172365  635  96.06  444
154331  157902  3572  154331  154516  186  157695  157902  208  88.46  446
143999  150816  6818  143999  144603  605  150184  150816  633  87.20  453
92793  105198  12406  92793  92932  140  105060  105198  139  91.43  458
14632  21943  7312  14632  15035  404  21544  21943  400  95.54  459
48982  53140  4159  48982  49376  395  52747  53140  394  94.18  463
139727  148370  8644  139727  139910  184  148177  148370  194  90.21  492
56530  59202  2673  56530  56736  207  58993  59202  210  87.62  512
109974  111137  1164  109974  110131  158  110982  111137  156  95.57  529
137857  142748  4892  137857  138521  665  142098  142748  651  91.13  538
2760  4571  1812  2760  2912  153  4412  4571  160  91.88  542
77339  90761  13423  77339  77661  323  90446  90761  316  94.43  549
44226  56791  12566  44226  44400  175  56627  56791  165  85.14  552
119752  132312  12561  119752  120696  945  131355  132312  958  96.97  554
132633  137918  5286  132633  133001  369  137537  137918  382  96.34  554
77438  93144  15707  77438  78145  708  92411  93144  734  95.50  557
38078  41992  3915  38078  38199  122  41874  41992  119  85.25  558
20215  21366  1152  20215  20327  113  21239  21366  128  87.50  574
111870  121263  9394  111870  112007  138  121112  121263  152  88.82  579
34115  46705  12591  34115  34241  127  46571  46705  135  85.19  585
121356  131113  9758  121356  122352  997  130136  131113  978  96.89  588
25919  37093  11175  25919  26178  260  36828  37093  266  93.61  627
57611  59121  1511  57611  57714  104  59002  59121  120  85.83  630
91329  94134  2806  91329  92145  817  93330  94134  805  89.60  643
13660  18424  4765  13660  13995  336  18079  18424  346  93.35  650
41945  44454  2510  41945  42238  294  44164  44454  291  90.14  666
84450  93354  8905  84450  84802  353  92992  93354  363  92.84  667
455  5206  4752  455  1346  892  4359  5206  848  94.17  759
80077  82841  2765  80077  80256  180  82660  82841  182  93.41  762
57822  65059  7238  57822  57939  118  64943  65059  117  96.61  786
43020  55536  12517  43020  43340  321  55231  55536  306  90.03  803
18343  26267  7925  18343  18569  227  26027  26267  241  94.19  822
12354  20051  7698  12354  12606  253  19801  20051  251  94.86  871
45073  47174  2102  45073  45519  447  46727  47174  448  91.29  877
41086  45017  3932  41086  41310  225  44801  45017  217  86.22  880
51383  64905  13523  51383  52306  924  64014  64905  892  94.26  957
11272  26098  14827  11272  11559  288  25785  26098  314  90.45  989
49805  60219  10415  49805  50255  451  59762  60219  458  93.45  992
15424  23841  8418  15424  16097  674  23168  23841  674  97.33  1061
27965  40050  12086  27965  28419  455  39572  40050  479  90.40  1119
37630  39567  1938  37630  37835  206  39360  39567  208  85.58  1133
38279  39868  1590  38279  38520  242  39619  39868  250  88.00  1149
2139  3955  1817  2139  2640  502  3443  3955  513  93.96  1186
12193  14203  2011  12193  13192  1000  13209  14203  995  99.50  1191
25681  34524  8844  25681  26150  470  34042  34524  483  93.79  1264
2342  3831  1490  2342  2452  111  3720  3831  112  86.61  1290
8208  9445  1238  8208  8438  231  9208  9445  238  91.18  1337
22719  25599  2881  22719  23020  302  25274  25599  326  90.80  1343
16130  26674  10545  16130  16766  637  26045  26674  630  95.45  1350
6839  9176  2338  6839  7115  277  8896  9176  281  91.10  1424
11221  13416  2196  11221  11894  674  12758  13416  659  91.25  1475
5645  14729  9085  5645  6078  434  14269  14729  461  88.50  1499
8962  10376  1415  8962  9225  264  10106  10376  271  86.35  1502
10967  13302  2336  10967  11128  162  13139  13302  164  85.37  1502
545  2619  2075  545  1397  853  1776  2619  844  94.02  1550
4274  5648  1375  4274  4388  115  5534  5648  115  96.52  1550
6014  12492  6479  6014  6624  611  11882  12492  611  96.73  1550
13380  14506  1127  13380  13500  121  14393  14506  114  93.39  1550
12238  14013  1776  12238  12486  249  13750  14013  264  90.15  1561
2615  9130  6516  2615  3236  622  8541  9130  590  89.39  1646
7078  8343  1266  7078  7274  197  8147  8343  197  89.85  1651
1142  4714  3573  1142  1546  405  4309  4714  406  96.55  1682
5159  8939  3781  5159  6025  867  8063  8939  877  96.12  1682
6  8717  8712  6  172  167  8531  8717  187  88.77  1702
2921  4531  1611  2921  3079  159  4365  4531  167  91.62  1771
381  1743  1363  381  612  232  1510  1743  234  95.30  1822
113  3546  3434  113  314  202  3348  3546  199  91.09  1961
207  1895  1689  207  485  279  1612  1895  284  95.42  1963
752  3131  2380  752  994  243  2897  3131  235  90.12  1994
16  2048  2033  16  921  906  1108  2048  941  88.42  2109
215  1406  1192  215  397  183  1224  1406  183  97.27  2403
