# args=-index /media/amir/DATA/work/RM_ANALYSIS/C5sp/C5sp_ltrharvest.index -mintsd 5 -maxtsd 100
# predictions are reported in the following way
# s(ret) e(ret) l(ret) s(lLTR) e(lLTR) l(lLTR) s(rLTR) e(rLTR) l(rLTR) sim(LTRs) seq-nr 
# where:
# s = starting position
# e = ending position
# l = length
# ret = LTR-retrotransposon
# lLTR = left LTR
# rLTR = right LTR
# sim = similarity
# seq-nr = sequence number
129235  138972  9738  129235  129735  501  138478  138972  495  92.61  0
130566  136059  5494  130566  130916  351  135704  136059  356  86.52  1
74754  76581  1828  74754  74880  127  76456  76581  126  94.49  2
46459  47873  1415  46459  46752  294  47574  47873  300  90.67  5
224448  232206  7759  224448  224971  524  231686  232206  521  89.12  6
85416  86939  1524  85416  85672  257  86665  86939  275  88.36  8
85  2624  2540  85  403  319  2292  2624  333  90.09  15
114064  117290  3227  114064  114229  166  117120  117290  171  88.30  15
161099  163576  2478  161099  161292  194  163392  163576  185  87.63  15
71786  73420  1635  71786  72194  409  73010  73420  411  90.27  16
5679  9992  4314  5679  5916  238  9753  9992  240  87.50  33
87708  90935  3228  87708  87818  111  90828  90935  108  85.59  33
99469  101628  2160  99469  99894  426  101192  101628  437  85.81  33
18620  22923  4304  18620  18779  160  22765  22923  159  91.25  34
126626  133612  6987  126626  127076  451  133176  133612  437  94.68  34
727  6406  5680  727  1070  344  6041  6406  366  89.34  37
88556  90275  1720  88556  88881  326  89966  90275  310  86.81  37
32083  34634  2552  32083  32777  695  33953  34634  682  92.23  38
9552  12263  2712  9552  9691  140  12120  12263  144  87.50  41
11314  18919  7606  11314  11662  349  18578  18919  342  87.97  43
77746  79953  2208  77746  78594  849  79113  79953  841  92.58  45
111223  114569  3347  111223  111597  375  114181  114569  389  92.03  48
25914  28707  2794  25914  26212  299  28407  28707  301  88.70  53
119474  122811  3338  119474  120435  962  121841  122811  971  90.73  53
64480  68370  3891  64480  64744  265  68096  68370  275  87.64  54
4115  15641  11527  4115  5022  908  14733  15641  909  91.97  58
38739  40307  1569  38739  39039  301  40017  40307  291  88.04  58
113198  115843  2646  113198  113351  154  115699  115843  145  90.26  61
23898  26134  2237  23898  24020  123  26016  26134  119  88.62  68
13055  16464  3410  13055  13948  894  15572  16464  893  93.40  76
67884  69032  1149  67884  67985  102  68927  69032  106  89.62  76
40342  43267  2926  40342  40478  137  43123  43267  145  88.97  88
67852  72166  4315  67852  68002  151  72016  72166  151  93.38  90
29042  33595  4554  29042  29416  375  33231  33595  365  87.47  97
8163  20315  12153  8163  8452  290  20054  20315  262  86.21  107
19357  21800  2444  19357  19556  200  21605  21800  196  85.50  109
41483  46299  4817  41483  41768  286  46025  46299  275  85.31  112
51641  56950  5310  51641  51890  250  56708  56950  243  85.60  112
62740  66141  3402  62740  63014  275  65865  66141  277  88.45  119
23556  27467  3912  23556  23950  395  27048  27467  420  90.48  120
45628  50270  4643  45628  45865  238  50043  50270  228  86.13  132
10054  11887  1834  10054  10740  687  11210  11887  678  91.85  133
36036  39111  3076  36036  36149  114  39003  39111  109  89.47  136
264  4401  4138  264  462  199  4199  4401  203  92.12  137
45153  47325  2173  45153  45268  116  47204  47325  122  90.16  138
67423  69138  1716  67423  67617  195  68945  69138  194  87.18  138
31280  33789  2510  31280  31496  217  33572  33789  218  88.07  142
36712  40598  3887  36712  36820  109  40485  40598  114  85.09  145
80810  82435  1626  80810  80970  161  82270  82435  166  86.75  145
33649  37672  4024  33649  34059  411  37275  37672  398  91.24  147
75983  83728  7746  75983  76327  345  83377  83728  352  90.62  149
6332  9184  2853  6332  6641  310  8877  9184  308  88.39  152
48818  51879  3062  48818  49082  265  51615  51879  265  85.66  160
24649  28653  4005  24649  24923  275  28379  28653  275  89.09  162
29151  31788  2638  29151  29426  276  31518  31788  271  85.14  162
51288  55393  4106  51288  51428  141  55251  55393  143  86.71  165
55231  63710  8480  55231  55755  525  63179  63710  532  90.41  172
13481  16579  3099  13481  13881  401  16187  16579  393  94.76  176
36225  38762  2538  36225  36506  282  38488  38762  275  92.20  176
69022  70824  1803  69022  69147  126  70694  70824  131  85.50  179
67753  73598  5846  67753  68089  337  73257  73598  342  92.11  192
1319  8112  6794  1319  1887  569  7546  8112  567  91.04  198
68173  71061  2889  68173  68407  235  70818  71061  244  87.70  199
28740  31247  2508  28740  29040  301  30935  31247  313  89.78  200
44131  51110  6980  44131  44633  503  50584  51110  527  85.20  204
1159  5614  4456  1159  2036  878  4737  5614  878  92.48  205
11841  13953  2113  11841  12037  197  13754  13953  200  85.50  205
33928  36363  2436  33928  34488  561  35829  36363  535  88.41  205
56488  58240  1753  56488  56670  183  58069  58240  172  89.07  205
64596  68212  3617  64596  65226  631  67565  68212  648  93.06  205
67011  70279  3269  67011  67460  450  69838  70279  442  88.22  208
11297  14184  2888  11297  11485  189  14003  14184  182  90.48  212
27735  30215  2481  27735  27908  174  30035  30215  181  86.19  218
36735  42896  6162  36735  37053  319  42572  42896  325  90.77  218
28217  34245  6029  28217  29037  821  33422  34245  824  91.26  221
3948  11159  7212  3948  4423  476  10676  11159  484  89.26  225
43148  52549  9402  43148  43373  226  52327  52549  223  91.59  227
3919  17866  13948  3919  4552  634  17233  17866  634  90.69  228
7486  10539  3054  7486  7803  318  10226  10539  314  91.19  232
21078  30546  9469  21078  21583  506  30050  30546  497  87.94  232
38510  40329  1820  38510  39306  797  39545  40329  785  89.34  232
28881  33821  4941  28881  29611  731  33096  33821  726  92.61  236
29190  32004  2815  29190  30072  883  31095  32004  910  90.22  239
60918  65724  4807  60918  61299  382  65356  65724  369  87.17  242
56347  58412  2066  56347  56491  145  58265  58412  148  85.14  243
60888  63079  2192  60888  61017  130  62957  63079  123  85.38  243
10123  19653  9531  10123  10244  122  19538  19653  116  88.52  246
24128  25730  1603  24128  24373  246  25490  25730  241  89.43  246
49613  52220  2608  49613  49718  106  52115  52220  106  89.62  246
39038  44524  5487  39038  39235  198  44314  44524  211  85.31  251
19266  21713  2448  19266  19601  336  21369  21713  345  96.81  260
54423  56568  2146  54423  54542  120  56446  56568  123  86.18  262
23633  26076  2444  23633  24269  637  25430  26076  647  88.25  265
57317  60239  2923  57317  57944  628  59609  60239  631  89.06  265
10746  12710  1965  10746  10965  220  12476  12710  235  87.23  269
26221  28771  2551  26221  26557  337  28433  28771  339  90.56  269
30472  33853  3382  30472  31001  530  33322  33853  532  88.16  270
13778  18588  4811  13778  14095  318  18283  18588  306  85.53  271
46660  61724  15065  46660  46945  286  61449  61724  276  87.41  271
24581  39126  14546  24581  24708  128  38993  39126  134  91.04  273
17386  19432  2047  17386  17588  203  19229  19432  204  90.20  275
28605  31483  2879  28605  28849  245  31219  31483  265  89.81  275
50931  53052  2122  50931  51268  338  52724  53052  329  85.80  275
26157  32154  5998  26157  26421  265  31911  32154  244  88.30  282
26392  30373  3982  26392  26640  249  30114  30373  260  87.69  284
7456  14454  6999  7456  7864  409  14032  14454  423  95.27  287
56830  59208  2379  56830  57423  594  58617  59208  592  88.05  287
6343  10881  4539  6343  6526  184  10694  10881  188  89.36  289
23254  24717  1464  23254  23422  169  24553  24717  165  88.76  292
27846  29295  1450  27846  28161  316  28974  29295  322  87.27  292
33572  37086  3515  33572  33994  423  36673  37086  414  90.31  292
38173  41185  3013  38173  38585  413  40772  41185  414  85.51  292
4849  8352  3504  4849  4963  115  8242  8352  111  87.83  293
968  3687  2720  968  1245  278  3423  3687  265  85.97  295
5606  7865  2260  5606  5978  373  7490  7865  376  85.11  295
37723  39757  2035  37723  38035  313  39452  39757  306  86.58  297
32020  34681  2662  32020  32461  442  34239  34681  443  89.84  298
42970  45193  2224  42970  43120  151  45038  45193  156  87.82  298
19904  21108  1205  19904  20082  179  20933  21108  176  88.83  302
795  6234  5440  795  1050  256  5982  6234  253  85.94  303
18136  19651  1516  18136  18562  427  19257  19651  395  85.95  303
31302  34766  3465  31302  31485  184  34581  34766  186  90.32  306
8540  11459  2920  8540  8794  255  11202  11459  258  89.15  307
55006  58365  3360  55006  55309  304  58061  58365  305  85.90  307
35756  42587  6832  35756  36131  376  42210  42587  378  88.36  309
12592  22985  10394  12592  12762  171  22820  22985  166  86.55  318
38653  43259  4607  38653  38813  161  43094  43259  166  86.14  318
52096  57280  5185  52096  52369  274  57021  57280  260  87.59  322
49831  54604  4774  49831  50006  176  54434  54604  171  89.20  324
45310  46989  1680  45310  45513  204  46782  46989  208  85.10  328
2076  5104  3029  2076  2457  382  4708  5104  397  89.17  334
2332  4288  1957  2332  2995  664  3631  4288  658  89.91  335
25252  31208  5957  25252  25767  516  30663  31208  546  87.91  337
36517  39728  3212  36517  36685  169  39558  39728  171  90.64  337
46316  48955  2640  46316  46546  231  48718  48955  238  88.66  339
16252  18782  2531  16252  16630  379  18401  18782  382  91.10  341
19637  21973  2337  19637  19836  200  21766  21973  208  86.06  341
27449  32624  5176  27449  27626  178  32451  32624  174  88.20  341
26939  29279  2341  26939  27219  281  29001  29279  279  88.97  344
48925  50562  1638  48925  49191  267  50304  50562  259  88.01  344
25699  27843  2145  25699  25984  286  27555  27843  289  92.39  353
7215  12077  4863  7215  7930  716  11334  12077  744  89.52  364
22469  29043  6575  22469  22755  287  28739  29043  305  91.15  365
40103  44521  4419  40103  40829  727  43797  44521  725  89.82  369
6717  8947  2231  6717  7201  485  8489  8947  459  85.77  371
21334  23653  2320  21334  21497  164  23491  23653  163  86.59  378
41437  44619  3183  41437  42029  593  44010  44619  610  87.54  378
8331  15540  7210  8331  8664  334  15193  15540  348  85.63  389
16747  18850  2104  16747  16998  252  18603  18850  248  86.11  389
21660  23624  1965  21660  21814  155  23466  23624  159  88.05  389
20676  25220  4545  20676  20912  237  24985  25220  236  90.30  391
17293  18586  1294  17293  17404  112  18463  18586  124  85.48  392
37010  42489  5480  37010  37420  411  42062  42489  428  93.93  392
47103  50327  3225  47103  47986  884  49446  50327  882  91.86  392
19951  24920  4970  19951  20148  198  24724  24920  197  88.89  394
35451  39700  4250  35451  36268  818  38875  39700  826  88.62  394
29063  30901  1839  29063  29209  147  30757  30901  145  87.07  395
19696  32162  12467  19696  20030  335  31829  32162  334  91.64  397
32217  34975  2759  32217  32487  271  34702  34975  274  98.91  399
38862  44171  5310  38862  39027  166  44009  44171  163  87.95  399
5018  7765  2748  5018  5484  467  7334  7765  432  88.44  402
10869  13292  2424  10869  11306  438  12858  13292  435  92.69  405
36502  37873  1372  36502  36805  304  37589  37873  285  89.47  405
42009  43592  1584  42009  42388  380  43222  43592  371  91.05  406
5818  7388  1571  5818  5951  134  7248  7388  141  85.82  409
11421  13263  1843  11421  11660  240  13019  13263  245  88.57  409
30610  34919  4310  30610  30709  100  34812  34919  108  88.89  413
6595  10578  3984  6595  6820  226  10344  10578  235  87.66  414
11311  14375  3065  11311  11464  154  14228  14375  148  86.36  414
30380  32647  2268  30380  30948  569  32077  32647  571  94.05  414
37220  41082  3863  37220  37746  527  40553  41082  530  88.87  414
7922  9754  1833  7922  8407  486  9304  9754  451  87.86  416
29440  33517  4078  29440  29557  118  33406  33517  112  91.53  416
47298  49003  1706  47298  47455  158  48848  49003  156  86.08  416
9603  19690  10088  9603  9734  132  19555  19690  136  89.71  423
5805  7660  1856  5805  5976  172  7482  7660  179  87.71  427
17488  20856  3369  17488  17651  164  20702  20856  155  87.80  427
7728  11399  3672  7728  8068  341  11054  11399  346  93.35  434
8797  11864  3068  8797  9041  245  11605  11864  260  86.15  435
44183  46451  2269  44183  44700  518  45949  46451  503  86.68  435
29812  34458  4647  29812  29959  148  34306  34458  153  87.58  441
15422  19241  3820  15422  15940  519  18725  19241  517  91.14  455
28082  31901  3820  28082  28598  517  31383  31901  519  91.14  455
14459  16759  2301  14459  14904  446  16318  16759  442  89.91  462
15606  18744  3139  15606  15733  128  18617  18744  128  85.16  471
19544  33819  14276  19544  19683  140  33686  33819  134  92.14  477
27149  29548  2400  27149  27596  448  29100  29548  449  89.09  481
17207  21563  4357  17207  18046  840  20732  21563  832  87.38  482
28449  30765  2317  28449  28728  280  30487  30765  279  86.07  482
17783  23795  6013  17783  18066  284  23513  23795  283  94.37  484
13716  16602  2887  13716  14051  336  16283  16602  320  87.80  486
10341  13703  3363  10341  10631  291  13402  13703  302  85.10  494
9797  12334  2538  9797  10030  234  12095  12334  240  89.58  496
33209  34538  1330  33209  33313  105  34423  34538  116  85.34  501
35089  39062  3974  35089  35369  281  38781  39062  282  89.72  502
33441  34809  1369  33441  33748  308  34490  34809  320  85.94  504
2335  13078  10744  2335  2724  390  12690  13078  389  85.38  505
18275  20067  1793  18275  18484  210  19841  20067  227  85.46  508
26774  31123  4350  26774  27564  791  30310  31123  814  94.35  508
41284  43565  2282  41284  41633  350  43200  43565  366  87.98  513
19801  26462  6662  19801  20018  218  26242  26462  221  93.21  516
39874  41480  1607  39874  40026  153  41315  41480  166  87.35  519
717  2098  1382  717  849  133  1959  2098  140  89.29  529
13485  14966  1482  13485  13796  312  14654  14966  313  87.86  529
3720  6632  2913  3720  4457  738  5899  6632  734  88.21  537
12237  20451  8215  12237  12478  242  20211  20451  241  88.02  537
26524  29828  3305  26524  27439  916  28944  29828  885  86.57  537
37966  39301  1336  37966  38140  175  39134  39301  168  86.86  543
23440  25364  1925  23440  23572  133  25236  25364  129  85.71  546
2066  3813  1748  2066  2489  424  3400  3813  414  87.50  547
11947  13489  1543  11947  12073  127  13355  13489  135  86.67  547
27504  29993  2490  27504  27805  302  29682  29993  312  94.55  551
34773  37365  2593  34773  35155  383  36974  37365  392  87.24  551
11932  14120  2189  11932  12389  458  13663  14120  458  91.27  562
432  2858  2427  432  716  285  2570  2858  289  87.54  568
27524  31934  4411  27524  27839  316  31625  31934  310  87.03  568
25319  28212  2894  25319  25579  261  27950  28212  263  88.21  572
13376  17542  4167  13376  13920  545  17000  17542  543  93.21  576
22746  30937  8192  22746  22868  123  30814  30937  124  94.35  580
27207  35091  7885  27207  27395  189  34911  35091  181  86.77  586
36589  40542  3954  36589  37155  567  39987  40542  556  87.13  586
9686  19965  10280  9686  9836  151  19815  19965  151  90.07  594
26922  31583  4662  26922  27201  280  31324  31583  260  87.14  595
20642  23068  2427  20642  20768  127  22940  23068  129  91.47  596
13406  15932  2527  13406  13688  283  15657  15932  276  87.99  598
18460  20938  2479  18460  18660  201  20733  20938  206  85.92  598
24472  26631  2160  24472  24934  463  26185  26631  447  88.77  601
22952  24909  1958  22952  23147  196  24715  24909  195  85.71  603
22357  24874  2518  22357  22476  120  24760  24874  115  87.50  604
36065  39783  3719  36065  36523  459  39331  39783  453  85.62  605
2827  5169  2343  2827  3075  249  4927  5169  243  86.35  607
31808  38930  7123  31808  32108  301  38626  38930  305  91.80  610
16638  22259  5622  16638  17059  422  21838  22259  422  92.18  616
16746  22083  5338  16746  17320  575  21516  22083  568  92.17  618
4669  7591  2923  4669  5079  411  7195  7591  397  85.40  632
5311  7109  1799  5311  5584  274  6828  7109  282  87.23  637
23081  27480  4400  23081  23251  171  27316  27480  165  87.72  639
35720  38558  2839  35720  36171  452  38119  38558  440  91.37  649
2992  4466  1475  2992  3409  418  4056  4466  411  86.12  654
19071  25339  6269  19071  19286  216  25117  25339  223  85.65  654
30569  37081  6513  30569  30725  157  36920  37081  162  85.19  654
28094  31322  3229  28094  28396  303  31021  31322  302  91.09  658
5645  10408  4764  5645  5881  237  10170  10408  239  90.38  661
16221  28467  12247  16221  16548  328  28132  28467  336  87.80  669
13628  19378  5751  13628  14622  995  18384  19378  995  95.28  672
8050  10484  2435  8050  8223  174  10310  10484  175  85.14  684
25855  33660  7806  25855  26002  148  33510  33660  151  90.07  687
15380  17416  2037  15380  15939  560  16864  17416  553  90.71  695
24460  37089  12630  24460  24566  107  36982  37089  108  91.67  698
7635  15320  7686  7635  7849  215  15113  15320  208  91.16  702
22223  24217  1995  22223  22389  167  24058  24217  160  87.43  704
14831  17544  2714  14831  15303  473  17091  17544  454  86.47  708
4789  13548  8760  4789  5158  370  13192  13548  357  96.49  711
9446  12313  2868  9446  9629  184  12124  12313  190  87.89  716
30036  34851  4816  30036  30578  543  34308  34851  544  86.95  721
26392  27609  1218  26392  26564  173  27436  27609  174  88.51  723
30368  32351  1984  30368  30892  525  31819  32351  533  88.93  723
25042  28879  3838  25042  25777  736  28119  28879  761  89.49  724
170  1906  1737  170  364  195  1700  1906  207  85.51  725
27176  31115  3940  27176  27314  139  30983  31115  133  87.05  731
3476  10093  6618  3476  4053  578  9523  10093  571  89.45  733
24421  25998  1578  24421  24605  185  25829  25998  170  85.41  735
34031  35534  1504  34031  34205  175  35373  35534  162  86.29  740
23031  25212  2182  23031  23342  312  24866  25212  347  88.18  747
29974  35393  5420  29974  30110  137  35258  35393  136  85.40  749
24537  30368  5832  24537  24886  350  30020  30368  349  90.00  754
21358  30677  9320  21358  22230  873  29805  30677  873  93.93  755
3962  13608  9647  3962  4082  121  13483  13608  126  88.89  758
13895  17172  3278  13895  14425  531  16669  17172  504  87.95  761
21032  22528  1497  21032  21362  331  22213  22528  316  86.10  763
17706  19648  1943  17706  18011  306  19338  19648  311  90.35  767
11811  16140  4330  11811  12380  570  15565  16140  576  89.06  769
17169  20421  3253  17169  17499  331  20113  20421  309  85.50  769
16544  19651  3108  16544  16735  192  19465  19651  187  90.62  770
15586  19180  3595  15586  16066  481  18701  19180  480  85.24  774
5714  10005  4292  5714  5899  186  9826  10005  180  87.63  777
11193  21062  9870  11193  11546  354  20709  21062  354  90.96  777
16942  21061  4120  16942  17192  251  20798  21061  264  87.88  778
29998  32446  2449  29998  30433  436  31996  32446  451  87.58  778
27358  35029  7672  27358  27741  384  34668  35029  362  86.98  779
8301  19137  10837  8301  8619  319  18832  19137  306  92.16  789
12173  15903  3731  12173  12428  256  15651  15903  253  85.16  793
7127  11307  4181  7127  7465  339  10957  11307  351  87.18  804
6492  15325  8834  6492  7140  649  14684  15325  642  88.14  806
13359  19575  6217  13359  13466  108  19468  19575  108  87.96  808
14102  15318  1217  14102  14246  145  15180  15318  139  87.59  810
16956  20700  3745  16956  17674  719  19971  20700  730  87.81  817
16520  19518  2999  16520  16687  168  19354  19518  165  88.10  818
16392  18055  1664  16392  17022  631  17422  18055  634  93.06  827
15524  17971  2448  15524  16123  600  17396  17971  576  87.00  829
3854  14166  10313  3854  4415  562  13603  14166  564  94.33  832
1203  5000  3798  1203  1360  158  4840  5000  161  89.44  840
6697  9287  2591  6697  6824  128  9153  9287  135  86.67  840
14970  19663  4694  14970  15172  203  19456  19663  208  86.54  840
22734  30323  7590  22734  23035  302  30032  30323  292  86.75  840
23995  28236  4242  23995  24211  217  28014  28236  223  86.55  841
4655  5996  1342  4655  4967  313  5677  5996  320  89.69  842
26771  30396  3626  26771  27002  232  30176  30396  221  86.21  846
14277  21512  7236  14277  14420  144  21361  21512  152  86.84  848
1439  7612  6174  1439  1567  129  7477  7612  136  88.97  849
27874  30406  2533  27874  28466  593  29822  30406  585  85.83  853
25648  30904  5257  25648  26217  570  30352  30904  553  88.25  854
21722  23616  1895  21722  21999  278  23313  23616  304  85.86  857
10801  14217  3417  10801  11028  228  13982  14217  236  86.44  858
576  2285  1710  576  1030  455  1838  2285  448  90.33  868
12849  16353  3505  12849  13619  771  15603  16353  751  89.62  875
19896  29307  9412  19896  20072  177  29131  29307  177  93.79  875
6927  8123  1197  6927  7087  161  7963  8123  161  85.71  882
11834  13893  2060  11834  12065  232  13647  13893  247  89.07  884
4982  14289  9308  4982  5340  359  13935  14289  355  89.42  885
14605  17510  2906  14605  14987  383  17123  17510  388  86.86  888
3908  12576  8669  3908  4033  126  12449  12576  128  85.94  890
17066  19197  2132  17066  17553  488  18707  19197  491  85.74  893
26038  27841  1804  26038  26221  184  27654  27841  188  88.83  893
3190  4879  1690  3190  3756  567  4294  4879  586  94.54  895
13731  23873  10143  13731  13954  224  23661  23873  213  90.18  909
24463  27878  3416  24463  24729  267  27602  27878  277  88.45  909
8251  10856  2606  8251  8392  142  10717  10856  140  85.92  910
25695  28411  2717  25695  26085  391  28024  28411  388  94.88  910
4617  7174  2558  4617  4798  182  6997  7174  178  90.66  915
13883  16950  3068  13883  14092  210  16736  16950  215  86.51  915
26458  29528  3071  26458  26679  222  29314  29528  215  88.29  915
20046  23934  3889  20046  20763  718  23234  23934  701  92.90  917
2030  14486  12457  2030  2913  884  13628  14486  859  91.40  918
18030  19527  1498  18030  18134  105  19415  19527  113  85.84  925
4456  6950  2495  4456  4810  355  6600  6950  351  92.39  927
15188  17073  1886  15188  15315  128  16955  17073  119  90.62  927
2926  9677  6752  2926  3114  189  9494  9677  184  93.65  936
969  3006  2038  969  1225  257  2753  3006  254  85.21  937
7622  9680  2059  7622  7897  276  9399  9680  282  88.30  943
24118  25670  1553  24118  24290  173  25501  25670  170  86.13  948
3119  12638  9520  3119  3281  163  12482  12638  157  88.34  954
15559  17877  2319  15559  16092  534  17358  17877  520  90.45  954
18856  27541  8686  18856  19350  495  27045  27541  497  95.77  954
7596  12428  4833  7596  7704  109  12312  12428  117  88.89  959
22666  27455  4790  22666  23028  363  27106  27455  350  87.33  964
8031  10956  2926  8031  8172  142  10820  10956  137  85.92  967
24314  25984  1671  24314  24650  337  25644  25984  341  93.26  968
13551  17254  3704  13551  13858  308  16932  17254  323  89.78  969
2323  3817  1495  2323  2729  407  3411  3817  407  86.00  970
25571  26781  1211  25571  25741  171  26617  26781  165  90.64  975
19980  22733  2754  19980  20117  138  22590  22733  144  86.81  977
25967  30028  4062  25967  26330  364  29674  30028  355  88.74  979
2387  5315  2929  2387  2713  327  4991  5315  325  88.07  982
21728  25206  3479  21728  22532  805  24374  25206  833  86.19  982
10059  12698  2640  10059  10620  562  12121  12698  578  85.12  985
19212  20963  1752  19212  19356  145  20812  20963  152  86.18  985
21676  23356  1681  21676  21852  177  23193  23356  164  85.31  986
21890  25845  3956  21890  22065  176  25667  25845  179  87.15  987
4077  11637  7561  4077  4492  416  11217  11637  421  86.70  988
21577  23257  1681  21577  21702  126  23144  23257  114  87.30  988
12871  14557  1687  12871  13041  171  14393  14557  165  89.47  992
15826  18283  2458  15826  16025  200  18077  18283  207  87.44  992
1487  6544  5058  1487  1619  133  6414  6544  131  87.22  995
16706  24354  7649  16706  17004  299  24045  24354  310  93.23  996
24855  27465  2611  24855  25130  276  27185  27465  281  85.77  1000
25578  28227  2650  25578  25938  361  27845  28227  383  87.47  1001
14682  22897  8216  14682  15449  768  22124  22897  774  89.79  1005
4336  6385  2050  4336  4605  270  6109  6385  277  89.53  1011
2428  5339  2912  2428  3010  583  4767  5339  573  88.85  1012
14359  16683  2325  14359  14487  129  16562  16683  122  86.82  1013
24579  28112  3534  24579  24833  255  27846  28112  267  89.51  1013
22341  25360  3020  22341  22924  584  24782  25360  579  91.44  1015
12033  18968  6936  12033  12201  169  18802  18968  167  93.49  1019
22118  24092  1975  22118  22409  292  23784  24092  309  85.76  1021
26908  28982  2075  26908  27205  298  28690  28982  293  91.61  1021
5182  7397  2216  5182  5362  181  7207  7397  191  89.01  1022
12724  14947  2224  12724  13331  608  14345  14947  603  86.84  1033
19060  20781  1722  19060  19632  573  20178  20781  604  87.42  1033
16439  19270  2832  16439  16996  558  18731  19270  540  87.28  1034
25923  28339  2417  25923  26022  100  28235  28339  105  89.52  1036
12584  14307  1724  12584  13000  417  13891  14307  417  85.85  1042
14887  16311  1425  14887  15078  192  16118  16311  194  88.66  1046
25193  28047  2855  25193  25620  428  27610  28047  438  86.53  1046
18421  21660  3240  18421  19039  619  21052  21660  609  85.14  1052
5166  17449  12284  5166  5555  390  17027  17449  423  86.05  1053
19074  27101  8028  19074  19201  128  26983  27101  119  86.72  1071
10147  13908  3762  10147  10638  492  13414  13908  495  90.10  1080
7395  10142  2748  7395  8268  874  9257  10142  886  92.44  1082
3218  6525  3308  3218  3431  214  6319  6525  207  89.72  1083
3336  6712  3377  3336  3469  134  6579  6712  134  91.04  1084
16414  18731  2318  16414  16756  343  18407  18731  325  88.34  1084
2375  8770  6396  2375  2919  545  8238  8770  533  88.81  1085
12008  14614  2607  12008  12344  337  14246  14614  369  85.91  1089
7291  13135  5845  7291  7556  266  12867  13135  269  92.57  1091
4518  7203  2686  4518  4739  222  6991  7203  213  88.74  1095
9160  13728  4569  9160  9748  589  13152  13728  577  93.21  1095
4251  6211  1961  4251  4383  133  6088  6211  124  86.47  1097
2470  13045  10576  2470  2705  236  12828  13045  218  85.59  1105
11729  15724  3996  11729  11978  250  15480  15724  245  89.60  1106
15930  18239  2310  15930  16169  240  18003  18239  237  86.25  1106
3701  6495  2795  3701  3902  202  6302  6495  194  90.10  1107
16019  18511  2493  16019  16289  271  18237  18511  275  88.36  1107
21043  26695  5653  21043  21393  351  26328  26695  368  88.59  1109
5408  7926  2519  5408  5633  226  7702  7926  225  87.17  1116
8288  10414  2127  8288  8600  313  10119  10414  296  86.90  1120
1120  3218  2099  1120  1326  207  3015  3218  204  88.89  1123
15975  17828  1854  15975  16290  316  17501  17828  328  92.07  1123
17194  19031  1838  17194  17556  363  18675  19031  357  87.88  1124
13336  15344  2009  13336  13445  110  15233  15344  112  87.50  1128
5428  11585  6158  5428  5598  171  11423  11585  163  89.47  1134
17611  20956  3346  17611  17746  136  20830  20956  127  86.76  1135
489  9081  8593  489  931  443  8656  9081  426  89.16  1144
13907  16749  2843  13907  14123  217  16535  16749  215  86.18  1148
17249  20074  2826  17249  17496  248  19827  20074  248  86.29  1148
24649  26244  1596  24649  24773  125  26112  26244  133  88.72  1148
14082  16189  2108  14082  14248  167  16024  16189  166  88.62  1173
171  5524  5354  171  365  195  5330  5524  195  88.21  1175
5916  9545  3630  5916  6071  156  9387  9545  159  89.31  1175
22675  23920  1246  22675  22815  141  23776  23920  145  86.21  1175
5526  14430  8905  5526  5792  267  14167  14430  264  88.76  1178
2993  6789  3797  2993  3463  471  6335  6789  455  88.54  1182
17548  22469  4922  17548  17717  170  22309  22469  161  85.88  1182
5434  10662  5229  5434  6245  812  9838  10662  825  89.21  1192
3976  6556  2581  3976  4159  184  6380  6556  177  86.96  1195
7353  11228  3876  7353  7708  356  10876  11228  353  93.26  1195
12822  15711  2890  12822  13041  220  15493  15711  219  87.27  1195
22006  23708  1703  22006  22225  220  23489  23708  220  85.45  1196
5483  7813  2331  5483  5872  390  7432  7813  382  89.49  1197
18477  20197  1721  18477  18988  512  19664  20197  534  90.07  1197
2079  6060  3982  2079  2320  242  5818  6060  243  89.71  1199
18893  25284  6392  18893  19191  299  24979  25284  306  86.27  1210
18791  22052  3262  18791  19061  271  21783  22052  270  90.41  1211
7833  12059  4227  7833  8701  869  11181  12059  879  91.92  1212
12476  15288  2813  12476  12651  176  15103  15288  186  88.17  1214
2211  15150  12940  2211  2518  308  14844  15150  307  88.31  1223
19468  26141  6674  19468  20039  572  25595  26141  547  93.01  1223
87  5518  5432  87  465  379  5157  5518  362  85.75  1224
792  3427  2636  792  1106  315  3095  3427  333  87.69  1230
22690  24448  1759  22690  22808  119  24328  24448  121  86.78  1238
10768  13008  2241  10768  11130  363  12658  13008  351  88.98  1240
15421  19275  3855  15421  15771  351  18931  19275  345  92.02  1240
3459  10544  7086  3459  3591  133  10411  10544  134  91.79  1243
15360  20489  5130  15360  15667  308  20189  20489  301  89.61  1243
16668  18345  1678  16668  16877  210  18131  18345  215  85.12  1245
17433  20815  3383  17433  18289  857  19933  20815  883  91.05  1246
13620  15918  2299  13620  13846  227  15698  15918  221  87.22  1250
7771  13969  6199  7771  8044  274  13689  13969  281  90.75  1253
17929  19639  1711  17929  18078  150  19485  19639  155  85.16  1259
11479  13404  1926  11479  11617  139  13273  13404  132  89.93  1260
23332  24952  1621  23332  23439  108  24852  24952  101  85.19  1265
1488  3023  1536  1488  1861  374  2650  3023  374  89.57  1267
5652  8943  3292  5652  5920  269  8674  8943  270  86.67  1269
19628  21644  2017  19628  19985  358  21289  21644  356  90.50  1270
2210  4854  2645  2210  2428  219  4641  4854  214  90.87  1272
6899  11597  4699  6899  7328  430  11173  11597  425  88.84  1276
14413  21718  7306  14413  14722  310  21410  21718  309  96.77  1280
19301  20610  1310  19301  19493  193  20408  20610  203  85.71  1283
12679  15121  2443  12679  13273  595  14498  15121  624  91.83  1288
15472  17437  1966  15472  15861  390  17041  17437  397  85.39  1292
11269  14052  2784  11269  11507  239  13816  14052  237  91.21  1293
7784  9804  2021  7784  8029  246  9544  9804  261  86.21  1295
17366  20859  3494  17366  17594  229  20639  20859  221  87.77  1295
1186  2426  1241  1186  1332  147  2273  2426  154  86.36  1298
797  10442  9646  797  1221  425  10007  10442  436  89.68  1301
20295  23649  3355  20295  20534  240  23406  23649  244  87.70  1302
15591  18150  2560  15591  15768  178  17989  18150  162  86.52  1303
2400  7348  4949  2400  3061  662  6691  7348  658  90.18  1305
10706  14103  3398  10706  10948  243  13856  14103  248  85.08  1305
9254  13842  4589  9254  9425  172  13681  13842  162  88.95  1307
13619  16201  2583  13619  13942  324  15876  16201  326  86.81  1309
10198  13488  3291  10198  10410  213  13269  13488  220  89.55  1315
21550  24127  2578  21550  22268  719  23408  24127  720  95.00  1316
3974  10715  6742  3974  4193  220  10500  10715  216  89.55  1319
12547  16126  3580  12547  12824  278  15826  16126  301  86.05  1320
6925  8468  1544  6925  7145  221  8249  8468  220  99.55  1322
9036  10407  1372  9036  9237  202  10209  10407  199  88.12  1324
9371  14612  5242  9371  9480  110  14500  14612  113  85.84  1327
21726  24133  2408  21726  21878  153  23979  24133  155  85.16  1330
20046  21955  1910  20046  20377  332  21632  21955  324  86.14  1331
3802  8869  5068  3802  3986  185  8682  8869  188  87.77  1334
13600  16388  2789  13600  13797  198  16178  16388  211  86.26  1334
8708  11646  2939  8708  8833  126  11518  11646  129  89.15  1338
7533  20716  13184  7533  7666  134  20589  20716  128  88.81  1339
15335  17434  2100  15335  15677  343  17081  17434  354  88.14  1342
445  2828  2384  445  561  117  2714  2828  115  94.02  1345
3538  6747  3210  3538  3659  122  6615  6747  133  88.72  1346
6611  10557  3947  6611  6971  361  10207  10557  351  87.53  1347
2893  6069  3177  2893  3202  310  5769  6069  301  85.16  1349
7316  13965  6650  7316  7718  403  13573  13965  393  93.30  1350
2196  4490  2295  2196  2526  331  4174  4490  317  87.92  1357
3970  5964  1995  3970  4206  237  5739  5964  226  88.19  1358
4084  11229  7146  4084  4270  187  11043  11229  187  89.30  1366
17875  19846  1972  17875  18077  203  19636  19846  211  86.26  1368
714  8198  7485  714  846  133  8063  8198  136  86.03  1369
10421  20337  9917  10421  10529  109  20220  20337  118  86.44  1369
7103  9194  2092  7103  7654  552  8662  9194  533  86.59  1375
18982  21413  2432  18982  19416  435  20972  21413  442  85.52  1375
4095  7460  3366  4095  4556  462  6985  7460  476  92.44  1378
6701  8183  1483  6701  7041  341  7826  8183  358  88.27  1389
489  2543  2055  489  963  475  2064  2543  480  86.04  1390
15646  17491  1846  15646  15893  248  17248  17491  244  87.10  1393
14926  19847  4922  14926  15167  242  19602  19847  246  90.24  1394
1627  5992  4366  1627  2189  563  5415  5992  578  86.51  1397
21519  22760  1242  21519  21700  182  22575  22760  186  85.48  1401
1321  2711  1391  1321  1605  285  2420  2711  292  85.62  1408
14948  19406  4459  14948  15158  211  19205  19406  202  86.26  1409
4747  8548  3802  4747  4859  113  8429  8548  120  85.00  1411
13302  15571  2270  13302  13576  275  15294  15571  278  86.69  1411
10365  20191  9827  10365  10722  358  19834  20191  358  93.30  1420
18040  22350  4311  18040  18788  749  21609  22350  742  88.79  1422
17732  22157  4426  17732  17880  149  22009  22157  149  91.28  1427
3869  8762  4894  3869  4053  185  8573  8762  190  89.47  1429
11701  13458  1758  11701  11848  148  13312  13458  147  89.19  1429
16870  19140  2271  16870  17018  149  19005  19140  136  85.23  1429
7087  8928  1842  7087  7440  354  8598  8928  331  87.29  1437
12674  16060  3387  12674  13389  716  15341  16060  720  85.97  1439
4080  5415  1336  4080  4312  233  5183  5415  233  87.12  1442
5650  8347  2698  5650  5793  144  8195  8347  153  86.27  1448
13373  18297  4925  13373  13893  521  17794  18297  504  87.72  1448
8802  14781  5980  8802  8971  170  14624  14781  158  85.29  1457
17288  18912  1625  17288  17580  293  18618  18912  295  92.20  1469
17717  21208  3492  17717  17864  148  21063  21208  146  88.51  1474
5748  13431  7684  5748  6114  367  13064  13431  368  94.02  1482
20856  22606  1751  20856  21011  156  22453  22606  154  85.26  1484
9366  11181  1816  9366  9490  125  11051  11181  131  86.26  1487
431  5139  4709  431  844  414  4741  5139  399  89.37  1491
7930  9348  1419  7930  8201  272  9066  9348  283  89.75  1492
15818  18145  2328  15818  16073  256  17899  18145  247  91.41  1495
18793  20786  1994  18793  18932  140  20643  20786  144  90.28  1495
3471  18478  15008  3471  3649  179  18313  18478  166  87.71  1497
1253  7081  5829  1253  1382  130  6954  7081  128  91.54  1505
9492  11210  1719  9492  9592  101  11105  11210  106  90.57  1505
7199  11052  3854  7199  7518  320  10721  11052  332  88.86  1518
12608  14774  2167  12608  12716  109  14664  14774  111  95.50  1519
11221  15785  4565  11221  11546  326  15455  15785  331  89.43  1523
12810  18537  5728  12810  12993  184  18352  18537  186  91.40  1528
8187  10819  2633  8187  8554  368  10453  10819  367  87.77  1546
3782  5472  1691  3782  4063  282  5195  5472  278  86.17  1555
7617  15017  7401  7617  8012  396  14638  15017  380  92.93  1555
1819  3917  2099  1819  2187  369  3536  3917  382  86.39  1557
4926  12863  7938  4926  5636  711  12139  12863  725  89.52  1557
5628  8493  2866  5628  5920  293  8203  8493  291  87.37  1559
4554  6525  1972  4554  4809  256  6267  6525  259  89.96  1563
10876  13130  2255  10876  11012  137  12999  13130  132  86.13  1563
15602  18388  2787  15602  15727  126  18264  18388  125  92.06  1563
18987  21266  2280  18987  19452  466  20825  21266  442  86.05  1565
3629  6312  2684  3629  3788  160  6143  6312  170  87.06  1567
12163  14178  2016  12163  12587  425  13757  14178  422  88.00  1568
5701  10765  5065  5701  6100  400  10374  10765  392  86.75  1570
9991  18095  8105  9991  10146  156  17935  18095  161  91.30  1579
2372  3665  1294  2372  2500  129  3529  3665  137  86.86  1583
6233  10302  4070  6233  6458  226  10070  10302  233  95.28  1591
6718  14813  8096  6718  6896  179  14633  14813  181  89.50  1597
9705  14574  4870  9705  9845  141  14428  14574  147  85.71  1603
17703  19357  1655  17703  17867  165  19196  19357  162  89.09  1606
3269  5872  2604  3269  4054  786  5086  5872  787  91.11  1608
9610  16439  6830  9610  9845  236  16201  16439  239  89.12  1613
3635  9443  5809  3635  4108  474  8985  9443  459  89.03  1632
11674  13955  2282  11674  12210  537  13439  13955  517  91.06  1634
18199  21130  2932  18199  18460  262  20875  21130  256  90.08  1634
4436  10093  5658  4436  4761  326  9753  10093  341  86.51  1639
13769  18923  5155  13769  13957  189  18749  18923  175  86.24  1639
2784  7450  4667  2784  3008  225  7225  7450  226  91.15  1641
13375  19583  6209  13375  13488  114  19472  19583  112  93.86  1646
18206  20153  1948  18206  18525  320  19854  20153  300  85.00  1649
1217  7855  6639  1217  1338  122  7740  7855  116  87.70  1656
14179  17303  3125  14179  14402  224  17096  17303  208  87.05  1658
12189  17300  5112  12189  12553  365  16948  17300  353  85.75  1681
3707  5876  2170  3707  3848  142  5729  5876  148  92.57  1682
5515  8313  2799  5515  5625  111  8203  8313  111  94.59  1686
3694  6543  2850  3694  3814  121  6423  6543  121  86.78  1694
7995  11266  3272  7995  8309  315  10959  11266  308  88.89  1695
15099  17942  2844  15099  15213  115  17832  17942  111  88.70  1695
10463  12440  1978  10463  10661  199  12248  12440  193  91.46  1700
14105  20153  6049  14105  14651  547  19594  20153  560  86.25  1707
5323  9178  3856  5323  5502  180  8993  9178  186  86.02  1710
4871  7585  2715  4871  5123  253  7329  7585  257  89.49  1716
5903  7591  1689  5903  6171  269  7327  7591  265  88.48  1719
1700  6436  4737  1700  1863  164  6280  6436  157  86.59  1721
15748  19581  3834  15748  15903  156  19433  19581  149  87.82  1721
11322  15257  3936  11322  11508  187  15068  15257  190  91.58  1733
13183  19897  6715  13183  13430  248  19633  19897  265  90.57  1735
6326  8229  1904  6326  6823  498  7717  8229  513  89.47  1737
5843  10346  4504  5843  6748  906  9446  10346  901  87.53  1740
3340  4788  1449  3340  3785  446  4350  4788  439  89.46  1741
15314  17402  2089  15314  15681  368  17044  17402  359  90.76  1741
1234  3883  2650  1234  1513  280  3589  3883  295  85.76  1743
9890  12666  2777  9890  10087  198  12464  12666  203  92.12  1748
13100  14764  1665  13100  13449  350  14430  14764  335  88.86  1753
2348  14781  12434  2348  2621  274  14506  14781  276  87.68  1758
13128  14747  1620  13128  13356  229  14523  14747  225  87.34  1772
7726  10431  2706  7726  7850  125  10309  10431  123  88.80  1775
14104  17438  3335  14104  14327  224  17206  17438  233  90.13  1775
7511  15434  7924  7511  7801  291  15117  15434  318  88.99  1790
4275  7470  3196  4275  4707  433  7042  7470  429  87.30  1792
2389  4756  2368  2389  2648  260  4514  4756  243  85.00  1797
4930  8842  3913  4930  5216  287  8544  8842  299  86.96  1797
16155  19261  3107  16155  16481  327  18945  19261  317  90.21  1810
2851  4816  1966  2851  3441  591  4221  4816  596  89.09  1814
1635  4877  3243  1635  2456  822  4080  4877  798  89.42  1820
14181  18839  4659  14181  14422  242  18617  18839  223  86.36  1825
5903  8943  3041  5903  6321  419  8512  8943  432  89.12  1834
8974  10673  1700  8974  9344  371  10307  10673  367  91.91  1837
2322  13815  11494  2322  2761  440  13373  13815  443  87.58  1844
13807  17106  3300  13807  14104  298  16793  17106  314  86.94  1854
1194  11501  10308  1194  1443  250  11276  11501  226  87.60  1855
16821  18712  1892  16821  17106  286  18414  18712  299  89.63  1857
10473  11713  1241  10473  10633  161  11555  11713  159  85.71  1862
1620  4525  2906  1620  2050  431  4075  4525  451  86.92  1863
5100  15552  10453  5100  5644  545  15014  15552  539  93.21  1874
7922  10854  2933  7922  8837  916  9933  10854  922  91.76  1875
5668  7011  1344  5668  6000  333  6684  7011  328  85.89  1902
11245  16350  5106  11245  11407  163  16182  16350  169  91.72  1903
11661  13380  1720  11661  11896  236  13133  13380  248  88.71  1905
13320  15641  2322  13320  13552  233  15408  15641  234  87.61  1906
11414  15329  3916  11414  11950  537  14789  15329  541  89.46  1920
2705  7964  5260  2705  2987  283  7681  7964  284  87.32  1921
5860  7834  1975  5860  6080  221  7596  7834  239  91.63  1928
8747  10593  1847  8747  8937  191  10405  10593  189  90.05  1928
10010  13534  3525  10010  10252  243  13290  13534  245  88.16  1938
5991  7232  1242  5991  6182  192  7037  7232  196  86.73  1951
2611  5277  2667  2611  3112  502  4784  5277  494  89.84  1954
666  5267  4602  666  1007  342  4929  5267  339  86.55  1957
2654  7778  5125  2654  2946  293  7490  7778  289  86.01  1962
7273  11857  4585  7273  7410  138  11720  11857  138  86.23  1963
13361  15426  2066  13361  13769  409  15035  15426  392  86.55  1963
6879  9102  2224  6879  7515  637  8452  9102  651  87.86  1964
13623  14999  1377  13623  13747  125  14879  14999  121  87.20  1971
8207  17377  9171  8207  8626  420  16932  17377  446  88.12  1974
9993  14570  4578  9993  10473  481  14095  14570  476  94.59  1976
11631  14370  2740  11631  11845  215  14164  14370  207  85.58  1977
4970  6488  1519  4970  5091  122  6366  6488  123  89.43  1978
12946  18258  5313  12946  13359  414  17871  18258  388  88.41  1991
9801  12650  2850  9801  10407  607  12058  12650  593  93.74  1997
7148  9006  1859  7148  7392  245  8765  9006  242  86.53  1998
13135  17519  4385  13135  13236  102  17413  17519  107  89.72  2005
5268  6927  1660  5268  5526  259  6679  6927  249  86.49  2006
6458  10168  3711  6458  7062  605  9549  10168  620  88.39  2012
8348  11700  3353  8348  8820  473  11237  11700  464  90.49  2020
1065  7023  5959  1065  1398  334  6680  7023  344  87.50  2030
9352  12959  3608  9352  9493  142  12818  12959  142  86.62  2031
2979  6215  3237  2979  3263  285  5922  6215  294  87.41  2032
258  4796  4539  258  363  106  4684  4796  113  86.73  2036
5516  10420  4905  5516  5813  298  10130  10420  291  87.58  2040
417  8031  7615  417  818  402  7632  8031  400  90.30  2042
10961  13248  2288  10961  11073  113  13135  13248  114  88.60  2044
7766  14492  6727  7766  8195  430  14068  14492  425  87.44  2051
9490  11188  1699  9490  9669  180  11004  11188  185  89.19  2054
4424  6777  2354  4424  4733  310  6452  6777  326  90.18  2056
10916  16475  5560  10916  11019  104  16370  16475  106  86.79  2068
11591  13563  1973  11591  11700  110  13451  13563  113  91.15  2071
4374  10745  6372  4374  4561  188  10553  10745  193  88.08  2073
12615  15595  2981  12615  12818  204  15376  15595  220  85.45  2074
2881  4252  1372  2881  3122  242  4020  4252  233  85.54  2080
6941  10127  3187  6941  7068  128  9998  10127  130  90.77  2082
8810  11779  2970  8810  9036  227  11541  11779  239  85.77  2085
11114  13395  2282  11114  11387  274  13117  13395  279  92.47  2086
14912  17309  2398  14912  15175  264  17046  17309  264  92.42  2089
3167  7053  3887  3167  3447  281  6787  7053  267  90.04  2093
12230  16264  4035  12230  12412  183  16064  16264  201  86.57  2095
14629  15910  1282  14629  14740  112  15805  15910  106  89.29  2096
4569  6783  2215  4569  5105  537  6258  6783  526  89.39  2100
12812  16496  3685  12812  13619  808  15692  16496  805  88.61  2107
2941  10153  7213  2941  3351  411  9740  10153  414  90.10  2110
8428  10470  2043  8428  8668  241  10233  10470  238  90.46  2112
5251  11984  6734  5251  5549  299  11703  11984  282  86.62  2119
6807  10655  3849  6807  7229  423  10226  10655  430  90.70  2122
2208  4459  2252  2208  2930  723  3769  4459  691  90.73  2128
10145  12281  2137  10145  10446  302  11983  12281  299  86.75  2133
5914  9492  3579  5914  6532  619  8875  9492  618  94.51  2139
10706  12108  1403  10706  10828  123  11981  12108  128  85.94  2140
2354  5839  3486  2354  2503  150  5698  5839  142  90.00  2150
9595  12246  2652  9595  9816  222  12031  12246  216  85.59  2151
1637  9249  7613  1637  1803  167  9089  9249  161  88.62  2153
8838  11956  3119  8838  8968  131  11825  11956  132  87.88  2155
5955  8315  2361  5955  6318  364  7933  8315  383  88.25  2160
3343  7987  4645  3343  3821  479  7497  7987  491  91.65  2165
8407  14278  5872  8407  8654  248  14053  14278  226  88.71  2175
209  5858  5650  209  504  296  5574  5858  285  86.15  2180
1264  3331  2068  1264  1893  630  2697  3331  635  85.67  2185
8212  14633  6422  8212  8771  560  14064  14633  570  89.65  2186
7088  9664  2577  7088  7249  162  9505  9664  160  89.51  2197
12173  16639  4467  12173  12335  163  16473  16639  167  88.02  2204
3552  6202  2651  3552  3690  139  6056  6202  147  87.07  2207
10143  11965  1823  10143  10413  271  11706  11965  260  87.08  2209
12419  15620  3202  12419  12641  223  15403  15620  218  88.34  2209
6025  8120  2096  6025  6670  646  7485  8120  636  88.70  2210
9382  12518  3137  9382  10101  720  11797  12518  722  97.37  2211
9460  11685  2226  9460  9712  253  11445  11685  241  87.75  2215
1195  12253  11059  1195  1410  216  12041  12253  213  90.74  2217
12399  14226  1828  12399  12650  252  13985  14226  242  86.11  2231
2538  4505  1968  2538  2749  212  4292  4505  214  88.32  2238
11092  16016  4925  11092  11486  395  15648  16016  369  93.42  2238
6770  12722  5953  6770  7557  788  11943  12722  780  90.36  2244
6202  13923  7722  6202  6350  149  13778  13923  146  95.97  2247
2904  13370  10467  2904  3291  388  12992  13370  379  90.98  2250
7870  12347  4478  7870  8076  207  12135  12347  213  85.92  2257
10874  15588  4715  10874  11284  411  15169  15588  420  86.43  2268
5886  8626  2741  5886  6111  226  8401  8626  226  88.94  2271
5528  10382  4855  5528  5925  398  9987  10382  396  88.94  2281
4427  9317  4891  4427  4908  482  8833  9317  485  91.34  2282
11942  14113  2172  11942  12219  278  13843  14113  271  89.21  2290
7352  12188  4837  7352  7666  315  11869  12188  320  95.62  2303
13532  15545  2014  13532  14005  474  15098  15545  448  86.71  2303
5064  13326  8263  5064  5475  412  12925  13326  402  92.96  2311
6056  7829  1774  6056  6453  398  7410  7829  420  87.14  2324
13896  15258  1363  13896  14041  146  15110  15258  149  85.91  2329
1301  5340  4040  1301  1469  169  5167  5340  174  86.78  2331
10601  14640  4040  10601  10774  174  14472  14640  169  86.78  2331
4060  6379  2320  4060  4823  764  5616  6379  764  88.35  2334
900  4229  3330  900  1130  231  4001  4229  229  88.74  2345
4409  6682  2274  4409  4723  315  6367  6682  316  89.87  2353
12054  15528  3475  12054  12637  584  14958  15528  571  91.27  2354
10479  12345  1867  10479  10638  160  12191  12345  155  85.62  2360
5594  9567  3974  5594  5713  120  9444  9567  124  87.90  2363
1492  6813  5322  1492  1821  330  6483  6813  331  91.84  2367
5919  9026  3108  5919  6218  300  8724  9026  303  90.10  2386
1496  6152  4657  1496  1666  171  5978  6152  175  89.14  2390
4600  9380  4781  4600  4771  172  9215  9380  166  90.70  2395
1401  4095  2695  1401  1740  340  3769  4095  327  85.59  2396
11467  14161  2695  11467  11793  327  13822  14161  340  85.59  2396
14134  15549  1416  14134  14276  143  15407  15549  143  86.01  2397
4309  9584  5276  4309  4494  186  9399  9584  186  85.48  2400
372  2498  2127  372  554  183  2309  2498  190  85.79  2403
1457  3012  1556  1457  1645  189  2830  3012  183  85.19  2406
8767  14239  5473  8767  9193  427  13820  14239  420  89.93  2407
5556  8640  3085  5556  5743  188  8458  8640  183  87.23  2424
3789  6331  2543  3789  4362  574  5753  6331  579  92.06  2428
11392  12706  1315  11392  11598  207  12504  12706  203  92.27  2439
9381  10840  1460  9381  9538  158  10686  10840  155  86.08  2440
3211  8512  5302  3211  3548  338  8156  8512  357  90.48  2441
1433  7308  5876  1433  1703  271  7035  7308  274  86.50  2454
5262  12071  6810  5262  5569  308  11753  12071  319  85.58  2459
11057  13148  2092  11057  11184  128  13018  13148  131  87.79  2467
5321  7549  2229  5321  5744  424  7151  7549  399  86.08  2469
1851  5772  3922  1851  1977  127  5644  5772  129  88.37  2481
6848  12385  5538  6848  6977  130  12255  12385  131  87.79  2481
6547  8607  2061  6547  6741  195  8415  8607  193  86.15  2486
6992  11880  4889  6992  7738  747  11119  11880  762  90.16  2487
12547  14121  1575  12547  12799  253  13852  14121  270  85.19  2498
9137  10876  1740  9137  9261  125  10759  10876  118  87.20  2505
6  2295  2290  6  268  263  2015  2295  281  87.19  2507
6515  8848  2334  6515  6988  474  8370  8848  479  95.20  2507
12573  14862  2290  12573  12853  281  14600  14862  263  87.19  2507
7927  11038  3112  7927  8442  516  10530  11038  509  86.05  2508
8769  12740  3972  8769  9169  401  12341  12740  400  91.77  2511
9858  12376  2519  9858  10122  265  12109  12376  268  86.57  2514
967  4207  3241  967  1500  534  3668  4207  540  97.96  2515
1937  4631  2695  1937  2366  430  4206  4631  426  86.98  2538
1501  3764  2264  1501  1613  113  3648  3764  117  86.32  2539
6469  11091  4623  6469  6645  177  10912  11091  180  85.56  2539
4598  7926  3329  4598  4728  131  7796  7926  131  90.08  2541
6852  10205  3354  6852  7034  183  10015  10205  191  87.96  2542
11963  13820  1858  11963  12190  228  13577  13820  244  86.07  2542
2364  8867  6504  2364  2644  281  8586  8867  282  92.55  2544
7212  9899  2688  7212  7968  757  9164  9899  736  86.39  2545
2690  14526  11837  2690  2867  178  14358  14526  169  89.33  2556
8  1205  1198  8  168  161  1038  1205  168  89.29  2559
3049  4895  1847  3049  3494  446  4464  4895  432  87.67  2559
1269  4633  3365  1269  2116  848  3757  4633  877  88.37  2579
1035  3859  2825  1035  1544  510  3352  3859  508  85.29  2580
7502  9498  1997  7502  7713  212  9285  9498  214  87.85  2580
12247  14107  1861  12247  12395  149  13950  14107  158  90.51  2586
1031  3117  2087  1031  1268  238  2892  3117  226  89.08  2591
10026  14292  4267  10026  10236  211  14081  14292  212  88.21  2593
9393  11456  2064  9393  9499  107  11341  11456  116  87.07  2595
11486  13549  2064  11486  12123  638  12909  13549  641  95.16  2595
8830  10870  2041  8830  9268  439  10415  10870  456  90.35  2608
1867  6958  5092  1867  2053  187  6781  6958  178  85.56  2614
6934  14092  7159  6934  7198  265  13834  14092  259  87.17  2615
10421  11957  1537  10421  10678  258  11676  11957  282  88.30  2621
10540  12379  1840  10540  10733  194  12185  12379  195  89.23  2627
6148  12985  6838  6148  6259  112  12872  12985  114  85.96  2630
10447  13239  2793  10447  11038  592  12610  13239  630  87.62  2633
4910  11021  6112  4910  5156  247  10782  11021  240  90.69  2639
4843  9084  4242  4843  5101  259  8831  9084  254  88.80  2648
2316  10886  8571  2316  2504  189  10694  10886  193  93.26  2649
2035  3552  1518  2035  2162  128  3423  3552  130  89.23  2673
5850  9240  3391  5850  6324  475  8753  9240  488  90.37  2683
527  6835  6309  527  635  109  6722  6835  114  86.84  2686
2607  4892  2286  2607  3036  430  4466  4892  427  93.02  2687
9187  10396  1210  9187  9372  186  10204  10396  193  91.19  2689
192  10472  10281  192  582  391  10056  10472  417  87.05  2691
4465  7489  3025  4465  5188  724  6742  7489  748  92.11  2692
5145  7423  2279  5145  5369  225  7179  7423  245  86.53  2702
358  2862  2505  358  935  578  2284  2862  579  97.24  2716
2660  4048  1389  2660  2760  101  3945  4048  104  86.54  2717
7116  8849  1734  7116  7317  202  8634  8849  216  85.19  2722
7931  11707  3777  7931  8240  310  11409  11707  299  91.29  2728
3869  5477  1609  3869  4106  238  5236  5477  242  86.78  2750
335  3494  3160  335  840  506  2977  3494  518  90.73  2751
9373  11258  1886  9373  9775  403  10847  11258  412  87.38  2752
3754  7424  3671  3754  4202  449  6983  7424  442  87.31  2761
4051  5956  1906  4051  4314  264  5687  5956  270  85.93  2762
6596  8719  2124  6596  6734  139  8579  8719  141  88.65  2776
1487  8511  7025  1487  1759  273  8244  8511  268  85.71  2779
992  10033  9042  992  1109  118  9916  10033  118  87.29  2781
1888  4298  2411  1888  2176  289  3988  4298  311  85.53  2782
8280  12094  3815  8280  8608  329  11756  12094  339  87.91  2784
1652  4348  2697  1652  1919  268  4080  4348  269  90.71  2787
3443  5477  2035  3443  3569  127  5355  5477  123  90.55  2788
9808  11658  1851  9808  10025  218  11438  11658  221  87.33  2791
4211  9080  4870  4211  4353  143  8943  9080  138  90.91  2792
8596  10242  1647  8596  8702  107  10141  10242  102  87.85  2794
2831  4561  1731  2831  3050  220  4354  4561  208  87.27  2803
159  12860  12702  159  542  384  12463  12860  398  95.98  2814
5873  10217  4345  5873  6478  606  9640  10217  578  93.23  2815
5604  10552  4949  5604  6159  556  10002  10552  551  91.73  2819
3734  9639  5906  3734  3876  143  9494  9639  146  85.62  2830
821  9542  8722  821  1016  196  9338  9542  205  93.17  2831
7670  9181  1512  7670  7960  291  8892  9181  290  92.78  2837
1193  8318  7126  1193  1838  646  7694  8318  625  88.54  2842
2804  5299  2496  2804  3299  496  4785  5299  515  90.49  2843
7772  10267  2496  7772  8286  515  9772  10267  496  90.49  2843
6381  8740  2360  6381  6699  319  8432  8740  309  89.03  2854
3601  6507  2907  3601  4113  513  6002  6507  506  92.98  2861
2744  7572  4829  2744  2859  116  7459  7572  114  96.55  2868
8872  11150  2279  8872  9336  465  10677  11150  474  92.41  2877
437  9237  8801  437  684  248  8981  9237  257  89.11  2883
7096  9790  2695  7096  7540  445  9334  9790  457  90.37  2896
1402  9468  8067  1402  1548  147  9319  9468  150  89.33  2901
5301  7145  1845  5301  5631  331  6839  7145  307  88.52  2908
1986  9424  7439  1986  2436  451  8970  9424  455  98.90  2915
471  2815  2345  471  1381  911  1915  2815  901  93.63  2916
5996  9518  3523  5996  6191  196  9328  9518  191  88.27  2920
1464  6994  5531  1464  1644  181  6825  6994  170  86.19  2937
3780  5143  1364  3780  3928  149  4983  5143  161  86.34  2938
5776  11502  5727  5776  5884  109  11388  11502  115  92.17  2939
984  9534  8551  984  1276  293  9245  9534  290  88.74  2941
8191  12261  4071  8191  9088  898  11356  12261  906  92.60  2950
1729  3714  1986  1729  2105  377  3354  3714  361  86.21  2951
4944  6796  1853  4944  5167  224  6567  6796  230  89.13  2951
5738  10278  4541  5738  5856  119  10163  10278  116  85.71  2954
6447  8939  2493  6447  6762  316  8619  8939  321  88.79  2961
2787  4786  2000  2787  3189  403  4388  4786  399  90.57  2964
3100  5213  2114  3100  3849  750  4473  5213  741  93.47  2969
4899  7129  2231  4899  5218  320  6795  7129  335  85.07  2972
8195  10525  2331  8195  8424  230  10300  10525  226  90.43  2985
1965  4417  2453  1965  2104  140  4274  4417  144  89.58  3011
4004  5859  1856  4004  4172  169  5704  5859  156  86.39  3028
8195  10638  2444  8195  9007  813  9863  10638  776  86.96  3031
8563  11432  2870  8563  8676  114  11307  11432  126  87.30  3045
4114  7371  3258  4114  4234  121  7248  7371  124  86.29  3049
1321  3478  2158  1321  1588  268  3203  3478  276  89.49  3051
615  11931  11317  615  775  161  11776  11931  156  88.82  3052
3574  10432  6859  3574  3723  150  10272  10432  161  85.09  3086
8266  11760  3495  8266  8484  219  11524  11760  237  85.65  3093
3626  6809  3184  3626  4388  763  6062  6809  748  91.22  3096
3056  7397  4342  3056  3400  345  7066  7397  332  87.54  3099
9684  11671  1988  9684  9861  178  11495  11671  177  85.96  3099
8303  10300  1998  8303  8757  455  9857  10300  444  86.81  3102
5650  8102  2453  5650  5934  285  7818  8102  285  86.67  3106
5376  10271  4896  5376  5699  324  9955  10271  317  89.81  3114
4484  6882  2399  4484  4927  444  6439  6882  444  86.94  3123
7850  11736  3887  7850  8263  414  11341  11736  396  90.10  3129
1294  7647  6354  1294  1533  240  7417  7647  231  92.08  3135
2640  5480  2841  2640  2868  229  5244  5480  237  89.45  3141
9966  11665  1700  9966  10118  153  11510  11665  156  85.90  3150
4885  6466  1582  4885  5045  161  6297  6466  170  86.47  3163
1225  3355  2131  1225  1671  447  2915  3355  441  87.02  3187
372  1877  1506  372  716  345  1521  1877  357  93.28  3190
6756  8236  1481  6756  6873  118  8127  8236  110  91.53  3225
4799  10243  5445  4799  5230  432  9801  10243  443  90.07  3226
6037  10717  4681  6037  6174  138  10583  10717  135  86.23  3237
4306  6890  2585  4306  4496  191  6682  6890  209  86.60  3243
7195  8949  1755  7195  7417  223  8743  8949  207  86.55  3249
2842  5723  2882  2842  3019  178  5542  5723  182  88.46  3257
2744  6704  3961  2744  2946  203  6506  6704  199  90.15  3263
2900  4984  2085  2900  3099  200  4781  4984  204  86.27  3288
5934  7848  1915  5934  6266  333  7508  7848  341  86.22  3288
5179  6600  1422  5179  5550  372  6210  6600  391  87.72  3289
5620  7240  1621  5620  5946  327  6939  7240  302  89.30  3301
3587  7600  4014  3587  4077  491  7080  7600  521  90.98  3306
6807  9926  3120  6807  7036  230  9692  9926  235  87.23  3307
2969  4809  1841  2969  3115  147  4669  4809  141  85.03  3312
3750  5592  1843  3750  4134  385  5196  5592  397  91.44  3322
1571  3010  1440  1571  1857  287  2731  3010  280  96.17  3339
2034  4309  2276  2034  2164  131  4186  4309  124  86.26  3344
8424  10494  2071  8424  8549  126  10370  10494  125  87.30  3347
3243  10346  7104  3243  3838  596  9738  10346  609  89.82  3357
2000  9462  7463  2000  2275  276  9171  9462  292  87.67  3359
1401  4884  3484  1401  1747  347  4519  4884  366  86.34  3368
21  4904  4884  21  327  307  4580  4904  325  91.38  3381
2227  3934  1708  2227  2424  198  3736  3934  199  88.44  3390
831  4220  3390  831  1047  217  4012  4220  209  85.25  3401
1442  4048  2607  1442  1620  179  3868  4048  181  87.29  3410
475  2029  1555  475  708  234  1784  2029  246  86.99  3422
1360  6438  5079  1360  1583  224  6184  6438  255  85.88  3433
4138  6968  2831  4138  4325  188  6780  6968  189  87.83  3457
829  10162  9334  829  942  114  10057  10162  106  91.23  3460
5350  8070  2721  5350  5580  231  7852  8070  219  86.15  3464
245  2923  2679  245  780  536  2384  2923  540  90.19  3473
5368  7136  1769  5368  5660  293  6840  7136  297  86.53  3477
4884  7738  2855  4884  5230  347  7405  7738  334  89.05  3497
3967  6100  2134  3967  4344  378  5719  6100  382  85.34  3510
1521  8300  6780  1521  1976  456  7830  8300  471  86.62  3513
7419  9808  2390  7419  7745  327  9480  9808  329  88.75  3515
3176  5864  2689  3176  3389  214  5652  5864  213  88.32  3524
482  3538  3057  482  777  296  3266  3538  273  88.85  3526
3507  4901  1395  3507  3647  141  4749  4901  153  86.27  3527
5985  8524  2540  5985  6260  276  8256  8524  269  85.51  3552
1466  6262  4797  1466  1742  277  5991  6262  272  91.70  3557
6330  8635  2306  6330  6665  336  8305  8635  331  85.12  3562
7695  9562  1868  7695  7797  103  9452  9562  111  85.59  3564
5784  9052  3269  5784  6133  350  8693  9052  360  90.00  3570
4273  8037  3765  4273  4492  220  7841  8037  197  88.18  3577
4591  6915  2325  4591  5059  469  6472  6915  444  92.11  3579
6772  8906  2135  6772  6921  150  8751  8906  156  88.46  3591
3689  8729  5041  3689  4294  606  8116  8729  614  90.23  3593
2324  6140  3817  2324  2533  210  5922  6140  219  86.76  3610
4271  6611  2341  4271  4578  308  6291  6611  321  90.03  3613
4653  9611  4959  4653  4882  230  9379  9611  233  87.98  3621
1433  7332  5900  1433  1678  246  7093  7332  240  86.18  3625
812  3043  2232  812  1109  298  2741  3043  303  89.44  3626
4662  7654  2993  4662  5661  1000  6661  7654  994  93.70  3626
6113  8099  1987  6113  6233  121  7979  8099  121  91.74  3635
5180  9224  4045  5180  5628  449  8782  9224  443  92.20  3636
4990  7052  2063  4990  5374  385  6669  7052  384  91.69  3645
2608  4659  2052  2608  2737  130  4532  4659  128  86.15  3649
2603  5072  2470  2603  2846  244  4833  5072  240  86.89  3675
788  6249  5462  788  1032  245  6009  6249  241  87.35  3682
41  9440  9400  41  467  427  8958  9440  483  85.71  3684
992  2792  1801  992  1182  191  2595  2792  198  89.90  3685
1550  5885  4336  1550  1741  192  5680  5885  206  88.83  3702
8028  9326  1299  8028  8162  135  9192  9326  135  88.15  3704
6426  8640  2215  6426  7045  620  8041  8640  600  91.13  3706
2128  6901  4774  2128  2377  250  6654  6901  248  90.40  3712
3422  6823  3402  3422  4335  914  5895  6823  929  89.99  3722
4452  9048  4597  4452  4666  215  8831  9048  218  85.32  3727
7296  8733  1438  7296  7701  406  8317  8733  417  89.69  3734
2327  8358  6032  2327  2522  196  8162  8358  197  89.34  3745
435  1881  1447  435  548  114  1763  1881  119  89.08  3752
249  8953  8705  249  525  277  8673  8953  281  91.10  3773
2308  4812  2505  2308  2567  260  4533  4812  280  86.07  3786
4640  5866  1227  4640  4841  202  5675  5866  192  85.15  3793
1739  4527  2789  1739  1984  246  4263  4527  265  86.04  3823
5117  8357  3241  5117  5295  179  8186  8357  172  87.71  3839
6725  8944  2220  6725  7046  322  8637  8944  308  90.68  3852
3067  4962  1896  3067  3474  408  4523  4962  440  92.73  3858
4504  6161  1658  4504  4719  216  5944  6161  218  89.45  3864
2100  5893  3794  2100  2608  509  5380  5893  514  89.11  3865
2119  7992  5874  2119  2334  216  7765  7992  228  88.60  3877
800  3871  3072  800  1068  269  3594  3871  278  92.09  3879
7157  9081  1925  7157  7328  172  8914  9081  168  89.53  3884
2334  4962  2629  2334  2531  198  4756  4962  207  86.96  3887
1362  6156  4795  1362  1525  164  5982  6156  175  87.43  3889
1755  6034  4280  1755  1974  220  5809  6034  226  85.84  3893
1069  3640  2572  1069  1389  321  3338  3640  303  85.36  3899
2035  3353  1319  2035  2169  135  3218  3353  136  94.12  3912
2452  4822  2371  2452  2681  230  4604  4822  219  87.83  3916
5853  7345  1493  5853  6282  430  6910  7345  436  91.06  3916
5124  8175  3052  5124  5601  478  7681  8175  495  93.13  3929
3918  6133  2216  3918  4034  117  6015  6133  119  86.55  3941
5363  8945  3583  5363  5496  134  8821  8945  125  87.31  3950
4939  6485  1547  4939  5129  191  6300  6485  186  86.91  3951
2776  7160  4385  2776  3237  462  6708  7160  453  89.83  3978
1368  3711  2344  1368  2052  685  3026  3711  686  93.44  3982
681  3303  2623  681  1097  417  2901  3303  403  90.17  4006
2216  6193  3978  2216  2779  564  5615  6193  579  86.70  4019
5165  7736  2572  5165  5876  712  7040  7736  697  86.94  4022
1342  3669  2328  1342  1720  379  3295  3669  375  89.18  4057
2272  4930  2659  2272  2472  201  4731  4930  200  92.04  4065
2995  5577  2583  2995  3233  239  5342  5577  236  85.77  4066
15  4471  4457  15  161  147  4313  4471  159  86.79  4068
2548  6248  3701  2548  3019  472  5746  6248  503  90.26  4074
529  4391  3863  529  952  424  3962  4391  430  91.86  4078
1667  6846  5180  1667  2041  375  6467  6846  380  93.68  4081
1358  8503  7146  1358  1738  381  8129  8503  375  98.43  4091
1341  4197  2857  1341  1550  210  3988  4197  210  94.29  4092
5851  7433  1583  5851  6036  186  7255  7433  179  88.71  4112
680  2092  1413  680  794  115  1984  2092  109  86.96  4115
3059  6473  3415  3059  3583  525  5980  6473  494  87.05  4116
1845  3647  1803  1845  1949  105  3545  3647  103  90.48  4180
3955  5932  1978  3955  4190  236  5702  5932  231  87.71  4180
399  2584  2186  399  572  174  2404  2584  181  85.64  4190
382  2651  2270  382  495  114  2528  2651  124  87.90  4192
3942  6926  2985  3942  4097  156  6775  6926  152  95.51  4192
5500  7750  2251  5500  5645  146  7615  7750  136  86.30  4208
3191  4378  1188  3191  3290  100  4276  4378  103  88.35  4217
2071  4497  2427  2071  2178  108  4395  4497  103  88.89  4223
2136  4107  1972  2136  2621  486  3629  4107  479  92.18  4226
1688  3023  1336  1688  1964  277  2755  3023  269  88.81  4231
1904  5845  3942  1904  2037  134  5704  5845  142  85.21  4247
1185  2405  1221  1185  1292  108  2296  2405  110  86.36  4274
1947  5848  3902  1947  2094  148  5699  5848  150  88.00  4282
4351  7564  3214  4351  4474  124  7442  7564  123  85.48  4287
2424  5201  2778  2424  2639  216  4976  5201  226  88.94  4294
1840  7170  5331  1840  1994  155  7026  7170  145  87.10  4301
1236  4283  3048  1236  1441  206  4070  4283  214  86.92  4341
2141  4891  2751  2141  2404  264  4635  4891  257  93.18  4371
3045  5552  2508  3045  3360  316  5230  5552  323  87.62  4378
2708  4401  1694  2708  2868  161  4231  4401  171  85.38  4381
2911  7647  4737  2911  3112  202  7438  7647  210  87.14  4400
1775  4146  2372  1775  2473  699  3474  4146  673  91.13  4401
4644  6256  1613  4644  4748  105  6153  6256  104  85.71  4413
1049  7178  6130  1049  1248  200  6976  7178  203  89.16  4421
2335  7081  4747  2335  3089  755  6329  7081  753  92.32  4437
2286  3532  1247  2286  2504  219  3296  3532  237  85.23  4448
130  5067  4938  130  257  128  4942  5067  126  90.62  4468
2650  5140  2491  2650  2831  182  4943  5140  198  87.88  4481
4405  5699  1295  4405  4665  261  5455  5699  245  89.27  4486
1300  3254  1955  1300  1630  331  2923  3254  332  88.55  4497
2469  3959  1491  2469  2696  228  3739  3959  221  92.98  4501
2274  4257  1984  2274  2451  178  4088  4257  170  88.20  4503
4912  7289  2378  4912  5106  195  7103  7289  187  88.72  4522
92  4530  4439  92  289  198  4336  4530  195  89.39  4550
2841  4362  1522  2841  3129  289  4051  4362  312  85.26  4561
876  4337  3462  876  1060  185  4153  4337  185  87.03  4588
725  2502  1778  725  1026  302  2219  2502  284  93.38  4608
4105  6093  1989  4105  4277  173  5923  6093  171  91.33  4614
84  3719  3636  84  231  148  3578  3719  142  85.81  4627
2007  3472  1466  2007  2117  111  3367  3472  106  89.19  4642
2246  6665  4420  2246  2579  334  6320  6665  346  86.71  4664
380  2169  1790  380  532  153  2011  2169  159  90.57  4690
651  6103  5453  651  1253  603  5476  6103  628  92.52  4707
3155  4624  1470  3155  3317  163  4457  4624  168  85.12  4708
4177  5390  1214  4177  4327  151  5234  5390  157  87.26  4735
4077  6087  2011  4077  4319  243  5838  6087  250  92.40  4739
1233  2377  1145  1233  1359  127  2249  2377  129  88.37  4745
2025  4371  2347  2025  2157  133  4243  4371  129  88.72  4768
2680  4242  1563  2680  2885  206  4033  4242  210  91.43  4770
2066  4164  2099  2066  2344  279  3903  4164  262  86.02  4773
3899  5596  1698  3899  4071  173  5433  5596  164  90.17  4784
2288  4302  2015  2288  2572  285  4032  4302  271  86.32  4788
2498  4960  2463  2498  3428  931  4027  4960  934  91.11  4796
2139  4154  2016  2139  2504  366  3790  4154  365  90.98  4800
4911  6642  1732  4911  5015  105  6540  6642  103  88.57  4800
2006  4320  2315  2006  2297  292  4032  4320  289  93.49  4820
1314  4960  3647  1314  1499  186  4785  4960  176  87.10  4835
1369  4519  3151  1369  1870  502  4025  4519  495  85.06  4840
3497  5929  2433  3497  3714  218  5717  5929  213  95.41  4878
1660  3762  2103  1660  1882  223  3542  3762  221  91.93  4885
876  2902  2027  876  1142  267  2624  2902  279  86.02  4898
3952  6068  2117  3952  4321  370  5668  6068  401  86.78  4905
394  2287  1894  394  508  115  2166  2287  122  86.89  4923
1271  3160  1890  1271  1480  210  2948  3160  213  89.20  4924
3926  5969  2044  3926  4376  451  5526  5969  444  88.91  4941
71  3082  3012  71  526  456  2626  3082  457  87.75  4950
1144  5552  4409  1144  1465  322  5217  5552  336  89.88  4954
142  1701  1560  142  665  524  1204  1701  498  87.40  4955
1053  5762  4710  1053  1278  226  5516  5762  247  89.47  4969
2102  4083  1982  2102  2431  330  3750  4083  334  87.72  4977
270  1969  1700  270  633  364  1607  1969  363  86.81  4996
3414  5118  1705  3414  3730  317  4793  5118  326  85.89  4996
2900  5033  2134  2900  3646  747  4248  5033  786  87.02  5001
1419  3533  2115  1419  1684  266  3270  3533  264  91.73  5003
2569  5112  2544  2569  2736  168  4957  5112  156  89.29  5011
179  4919  4741  179  296  118  4805  4919  115  87.29  5016
542  5725  5184  542  653  112  5617  5725  109  91.96  5033
2172  4226  2055  2172  2350  179  4053  4226  174  90.50  5042
469  3204  2736  469  701  233  2955  3204  250  85.60  5050
3918  6124  2207  3918  4216  299  5829  6124  296  95.99  5099
1273  5543  4271  1273  1485  213  5322  5543  222  85.14  5111
807  2205  1399  807  1178  372  1821  2205  385  88.83  5136
854  5385  4532  854  1235  382  5009  5385  377  87.96  5149
2352  4705  2354  2352  2496  145  4562  4705  144  93.10  5173
3733  5723  1991  3733  3881  149  5564  5723  160  85.62  5181
2296  3866  1571  2296  2548  253  3630  3866  237  87.35  5198
2676  5464  2789  2676  2918  243  5208  5464  257  89.49  5264
1722  4694  2973  1722  2013  292  4420  4694  275  87.67  5266
3442  4707  1266  3442  3619  178  4527  4707  181  85.08  5284
614  3239  2626  614  861  248  2988  3239  252  89.29  5305
319  2274  1956  319  769  451  1807  2274  468  86.32  5362
1241  4821  3581  1241  1863  623  4184  4821  638  93.26  5388
30  1393  1364  30  169  140  1260  1393  134  90.00  5412
3395  4595  1201  3395  3594  200  4411  4595  185  85.50  5465
538  2573  2036  538  645  108  2463  2573  111  90.99  5493
1892  5412  3521  1892  2339  448  5000  5412  413  86.38  5495
3451  5245  1795  3451  3719  269  4969  5245  277  92.78  5496
1380  4293  2914  1380  1560  181  4112  4293  182  88.46  5502
1664  3547  1884  1664  1799  136  3418  3547  130  88.24  5563
1179  2643  1465  1179  1285  107  2543  2643  101  85.98  5567
1528  3052  1525  1528  2052  525  2550  3052  503  89.90  5608
1663  4008  2346  1663  2225  563  3427  4008  582  87.63  5630
3048  4398  1351  3048  3155  108  4287  4398  112  91.07  5676
669  3035  2367  669  941  273  2762  3035  274  91.61  5728
1198  3694  2497  1198  1471  274  3414  3694  281  86.12  5770
2894  4902  2009  2894  3019  126  4783  4902  120  86.51  5819
339  2526  2188  339  755  417  2117  2526  410  88.49  5825
2033  4105  2073  2033  2311  279  3814  4105  292  91.44  5891
1383  3568  2186  1383  1661  279  3305  3568  264  89.61  5898
897  3435  2539  897  1104  208  3216  3435  220  90.00  5939
3297  4671  1375  3297  3540  244  4443  4671  229  93.85  5953
455  2324  1870  455  688  234  2091  2324  234  95.30  5956
2723  4350  1628  2723  2832  110  4238  4350  113  90.27  6004
921  2592  1672  921  1272  352  2270  2592  323  86.65  6023
2343  4163  1821  2343  2619  277  3873  4163  291  85.57  6035
1375  4000  2626  1375  1683  309  3706  4000  295  89.64  6061
535  2135  1601  535  797  263  1868  2135  268  86.57  6086
22  2513  2492  22  274  253  2270  2513  244  87.35  6096
647  2899  2253  647  1115  469  2396  2899  504  89.68  6152
1466  3688  2223  1466  1706  241  3458  3688  231  86.72  6231
1172  3502  2331  1172  1341  170  3326  3502  177  88.70  6348
156  3202  3047  156  467  312  2910  3202  293  85.26  6354
676  3749  3074  676  864  189  3551  3749  199  86.93  6368
1342  2956  1615  1342  1641  300  2657  2956  300  96.00  6467
328  1617  1290  328  527  200  1421  1617  197  88.50  6753
115  2524  2410  115  611  497  2020  2524  505  91.68  6948
263  2238  1976  263  614  352  1873  2238  366  95.08  7008
150  2395  2246  150  417  268  2111  2395  285  88.07  7109
262  2263  2002  262  401  140  2131  2263  133  85.00  7114
720  2688  1969  720  982  263  2425  2688  264  97.35  7198
32  1489  1458  32  225  194  1290  1489  200  86.00  7238
381  2903  2523  381  584  204  2724  2903  180  85.29  7320
627  1761  1135  627  753  127  1643  1761  119  86.61  7526
1037  2402  1366  1037  1268  232  2171  2402  232  93.53  7550
146  2464  2319  146  262  117  2332  2464  133  87.22  7722
356  2071  1716  356  495  140  1931  2071  141  89.36  7912
434  2320  1887  434  913  480  1872  2320  449  91.25  7952
10  1929  1920  10  339  330  1600  1929  330  86.06  8165
9  1380  1372  9  132  124  1251  1380  130  86.15  8770
291  1657  1367  291  498  208  1461  1657  197  90.38  8870
