# args=-index /media/amir/DATA/work/RM_ANALYSIS/Dimm/Dimm_ltrharvest.index -mintsd 5 -maxtsd 100
# predictions are reported in the following way
# s(ret) e(ret) l(ret) s(lLTR) e(lLTR) l(lLTR) s(rLTR) e(rLTR) l(rLTR) sim(LTRs) seq-nr 
# where:
# s = starting position
# e = ending position
# l = length
# ret = LTR-retrotransposon
# lLTR = left LTR
# rLTR = right LTR
# sim = similarity
# seq-nr = sequence number
15945  21075  5131  15945  16279  335  20747  21075  329  98.21  0
332174  339220  7047  332174  332984  811  338412  339220  809  99.51  4
678714  680511  1798  678714  678969  256  680251  680511  261  95.40  4
62444  64424  1981  62444  62701  258  64163  64424  262  98.47  22
36  4425  4390  36  604  569  3825  4425  601  92.68  24
6  14806  14801  6  547  542  14259  14806  548  98.91  26
190544  202674  12131  190544  190767  224  202443  202674  232  96.12  27
48419  54025  5607  48419  49418  1000  53032  54025  994  99.40  34
9  9770  9762  9  417  409  9355  9770  416  97.60  77
118342  122840  4499  118342  118571  230  122591  122840  250  88.40  101
84095  95221  11127  84095  84421  327  94899  95221  323  98.17  110
75992  86073  10082  75992  76112  121  85964  86073  110  86.78  124
58799  60605  1807  58799  59174  376  60241  60605  365  96.28  126
53952  56948  2997  53952  54167  216  56712  56948  237  88.61  128
12397  14269  1873  12397  12529  133  14136  14269  134  89.55  135
16675  19330  2656  16675  17031  357  18972  19330  359  93.87  135
37257  42273  5017  37257  37700  444  41824  42273  450  96.22  136
83573  96303  12731  83573  84457  885  95435  96303  869  98.19  140
74019  81528  7510  74019  74696  678  80862  81528  667  98.38  163
1998  9734  7737  1998  2381  384  9391  9734  344  88.02  167
53050  58684  5635  53050  53470  421  58269  58684  416  97.86  190
60416  71514  11099  60416  61000  585  70936  71514  579  98.97  215
12338  16389  4052  12338  12952  615  15794  16389  596  95.77  216
42057  44270  2214  42057  42295  239  44025  44270  246  96.75  230
43587  44970  1384  43587  43727  141  44836  44970  135  92.20  232
57456  61471  4016  57456  57574  119  61350  61471  122  86.89  250
9145  14260  5116  9145  9469  325  13949  14260  312  95.08  251
4446  19910  15465  4446  5014  569  19328  19910  583  97.08  258
27642  30425  2784  27642  27892  251  30184  30425  242  85.26  289
47704  51023  3320  47704  48049  346  50668  51023  356  97.19  325
10  10077  10068  10  747  738  9327  10077  751  97.47  343
10097  12255  2159  10097  10236  140  12116  12255  140  88.57  384
15366  22026  6661  15366  15641  276  21741  22026  286  95.45  434
23672  37942  14271  23672  24269  598  37344  37942  599  98.00  461
2789  13480  10692  2789  3125  337  13138  13480  343  98.25  512
17173  26388  9216  17173  17854  682  25694  26388  695  96.12  522
7193  14038  6846  7193  7823  631  13411  14038  628  97.15  533
17424  26261  8838  17424  17667  244  26017  26261  245  93.88  533
9576  11761  2186  9576  9716  141  11628  11761  134  85.11  541
5319  13020  7702  5319  5592  274  12746  13020  275  90.55  558
23016  30120  7105  23016  23404  389  29732  30120  389  97.17  574
11246  14066  2821  11246  11536  291  13759  14066  308  90.91  624
19279  27666  8388  19279  20019  741  26932  27666  735  99.19  625
9856  23461  13606  9856  10178  323  23142  23461  320  97.52  714
1829  11835  10007  1829  2122  294  11519  11835  317  88.64  789
10534  20434  9901  10534  10759  226  20215  20434  220  97.35  796
10211  14806  4596  10211  10362  152  14668  14806  139  85.53  806
9964  12195  2232  9964  10675  712  11485  12195  711  97.89  850
18  3598  3581  18  168  151  3434  3598  165  85.45  932
4784  9950  5167  4784  4924  141  9819  9950  132  86.52  1030
3451  6083  2633  3451  3624  174  5917  6083  167  86.78  1055
7478  12000  4523  7478  7829  352  11663  12000  338  95.45  1141
1462  8643  7182  1462  2003  542  8081  8643  563  87.92  1208
2578  4916  2339  2578  2857  280  4644  4916  273  90.36  1319
3191  4533  1343  3191  3430  240  4292  4533  242  85.12  1421
21  7260  7240  21  475  455  6801  7260  460  92.39  1453
27  7230  7204  27  926  900  6323  7230  908  95.15  1454
41  3548  3508  41  671  631  2887  3548  662  92.60  1889
