# args=-index /media/amir/DATA/work/RM_ANALYSIS/Ebre/Ebre_ltrharvest.index -mintsd 5 -maxtsd 100
# predictions are reported in the following way
# s(ret) e(ret) l(ret) s(lLTR) e(lLTR) l(lLTR) s(rLTR) e(rLTR) l(rLTR) sim(LTRs) seq-nr 
# where:
# s = starting position
# e = ending position
# l = length
# ret = LTR-retrotransposon
# lLTR = left LTR
# rLTR = right LTR
# sim = similarity
# seq-nr = sequence number
6  1305  1300  6  202  197  1091  1305  215  86.05  6574
725  2518  1794  725  988  264  2250  2518  269  87.36  6776
795  2416  1622  795  924  130  2282  2416  135  85.93  8491
11  8943  8933  11  312  302  8643  8943  301  92.05  13766
678  2567  1890  678  1037  360  2208  2567  360  86.94  14713
9  1171  1163  9  131  123  1041  1171  131  85.50  18642
11  7006  6996  11  326  316  6689  7006  318  93.08  22140
590  2388  1799  590  782  193  2193  2388  196  90.82  28839
283  1600  1318  283  576  294  1314  1600  287  85.03  29297
672  1914  1243  672  803  132  1784  1914  131  87.12  30710
1955  3705  1751  1955  2429  475  3224  3705  482  89.00  31619
6  2357  2352  6  193  188  2173  2357  185  91.49  31785
1290  2733  1444  1290  1523  234  2493  2733  241  89.63  33868
350  1594  1245  350  483  134  1458  1594  137  87.59  35459
159  1447  1289  159  412  254  1198  1447  250  85.04  37055
132  2077  1946  132  515  384  1681  2077  397  89.17  38265
84  1850  1767  84  213  130  1727  1850  124  85.38  40653
13  1818  1806  13  311  299  1510  1818  309  88.35  41081
58  1580  1523  58  249  192  1396  1580  185  90.10  44988
17  1694  1678  17  240  224  1457  1694  238  88.66  50933
1165  3268  2104  1165  1291  127  3143  3268  126  90.55  51046
1298  2771  1474  1298  1707  410  2377  2771  395  91.95  51842
555  1830  1276  555  739  185  1643  1830  188  87.23  53525
34  1556  1523  34  181  148  1401  1556  156  86.54  61284
780  2360  1581  780  1114  335  2039  2360  322  86.27  62569
1337  3140  1804  1337  1501  165  2971  3140  170  85.29  63270
262  1505  1244  262  405  144  1366  1505  140  86.81  66069
486  2225  1740  486  748  263  1962  2225  264  93.18  70365
11  1501  1491  11  226  216  1302  1501  200  89.81  80417
115  1486  1372  115  317  203  1280  1486  207  89.86  90566
169  1889  1721  169  406  238  1652  1889  238  85.71  100127
1599  3986  2388  1599  1821  223  3771  3986  216  87.00  104126
13  1545  1533  13  290  278  1251  1545  295  86.44  111304
262  1815  1554  262  428  167  1642  1815  174  86.78  127510
457  2206  1750  457  591  135  2074  2206  133  85.93  128958
14  1141  1128  14  121  108  1023  1141  119  86.55  133085
278  1745  1468  278  505  228  1517  1745  229  85.15  137970
1541  2816  1276  1541  1707  167  2650  2816  167  85.03  139982
355  1895  1541  355  505  151  1752  1895  144  86.09  140403
211  1549  1339  211  418  208  1348  1549  202  85.58  142710
556  2528  1973  556  758  203  2331  2528  198  85.71  154164
38  1222  1185  38  209  172  1049  1222  174  87.36  164620
309  1672  1364  309  497  189  1481  1672  192  93.23  167327
225  1499  1275  225  348  124  1377  1499  123  86.29  170306
580  1939  1360  580  723  144  1789  1939  151  90.73  172691
435  1921  1487  435  580  146  1780  1921  142  89.04  181516
59  1262  1204  59  247  189  1071  1262  192  88.54  202111
334  1679  1346  334  455  122  1565  1679  115  87.70  208999
13  1262  1250  13  158  146  1112  1262  151  88.74  234343
1660  3006  1347  1660  1760  101  2906  3006  101  90.10  256916
504  1925  1422  504  724  221  1712  1925  214  87.33  264569
6  1457  1452  6  249  244  1198  1457  260  86.54  280203
284  1701  1418  284  393  110  1591  1701  111  90.99  284976
