# args=-index /media/amir/DATA/work/RM_ANALYSIS/Mhap/Mhap_ltrharvest.index -mintsd 5 -maxtsd 100
# predictions are reported in the following way
# s(ret) e(ret) l(ret) s(lLTR) e(lLTR) l(lLTR) s(rLTR) e(rLTR) l(rLTR) sim(LTRs) seq-nr 
# where:
# s = starting position
# e = ending position
# l = length
# ret = LTR-retrotransposon
# lLTR = left LTR
# rLTR = right LTR
# sim = similarity
# seq-nr = sequence number
77828  80584  2757  77828  78093  266  80328  80584  257  88.72  0
149538  159862  10325  149538  149643  106  159753  159862  110  90.00  0
176837  178089  1253  176837  176987  151  177949  178089  141  88.08  0
228264  237455  9192  228264  228511  248  237201  237455  255  92.16  0
1781  9034  7254  1781  1944  164  8881  9034  154  90.24  2
20062  21472  1411  20062  20333  272  21199  21472  274  85.40  4
20188  24106  3919  20188  20347  160  23944  24106  163  90.18  9
24695  26648  1954  24695  24812  118  26519  26648  130  89.23  9
54556  59765  5210  54556  54839  284  59477  59765  289  93.77  13
21388  35415  14028  21388  21487  100  35310  35415  106  85.85  14
52789  55105  2317  52789  52983  195  54917  55105  189  85.13  14
24216  28339  4124  24216  24623  408  27934  28339  406  94.61  18
32721  36531  3811  32721  32858  138  36396  36531  136  96.38  18
48895  53235  4341  48895  49117  223  53010  53235  226  93.36  18
1018  3249  2232  1018  1188  171  3075  3249  175  90.86  22
63641  64937  1297  63641  63860  220  64735  64937  203  89.55  25
631  3321  2691  631  1152  522  2801  3321  521  95.02  26
62889  68384  5496  62889  63016  128  68270  68384  115  86.72  26
43801  45761  1961  43801  44160  360  45432  45761  330  90.00  33
8  1287  1280  8  218  211  1057  1287  231  85.71  34
20257  25732  5476  20257  20869  613  25113  25732  620  92.42  34
53353  63120  9768  53353  53811  459  62661  63120  460  99.78  36
96599  103151  6553  96599  97232  634  102570  103151  582  91.80  36
21410  25168  3759  21410  21627  218  24956  25168  213  96.79  40
33340  35230  1891  33340  33554  215  35012  35230  219  95.89  40
60419  66361  5943  60419  60790  372  66008  66361  354  90.32  41
71223  76757  5535  71223  72048  826  75928  76757  830  99.52  41
105475  111299  5825  105475  105655  181  111124  111299  176  92.82  42
79320  81332  2013  79320  79821  502  80850  81332  483  94.02  45
12  3299  3288  12  356  345  2951  3299  349  90.83  48
70281  76789  6509  70281  70876  596  76195  76789  595  97.15  53
87175  88553  1379  87175  87467  293  88278  88553  276  87.71  53
104935  106770  1836  104935  105076  142  106623  106770  148  85.14  53
128783  132150  3368  128783  128935  153  131990  132150  161  89.44  53
757  2438  1682  757  1394  638  1802  2438  637  98.90  54
24647  26456  1810  24647  25411  765  25672  26456  785  95.29  55
38507  40042  1536  38507  38922  416  39633  40042  410  92.31  56
16802  23054  6253  16802  17114  313  22746  23054  309  90.73  58
43901  50037  6137  43901  44176  276  49769  50037  269  86.23  58
17  4286  4270  17  492  476  3795  4286  492  95.73  59
49999  55808  5810  49999  50431  433  55399  55808  410  89.84  62
15249  17674  2426  15249  15685  437  17228  17674  447  95.97  64
7015  9461  2447  7015  7246  232  9235  9461  227  97.84  65
18542  27639  9098  18542  18813  272  27353  27639  287  87.46  65
94504  101203  6700  94504  94903  400  100795  101203  409  96.58  65
6038  11348  5311  6038  6318  281  11070  11348  279  91.10  68
33802  40333  6532  33802  34402  601  39748  40333  586  96.34  70
41021  47074  6054  41021  41405  385  46698  47074  377  92.99  70
56668  61037  4370  56668  57013  346  60694  61037  344  91.33  70
126212  134286  8075  126212  126702  491  133801  134286  486  92.46  70
18  2576  2559  18  396  379  2178  2576  399  94.99  73
10944  12805  1862  10944  11156  213  12593  12805  213  100.00  76
35281  42060  6780  35281  35489  209  41839  42060  222  87.84  79
47389  49939  2551  47389  48379  991  48942  49939  998  97.29  81
30074  33859  3786  30074  30475  402  33450  33859  410  86.83  82
35518  37696  2179  35518  36116  599  37093  37696  604  92.38  82
14  2572  2559  14  1000  987  1587  2572  986  96.86  83
26887  33331  6445  26887  27010  124  33209  33331  123  91.13  88
90886  92116  1231  90886  91051  166  91947  92116  170  92.35  88
65766  67517  1752  65766  65886  121  67402  67517  116  91.74  91
125367  127117  1751  125367  125537  171  126930  127117  188  86.17  91
35373  42621  7249  35373  35747  375  42234  42621  388  93.56  94
70101  73416  3316  70101  70508  408  73033  73416  384  93.38  96
104557  106026  1470  104557  104773  217  105823  106026  204  92.63  96
10  1625  1616  10  580  571  1090  1625  536  88.62  97
57468  60103  2636  57468  58176  709  59431  60103  673  93.94  100
12  1578  1567  12  404  393  1179  1578  400  95.00  101
7  1296  1290  7  262  256  1014  1296  283  89.05  102
714  4582  3869  714  823  110  4464  4582  119  89.92  103
48762  49984  1223  48762  48942  181  49805  49984  180  94.48  104
15962  17408  1447  15962  16164  203  17207  17408  202  98.52  106
18069  22673  4605  18069  18368  300  22371  22673  303  85.15  106
22831  26037  3207  22831  22997  167  25878  26037  160  89.82  106
42794  48585  5792  42794  42988  195  48393  48585  193  93.33  107
49603  64321  14719  49603  49881  279  64037  64321  285  86.67  108
114634  117455  2822  114634  114951  318  117143  117455  313  93.71  108
20860  25931  5072  20860  21013  154  25781  25931  151  87.66  115
63298  66344  3047  63298  63632  335  66009  66344  336  94.64  116
16421  21130  4710  16421  16615  195  20953  21130  178  88.21  118
175115  178027  2913  175115  175397  283  177762  178027  266  93.64  118
162  4126  3965  162  636  475  3654  4126  473  92.21  119
73869  80246  6378  73869  74156  288  79959  80246  288  94.10  120
34804  42750  7947  34804  35598  795  41953  42750  798  97.87  121
97268  99789  2522  97268  97447  180  99607  99789  183  96.17  121
110335  111535  1201  110335  110500  166  111379  111535  157  89.16  121
82  2674  2593  82  987  906  1767  2674  908  95.70  123
276973  278893  1921  276973  277220  248  278637  278893  257  85.21  123
42158  43725  1568  42158  42310  153  43577  43725  149  89.54  125
73263  74582  1320  73263  73534  272  74313  74582  270  90.07  127
90744  92311  1568  90744  91267  524  91783  92311  529  95.84  127
143858  147094  3237  143858  143977  120  146981  147094  114  93.33  127
161077  163673  2597  161077  161353  277  163399  163673  275  93.14  127
172758  175566  2809  172758  173128  371  175206  175566  361  96.50  127
30134  34720  4587  30134  30482  349  34371  34720  350  92.29  131
165224  167875  2652  165224  166223  1000  166881  167875  995  98.70  134
175006  176898  1893  175006  175171  166  176739  176898  160  88.55  138
9198  16894  7697  9198  9299  102  16791  16894  104  88.46  142
17127  21418  4292  17127  17381  255  21150  21418  269  85.13  142
31347  32590  1244  31347  31589  243  32367  32590  224  91.77  142
48463  50254  1792  48463  48675  213  50042  50254  213  100.00  144
52177  53337  1161  52177  52283  107  53231  53337  107  88.79  144
152461  156189  3729  152461  152656  196  155992  156189  198  94.95  147
7056  19819  12764  7056  7299  244  19567  19819  253  90.12  148
202  4308  4107  202  536  335  3980  4308  329  90.75  150
2109  5800  3692  2109  3108  1000  4805  5800  996  99.40  152
2124  9048  6925  2124  2374  251  8762  9048  287  87.11  155
21546  24006  2461  21546  21725  180  23829  24006  178  98.89  155
54735  57230  2496  54735  54915  181  57049  57230  182  98.90  155
15173  17784  2612  15173  15676  504  17288  17784  497  98.21  158
5297  9316  4020  5297  5396  100  9216  9316  101  88.12  159
36259  38515  2257  36259  36497  239  38277  38515  239  100.00  160
84316  87608  3293  84316  85293  978  86622  87608  987  96.45  160
596  2413  1818  596  1206  611  1794  2413  620  97.42  162
8445  13110  4666  8445  8676  232  12881  13110  230  96.55  163
123971  128762  4792  123971  124522  552  128213  128762  550  96.74  168
133334  137576  4243  133334  133723  390  137182  137576  395  93.16  168
42243  45720  3478  42243  42635  393  45334  45720  387  94.40  170
1505  3163  1659  1505  1858  354  2800  3163  364  87.09  173
10963  12851  1889  10963  11802  840  11991  12851  861  92.57  173
6  2370  2365  6  967  962  1423  2370  948  93.24  174
11498  13510  2013  11498  11935  438  13069  13510  442  97.74  174
8367  12560  4194  8367  8593  227  12334  12560  227  100.00  177
16691  23424  6734  16691  16874  184  23241  23424  184  88.04  178
27865  36973  9109  27865  28010  146  36831  36973  143  88.36  178
48800  50188  1389  48800  49073  274  49930  50188  259  93.43  185
6762  11608  4847  6762  6887  126  11488  11608  121  92.86  187
6709  7953  1245  6709  6953  245  7718  7953  236  93.06  188
24759  27309  2551  24759  25381  623  26698  27309  612  92.13  188
7  2242  2236  7  1003  997  1244  2242  999  96.00  189
12  3089  3078  12  944  933  2154  3089  936  95.30  190
5940  10091  4152  5940  6166  227  9864  10091  228  99.56  191
8  1566  1559  8  352  345  1222  1566  345  95.65  192
13753  19561  5809  13753  14025  273  19250  19561  312  86.54  193
61406  65785  4380  61406  61542  137  65648  65785  138  94.20  194
10  1697  1688  10  651  642  1063  1697  635  88.32  195
30417  31789  1373  30417  30688  272  31525  31789  265  91.18  196
826  2605  1780  826  1352  527  2090  2605  516  91.27  197
675  1941  1267  675  843  169  1769  1941  173  96.53  198
56358  57795  1438  56358  56714  357  57464  57795  332  92.44  199
6  2158  2153  6  906  901  1273  2158  886  95.01  200
6  2063  2058  6  986  981  1089  2063  975  94.70  201
48443  49800  1358  48443  48717  275  49534  49800  267  95.27  202
4931  8984  4054  4931  5256  326  8662  8984  323  94.79  203
23611  27919  4309  23611  23821  211  27726  27919  194  90.05  203
28406  30355  1950  28406  29324  919  29436  30355  920  97.83  203
292  2549  2258  292  721  430  2120  2549  430  98.14  204
38944  40098  1155  38944  39044  101  39993  40098  106  92.45  208
74352  75548  1197  74352  74531  180  75370  75548  179  86.11  210
131640  135204  3565  131640  131840  201  135014  135204  191  90.55  210
154627  162198  7572  154627  154784  158  162045  162198  154  86.08  210
22613  23845  1233  22613  22776  164  23702  23845  144  86.59  212
21169  31052  9884  21169  22123  955  30089  31052  964  98.55  214
42809  46653  3845  42809  43806  998  45674  46653  980  95.49  215
11  1410  1400  11  324  314  1083  1410  328  93.60  216
15  1252  1238  15  177  163  1076  1252  177  86.44  217
45352  47051  1700  45352  45625  274  46742  47051  310  88.06  217
82648  90992  8345  82648  83031  384  90615  90992  378  88.02  217
2636  5029  2394  2636  2755  120  4911  5029  119  85.83  219
6  2637  2632  6  322  317  2334  2637  304  92.43  220
31148  32887  1740  31148  31284  137  32752  32887  136  88.32  221
50645  52496  1852  50645  50857  213  52284  52496  213  100.00  222
54102  65961  11860  54102  54284  183  65789  65961  173  87.98  228
13006  19961  6956  13006  13511  506  19469  19961  493  94.66  234
2963  8677  5715  2963  3581  619  8061  8677  617  97.42  236
3599  5004  1406  3599  3924  326  4686  5004  319  91.10  237
710  2281  1572  710  833  124  2155  2281  127  92.91  239
1883  4245  2363  1883  2243  361  3882  4245  364  98.35  241
37777  40563  2787  37777  38172  396  40151  40563  413  90.56  246
4409  6660  2252  4409  4670  262  6391  6660  270  96.67  247
45694  46997  1304  45694  45890  197  46804  46997  194  95.43  252
12  1490  1479  12  346  335  1151  1490  340  90.88  253
415  1732  1318  415  727  313  1418  1732  315  96.19  254
4130  9029  4900  4130  4361  232  8800  9029  230  91.38  255
60424  63994  3571  60424  60613  190  63822  63994  173  87.89  261
66158  68653  2496  66158  66458  301  68367  68653  287  95.02  261
10015  15667  5653  10015  10470  456  15205  15667  463  98.49  262
76474  79894  3421  76474  76680  207  79673  79894  222  90.54  262
1209  5043  3835  1209  1484  276  4760  5043  284  96.48  264
2214  4947  2734  2214  2355  142  4810  4947  138  85.92  266
11431  16387  4957  11431  11764  334  16055  16387  333  97.60  266
75454  82368  6915  75454  75719  266  82095  82368  274  94.89  271
91064  93978  2915  91064  91183  120  93863  93978  116  91.67  271
132117  135438  3322  132117  132406  290  135151  135438  288  91.72  271
2472  5859  3388  2472  2761  290  5571  5859  289  91.72  272
44397  46215  1819  44397  45166  770  45466  46215  750  94.29  274
15118  17462  2345  15118  15360  243  17222  17462  241  99.18  277
22016  23926  1911  22016  22228  213  23712  23926  215  99.07  277
62499  66834  4336  62499  62728  230  66608  66834  227  91.74  277
24478  28820  4343  24478  24578  101  28712  28820  109  86.24  280
67463  69155  1693  67463  67576  114  69051  69155  105  85.96  280
76204  79169  2966  76204  76328  125  79039  79169  131  93.13  280
114875  122907  8033  114875  115083  209  122705  122907  203  92.34  280
11243  13914  2672  11243  11430  188  13728  13914  187  95.21  282
264  1882  1619  264  630  367  1523  1882  360  96.19  285
9  3316  3308  9  815  807  2496  3316  821  98.29  287
17477  23927  6451  17477  18336  860  23052  23927  876  97.15  288
23457  25364  1908  23457  23676  220  25145  25364  220  100.00  304
29115  32674  3560  29115  29528  414  32262  32674  413  95.17  304
2565  11298  8734  2565  2855  291  10984  11298  315  86.98  305
18  3694  3677  18  816  799  2877  3694  818  97.07  306
31605  34398  2794  31605  31983  379  34005  34398  394  95.18  310
9469  20628  11160  9469  9635  167  20454  20628  175  86.29  314
14874  20456  5583  14874  15131  258  20204  20456  253  85.66  315
47692  51900  4209  47692  47923  232  51670  51900  231  97.41  320
81592  84702  3111  81592  81920  329  84404  84702  299  87.54  320
97090  101481  4392  97090  97205  116  101370  101481  112  95.69  320
24153  25320  1168  24153  24261  109  25213  25320  108  88.07  326
71  6569  6499  71  568  498  6086  6569  484  95.58  329
77172  84884  7713  77172  77432  261  84645  84884  240  85.06  333
76199  77359  1161  76199  76314  116  77244  77359  116  87.93  334
50882  52965  2084  50882  51301  420  52550  52965  416  95.71  342
55168  63132  7965  55168  55326  159  62972  63132  161  95.65  343
25  5444  5420  25  704  680  4730  5444  715  94.97  344
28373  31780  3408  28373  28506  134  31651  31780  130  85.07  346
66793  68483  1691  66793  67454  662  67833  68483  651  89.73  346
1625  5334  3710  1625  2035  411  4904  5334  431  94.66  349
8003  11553  3551  8003  8437  435  11130  11553  424  92.64  349
46669  57475  10807  46669  47467  799  56684  57475  792  96.12  349
75451  76873  1423  75451  75826  376  76510  76873  364  89.89  354
138593  140169  1577  138593  138788  196  139971  140169  199  90.95  354
74246  76977  2732  74246  74700  455  76530  76977  448  93.85  357
20068  24895  4828  20068  20326  259  24638  24895  258  89.58  363
27562  31218  3657  27562  27718  157  31053  31218  166  90.96  363
14546  18841  4296  14546  15030  485  18363  18841  479  94.23  365
1138  7850  6713  1138  1290  153  7700  7850  151  86.27  368
60251  61755  1505  60251  60401  151  61603  61755  153  95.42  373
142869  145302  2434  142869  143049  181  145129  145302  174  95.58  373
6  1934  1929  6  852  847  1063  1934  872  96.44  374
18862  21302  2441  18862  19103  242  21085  21302  218  89.26  374
11826  16024  4199  11826  12000  175  15860  16024  165  86.86  375
11300  12577  1278  11300  11434  135  12441  12577  137  86.13  376
12894  19927  7034  12894  13030  137  19793  19927  135  85.40  376
2803  7501  4699  2803  2948  146  7359  7501  143  87.67  378
6756  10146  3391  6756  7057  302  9845  10146  302  87.75  379
11897  14582  2686  11897  12394  498  14105  14582  478  89.76  385
2005  5293  3289  2005  2420  416  4878  5293  416  98.32  387
12261  15473  3213  12261  12553  293  15187  15473  287  94.88  388
25979  30355  4377  25979  26101  123  30239  30355  117  91.87  389
38327  41134  2808  38327  38519  193  40952  41134  183  94.82  389
20059  22125  2067  20059  20420  362  21773  22125  353  97.51  396
16342  22405  6064  16342  16459  118  22282  22405  124  85.48  400
7052  8412  1361  7052  7317  266  8135  8412  278  86.33  403
702  2676  1975  702  1431  730  1954  2676  723  94.79  404
1503  3477  1975  1503  2035  533  2938  3477  540  95.93  405
34390  36765  2376  34390  35129  740  36036  36765  730  95.00  405
15471  19947  4477  15471  15758  288  19664  19947  284  95.49  410
17  1258  1242  17  208  192  1056  1258  203  88.18  414
33088  36668  3581  33088  33371  284  36394  36668  275  88.38  415
8  1420  1413  8  156  149  1264  1420  157  89.17  416
25  1500  1476  25  424  400  1081  1500  420  90.48  419
355  2222  1868  355  568  214  2015  2222  208  93.46  420
20958  22923  1966  20958  21673  716  22213  22923  711  97.49  421
13  1554  1542  13  478  466  1072  1554  483  94.20  422
755  2474  1720  755  1395  641  1845  2474  630  94.23  423
1775  4475  2701  1775  1898  124  4351  4475  125  85.60  424
321  3784  3464  321  637  317  3473  3784  312  97.79  431
4925  8239  3315  4925  5225  301  7919  8239  321  93.77  433
8576  11771  3196  8576  8816  241  11551  11771  221  87.14  433
57911  69662  11752  57911  58014  104  69562  69662  101  95.19  437
81572  83285  1714  81572  81674  103  83179  83285  107  88.79  438
23610  28639  5030  23610  23758  149  28511  28639  129  85.23  448
12139  13999  1861  12139  12303  165  13829  13999  171  89.47  455
9541  12036  2496  9541  9731  191  11844  12036  193  98.45  459
6723  10620  3898  6723  6866  144  10483  10620  138  93.75  460
11543  14644  3102  11543  11810  268  14357  14644  288  92.01  462
280  2731  2452  280  512  233  2473  2731  259  89.96  466
8078  10625  2548  8078  8370  293  10321  10625  305  86.89  466
1329  4387  3059  1329  2119  791  3599  4387  789  99.37  467
5370  13240  7871  5370  5709  340  12905  13240  336  94.71  468
21054  22375  1322  21054  21234  181  22182  22375  194  87.11  470
40033  41852  1820  40033  40217  185  41668  41852  185  99.46  470
1244  7217  5974  1244  1596  353  6852  7217  366  89.89  471
22685  28647  5963  22685  22911  227  28422  28647  226  93.39  472
1739  4538  2800  1739  2005  267  4294  4538  245  88.01  475
61670  63799  2130  61670  61810  141  63648  63799  152  86.18  484
88176  96252  8077  88176  88312  137  96120  96252  133  86.13  484
96262  99628  3367  96262  96508  247  99373  99628  256  87.11  484
107775  110042  2268  107775  108172  398  109654  110042  389  96.48  484
111842  113735  1894  111842  112054  213  113521  113735  215  99.07  484
7  1733  1727  7  696  690  1046  1733  688  95.80  485
126  1990  1865  126  957  832  1168  1990  823  97.72  486
10  1319  1310  10  264  255  1038  1319  282  86.88  487
12  2067  2056  12  999  988  1071  2067  997  90.07  491
28069  29571  1503  28069  28346  278  29299  29571  273  94.96  499
207  1585  1379  207  567  361  1223  1585  363  97.25  500
51354  52950  1597  51354  51876  523  52452  52950  499  93.31  508
34589  43400  8812  34589  34889  301  43085  43400  316  92.72  515
63980  76795  12816  63980  64144  165  76629  76795  167  91.02  515
111540  112705  1166  111540  111648  109  112599  112705  107  86.24  515
6  1356  1351  6  305  300  1044  1356  313  92.65  517
4941  6213  1273  4941  5089  149  6051  6213  163  88.34  518
42105  56891  14787  42105  42448  344  56554  56891  338  91.57  518
68531  74336  5806  68531  68758  228  74097  74336  240  87.92  520
6202  9600  3399  6202  6925  724  8876  9600  725  97.93  535
8044  10886  2843  8044  8326  283  10601  10886  286  89.16  542
17  1903  1887  17  873  857  1036  1903  868  92.28  548
41478  51682  10205  41478  41840  363  51307  51682  376  91.22  555
78293  82215  3923  78293  78483  191  82029  82215  187  93.72  555
3231  6371  3141  3231  3343  113  6260  6371  112  96.46  558
27156  37656  10501  27156  27370  215  37435  37656  222  95.50  558
13888  15224  1337  13888  14175  288  14944  15224  281  87.15  561
9  1788  1780  9  734  726  1055  1788  734  95.37  562
70152  72704  2553  70152  71144  993  71710  72704  995  97.89  565
27212  28745  1534  27212  27496  285  28483  28745  263  87.02  566
803  2667  1865  803  1212  410  2267  2667  401  93.17  567
37  1779  1743  37  510  474  1315  1779  465  91.56  568
43403  45318  1916  43403  44262  860  44459  45318  860  96.05  568
59260  64333  5074  59260  60147  888  63443  64333  891  95.85  568
494  1703  1210  494  654  161  1534  1703  170  87.06  569
1998  4086  2089  1998  2522  525  3585  4086  502  91.05  569
34  7775  7742  34  377  344  7424  7775  352  97.73  574
7983  9874  1892  7983  8198  216  9644  9874  231  93.07  577
18997  21982  2986  18997  19101  105  21878  21982  105  90.48  578
36466  39278  2813  36466  36642  177  39097  39278  182  85.16  580
43090  44439  1350  43090  43315  226  44219  44439  221  85.40  586
9613  14538  4926  9613  10451  839  13693  14538  846  97.04  599
60328  71522  11195  60328  60566  239  71281  71522  242  95.87  599
19681  21590  1910  19681  19900  220  21368  21590  223  98.65  601
29016  34098  5083  29016  29841  826  33300  34098  799  94.43  601
283  4888  4606  283  1054  772  4130  4888  759  97.15  602
17909  20089  2181  17909  18706  798  19277  20089  813  94.83  607
437  1863  1427  437  798  362  1523  1863  341  91.71  608
53390  54675  1286  53390  53539  150  54532  54675  144  85.33  609
201  1774  1574  201  362  162  1613  1774  162  98.77  618
49384  54444  5061  49384  49496  113  54338  54444  107  86.73  618
74415  76632  2218  74415  75026  612  76029  76632  604  93.95  618
4250  10765  6516  4250  4471  222  10546  10765  220  89.19  621
11204  20734  9531  11204  11488  285  20450  20734  285  95.79  621
16060  28492  12433  16060  16202  143  28347  28492  146  90.41  622
32947  38083  5137  32947  33173  227  37853  38083  231  93.07  622
14910  16694  1785  14910  15214  305  16390  16694  305  97.70  627
187  1615  1429  187  460  274  1339  1615  277  96.75  628
64481  65715  1235  64481  64686  206  65521  65715  195  92.72  630
4066  8335  4270  4066  4203  138  8193  8335  143  86.01  635
18163  19669  1507  18163  18310  148  19520  19669  150  88.00  635
2908  4130  1223  2908  3127  220  3923  4130  208  94.55  636
516  4480  3965  516  941  426  4042  4480  439  92.03  640
14905  19122  4218  14905  15131  227  18896  19122  227  100.00  642
26609  32497  5889  26609  26720  112  32383  32497  115  90.43  647
27015  41810  14796  27015  27241  227  41584  41810  227  89.43  656
758  2100  1343  758  1047  290  1814  2100  287  94.83  667
1132  3034  1903  1132  1350  219  2817  3034  218  99.54  670
4069  10799  6731  4069  4796  728  10087  10799  713  97.94  670
4174  5809  1636  4174  4404  231  5578  5809  232  99.14  671
690  1958  1269  690  874  185  1792  1958  167  85.95  687
7197  14213  7017  7197  7380  184  14037  14213  177  92.39  691
22987  35772  12786  22987  23219  233  35532  35772  241  95.44  691
4432  6260  1829  4432  4723  292  5965  6260  296  98.65  693
1611  4698  3088  1611  1889  279  4413  4698  286  88.11  695
265  2051  1787  265  612  348  1719  2051  333  94.83  700
3716  7286  3571  3716  4211  496  6796  7286  491  95.77  700
39502  42062  2561  39502  39906  405  41659  42062  404  99.01  700
23857  25069  1213  23857  23967  111  24951  25069  119  88.24  708
30289  32346  2058  30289  30391  103  32246  32346  101  93.20  708
3061  4323  1263  3061  3211  151  4180  4323  144  93.38  714
30005  31469  1465  30005  30409  405  31053  31469  417  94.00  720
63412  65263  1852  63412  63625  214  65050  65263  214  99.53  720
26387  33447  7061  26387  26843  457  32974  33447  474  95.15  722
39622  41526  1905  39622  39838  217  41310  41526  217  96.31  722
12304  14981  2678  12304  12479  176  14802  14981  180  85.00  726
69313  72163  2851  69313  69446  134  72035  72163  129  85.82  732
61858  64378  2521  61858  62035  178  64197  64378  182  97.80  735
12951  16725  3775  12951  13580  630  16124  16725  602  94.92  738
39771  54896  15126  39771  40291  521  54380  54896  517  90.02  740
6894  14167  7274  6894  7572  679  13524  14167  644  94.26  745
12852  18549  5698  12852  13199  348  18205  18549  345  96.84  746
5667  7328  1662  5667  5855  189  7141  7328  188  91.01  762
28658  34332  5675  28658  28841  184  34150  34332  183  95.11  762
34648  38427  3780  34648  34939  292  38138  38427  290  93.49  762
9807  16210  6404  9807  10116  310  15907  16210  304  95.48  764
3018  4353  1336  3018  3279  262  4094  4353  260  98.09  766
22073  27273  5201  22073  23070  998  26297  27273  977  95.19  773
58299  60804  2506  58299  58761  463  60378  60804  427  92.22  781
1470  6043  4574  1470  1856  387  5670  6043  374  95.61  784
33669  37486  3818  33669  34489  821  36683  37486  804  97.69  788
15428  24303  8876  15428  15700  273  24032  24303  272  97.44  790
24401  28200  3800  24401  24583  183  28013  28200  188  96.81  790
17924  21057  3134  17924  18444  521  20536  21057  522  97.32  796
37843  42249  4407  37843  38053  211  42052  42249  198  86.26  797
539  7509  6971  539  719  181  7333  7509  177  91.71  798
10962  12876  1915  10962  11311  350  12536  12876  341  95.14  799
21502  23364  1863  21502  21714  213  23150  23364  215  99.07  802
39177  45033  5857  39177  39403  227  44815  45033  219  91.19  802
17175  25411  8237  17175  17489  315  25089  25411  323  94.43  803
9  1531  1523  9  356  348  1201  1531  331  86.78  807
6804  12407  5604  6804  7533  730  11665  12407  743  94.48  815
1174  3610  2437  1174  1400  227  3381  3610  230  98.70  822
17204  21533  4330  17204  17680  477  21058  21533  476  98.11  824
9  3737  3729  9  999  991  2751  3737  987  97.58  827
1854  10361  8508  1854  2779  926  9440  10361  922  98.38  830
9541  11441  1901  9541  9761  221  11220  11441  222  96.85  832
521  4342  3822  521  1513  993  3356  4342  987  96.98  837
800  12983  12184  800  977  178  12777  12983  207  85.51  838
30662  45909  15248  30662  30913  252  45656  45909  254  92.91  840
9493  12622  3130  9493  9900  408  12209  12622  414  95.17  841
5178  7093  1916  5178  5399  222  6870  7093  224  97.32  847
8910  13238  4329  8910  9072  163  13081  13238  158  86.50  847
14334  18691  4358  14334  15118  785  17906  18691  786  99.36  860
16365  18982  2618  16365  16625  261  18720  18982  263  95.82  864
5885  7261  1377  5885  6087  203  7061  7261  201  98.03  865
230  2498  2269  230  742  513  1991  2498  508  91.42  875
16087  19314  3228  16087  16369  283  19014  19314  301  85.05  893
10  6769  6760  10  880  871  5898  6769  872  97.02  900
10180  12057  1878  10180  10367  188  11888  12057  170  86.70  904
16369  19044  2676  16369  17072  704  18338  19044  707  98.44  912
13042  15465  2424  13042  13258  217  15250  15465  216  89.86  917
9794  15103  5310  9794  10521  728  14374  15103  730  98.22  919
15639  18080  2442  15639  16259  621  17453  18080  628  96.34  919
5327  8388  3062  5327  5527  201  8197  8388  192  86.07  923
34149  41122  6974  34149  34927  779  40353  41122  770  97.18  934
2077  10681  8605  2077  2612  536  10155  10681  527  96.27  935
56020  58179  2160  56020  56178  159  58026  58179  154  89.31  945
7938  12191  4254  7938  8890  953  11272  12191  920  94.86  949
12616  16871  4256  12616  13351  736  16151  16871  721  96.88  949
24196  26262  2067  24196  24395  200  26073  26262  190  88.00  949
33816  37864  4049  33816  34208  393  37469  37864  396  94.19  949
7  9356  9350  7  999  993  8360  9356  997  98.70  950
10788  19995  9208  10788  11239  452  19544  19995  452  92.70  964
26512  29951  3440  26512  26632  121  29831  29951  121  90.91  965
2365  10468  8104  2365  3196  832  9637  10468  832  98.32  976
11  5983  5973  11  736  726  5219  5983  765  94.25  979
12870  16577  3708  12870  13413  544  16040  16577  538  98.16  979
23406  31620  8215  23406  23854  449  31171  31620  450  98.67  982
52118  53779  1662  52118  52227  110  53675  53779  105  89.09  990
147  2296  2150  147  1048  902  1397  2296  900  96.12  997
21507  24844  3338  21507  21825  319  24531  24844  314  86.52  998
7151  10140  2990  7151  7362  212  9929  10140  212  90.57  1001
8049  10332  2284  8049  8279  231  10102  10332  231  99.13  1006
2169  13813  11645  2169  2520  352  13461  13813  353  98.58  1007
46  1343  1298  46  309  264  1090  1343  254  90.53  1013
629  2099  1471  629  1066  438  1662  2099  438  94.29  1014
6632  11050  4419  6632  6903  272  10789  11050  262  95.22  1016
27385  31593  4209  27385  27976  592  31011  31593  583  97.47  1018
14327  20712  6386  14327  14508  182  20524  20712  189  95.24  1023
42000  47548  5549  42000  42218  219  47337  47548  212  92.24  1025
2583  6865  4283  2583  3561  979  5872  6865  994  97.28  1030
31307  41321  10015  31307  32301  995  40325  41321  997  98.90  1031
19962  22357  2396  19962  20188  227  22128  22357  230  98.70  1033
6295  7563  1269  6295  6464  170  7395  7563  169  88.24  1037
9252  10618  1367  9252  9531  280  10336  10618  283  92.93  1037
4811  7445  2635  4811  4988  178  7255  7445  191  93.19  1049
7781  9682  1902  7781  7993  213  9470  9682  213  100.00  1049
58845  60211  1367  58845  59065  221  59986  60211  226  94.69  1063
50892  53583  2692  50892  51887  996  52586  53583  998  99.20  1065
2249  7226  4978  2249  2654  406  6832  7226  395  92.12  1070
4927  8005  3079  4927  5108  182  7829  8005  177  96.15  1077
3712  5057  1346  3712  3975  264  4806  5057  252  85.98  1079
15107  21360  6254  15107  15614  508  20862  21360  499  95.08  1095
15484  17237  1754  15484  16000  517  16703  17237  535  93.64  1098
41024  45282  4259  41024  41647  624  44658  45282  625  99.68  1098
14650  16363  1714  14650  15070  421  15936  16363  428  97.43  1101
32469  36038  3570  32469  32788  320  35707  36038  332  94.28  1101
6968  10984  4017  6968  7156  189  10793  10984  192  97.40  1102
8927  19205  10279  8927  9071  145  19056  19205  150  96.67  1104
5056  6873  1818  5056  5169  114  6760  6873  114  88.60  1111
4993  13391  8399  4993  5617  625  12760  13391  632  97.78  1112
8433  11894  3462  8433  8769  337  11554  11894  341  97.36  1121
18731  21529  2799  18731  19057  327  21207  21529  323  97.55  1121
22968  30909  7942  22968  23115  148  30761  30909  149  96.64  1121
13  3059  3047  13  1000  988  2073  3059  987  97.06  1131
23255  36208  12954  23255  24182  928  35288  36208  921  97.74  1135
21  9198  9178  21  981  961  8235  9198  964  96.16  1143
3803  6527  2725  3803  3921  119  6409  6527  119  88.24  1145
9613  14733  5121  9613  9889  277  14452  14733  282  98.23  1147
1413  5321  3909  1413  2399  987  4332  5321  990  98.08  1152
15338  22983  7646  15338  15658  321  22655  22983  329  95.14  1163
27955  32662  4708  27955  28350  396  32271  32662  392  98.23  1163
6853  15389  8537  6853  7020  168  15223  15389  167  94.05  1174
3291  10031  6741  3291  4067  777  9259  10031  773  98.33  1177
4453  13634  9182  4453  4761  309  13326  13634  309  99.68  1183
242  1817  1576  242  731  490  1317  1817  501  94.21  1187
5398  9408  4011  5398  5529  132  9290  9408  119  90.15  1191
15752  19805  4054  15752  15934  183  19646  19805  160  85.25  1191
2858  6778  3921  2858  3155  298  6472  6778  307  88.93  1193
5691  12264  6574  5691  5965  275  11985  12264  280  92.14  1194
18312  20599  2288  18312  18536  225  20369  20599  231  96.54  1194
3322  6054  2733  3322  4043  722  5341  6054  714  96.12  1202
8512  10070  1559  8512  8944  433  9647  10070  424  90.07  1203
4224  8186  3963  4224  4523  300  7881  8186  306  90.85  1213
17184  22148  4965  17184  17297  114  22042  22148  107  92.98  1219
9  1449  1441  9  449  441  1009  1449  441  93.65  1227
304  2156  1853  304  501  198  1958  2156  199  86.43  1228
11441  13386  1946  11441  11795  355  13031  13386  356  90.45  1228
252  4452  4201  252  480  229  4215  4452  238  94.96  1229
12446  14684  2239  12446  12634  189  14501  14684  184  94.71  1229
6817  15916  9100  6817  7466  650  15261  15916  656  98.48  1230
1861  5828  3968  1861  2292  432  5392  5828  437  91.08  1234
19866  22686  2821  19866  20116  251  22444  22686  243  85.66  1237
13  1678  1666  13  648  636  1031  1678  648  97.53  1238
2478  9100  6623  2478  2777  300  8789  9100  312  93.27  1238
22595  27769  5175  22595  22732  138  27638  27769  132  86.23  1238
13551  17233  3683  13551  13954  404  16840  17233  394  97.52  1247
9  4446  4438  9  680  672  3790  4446  657  95.09  1260
7161  11847  4687  7161  7778  618  11245  11847  603  97.25  1262
22198  24192  1995  22198  22817  620  23607  24192  586  94.52  1263
11939  23565  11627  11939  12187  249  23324  23565  242  91.97  1264
19150  21288  2139  19150  19525  376  20924  21288  365  90.69  1271
15893  17795  1903  15893  16111  219  17578  17795  218  98.63  1274
2585  6798  4214  2585  2819  235  6575  6798  224  93.62  1276
1403  4318  2916  1403  2016  614  3702  4318  617  97.57  1277
18353  21401  3049  18353  18654  302  21095  21401  307  91.86  1277
38117  41671  3555  38117  38307  191  41482  41671  190  87.43  1277
6893  11233  4341  6893  7783  891  10368  11233  866  96.41  1281
451  3324  2874  451  619  169  3156  3324  169  99.41  1290
26  3239  3214  26  378  353  2893  3239  347  90.37  1292
4801  7614  2814  4801  5323  523  7091  7614  524  99.43  1292
6709  14323  7615  6709  6942  234  14096  14323  228  96.15  1294
278  1720  1443  278  627  350  1360  1720  361  95.57  1308
7  1507  1501  7  452  446  1089  1507  419  88.12  1309
6011  9927  3917  6011  6373  363  9568  9927  360  91.46  1310
64  1459  1396  64  298  235  1234  1459  226  93.19  1311
14667  17294  2628  14667  14807  141  17153  17294  142  94.37  1311
26220  34050  7831  26220  26497  278  33771  34050  280  99.29  1311
39525  43225  3701  39525  39735  211  43007  43225  219  95.43  1311
4666  7148  2483  4666  4925  260  6888  7148  261  91.19  1313
28554  34598  6045  28554  28677  124  34470  34598  129  93.02  1330
18714  20548  1835  18714  18880  167  20381  20548  168  97.62  1332
2075  6730  4656  2075  2177  103  6621  6730  110  87.27  1334
17  1732  1716  17  390  374  1367  1732  366  88.50  1337
1861  4472  2612  1861  2493  633  3846  4472  627  98.26  1337
8386  10443  2058  8386  8556  171  10276  10443  168  87.13  1339
12107  13629  1523  12107  12226  120  13518  13629  112  87.50  1342
2817  4489  1673  2817  3037  221  4244  4489  246  85.37  1344
14802  17205  2404  14802  14904  103  17106  17205  100  94.17  1352
6271  10487  4217  6271  6507  237  10251  10487  237  98.31  1353
442  2494  2053  442  643  202  2282  2494  213  87.32  1354
18084  19580  1497  18084  18228  145  19436  19580  145  91.03  1358
29973  32267  2295  29973  30296  324  31942  32267  326  95.71  1358
35612  39915  4304  35612  36446  835  39092  39915  824  97.49  1358
49  5249  5201  49  369  321  4881  5249  369  86.99  1360
15686  16897  1212  15686  15817  132  16764  16897  134  92.54  1360
762  5979  5218  762  994  233  5745  5979  235  98.30  1374
19614  21922  2309  19614  19847  234  21689  21922  234  98.29  1375
5908  8592  2685  5908  6751  844  7728  8592  865  97.23  1393
6  2914  2909  6  383  378  2530  2914  385  94.55  1406
4805  11988  7184  4805  5100  296  11692  11988  297  99.33  1410
3642  6249  2608  3642  3850  209  6022  6249  228  90.79  1411
434  13694  13261  434  566  133  13568  13694  127  93.23  1413
36653  42292  5640  36653  36954  302  42021  42292  272  90.07  1416
3218  5255  2038  3218  3537  320  4926  5255  330  91.21  1421
24788  30475  5688  24788  25571  784  29691  30475  785  97.20  1428
7110  12024  4915  7110  7496  387  11632  12024  393  96.95  1433
8999  11615  2617  8999  9336  338  11280  11615  336  88.17  1434
4685  8382  3698  4685  4810  126  8255  8382  128  89.84  1435
776  3963  3188  776  883  108  3853  3963  111  90.99  1437
5864  10657  4794  5864  6798  935  9705  10657  953  97.17  1443
20368  23013  2646  20368  20977  610  22409  23013  605  94.43  1447
22849  29982  7134  22849  23213  365  29631  29982  352  92.33  1452
2847  5051  2205  2847  3112  266  4763  5051  289  91.70  1453
14606  16884  2279  14606  14843  238  16640  16884  245  90.20  1463
11392  15119  3728  11392  12040  649  14467  15119  653  97.86  1467
16534  18952  2419  16534  16724  191  18754  18952  199  90.95  1469
1683  6882  5200  1683  2664  982  5884  6882  999  98.00  1474
6  1700  1695  6  576  571  1099  1700  602  94.68  1489
29572  33287  3716  29572  29850  279  32992  33287  296  93.92  1490
11884  14647  2764  11884  12111  228  14418  14647  230  98.26  1505
24508  26745  2238  24508  24889  382  26367  26745  379  91.10  1507
1889  9447  7559  1889  2587  699  8777  9447  671  95.85  1511
18969  23893  4925  18969  19396  428  23471  23893  423  93.22  1514
16560  19569  3010  16560  16799  240  19332  19569  238  86.25  1523
722  4743  4022  722  903  182  4568  4743  176  95.05  1532
14557  16526  1970  14557  14779  223  16304  16526  223  93.27  1535
3685  7967  4283  3685  4235  551  7416  7967  552  99.82  1541
7042  9562  2521  7042  7226  185  9377  9562  186  99.46  1544
35445  37880  2436  35445  36057  613  37276  37880  605  96.90  1544
8930  10102  1173  8930  9044  115  9980  10102  123  90.24  1555
5342  8145  2804  5342  5688  347  7809  8145  337  94.81  1558
11  2795  2785  11  995  985  1805  2795  991  96.47  1569
10703  15003  4301  10703  10881  179  14825  15003  179  89.94  1569
10314  13641  3328  10314  10896  583  13069  13641  573  97.43  1573
7  6292  6286  7  952  946  5351  6292  942  98.31  1585
7  1449  1443  7  384  378  1107  1449  343  86.51  1599
24182  26659  2478  24182  24365  184  26476  26659  184  98.91  1602
21351  26289  4939  21351  21570  220  26078  26289  212  92.27  1607
2963  6114  3152  2963  3535  573  5555  6114  560  97.56  1611
1467  3914  2448  1467  1646  180  3735  3914  180  97.78  1612
12899  14287  1389  12899  13000  102  14180  14287  108  86.11  1616
14357  17092  2736  14357  14523  167  16927  17092  166  97.60  1616
10089  11463  1375  10089  10272  184  11270  11463  194  85.05  1617
13637  17687  4051  13637  13889  253  17440  17687  248  87.75  1617
6320  8214  1895  6320  6531  212  8003  8214  212  100.00  1619
8411  11675  3265  8411  8533  123  11550  11675  126  91.27  1637
11551  16638  5088  11551  11909  359  16295  16638  344  92.76  1647
23012  25558  2547  23012  23249  238  25316  25558  243  85.19  1647
14057  17032  2976  14057  14514  458  16567  17032  466  97.21  1652
2310  10474  8165  2310  2584  275  10192  10474  283  89.75  1657
6491  10860  4370  6491  6726  236  10629  10860  232  98.31  1664
1152  7009  5858  1152  1286  135  6864  7009  146  85.62  1669
15905  19979  4075  15905  16183  279  19707  19979  273  95.34  1669
13618  17019  3402  13618  13964  347  16673  17019  347  93.66  1679
9616  12097  2482  9616  9842  227  11864  12097  234  97.01  1682
23  1860  1838  23  776  754  1096  1860  765  95.42  1685
28167  33351  5185  28167  28722  556  32799  33351  553  99.10  1686
6  1578  1573  6  377  372  1203  1578  376  95.74  1699
1686  12591  10906  1686  1840  155  12422  12591  170  85.88  1699
13  5661  5649  13  969  957  4708  5661  954  97.18  1700
784  6530  5747  784  1000  217  6329  6530  202  89.86  1702
2787  5388  2602  2787  2910  124  5258  5388  131  93.89  1706
6697  9467  2771  6697  6932  236  9236  9467  232  88.14  1710
2056  3987  1932  2056  2269  214  3774  3987  214  99.07  1717
6267  21246  14980  6267  6581  315  20936  21246  311  89.52  1718
12  3816  3805  12  821  810  2999  3816  818  97.92  1724
1448  15042  13595  1448  1631  184  14857  15042  186  95.16  1733
49  2484  2436  49  697  649  1785  2484  700  92.71  1743
18290  20146  1857  18290  18802  513  19653  20146  494  93.96  1743
9433  11799  2367  9433  9624  192  11621  11799  179  92.71  1746
10245  11589  1345  10245  10406  162  11418  11589  172  86.63  1750
6927  10318  3392  6927  7232  306  10013  10318  306  90.85  1751
8016  16891  8876  8016  8412  397  16496  16891  396  99.75  1752
8361  13761  5401  8361  8639  279  13495  13761  267  85.30  1756
4658  6547  1890  4658  4879  222  6328  6547  220  97.30  1762
2466  5319  2854  2466  3021  556  4770  5319  550  98.74  1768
1104  3915  2812  1104  1243  140  3786  3915  130  87.86  1771
2502  6611  4110  2502  2887  386  6233  6611  379  96.89  1800
13857  17538  3682  13857  14845  989  16551  17538  988  99.09  1808
6  1470  1465  6  418  413  1033  1470  438  88.81  1809
28  3965  3938  28  464  437  3514  3965  452  91.37  1812
4722  7405  2684  4722  4884  163  7245  7405  161  91.41  1823
78  1199  1122  78  189  112  1085  1199  115  88.70  1829
2694  9806  7113  2694  3235  542  9239  9806  568  94.72  1833
25136  26784  1649  25136  25263  128  26658  26784  127  89.84  1836
26852  28055  1204  26852  27030  179  27885  28055  171  92.74  1836
530  5542  5013  530  1520  991  4545  5542  998  98.60  1842
2715  4773  2059  2715  2830  116  4658  4773  116  91.38  1860
16963  18869  1907  16963  17185  223  18652  18869  218  97.76  1864
4392  9338  4947  4392  4537  146  9184  9338  155  89.68  1873
854  3100  2247  854  1498  645  2469  3100  632  97.67  1876
1744  3234  1491  1744  1864  121  3124  3234  111  85.12  1882
3422  5125  1704  3422  3694  273  4853  5125  273  91.94  1882
282  1687  1406  282  422  141  1544  1687  144  93.06  1891
15289  18659  3371  15289  15715  427  18234  18659  426  99.77  1899
115  1483  1369  115  423  309  1206  1483  278  89.00  1902
171  1855  1685  171  782  612  1251  1855  605  96.08  1903
17  2218  2202  17  363  347  1844  2218  375  92.53  1918
532  2199  1668  532  1161  630  1582  2199  618  97.62  1919
18466  25482  7017  18466  18907  442  25041  25482  442  95.93  1922
2237  6469  4233  2237  2351  115  6354  6469  116  91.38  1926
3837  11166  7330  3837  4232  396  10771  11166  396  97.98  1934
19995  22486  2492  19995  20366  372  22119  22486  368  96.77  1957
1916  3328  1413  1916  2287  372  2965  3328  364  96.77  1968
729  7120  6392  729  1310  582  6554  7120  567  96.05  1970
6  1411  1406  6  384  379  1052  1411  360  85.49  1981
26  2929  2904  26  1000  975  1989  2929  941  91.38  1997
3221  4504  1284  3221  3494  274  4228  4504  277  94.95  2018
17790  19776  1987  17790  17991  202  19575  19776  202  87.62  2018
915  11701  10787  915  1106  192  11500  11701  202  91.09  2022
12  3084  3073  12  1000  989  2088  3084  997  97.89  2026
328  2349  2022  328  1311  984  1355  2349  995  97.59  2027
9  2095  2087  9  519  511  1566  2095  530  94.53  2028
13502  14722  1221  13502  13658  157  14560  14722  163  85.89  2039
9  1636  1628  9  364  356  1279  1636  358  92.74  2040
90  1318  1229  90  278  189  1138  1318  181  91.53  2041
21776  23558  1783  21776  22306  531  23046  23558  513  92.84  2048
15968  20317  4350  15968  16296  329  19970  20317  348  90.52  2049
4834  6043  1210  4834  5012  179  5887  6043  157  86.03  2050
3808  9602  5795  3808  4094  287  9323  9602  280  91.64  2053
26  11441  11416  26  774  749  10678  11441  764  95.42  2058
37  5995  5959  37  678  642  5371  5995  625  97.35  2069
10158  15348  5191  10158  11146  989  14380  15348  969  97.88  2070
5987  9745  3759  5987  6934  948  8792  9745  954  98.32  2084
3204  4849  1646  3204  3431  228  4634  4849  216  92.98  2085
15562  17608  2047  15562  15733  172  17434  17608  175  86.86  2085
3288  5985  2698  3288  3621  334  5651  5985  335  97.61  2089
5644  7967  2324  5644  5875  232  7737  7967  231  86.21  2093
6240  10031  3792  6240  6667  428  9591  10031  441  95.01  2096
14042  18770  4729  14042  14171  130  18640  18770  131  91.60  2111
301  2459  2159  301  902  602  1864  2459  596  95.02  2117
431  4681  4251  431  722  292  4386  4681  296  96.28  2123
5222  9667  4446  5222  5477  256  9444  9667  224  85.94  2142
15116  16702  1587  15116  15318  203  16507  16702  196  88.18  2171
6354  10252  3899  6354  6530  177  10081  10252  172  88.14  2174
1863  5478  3616  1863  1981  119  5361  5478  118  87.39  2178
194  1615  1422  194  562  369  1226  1615  390  91.28  2185
13  4421  4409  13  628  616  3821  4421  601  93.18  2201
11  11477  11467  11  608  598  10890  11477  588  94.98  2208
13  2799  2787  13  755  743  2054  2799  746  97.18  2223
3912  7115  3204  3912  4107  196  6908  7115  208  88.94  2229
8465  16948  8484  8465  8732  268  16676  16948  273  93.77  2234
25  6757  6733  25  693  669  6095  6757  663  91.63  2236
40  2095  2056  40  1000  961  1107  2095  989  94.24  2239
8  1523  1516  8  402  395  1106  1523  418  93.78  2240
8338  17544  9207  8338  8612  275  17273  17544  272  87.27  2246
8463  10362  1900  8463  8632  170  10196  10362  167  91.76  2280
487  10117  9631  487  1037  551  9555  10117  563  96.98  2285
16126  17349  1224  16126  16341  216  17136  17349  214  90.28  2285
11539  12855  1317  11539  11664  126  12722  12855  134  85.82  2287
11081  12740  1660  11081  11392  312  12426  12740  315  91.75  2288
8  1268  1261  8  151  144  1132  1268  137  85.42  2300
779  3631  2853  779  1131  353  3259  3631  373  88.20  2305
5074  7267  2194  5074  5737  664  6601  7267  667  97.60  2306
213  1562  1350  213  535  323  1231  1562  332  95.18  2308
17  3058  3042  17  453  437  2618  3058  441  93.42  2313
7652  15548  7897  7652  7879  228  15331  15548  218  86.40  2316
314  6056  5743  314  496  183  5863  6056  194  89.69  2325
8763  10517  1755  8763  8947  185  10331  10517  187  97.86  2329
2859  8025  5167  2859  3029  171  7865  8025  161  90.06  2336
796  4332  3537  796  1129  334  4006  4332  327  92.81  2339
7020  11032  4013  7020  7220  201  10845  11032  188  88.06  2349
19  4145  4127  19  511  493  3654  4145  492  92.09  2372
4733  6546  1814  4733  5026  294  6229  6546  318  92.14  2397
15  5056  5042  15  820  806  4233  5056  824  97.82  2405
14  6427  6414  14  766  753  5660  6427  768  97.53  2408
2106  4969  2864  2106  2304  199  4770  4969  200  92.00  2413
9680  11739  2060  9680  9871  192  11550  11739  190  93.75  2416
15  11233  11219  15  615  601  10621  11233  613  97.39  2417
2384  9938  7555  2384  2538  155  9781  9938  158  97.47  2419
137  8597  8461  137  800  664  7930  8597  668  99.25  2434
971  3266  2296  971  1171  201  3093  3266  174  86.57  2435
8653  10965  2313  8653  8893  241  10725  10965  241  100.00  2436
3411  7626  4216  3411  3630  220  7391  7626  236  93.22  2443
7  4423  4417  7  205  199  4228  4423  196  92.46  2445
3330  8408  5079  3330  3538  209  8209  8408  200  95.22  2446
6  5073  5068  6  466  461  4618  5073  456  96.31  2459
2332  10049  7718  2332  2628  297  9753  10049  297  93.27  2460
3047  7839  4793  3047  3856  810  7035  7839  805  98.64  2462
3361  8989  5629  3361  4070  710  8279  8989  711  93.67  2472
4147  9377  5231  4147  4661  515  8879  9377  499  96.70  2480
296  1911  1616  296  865  570  1353  1911  559  92.81  2486
5295  7387  2093  5295  5892  598  6785  7387  603  92.54  2486
12  1482  1471  12  454  443  1058  1482  425  88.04  2490
2221  4573  2353  2221  2461  241  4333  4573  241  100.00  2491
2654  8720  6067  2654  2762  109  8609  8720  112  91.96  2494
395  1941  1547  395  513  119  1834  1941  108  86.55  2496
9  1476  1468  9  355  347  1128  1476  349  94.84  2505
5872  9870  3999  5872  6051  180  9691  9870  180  100.00  2529
5526  11599  6074  5526  6087  562  11040  11599  560  92.35  2532
570  4173  3604  570  804  235  3935  4173  239  93.31  2536
10  1154  1145  10  119  110  1041  1154  114  85.96  2548
646  3893  3248  646  1259  614  3276  3893  618  96.12  2564
645  10848  10204  645  1126  482  10382  10848  467  96.06  2566
62  1216  1155  62  218  157  1067  1216  150  85.35  2569
4063  6956  2894  4063  4319  257  6683  6956  274  86.86  2583
1141  4170  3030  1141  1518  378  3787  4170  384  94.27  2613
15  6389  6375  15  510  496  5892  6389  498  93.98  2616
3224  6679  3456  3224  3471  248  6426  6679  254  95.28  2645
335  6039  5705  335  493  159  5871  6039  169  92.90  2652
3746  6683  2938  3746  3960  215  6468  6683  216  86.11  2656
504  4293  3790  504  1277  774  3546  4293  748  94.96  2685
10  4125  4116  10  872  863  3271  4125  855  96.99  2702
19  6691  6673  19  1013  995  5700  6691  992  95.48  2704
1500  3002  1503  1500  1693  194  2811  3002  192  89.69  2732
5458  6899  1442  5458  5840  383  6535  6899  365  89.82  2738
1962  3286  1325  1962  2094  133  3146  3286  141  91.49  2750
440  5197  4758  440  716  277  4924  5197  274  92.42  2809
4706  6755  2050  4706  5537  832  5938  6755  818  91.11  2827
483  5982  5500  483  676  194  5788  5982  195  96.41  2885
6  6013  6008  6  164  159  5864  6013  150  88.05  2886
9  2456  2448  9  467  459  1985  2456  472  94.92  2907
16  2901  2886  16  639  624  2266  2901  636  96.86  2918
1074  4013  2940  1074  1184  111  3907  4013  107  91.89  2924
1446  4822  3377  1446  1558  113  4715  4822  108  86.73  2939
3620  5282  1663  3620  3931  312  4983  5282  300  95.51  2946
8  5133  5126  8  660  653  4523  5133  611  91.42  2955
36  2925  2890  36  857  822  2082  2925  844  95.97  3012
85  1390  1306  85  351  267  1130  1390  261  96.63  3037
24  1879  1856  24  807  784  1110  1879  770  97.96  3118
220  2048  1829  220  770  551  1496  2048  553  98.37  3125
15  2952  2938  15  761  747  2198  2952  755  95.50  3129
605  2461  1857  605  878  274  2177  2461  285  96.14  3132
1425  3080  1656  1425  2050  626  2463  3080  618  94.41  3136
20  1391  1372  20  299  280  1078  1391  314  88.22  3147
292  2913  2622  292  990  699  2222  2913  692  96.14  3158
58  2870  2813  58  853  796  2019  2870  852  90.96  3164
22  2434  2413  22  845  824  1565  2434  870  92.99  3179
150  2072  1923  150  825  676  1393  2072  680  97.06  3186
984  2357  1374  984  1255  272  2093  2357  265  91.18  3188
8  1383  1376  8  218  211  1171  1383  213  95.77  3190
503  2201  1699  503  863  361  1835  2201  367  91.28  3192
1121  2330  1210  1121  1264  144  2189  2330  142  90.97  3200
341  2297  1957  341  1227  887  1400  2297  898  96.66  3201
430  2420  1991  430  1357  928  1503  2420  918  95.26  3211
999  2506  1508  999  1148  150  2360  2506  147  88.00  3214
160  2463  2304  160  925  766  1737  2463  727  92.17  3226
24  2464  2441  24  251  228  2223  2464  242  87.19  3234
541  1976  1436  541  897  357  1621  1976  356  96.36  3236
25  1941  1917  25  711  687  1241  1941  701  92.87  3250
14  1222  1209  14  178  165  1047  1222  176  91.48  3259
17  2021  2005  17  1000  984  1042  2021  980  94.21  3276
6  2022  2017  6  1002  997  1043  2022  980  96.39  3285
86  2250  2165  86  418  333  1923  2250  328  89.49  3303
221  2074  1854  221  433  213  1862  2074  213  100.00  3309
467  2239  1773  467  1155  689  1555  2239  685  94.19  3311
69  1431  1363  69  239  171  1259  1431  173  94.80  3351
184  1995  1812  184  980  797  1211  1995  785  96.36  3357
18  2126  2109  18  565  548  1563  2126  564  93.44  3362
16  2109  2094  16  662  647  1459  2109  651  95.08  3370
93  1680  1588  93  441  349  1330  1680  351  96.58  3373
166  2091  1926  166  438  273  1833  2091  259  92.67  3378
9  1638  1630  9  376  368  1257  1638  382  94.50  3384
24  2072  2049  24  962  939  1125  2072  948  95.68  3392
312  1751  1440  312  685  374  1393  1751  359  93.05  3400
17  2026  2010  17  293  277  1741  2026  286  89.86  3404
6  1628  1623  6  163  158  1460  1628  169  93.49  3419
15  1753  1739  15  705  691  1075  1753  679  94.07  3429
6  1791  1786  6  705  700  1075  1791  717  89.68  3431
16  1578  1563  16  554  539  1043  1578  536  91.09  3436
20  1812  1793  20  638  619  1177  1812  636  92.14  3441
26  2004  1979  26  903  878  1106  2004  899  95.44  3444
298  2000  1703  298  990  693  1319  2000  682  97.11  3447
