# args=-index /media/amir/DATA/work/RM_ANALYSIS/C11sp/C11sp_ltrharvest.index -mintsd 5 -maxtsd 100
# predictions are reported in the following way
# s(ret) e(ret) l(ret) s(lLTR) e(lLTR) l(lLTR) s(rLTR) e(rLTR) l(rLTR) sim(LTRs) seq-nr 
# where:
# s = starting position
# e = ending position
# l = length
# ret = LTR-retrotransposon
# lLTR = left LTR
# rLTR = right LTR
# sim = similarity
# seq-nr = sequence number
11041  13396  2356  11041  11296  256  13130  13396  267  86.14  7
54532  57997  3466  54532  54647  116  57878  57997  120  87.50  7
49097  57085  7989  49097  49563  467  56600  57085  486  93.00  17
3254  6242  2989  3254  3401  148  6095  6242  148  88.51  37
17777  21216  3440  17777  18039  263  20950  21216  267  93.26  37
22686  28268  5583  22686  22841  156  28125  28268  144  85.90  37
63438  66273  2836  63438  64014  577  65695  66273  579  90.33  37
67621  70407  2787  67621  67829  209  70215  70407  193  87.56  37
36463  38886  2424  36463  36832  370  38488  38886  399  86.72  41
22329  24046  1718  22329  22569  241  23813  24046  234  95.44  58
40478  43044  2567  40478  40752  275  42764  43044  281  86.83  58
26368  31670  5303  26368  26637  270  31400  31670  271  99.26  78
66898  75176  8279  66898  67575  678  74519  75176  658  93.36  78
49860  56562  6703  49860  50071  212  56341  56562  222  90.99  80
252  1882  1631  252  551  300  1576  1882  307  94.14  92
10  1469  1460  10  453  444  1031  1469  439  86.94  153
64657  69034  4378  64657  65026  370  68661  69034  374  87.43  170
54905  56134  1230  54905  55007  103  56016  56134  119  85.71  277
54181  61369  7189  54181  54656  476  60903  61369  467  95.59  285
62528  64438  1911  62528  62774  247  64184  64438  255  91.37  285
51  2299  2249  51  347  297  1996  2299  304  87.17  315
1504  3422  1919  1504  2244  741  2677  3422  746  90.08  317
789  1982  1194  789  891  103  1876  1982  107  93.46  351
45718  49109  3392  45718  45890  173  48934  49109  176  90.34  403
66529  77938  11410  66529  67486  958  76993  77938  946  95.72  403
81248  89656  8409  81248  81950  703  88932  89656  725  93.10  403
119587  123338  3752  119587  119905  319  123002  123338  337  86.05  403
139599  142658  3060  139599  139947  349  142307  142658  352  92.61  403
61976  64225  2250  61976  62202  227  63999  64225  227  85.46  405
80030  81733  1704  80030  80238  209  81532  81733  202  87.56  405
85380  87118  1739  85380  85606  227  86884  87118  235  85.11  405
96689  98523  1835  96689  96952  264  98259  98523  265  89.81  405
104673  108250  3578  104673  105142  470  107835  108250  416  87.02  405
35912  39222  3311  35912  36173  262  38972  39222  251  89.31  436
84437  88226  3790  84437  84734  298  87916  88226  311  89.71  437
720  2724  2005  720  1025  306  2422  2724  303  96.41  442
22049  24697  2649  22049  22355  307  24411  24697  287  92.51  446
73479  76087  2609  73479  73651  173  75935  76087  153  88.44  446
35744  38946  3203  35744  36148  405  38561  38946  386  93.33  451
7142  9618  2477  7142  7569  428  9182  9618  437  89.02  457
28438  31299  2862  28438  28558  121  31176  31299  124  91.13  457
32733  37649  4917  32733  32952  220  37433  37649  217  91.82  457
43118  45774  2657  43118  43280  163  45610  45774  165  92.12  457
52956  60666  7711  52956  53399  444  60226  60666  441  95.27  457
23580  26244  2665  23580  23959  380  25856  26244  389  86.89  458
71659  74221  2563  71659  72049  391  73839  74221  383  94.12  458
2339  4776  2438  2339  3264  926  3857  4776  920  88.12  461
28  5946  5919  28  417  390  5544  5946  403  90.32  462
57780  60197  2418  57780  57969  190  60017  60197  181  94.74  471
9244  21898  12655  9244  9384  141  21752  21898  147  87.76  472
3421  5552  2132  3421  3657  237  5349  5552  204  86.08  473
69001  71169  2169  69001  69156  156  71005  71169  165  89.09  477
54735  65040  10306  54735  54974  240  64798  65040  243  97.12  478
35391  39522  4132  35391  35552  162  39369  39522  154  86.42  479
44330  47645  3316  44330  45019  690  46969  47645  677  92.75  479
3700  8797  5098  3700  4216  517  8237  8797  561  86.45  481
32423  35125  2703  32423  32796  374  34755  35125  371  87.17  482
8597  17346  8750  8597  9021  425  16893  17346  454  91.19  483
4196  7240  3045  4196  4369  174  7069  7240  172  86.78  487
56591  59508  2918  56591  57232  642  58896  59508  613  93.93  487
62853  65639  2787  62853  63523  671  64973  65639  667  94.34  487
3137  5447  2311  3137  3508  372  5102  5447  346  90.86  489
8  11118  11111  8  412  405  10746  11118  373  88.15  491
18311  19714  1404  18311  18579  269  19427  19714  288  86.46  492
34081  39186  5106  34081  34187  107  39081  39186  106  87.85  492
63363  66331  2969  63363  63649  287  66049  66331  283  94.08  497
2378  3908  1531  2378  2782  405  3532  3908  377  91.60  498
86432  91892  5461  86432  86915  484  91406  91892  487  98.97  504
23247  25268  2022  23247  23520  274  24992  25268  277  90.97  506
44498  46383  1886  44498  44790  293  46072  46383  312  90.38  507
75180  77376  2197  75180  75354  175  77196  77376  181  86.19  508
118081  119564  1484  118081  118240  160  119407  119564  158  93.12  509
147227  149774  2548  147227  147869  643  149078  149774  697  90.82  510
44769  46832  2064  44769  44978  210  46628  46832  205  90.00  511
78601  80839  2239  78601  78764  164  80685  80839  155  85.98  512
44208  46627  2420  44208  44513  306  46315  46627  313  86.58  517
49746  53309  3564  49746  49938  193  53103  53309  207  85.02  517
60748  62490  1743  60748  60988  241  62251  62490  240  90.04  517
79230  81211  1982  79230  79770  541  80669  81211  543  87.85  517
96895  98979  2085  96895  97347  453  98547  98979  433  85.21  517
111746  115254  3509  111746  112151  406  114851  115254  404  86.95  517
135054  137017  1964  135054  135338  285  136742  137017  276  91.23  517
140726  149521  8796  140726  141024  299  149210  149521  312  92.95  517
50321  51760  1440  50321  50742  422  51347  51760  414  94.31  518
23809  26272  2464  23809  24195  387  25866  26272  407  86.73  519
35963  50951  14989  35963  36097  135  50826  50951  126  85.19  519
10913  12558  1646  10913  11079  167  12390  12558  169  92.31  523
34411  40840  6430  34411  34830  420  40411  40840  430  97.67  523
42220  45600  3381  42220  42382  163  45445  45600  156  85.89  523
3453  12258  8806  3453  3747  295  11944  12258  315  87.94  526
10188  13918  3731  10188  10705  518  13411  13918  508  88.42  527
62619  66405  3787  62619  62967  349  66049  66405  357  85.43  528
5435  10720  5286  5435  5797  363  10354  10720  367  95.37  529
44510  48058  3549  44510  44897  388  47687  48058  372  92.78  529
343  4577  4235  343  663  321  4258  4577  320  90.97  530
25612  27244  1633  25612  25740  129  27119  27244  126  85.27  530
65161  74035  8875  65161  65486  326  73715  74035  321  92.33  530
90225  91946  1722  90225  90546  322  91641  91946  306  92.24  530
151167  153307  2141  151167  151318  152  153163  153307  145  92.11  531
161279  164322  3044  161279  161772  494  163876  164322  447  90.28  531
27  5869  5843  27  161  135  5724  5869  146  85.62  532
21813  24309  2497  21813  22052  240  24077  24309  233  89.58  533
24649  26910  2262  24649  25024  376  26528  26910  383  93.47  533
79130  85968  6839  79130  79551  422  85511  85968  458  89.96  534
59762  61515  1754  59762  60356  595  60962  61515  554  90.76  535
38431  42297  3867  38431  38978  548  41765  42297  533  91.97  541
56452  58623  2172  56452  56585  134  58492  58623  132  91.04  543
1276  3166  1891  1276  1654  379  2814  3166  353  88.65  545
54165  57139  2975  54165  54528  364  56764  57139  376  89.63  548
3787  8311  4525  3787  4007  221  8082  8311  230  96.09  549
4614  5882  1269  4614  4871  258  5623  5882  260  95.00  551
21135  22718  1584  21135  21236  102  22619  22718  100  93.14  552
146107  149396  3290  146107  146763  657  148733  149396  664  93.07  553
92669  95439  2771  92669  93082  414  95025  95439  415  96.87  554
23766  38321  14556  23766  23959  194  38113  38321  209  88.04  555
47115  48954  1840  47115  47398  284  48665  48954  290  86.55  557
119377  122304  2928  119377  119685  309  122006  122304  299  88.67  557
89344  93724  4381  89344  89554  211  93525  93724  200  89.10  558
62973  66518  3546  62973  63090  118  66396  66518  123  90.24  559
76470  80067  3598  76470  76590  121  79942  80067  126  85.71  559
93602  100106  6505  93602  93813  212  99888  100106  219  87.21  559
130664  133146  2483  130664  131028  365  132776  133146  371  88.68  559
31958  35638  3681  31958  32168  211  35436  35638  203  90.52  560
82743  85034  2292  82743  82969  227  84799  85034  236  86.44  561
146571  149162  2592  146571  146957  387  148742  149162  421  90.26  561
22  2871  2850  22  464  443  2431  2871  441  91.65  562
6756  10769  4014  6756  6902  147  10624  10769  146  93.88  564
30983  34706  3724  30983  31127  145  34562  34706  145  85.52  567
69078  71257  2180  69078  69291  214  71045  71257  213  90.19  567
70962  73474  2513  70962  71109  148  73330  73474  145  97.97  569
158979  164611  5633  158979  159204  226  164390  164611  222  94.25  569
175079  177816  2738  175079  175273  195  177634  177816  183  87.69  569
4321  5743  1423  4321  4637  317  5418  5743  326  91.41  572
8017  11348  3332  8017  8298  282  11068  11348  281  87.23  573
39863  42540  2678  39863  40023  161  42384  42540  157  86.96  576
55020  57522  2503  55020  55159  140  57387  57522  136  90.00  576
60525  62764  2240  60525  60776  252  62501  62764  264  89.02  576
76562  79742  3181  76562  76812  251  79483  79742  260  93.08  576
71370  75698  4329  71370  71863  494  75202  75698  497  94.97  578
3445  10779  7335  3445  3584  140  10634  10779  146  86.30  581
26987  29593  2607  26987  27235  249  29347  29593  247  85.54  581
31889  33525  1637  31889  32011  123  33396  33525  130  90.00  582
3285  15977  12693  3285  3402  118  15860  15977  118  91.53  583
42554  44950  2397  42554  42690  137  44805  44950  146  93.84  583
218632  229914  11283  218632  218940  309  229573  229914  342  86.26  584
10407  16684  6278  10407  10866  460  16230  16684  455  98.26  585
25667  28615  2949  25667  25840  174  28437  28615  179  85.47  585
36775  38561  1787  36775  37037  263  38289  38561  273  88.64  585
40139  42518  2380  40139  40256  118  42392  42518  127  91.34  585
109813  111172  1360  109813  109958  146  111033  111172  140  93.84  585
52857  53989  1133  52857  52970  114  53876  53989  114  85.96  587
70747  73916  3170  70747  71251  505  73403  73916  514  96.50  588
48855  52246  3392  48855  49299  445  51793  52246  454  93.61  589
27857  30717  2861  27857  27982  126  30602  30717  116  90.48  590
34336  36835  2500  34336  34685  350  36499  36835  337  94.57  590
49979  52321  2343  49979  50096  118  52207  52321  115  94.07  591
59189  64218  5030  59189  59357  169  64041  64218  178  93.26  592
23141  27844  4704  23141  23686  546  27292  27844  553  93.13  594
49235  62468  13234  49235  49403  169  62293  62468  176  93.18  594
38580  41285  2706  38580  38794  215  41098  41285  188  87.44  595
166123  167751  1629  166123  166292  170  167588  167751  164  90.00  596
167951  178271  10321  167951  168185  235  178061  178271  211  88.94  596
64914  67014  2101  64914  65101  188  66820  67014  195  88.72  598
21  7233  7213  21  464  444  6783  7233  451  91.13  601
8357  12168  3812  8357  8528  172  12000  12168  169  87.79  601
2202  7230  5029  2202  2428  227  7007  7230  224  85.46  602
26946  28735  1790  26946  27114  169  28567  28735  169  88.76  602
34911  36721  1811  34911  35111  201  36528  36721  194  86.57  602
43845  50429  6585  43845  43962  118  50309  50429  121  85.95  602
7903  20772  12870  7903  8261  359  20401  20772  372  92.74  603
24085  34633  10549  24085  24619  535  34099  34633  535  95.51  603
46037  47855  1819  46037  46204  168  47689  47855  167  93.45  603
58781  60489  1709  58781  58888  108  60381  60489  109  85.32  603
67364  68805  1442  67364  67611  248  68573  68805  233  90.32  603
70588  73613  3026  70588  70890  303  73332  73613  282  86.80  603
92103  95111  3009  92103  92342  240  94880  95111  232  92.50  603
102224  105230  3007  102224  102470  247  104983  105230  248  88.71  603
128257  131610  3354  128257  128491  235  131377  131610  234  89.79  603
135695  143237  7543  135695  135865  171  143066  143237  172  91.86  603
40851  42693  1843  40851  41038  188  42486  42693  208  87.50  604
45307  46711  1405  45307  45542  236  46484  46711  228  90.25  606
37162  39194  2033  37162  37417  256  38938  39194  257  85.99  607
44034  46156  2123  44034  44212  179  45956  46156  201  86.07  607
53640  60249  6610  53640  53789  150  60104  60249  146  86.67  607
75630  79523  3894  75630  75777  148  79373  79523  151  91.39  607
85110  88680  3571  85110  85284  175  88510  88680  171  91.43  607
94413  95637  1225  94413  94572  160  95483  95637  155  93.75  607
98898  101436  2539  98898  99261  364  101075  101436  362  90.38  607
173610  175349  1740  173610  173781  172  175183  175349  167  85.47  607
78527  81136  2610  78527  78953  427  80704  81136  433  87.07  610
84387  86891  2505  84387  84837  451  86456  86891  436  92.02  610
16879  25740  8862  16879  17031  153  25573  25740  168  85.12  611
45902  52503  6602  45902  46156  255  52241  52503  263  88.59  612
128503  130788  2286  128503  128885  383  130404  130788  385  85.71  612
123231  125681  2451  123231  123470  240  125454  125681  228  86.67  613
1585  4158  2574  1585  1923  339  3804  4158  355  93.80  614
25721  33056  7336  25721  25860  140  32909  33056  148  85.14  614
73308  79962  6655  73308  73619  312  79664  79962  299  89.42  615
121382  130567  9186  121382  121933  552  130012  130567  556  91.73  615
68513  71480  2968  68513  68714  202  71295  71480  186  86.14  616
98440  104054  5615  98440  99100  661  103398  104054  657  86.84  616
107527  114251  6725  107527  107691  165  114074  114251  178  91.57  617
31027  35237  4211  31027  31328  302  34954  35237  284  89.74  620
64078  74563  10486  64078  64700  623  73914  74563  650  92.62  621
237822  243396  5575  237822  238047  226  243156  243396  241  86.72  621
394267  396871  2605  394267  394436  170  396719  396871  153  89.41  621
396877  399543  2667  396877  397246  370  399197  399543  347  91.89  621
406162  409371  3210  406162  406571  410  408964  409371  408  96.59  621
613053  615805  2753  613053  613381  329  615464  615805  342  85.09  621
756026  757140  1115  756026  756137  112  757030  757140  111  95.54  621
757159  759621  2463  757159  757263  105  759518  759621  104  98.10  621
221594  223424  1831  221594  221747  154  223262  223424  163  87.12  622
404804  406991  2188  404804  405195  392  406593  406991  399  95.99  622
508149  509523  1375  508149  508344  196  509333  509523  191  90.31  622
64175  66363  2189  64175  64569  395  65959  66363  405  86.91  623
67328  72352  5025  67328  67667  340  72026  72352  327  90.88  623
106386  107586  1201  106386  106512  127  107457  107586  130  85.38  623
148486  149728  1243  148486  148624  139  149599  149728  130  87.05  623
210272  212342  2071  210272  210547  276  212060  212342  283  88.34  623
248179  251679  3501  248179  248613  435  251281  251679  399  88.97  623
313306  324214  10909  313306  313655  350  323854  324214  361  94.46  623
380785  394376  13592  380785  381010  226  394161  394376  216  86.28  623
530730  538775  8046  530730  530965  236  538532  538775  244  85.25  623
712349  714358  2010  712349  712574  226  714156  714358  203  89.38  623
913478  928145  14668  913478  913610  133  928018  928145  128  87.22  623
992013  993851  1839  992013  992226  214  993630  993851  222  89.19  623
1141365  1145790  4426  1141365  1141776  412  1145388  1145790  403  90.53  623
1273827  1281336  7510  1273827  1274401  575  1280764  1281336  573  92.87  623
1394380  1398535  4156  1394380  1395157  778  1397741  1398535  795  96.10  623
1503576  1513029  9454  1503576  1503889  314  1512710  1513029  320  93.44  623
1513686  1517891  4206  1513686  1513959  274  1517600  1517891  292  87.33  623
1591321  1600545  9225  1591321  1591749  429  1600126  1600545  420  96.04  623
1708168  1710351  2184  1708168  1708342  175  1710184  1710351  168  90.29  623
1758655  1762852  4198  1758655  1758767  113  1762751  1762852  102  87.61  623
1764311  1766187  1877  1764311  1764626  316  1765882  1766187  306  88.61  623
1814402  1820199  5798  1814402  1814907  506  1819684  1820199  516  97.29  623
16497  18524  2028  16497  16824  328  18195  18524  330  94.55  624
113184  116058  2875  113184  113391  208  115859  116058  200  92.31  624
296982  303684  6703  296982  297083  102  303580  303684  105  85.71  624
349605  354439  4835  349605  349845  241  354190  354439  250  87.60  624
356319  358113  1795  356319  356664  346  357772  358113  342  94.80  624
487110  489239  2130  487110  487312  203  489042  489239  198  91.13  624
494799  499314  4516  494799  495394  596  498714  499314  601  89.85  624
499630  504523  4894  499630  499765  136  504392  504523  132  88.24  624
558468  560117  1650  558468  558758  291  559799  560117  319  85.89  624
579813  581566  1754  579813  579950  138  581432  581566  135  87.68  624
631166  643749  12584  631166  631644  479  643295  643749  455  93.95  624
1146590  1148083  1494  1146590  1146720  131  1147957  1148083  127  90.84  624
1248723  1255109  6387  1248723  1249075  353  1254762  1255109  348  88.10  624
1571952  1575038  3087  1571952  1572224  273  1574752  1575038  287  91.29  624
1591793  1593638  1846  1591793  1591983  191  1593454  1593638  185  89.53  624
2012240  2016718  4479  2012240  2012590  351  2016379  2016718  340  88.32  624
2103938  2105412  1475  2103938  2104113  176  2105232  2105412  181  95.58  624
2124626  2127192  2567  2124626  2124918  293  2126896  2127192  297  95.29  624
2255966  2261015  5050  2255966  2256767  802  2260238  2261015  778  91.90  624
2305235  2306912  1678  2305235  2305380  146  2306762  2306912  151  91.39  624
2310615  2313218  2604  2310615  2310731  117  2313108  2313218  111  85.47  624
2354656  2357072  2417  2354656  2354955  300  2356774  2357072  299  90.67  624
2358819  2361117  2299  2358819  2359139  321  2360806  2361117  312  93.77  624
2363041  2374474  11434  2363041  2363387  347  2374120  2374474  355  90.70  624
2376281  2381693  5413  2376281  2376675  395  2381280  2381693  414  87.68  624
2383565  2385868  2304  2383565  2383871  307  2385561  2385868  308  93.18  624
2674985  2678597  3613  2674985  2675227  243  2678367  2678597  231  86.42  624
2679700  2681371  1672  2679700  2679967  268  2681112  2681371  260  89.93  624
2728957  2730631  1675  2728957  2729166  210  2730416  2730631  216  93.52  624
2750000  2753190  3191  2750000  2750301  302  2752883  2753190  308  88.31  624
2802554  2809841  7288  2802554  2802802  249  2809580  2809841  262  90.08  624
2836224  2838175  1952  2836224  2836699  476  2837695  2838175  481  89.19  624
2842916  2845673  2758  2842916  2843210  295  2845359  2845673  315  93.02  624
2849699  2852441  2743  2849699  2849967  269  2852165  2852441  277  93.14  624
2900022  2913402  13381  2900022  2900620  599  2912804  2913402  599  100.00  624
2927463  2929046  1584  2927463  2927735  273  2928792  2929046  255  86.08  624
2938889  2940933  2045  2938889  2939125  237  2940708  2940933  226  86.92  624
2955546  2958010  2465  2955546  2955645  100  2957902  2958010  109  88.99  624
2969305  2975604  6300  2969305  2969616  312  2975298  2975604  307  87.50  624
2997370  3004699  7330  2997370  2997596  227  3004484  3004699  216  87.67  624
3018819  3021841  3023  3018819  3019441  623  3021213  3021841  629  90.14  624
3031310  3034436  3127  3031310  3031711  402  3034045  3034436  392  89.30  624
3073090  3075552  2463  3073090  3073604  515  3075054  3075552  499  89.32  624
3077503  3079499  1997  3077503  3077714  212  3079295  3079499  205  88.68  624
3084376  3085930  1555  3084376  3084549  174  3085762  3085930  169  89.08  624
3121441  3123228  1788  3121441  3121614  174  3123046  3123228  183  86.89  624
3132992  3146993  14002  3132992  3133095  104  3146891  3146993  103  90.38  624
3148396  3159224  10829  3148396  3148519  124  3159100  3159224  125  92.00  624
3160090  3161903  1814  3160090  3160443  354  3161570  3161903  334  93.79  624
3163998  3167688  3691  3163998  3164222  225  3167482  3167688  207  91.11  624
3181312  3184882  3571  3181312  3181582  271  3184630  3184882  253  88.93  624
3240900  3244843  3944  3240900  3241313  414  3244425  3244843  419  93.08  624
3245182  3248434  3253  3245182  3245432  251  3248171  3248434  264  93.56  624
3252708  3256733  4026  3252708  3253009  302  3256409  3256733  325  89.23  624
3276991  3282594  5604  3276991  3277185  195  3282376  3282594  219  85.39  624
3290887  3305215  14329  3290887  3291313  427  3304800  3305215  416  96.49  624
3404651  3407242  2592  3404651  3404885  235  3406971  3407242  272  86.03  624
3573557  3577175  3619  3573557  3573690  134  3577045  3577175  131  86.57  624
3578061  3579496  1436  3578061  3578188  128  3579377  3579496  120  85.94  624
3653941  3658484  4544  3653941  3654522  582  3657934  3658484  551  93.30  624
3681959  3685371  3413  3681959  3682456  498  3684878  3685371  494  96.39  624
3686457  3689159  2703  3686457  3687057  601  3688535  3689159  625  92.16  624
3810441  3812689  2249  3810441  3810694  254  3812432  3812689  258  86.82  624
3853340  3858272  4933  3853340  3854163  824  3857448  3858272  825  94.55  624
3928145  3941132  12988  3928145  3928397  253  3940883  3941132  250  91.30  624
3946191  3948010  1820  3946191  3946462  272  3947748  3948010  263  88.60  624
4045174  4058336  13163  4045174  4045328  155  4058179  4058336  158  92.41  624
4086443  4090957  4515  4086443  4086769  327  4090645  4090957  313  86.24  624
4112081  4116591  4511  4112081  4112345  265  4116325  4116591  267  89.89  624
4121677  4128903  7227  4121677  4121843  167  4128731  4128903  173  87.28  624
4137935  4141643  3709  4137935  4138787  853  4140821  4141643  823  90.62  624
4147119  4151808  4690  4147119  4147469  351  4151458  4151808  351  92.02  624
4164833  4168870  4038  4164833  4165198  366  4168508  4168870  363  89.62  624
4316488  4318805  2318  4316488  4316606  119  4318693  4318805  113  85.71  624
4342236  4348120  5885  4342236  4342385  150  4347973  4348120  148  90.00  624
4458344  4460046  1703  4458344  4458721  378  4459649  4460046  398  92.71  624
4525091  4527072  1982  4525091  4525219  129  4526957  4527072  116  89.92  624
4530474  4535817  5344  4530474  4530820  347  4535470  4535817  348  96.55  624
5085083  5086532  1450  5085083  5085377  295  5086250  5086532  283  88.81  624
5105383  5106865  1483  5105383  5105812  430  5106461  5106865  405  86.74  624
5266685  5277224  10540  5266685  5267215  531  5276690  5277224  535  94.77  624
5277816  5290262  12447  5277816  5278161  346  5289889  5290262  374  89.84  624
5318381  5321445  3065  5318381  5318933  553  5320887  5321445  559  96.24  624
5392828  5395368  2541  5392828  5393114  287  5395124  5395368  245  85.37  624
5398920  5410161  11242  5398920  5399088  169  5410000  5410161  162  89.35  624
5542072  5550761  8690  5542072  5542223  152  5550606  5550761  156  85.90  624
5566591  5570254  3664  5566591  5566817  227  5570019  5570254  236  88.56  624
5583117  5587025  3909  5583117  5583540  424  5586605  5587025  421  86.56  624
5601609  5603624  2016  5601609  5602307  699  5602904  5603624  721  92.51  624
5617195  5618569  1375  5617195  5617300  106  5618459  5618569  111  88.29  624
5623941  5626018  2078  5623941  5624216  276  5625726  5626018  293  85.32  624
5631601  5636230  4630  5631601  5631778  178  5636041  5636230  190  88.95  624
5678782  5681048  2267  5678782  5679251  470  5680571  5681048  478  87.66  624
5705469  5707556  2088  5705469  5705852  384  5707178  5707556  379  92.71  624
5848928  5852836  3909  5848928  5849129  202  5852645  5852836  192  86.63  624
5892647  5897781  5135  5892647  5892757  111  5897672  5897781  110  89.19  624
5918126  5932497  14372  5918126  5918233  108  5932397  5932497  101  85.19  624
5964350  5966236  1887  5964350  5964481  132  5966103  5966236  134  85.07  624
5973647  5976432  2786  5973647  5973908  262  5976170  5976432  263  88.97  624
6008126  6010850  2725  6008126  6008246  121  6010733  6010850  118  90.08  624
6139386  6146958  7573  6139386  6139552  167  6146785  6146958  174  94.25  624
6158895  6165385  6491  6158895  6159089  195  6165198  6165385  188  88.72  624
6166719  6171660  4942  6166719  6167015  297  6171356  6171660  305  89.84  624
6198096  6206892  8797  6198096  6198424  329  6206575  6206892  318  95.14  624
6226330  6230755  4426  6226330  6226486  157  6230591  6230755  165  85.45  624
6288732  6291126  2395  6288732  6288876  145  6290984  6291126  143  88.97  624
6318767  6320877  2111  6318767  6319095  329  6320546  6320877  332  90.66  624
6475859  6479431  3573  6475859  6476102  244  6479186  6479431  246  89.02  624
6722560  6735463  12904  6722560  6723045  486  6734976  6735463  488  97.75  624
6819775  6822655  2881  6819775  6820037  263  6822397  6822655  259  95.44  624
7130768  7132796  2029  7130768  7130875  108  7132695  7132796  102  92.59  624
7150832  7153256  2425  7150832  7150934  103  7153150  7153256  107  85.05  624
7163674  7168736  5063  7163674  7163871  198  7168529  7168736  208  93.27  624
7182764  7187524  4761  7182764  7183220  457  7187051  7187524  474  95.36  624
7192061  7200048  7988  7192061  7192388  328  7199736  7200048  313  92.38  624
7276407  7282040  5634  7276407  7276663  257  7281797  7282040  244  85.99  624
7324602  7326813  2212  7324602  7324752  151  7326667  7326813  147  89.40  624
7352258  7354766  2509  7352258  7352812  555  7354226  7354766  541  89.91  624
7374732  7377718  2987  7374732  7374946  215  7377505  7377718  214  86.51  624
7379940  7387361  7422  7379940  7380063  124  7387235  7387361  127  85.83  624
7388778  7390301  1524  7388778  7389097  320  7389980  7390301  322  94.10  624
7405246  7407015  1770  7405246  7405418  173  7406847  7407015  169  85.55  624
7492838  7495291  2454  7492838  7492986  149  7495141  7495291  151  88.08  624
7578514  7580291  1778  7578514  7578669  156  7580134  7580291  158  87.97  624
7652430  7656671  4242  7652430  7653150  721  7655972  7656671  700  93.20  624
7697081  7699101  2021  7697081  7697274  194  7698907  7699101  195  88.72  624
7702097  7707702  5606  7702097  7702407  311  7707376  7707702  327  91.74  624
7724214  7728473  4260  7724214  7724497  284  7728197  7728473  277  88.03  624
7767353  7771892  4540  7767353  7767752  400  7771495  7771892  398  92.25  624
7842884  7853177  10294  7842884  7843290  407  7852775  7853177  403  96.81  624
7941499  7945335  3837  7941499  7941840  342  7944999  7945335  337  88.60  624
7945847  7947473  1627  7945847  7946020  174  7947306  7947473  168  85.63  624
7973831  7977506  3676  7973831  7974299  469  7977042  7977506  465  96.38  624
8024562  8029778  5217  8024562  8024691  130  8029658  8029778  121  86.92  624
8192832  8195061  2230  8192832  8193172  341  8194765  8195061  297  85.63  624
8301770  8304375  2606  8301770  8302366  597  8303771  8304375  605  94.55  624
8354391  8369333  14943  8354391  8354563  173  8369150  8369333  184  93.48  624
8389731  8391330  1600  8389731  8389970  240  8391081  8391330  250  92.00  624
8530389  8532228  1840  8530389  8530542  154  8532078  8532228  151  85.06  624
8610550  8623706  13157  8610550  8610797  248  8623461  8623706  246  85.48  624
8680304  8685648  5345  8680304  8680790  487  8685150  8685648  499  91.98  624
8764298  8765727  1430  8764298  8764413  116  8765616  8765727  112  87.07  624
8766124  8767478  1355  8766124  8766427  304  8767167  8767478  312  86.22  624
8782506  8786043  3538  8782506  8783039  534  8785520  8786043  524  92.70  624
8813644  8815792  2149  8813644  8813790  147  8815654  8815792  139  94.56  624
8871934  8874351  2418  8871934  8872100  167  8874193  8874351  159  86.83  624
8950501  8952266  1766  8950501  8950745  245  8952022  8952266  245  96.33  624
8956816  8960135  3320  8956816  8956923  108  8960030  8960135  106  87.96  624
8992996  8996937  3942  8992996  8993145  150  8996796  8996937  142  86.67  624
9169017  9170481  1465  9169017  9169142  126  9170353  9170481  129  89.15  624
9171687  9175328  3642  9171687  9171937  251  9175086  9175328  243  89.64  624
9207777  9210830  3054  9207777  9207896  120  9210703  9210830  128  85.94  624
9213351  9215770  2420  9213351  9213565  215  9215563  9215770  208  88.84  624
9240677  9256030  15354  9240677  9241382  706  9255339  9256030  692  94.90  624
9286480  9299379  12900  9286480  9286753  274  9299105  9299379  275  96.73  624
9301248  9313844  12597  9301248  9301393  146  9313691  9313844  154  85.71  624
9335934  9338301  2368  9335934  9336482  549  9337738  9338301  564  86.88  624
9661960  9664524  2565  9661960  9662476  517  9664010  9664524  515  88.97  624
9669045  9672613  3569  9669045  9669526  482  9672131  9672613  483  91.72  624
9672978  9681009  8032  9672978  9673285  308  9680705  9681009  305  87.99  624
9729217  9730714  1498  9729217  9729510  294  9730398  9730714  317  88.64  624
9739405  9741922  2518  9739405  9739637  233  9741694  9741922  229  87.98  624
10098495  10106412  7918  10098495  10099219  725  10105712  10106412  701  93.66  624
10167563  10179481  11919  10167563  10167995  433  10179062  10179481  420  90.30  624
10199830  10202964  3135  10199830  10200717  888  10202068  10202964  897  91.86  624
10239425  10243276  3852  10239425  10239525  101  10243169  10243276  108  92.59  624
10272623  10278781  6159  10272623  10273059  437  10278359  10278781  423  96.80  624
10447774  10451478  3705  10447774  10448064  291  10451189  10451478  290  89.00  624
10486280  10494816  8537  10486280  10486702  423  10494415  10494816  402  95.04  624
10705838  10707129  1292  10705838  10706135  298  10706856  10707129  274  88.26  624
10743994  10756746  12753  10743994  10744269  276  10756468  10756746  279  93.55  624
10772459  10775908  3450  10772459  10772702  244  10775654  10775908  255  95.69  624
10784249  10788704  4456  10784249  10784435  187  10788524  10788704  181  88.24  624
10791131  10792509  1379  10791131  10791325  195  10792314  10792509  196  86.73  624
10821021  10825292  4272  10821021  10821266  246  10825057  10825292  236  85.37  624
10843733  10851562  7830  10843733  10844077  345  10851220  10851562  343  91.30  624
10874718  10882326  7609  10874718  10874990  273  10882039  10882326  288  86.46  624
10882564  10885306  2743  10882564  10882710  147  10885161  10885306  146  86.39  624
10886593  10888363  1771  10886593  10886752  160  10888195  10888363  169  88.17  624
10930727  10931992  1266  10930727  10930990  264  10931730  10931992  263  92.05  624
10944948  10947158  2211  10944948  10945237  290  10946876  10947158  283  90.34  624
10985886  10989914  4029  10985886  10986105  220  10989689  10989914  226  90.27  624
10992239  10994457  2219  10992239  10992419  181  10994269  10994457  189  91.01  624
11152428  11160199  7772  11152428  11152863  436  11159769  11160199  431  94.95  624
11160850  11164540  3691  11160850  11161203  354  11164189  11164540  352  93.50  624
11252778  11259946  7169  11252778  11253201  424  11259541  11259946  406  95.52  624
11263785  11268376  4592  11263785  11264026  242  11268149  11268376  228  93.80  624
11300018  11302580  2563  11300018  11300377  360  11302239  11302580  342  93.06  624
11317590  11320712  3123  11317590  11317823  234  11320472  11320712  241  90.46  624
11340841  11351740  10900  11340841  11341147  307  11351426  11351740  315  93.02  624
11485900  11487544  1645  11485900  11486059  160  11487374  11487544  171  85.96  624
11505174  11512386  7213  11505174  11505591  418  11511948  11512386  439  95.22  624
11608833  11610949  2117  11608833  11609055  223  11610728  11610949  222  91.03  624
11654703  11657071  2369  11654703  11655143  441  11656640  11657071  432  92.29  624
11657106  11664635  7530  11657106  11657524  419  11664225  11664635  411  93.56  624
11818516  11820381  1866  11818516  11818615  100  11820279  11820381  103  87.38  624
11821042  11823081  2040  11821042  11821300  259  11822819  11823081  263  90.11  624
11864300  11866305  2006  11864300  11864676  377  11865939  11866305  367  92.57  624
12070962  12073247  2286  12070962  12071085  124  12073115  12073247  133  87.22  624
12305923  12309599  3677  12305923  12306023  101  12309498  12309599  102  85.29  624
12325857  12327905  2049  12325857  12326119  263  12327670  12327905  236  87.45  624
12393617  12395026  1410  12393617  12393772  156  12394873  12395026  154  85.26  624
12406925  12411634  4710  12406925  12407467  543  12411070  12411634  565  91.33  624
12541612  12544939  3328  12541612  12541869  258  12544685  12544939  255  89.15  624
12581726  12585134  3409  12581726  12581953  228  12584912  12585134  223  88.60  624
12682287  12684565  2279  12682287  12682471  185  12684395  12684565  171  89.19  624
12787798  12791978  4181  12787798  12788113  316  12791653  12791978  326  96.63  624
12850653  12852774  2122  12850653  12851096  444  12852320  12852774  455  92.75  624
12932767  12942613  9847  12932767  12933011  245  12942365  12942613  249  89.96  624
12994033  12996390  2358  12994033  12994405  373  12996011  12996390  380  88.16  624
13129090  13131157  2068  13129090  13129514  425  13130742  13131157  416  97.88  624
13357680  13360918  3239  13357680  13357835  156  13360754  13360918  165  86.06  624
13404652  13406197  1546  13404652  13404869  218  13405960  13406197  238  87.39  624
13458459  13462605  4147  13458459  13458672  214  13462402  13462605  204  90.19  624
13525309  13527751  2443  13525309  13525455  147  13527609  13527751  143  87.76  624
13833432  13837454  4023  13833432  13833609  178  13837293  13837454  162  87.64  624
13852195  13857455  5261  13852195  13852990  796  13856654  13857455  802  96.51  624
13946712  13951300  4589  13946712  13947024  313  13950990  13951300  311  89.14  624
14168345  14178996  10652  14168345  14168663  319  14178680  14178996  317  96.24  624
14201059  14203420  2362  14201059  14201186  128  14203296  14203420  125  94.53  624
14310258  14314634  4377  14310258  14310541  284  14314349  14314634  286  88.11  624
14315356  14319344  3989  14315356  14315493  138  14319191  14319344  154  85.71  624
14488551  14497859  9309  14488551  14488748  198  14497651  14497859  209  92.34  624
14584160  14586070  1911  14584160  14584383  224  14585837  14586070  234  85.47  624
14628841  14630638  1798  14628841  14629161  321  14630310  14630638  329  89.97  624
14646613  14648679  2067  14646613  14646810  198  14648467  14648679  213  90.14  624
14657573  14662775  5203  14657573  14658291  719  14662061  14662775  715  95.69  624
14740522  14743291  2770  14740522  14740864  343  14742915  14743291  377  88.33  624
14843406  14845166  1761  14843406  14843543  138  14845038  14845166  129  89.86  624
14845204  14848329  3126  14845204  14845635  432  14847895  14848329  435  86.21  624
14850050  14853607  3558  14850050  14850255  206  14853380  14853607  228  86.84  624
14855196  14857638  2443  14855196  14855757  562  14857050  14857638  589  91.17  624
14898611  14900895  2285  14898611  14898924  314  14900621  14900895  275  86.94  624
14903188  14905278  2091  14903188  14903479  292  14904969  14905278  310  87.10  624
14916316  14921839  5524  14916316  14916440  125  14921714  14921839  126  88.89  624
15317542  15326098  8557  15317542  15317727  186  15325921  15326098  178  95.70  624
15348864  15350449  1586  15348864  15349041  178  15350271  15350449  179  94.97  624
15361624  15365936  4313  15361624  15361994  371  15365569  15365936  368  89.22  624
15450900  15453474  2575  15450900  15451005  106  15453365  15453474  110  92.73  624
15507226  15510450  3225  15507226  15507429  204  15510233  15510450  218  87.61  624
15528914  15533896  4983  15528914  15529055  142  15533756  15533896  141  88.03  624
15556262  15560253  3992  15556262  15556722  461  15559784  15560253  470  95.96  624
15644826  15646855  2030  15644826  15645091  266  15646601  15646855  255  87.22  624
15696957  15699614  2658  15696957  15697144  188  15699425  15699614  190  85.79  624
15736782  15738600  1819  15736782  15737065  284  15738338  15738600  263  90.49  624
15751701  15760306  8606  15751701  15751935  235  15760092  15760306  215  87.66  624
15856825  15859135  2311  15856825  15857157  333  15858811  15859135  325  90.99  624
15925957  15930885  4929  15925957  15926238  282  15930579  15930885  307  86.97  624
15959152  15962307  3156  15959152  15959398  247  15962071  15962307  237  92.71  624
15988035  15990730  2696  15988035  15988136  102  15990629  15990730  102  85.29  624
16104222  16108699  4478  16104222  16104529  308  16108404  16108699  296  85.06  624
16138803  16140477  1675  16138803  16139032  230  16140248  16140477  230  88.70  624
16149075  16151762  2688  16149075  16149663  589  16151177  16151762  586  92.19  624
16174443  16176952  2510  16174443  16174812  370  16176589  16176952  364  92.97  624
16196850  16198471  1622  16196850  16197046  197  16198275  16198471  197  87.31  624
16215100  16216977  1878  16215100  16215373  274  16216714  16216977  264  88.69  624
16222228  16224197  1970  16222228  16222504  277  16223924  16224197  274  85.56  624
16246409  16252179  5771  16246409  16246764  356  16251821  16252179  359  92.76  624
16308792  16311119  2328  16308792  16308925  134  16310971  16311119  149  88.59  624
16548182  16551592  3411  16548182  16548355  174  16551423  16551592  170  93.10  624
16592311  16594421  2111  16592311  16592825  515  16593925  16594421  497  94.37  624
16632164  16635150  2987  16632164  16632345  182  16634976  16635150  175  87.91  624
16638325  16640848  2524  16638325  16638580  256  16640593  16640848  256  95.31  624
16750410  16762741  12332  16750410  16750525  116  16762632  16762741  110  86.21  624
16808552  16811658  3107  16808552  16808659  108  16811554  16811658  105  90.74  624
16842880  16858323  15444  16842880  16843367  488  16857829  16858323  495  89.09  624
16888693  16893886  5194  16888693  16888886  194  16893697  16893886  190  91.75  624
17227556  17237887  10332  17227556  17227682  127  17237772  17237887  116  85.83  624
17484422  17493295  8874  17484422  17484667  246  17493041  17493295  255  88.24  624
17552485  17555436  2952  17552485  17552666  182  17555238  17555436  199  86.43  624
17602513  17604481  1969  17602513  17602697  185  17604306  17604481  176  85.95  624
17604522  17606734  2213  17604522  17604682  161  17606569  17606734  166  92.17  624
17733739  17735705  1967  17733739  17734014  276  17735429  17735705  277  89.53  624
17738886  17744153  5268  17738886  17739167  282  17743869  17744153  285  85.26  624
18337313  18340105  2793  18337313  18337712  400  18339686  18340105  420  87.86  624
18648479  18650888  2410  18648479  18648847  369  18650520  18650888  369  94.31  624
18783582  18789899  6318  18783582  18783756  175  18789737  18789899  163  87.43  624
18797296  18803597  6302  18797296  18797563  268  18803339  18803597  259  92.91  624
18907951  18909280  1330  18907951  18908231  281  18909010  18909280  271  89.68  624
18917010  18921852  4843  18917010  18917203  194  18921667  18921852  186  85.57  624
18980551  18985970  5420  18980551  18981086  536  18985444  18985970  527  92.16  624
18990289  19001675  11387  18990289  18990620  332  19001333  19001675  343  88.63  624
19171409  19173828  2420  19171409  19171666  258  19173573  19173828  256  90.31  624
19226001  19232999  6999  19226001  19226287  287  19232697  19232999  303  86.14  624
19264414  19266750  2337  19264414  19264599  186  19266553  19266750  198  85.35  624
19297736  19300197  2462  19297736  19298300  565  19299633  19300197  565  90.97  624
19325887  19329315  3429  19325887  19325989  103  19329211  19329315  105  87.62  624
19339795  19341644  1850  19339795  19340027  233  19341396  19341644  249  91.97  624
19352752  19354347  1596  19352752  19352964  213  19354143  19354347  205  86.38  624
19359384  19361279  1896  19359384  19359776  393  19360877  19361279  403  90.07  624
19365312  19373858  8547  19365312  19365875  564  19373296  19373858  563  93.62  624
19507148  19513895  6748  19507148  19507308  161  19513737  19513895  159  91.30  624
19677413  19679134  1722  19677413  19677541  129  19679008  19679134  127  93.80  624
19871586  19875797  4212  19871586  19872143  558  19875266  19875797  532  90.68  624
19952740  19954919  2180  19952740  19953181  442  19954482  19954919  438  92.53  624
19978404  19980024  1621  19978404  19978550  147  19979870  19980024  155  87.10  624
20400926  20411133  10208  20400926  20401071  146  20410987  20411133  147  98.64  624
20512263  20514264  2002  20512263  20512642  380  20513874  20514264  391  90.28  624
20977933  20989749  11817  20977933  20978337  405  20989390  20989749  360  87.65  624
21469179  21470766  1588  21469179  21469338  160  21470610  21470766  157  86.88  624
21781535  21784128  2594  21781535  21781670  136  21784000  21784128  129  86.03  624
22126479  22132722  6244  22126479  22126931  453  22132248  22132722  475  88.84  624
22449494  22456256  6763  22449494  22449934  441  22455822  22456256  435  89.57  624
22770544  22783238  12695  22770544  22771104  561  22782669  22783238  570  88.42  624
22945180  22948941  3762  22945180  22945346  167  22948774  22948941  168  90.48  624
22968125  22969802  1678  22968125  22968448  324  22969503  22969802  300  87.96  624
22973180  22976228  3049  22973180  22973351  172  22976061  22976228  168  85.47  624
22978498  22991085  12588  22978498  22978604  107  22990978  22991085  108  91.67  624
23012670  23020718  8049  23012670  23013185  516  23020196  23020718  523  91.78  624
23036692  23039024  2333  23036692  23036976  285  23038733  23039024  292  89.04  624
23060518  23062324  1807  23060518  23060797  280  23062050  23062324  275  86.07  624
23105386  23112143  6758  23105386  23105631  246  23111902  23112143  242  92.28  624
23259483  23264102  4620  23259483  23260142  660  23263419  23264102  684  90.20  624
23265653  23267984  2332  23265653  23266059  407  23267547  23267984  438  86.99  624
23268896  23270927  2032  23268896  23269115  220  23270717  23270927  211  90.00  624
23278447  23282032  3586  23278447  23278763  317  23281708  23282032  325  95.69  624
23286537  23295193  8657  23286537  23286891  355  23294837  23295193  357  89.08  624
23364179  23368365  4187  23364179  23364580  402  23367986  23368365  380  91.54  624
23368518  23370615  2098  23368518  23368645  128  23370473  23370615  143  88.81  624
23485866  23487376  1511  23485866  23486164  299  23487066  23487376  311  93.89  624
23518947  23531792  12846  23518947  23519113  167  23531620  23531792  173  90.17  624
23563234  23565232  1999  23563234  23563408  175  23565030  23565232  203  86.21  624
23641095  23643511  2417  23641095  23641249  155  23643366  23643511  146  87.10  624
23645501  23648734  3234  23645501  23645808  308  23648426  23648734  309  99.68  624
23757212  23759558  2347  23757212  23757760  549  23759027  23759558  532  85.79  624
23878399  23880828  2430  23878399  23878661  263  23880551  23880828  278  87.77  624
23896335  23898149  1815  23896335  23896559  225  23897926  23898149  224  92.00  624
23916027  23920545  4519  23916027  23916210  184  23920363  23920545  183  93.48  624
23993326  24003819  10494  23993326  23993620  295  24003529  24003819  291  88.81  624
24018106  24023026  4921  24018106  24018425  320  24022717  24023026  310  95.62  624
24333212  24340798  7587  24333212  24333427  216  24340573  24340798  226  88.50  624
24347686  24348866  1181  24347686  24347843  158  24348706  24348866  161  85.09  624
24355674  24369410  13737  24355674  24355984  311  24369102  24369410  309  96.14  624
24420544  24421879  1336  24420544  24420849  306  24421603  24421879  277  90.52  624
24448885  24452841  3957  24448885  24449218  334  24452505  24452841  337  89.02  624
24519451  24531967  12517  24519451  24520000  550  24531407  24531967  561  93.94  624
24654032  24656716  2685  24654032  24654172  141  24656586  24656716  131  89.36  624
24676748  24690410  13663  24676748  24677166  419  24690001  24690410  410  94.03  624
24868359  24870304  1946  24868359  24868589  231  24870076  24870304  229  87.01  624
25020823  25022669  1847  25020823  25021313  491  25022186  25022669  484  96.13  624
25104427  25108103  3677  25104427  25104554  128  25107979  25108103  125  89.84  624
25116581  25131209  14629  25116581  25116755  175  25131054  25131209  156  86.29  624
25359577  25363355  3779  25359577  25359741  165  25363186  25363355  170  87.06  624
25698988  25702738  3751  25698988  25699126  139  25702600  25702738  139  87.77  624
25714980  25726689  11710  25714980  25715137  158  25726526  25726689  164  87.20  624
25750966  25753659  2694  25750966  25751512  547  25753144  25753659  516  90.49  624
25765675  25771438  5764  25765675  25766035  361  25771104  25771438  335  90.58  624
25779434  25781920  2487  25779434  25779648  215  25781709  25781920  212  93.49  624
25867055  25868659  1605  25867055  25867203  149  25868515  25868659  145  91.28  624
25872640  25880267  7628  25872640  25872846  207  25880061  25880267  207  90.82  624
26180716  26183540  2825  26180716  26180935  220  26183328  26183540  213  86.82  624
26241778  26246621  4844  26241778  26242079  302  26246298  26246621  324  93.21  624
26380338  26381732  1395  26380338  26380536  199  26381529  26381732  204  86.76  624
26493329  26498411  5083  26493329  26493454  126  26498276  26498411  136  87.50  624
26526929  26529980  3052  26526929  26527386  458  26529509  26529980  472  93.64  624
26579876  26582449  2574  26579876  26580199  324  26582116  26582449  334  90.42  624
26757982  26760515  2534  26757982  26758189  208  26760336  26760515  180  86.54  624
26873601  26880249  6649  26873601  26873795  195  26880046  26880249  204  86.76  624
27071513  27077944  6432  27071513  27071791  279  27077671  27077944  274  88.89  624
27174079  27183817  9739  27174079  27174371  293  27183549  27183817  269  90.78  624
27186144  27187688  1545  27186144  27186435  292  27187392  27187688  297  87.21  624
27188762  27196608  7847  27188762  27188881  120  27196493  27196608  116  85.00  624
27316180  27317952  1773  27316180  27316559  380  27317571  27317952  382  90.84  624
27412804  27414735  1932  27412804  27413341  538  27414197  27414735  539  95.18  624
27502873  27510178  7306  27502873  27503074  202  27509986  27510178  193  85.64  624
27660401  27663541  3141  27660401  27660583  183  27663385  27663541  157  85.79  624
27862384  27876315  13932  27862384  27862740  357  27875973  27876315  343  96.08  624
27898483  27900976  2494  27898483  27898661  179  27900796  27900976  181  88.40  624
27913647  27923640  9994  27913647  27913993  347  27923283  27923640  358  93.02  624
27944315  27957782  13468  27944315  27944610  296  27957477  27957782  306  93.46  624
28007450  28023099  15650  28007450  28008196  747  28022341  28023099  759  97.10  624
28100988  28103092  2105  28100988  28101233  246  28102851  28103092  242  93.09  624
28161988  28165273  3286  28161988  28162243  256  28164992  28165273  282  85.46  624
28305970  28308382  2413  28305970  28306192  223  28308148  28308382  235  89.79  624
28349261  28364358  15098  28349261  28349588  328  28364039  28364358  320  90.55  624
28369340  28371055  1716  28369340  28369520  181  28370874  28371055  182  85.16  624
28397590  28412945  15356  28397590  28398186  597  28412350  28412945  596  99.83  624
28446930  28456676  9747  28446930  28447403  474  28456202  28456676  475  99.79  624
28531936  28535806  3871  28531936  28532241  306  28535507  28535806  300  94.44  624
28569502  28576077  6576  28569502  28569854  353  28575717  28576077  361  96.95  624
28708551  28710876  2326  28708551  28708784  234  28710665  28710876  212  87.18  624
28724030  28738933  14904  28724030  28724361  332  28738609  28738933  325  91.57  624
28761403  28763397  1995  28761403  28761663  261  28763134  28763397  264  88.64  624
28826639  28829118  2480  28826639  28826782  144  28828978  28829118  141  87.50  624
28859351  28863723  4373  28859351  28859808  458  28863272  28863723  452  95.41  624
29144679  29146586  1908  29144679  29144794  116  29146473  29146586  114  88.79  624
29320378  29322624  2247  29320378  29320526  149  29322493  29322624  132  88.59  624
29967900  29977595  9696  29967900  29968052  153  29977445  29977595  151  86.27  624
29996812  29999867  3056  29996812  29996916  105  29999764  29999867  104  85.71  624
30019111  30025928  6818  30019111  30019619  509  30025423  30025928  506  96.46  624
30134434  30137698  3265  30134434  30134790  357  30137339  30137698  360  98.06  624
30199998  30201927  1930  30199998  30200394  397  30201529  30201927  399  96.49  624
30348224  30353710  5487  30348224  30348568  345  30353374  30353710  337  93.91  624
30385813  30389874  4062  30385813  30386042  230  30389626  30389874  249  86.75  624
30432492  30434315  1824  30432492  30432873  382  30433948  30434315  368  94.24  624
30546683  30549965  3283  30546683  30547133  451  30549504  30549965  462  90.48  624
30681804  30683759  1956  30681804  30682189  386  30683367  30683759  393  95.67  624
30685342  30698611  13270  30685342  30686233  892  30697738  30698611  874  91.59  624
30796420  30798614  2195  30796420  30796701  282  30798315  30798614  300  87.00  624
30879519  30882302  2784  30879519  30879719  201  30882098  30882302  205  86.83  624
30939675  30943481  3807  30939675  30939898  224  30943251  30943481  231  91.77  624
30979887  30983853  3967  30979887  30980322  436  30983416  30983853  438  92.24  624
31019731  31021043  1313  31019731  31019832  102  31020940  31021043  104  89.42  624
31048349  31057411  9063  31048349  31048734  386  31057019  31057411  393  97.20  624
31062409  31072826  10418  31062409  31062831  423  31072390  31072826  437  94.05  624
31189738  31191507  1770  31189738  31190109  372  31191132  31191507  376  92.02  624
31232279  31244437  12159  31232279  31232758  480  31243958  31244437  480  97.50  624
31290045  31294551  4507  31290045  31290679  635  31293894  31294551  658  95.29  624
31306448  31316465  10018  31306448  31306780  333  31316157  31316465  309  90.09  624
31464384  31471256  6873  31464384  31464729  346  31470916  31471256  341  95.09  624
31472458  31479094  6637  31472458  31472847  390  31478695  31479094  400  95.00  624
31739593  31749076  9484  31739593  31739833  241  31748832  31749076  245  86.94  624
31800257  31803902  3646  31800257  31800485  229  31803669  31803902  234  90.17  624
31835283  31838136  2854  31835283  31835557  275  31837860  31838136  277  89.53  624
31897277  31910749  13473  31897277  31898048  772  31909979  31910749  771  94.17  624
31944847  31948554  3708  31944847  31945057  211  31948357  31948554  198  85.31  624
31958339  31969222  10884  31958339  31958495  157  31969057  31969222  166  89.16  624
31991469  31992753  1285  31991469  31991600  132  31992622  31992753  132  95.45  624
32122616  32127048  4433  32122616  32122989  374  32126697  32127048  352  90.64  624
32204244  32214984  10741  32204244  32204397  154  32214835  32214984  150  88.96  624
32231206  32237057  5852  32231206  32231514  309  32236750  32237057  308  98.71  624
32242055  32244057  2003  32242055  32242281  227  32243833  32244057  225  85.46  624
32372834  32374828  1995  32372834  32373029  196  32374625  32374828  204  85.78  624
32716659  32719046  2388  32716659  32717000  342  32718734  32719046  313  85.96  624
32782353  32784708  2356  32782353  32782917  565  32784152  32784708  557  96.11  624
32826172  32834322  8151  32826172  32826300  129  32834202  32834322  121  85.27  624
32943120  32944741  1622  32943120  32943363  244  32944485  32944741  257  92.22  624
33026921  33036098  9178  33026921  33027171  251  33035825  33036098  274  90.15  624
33158068  33162008  3941  33158068  33158324  257  33161758  33162008  251  91.05  624
33258574  33260523  1950  33258574  33258735  162  33260381  33260523  143  87.04  624
65372  67135  1764  65372  65520  149  66982  67135  154  90.26  625
95019  98572  3554  95019  95431  413  98148  98572  425  93.88  625
347960  350121  2162  347960  348642  683  349421  350121  701  93.30  625
428244  429903  1660  428244  428562  319  429593  429903  311  94.36  625
551098  553615  2518  551098  551257  160  553448  553615  168  88.10  625
584667  594859  10193  584667  584814  148  594705  594859  155  92.90  625
689666  691988  2323  689666  689767  102  691885  691988  104  95.19  625
805854  810019  4166  805854  806029  176  809851  810019  169  90.34  625
810263  822034  11772  810263  810379  117  821911  822034  124  89.52  625
835888  850724  14837  835888  836213  326  850395  850724  330  93.03  625
859399  861229  1831  859399  859503  105  861126  861229  104  89.52  625
862114  867428  5315  862114  862319  206  867221  867428  208  91.83  625
872252  880283  8032  872252  872695  444  879805  880283  479  92.28  625
928507  930797  2291  928507  928816  310  930508  930797  290  88.06  625
963467  967942  4476  963467  963763  297  967647  967942  296  89.90  625
986838  989541  2704  986838  986951  114  989418  989541  124  88.71  625
1059343  1062098  2756  1059343  1059503  161  1061935  1062098  164  93.90  625
1095825  1098832  3008  1095825  1096028  204  1098631  1098832  202  85.29  625
1143901  1152410  8510  1143901  1144010  110  1152307  1152410  104  93.64  625
1815376  1817066  1691  1815376  1815781  406  1816650  1817066  417  89.21  625
1934444  1936399  1956  1934444  1934659  216  1936190  1936399  210  89.81  625
2180581  2184123  3543  2180581  2180765  185  2183912  2184123  212  87.26  625
2365269  2369000  3732  2365269  2365503  235  2368759  2369000  242  88.84  625
2517017  2519454  2438  2517017  2517206  190  2519262  2519454  193  85.49  625
2538053  2540316  2264  2538053  2538415  363  2539948  2540316  369  88.62  625
2633804  2638604  4801  2633804  2633989  186  2638421  2638604  184  88.17  625
2708594  2714865  6272  2708594  2708717  124  2714737  2714865  129  86.05  625
2943054  2946182  3129  2943054  2943168  115  2946071  2946182  112  87.83  625
3002620  3009288  6669  3002620  3002794  175  3009104  3009288  185  91.35  625
3036766  3039267  2502  3036766  3036975  210  3039053  3039267  215  89.77  625
3089619  3092297  2679  3089619  3089739  121  3092168  3092297  130  86.92  625
3100327  3112364  12038  3100327  3100443  117  3112243  3112364  122  85.25  625
3130269  3132787  2519  3130269  3130858  590  3132198  3132787  590  86.61  625
3140566  3142921  2356  3140566  3140679  114  3142807  3142921  115  91.30  625
3508661  3510386  1726  3508661  3508811  151  3510233  3510386  154  88.96  625
3512864  3515350  2487  3512864  3513205  342  3515013  3515350  338  85.96  625
3550739  3559401  8663  3550739  3550928  190  3559223  3559401  179  89.47  625
3568031  3576996  8966  3568031  3568199  169  3576827  3576996  170  94.12  625
3577106  3586331  9226  3577106  3577259  154  3586160  3586331  172  86.05  625
3763755  3774536  10782  3763755  3764175  421  3774140  3774536  397  92.64  625
3782269  3784691  2423  3782269  3782437  169  3784507  3784691  185  90.27  625
4346555  4353518  6964  4346555  4346960  406  4353123  4353518  396  94.83  625
4451557  4454771  3215  4451557  4451819  263  4454507  4454771  265  96.60  625
4578083  4581784  3702  4578083  4578301  219  4581580  4581784  205  87.67  625
4613493  4615423  1931  4613493  4613632  140  4615280  4615423  144  89.58  625
4629548  4638432  8885  4629548  4629673  126  4638305  4638432  128  85.94  625
4638836  4642419  3584  4638836  4639123  288  4642144  4642419  276  87.15  625
4660089  4664617  4529  4660089  4660831  743  4663842  4664617  776  95.49  625
4691869  4698097  6229  4691869  4692108  240  4697888  4698097  210  85.83  625
4704412  4706125  1714  4704412  4704536  125  4706003  4706125  123  86.40  625
4722172  4727719  5548  4722172  4722452  281  4727425  4727719  295  91.19  625
4733146  4735303  2158  4733146  4733294  149  4735162  4735303  142  90.60  625
4745349  4750806  5458  4745349  4745597  249  4750587  4750806  220  86.35  625
4831283  4844929  13647  4831283  4831385  103  4844830  4844929  100  86.41  625
4878805  4884734  5930  4878805  4878979  175  4884560  4884734  175  91.43  625
4947225  4949911  2687  4947225  4947423  199  4949693  4949911  219  89.95  625
5008989  5011131  2143  5008989  5009188  200  5010944  5011131  188  86.00  625
5020089  5023442  3354  5020089  5020252  164  5023276  5023442  167  85.03  625
5091011  5105913  14903  5091011  5091124  114  5105796  5105913  118  88.98  625
5109707  5121162  11456  5109707  5109978  272  5120880  5121162  283  87.99  625
5189106  5191764  2659  5189106  5189783  678  5191095  5191764  670  93.95  625
5317386  5319302  1917  5317386  5317789  404  5318902  5319302  401  87.62  625
5344600  5347400  2801  5344600  5344857  258  5347157  5347400  244  86.43  625
5352089  5361690  9602  5352089  5352364  276  5361417  5361690  274  90.94  625
5365644  5371601  5958  5365644  5365786  143  5371456  5371601  146  91.10  625
5374851  5388499  13649  5374851  5374980  130  5388369  5388499  131  90.08  625
5398094  5409823  11730  5398094  5398942  849  5408970  5409823  854  93.79  625
5411994  5414101  2108  5411994  5412570  577  5413520  5414101  582  85.05  625
5424377  5430760  6384  5424377  5424993  617  5430127  5430760  634  88.64  625
5432220  5438828  6609  5432220  5432439  220  5438620  5438828  209  89.55  625
5439052  5441975  2924  5439052  5439701  650  5441348  5441975  628  93.69  625
5453532  5455613  2082  5453532  5454097  566  5455065  5455613  549  86.75  625
5926598  5928495  1898  5926598  5927026  429  5928070  5928495  426  99.07  625
5995179  5997799  2621  5995179  5995389  211  5997574  5997799  226  85.40  625
6190132  6192805  2674  6190132  6190304  173  6192651  6192805  155  89.02  625
6311311  6313597  2287  6311311  6311444  134  6313475  6313597  123  85.82  625
6340480  6341814  1335  6340480  6340667  188  6341622  6341814  193  90.16  625
6355813  6357529  1717  6355813  6355947  135  6357403  6357529  127  85.19  625
6571695  6573067  1373  6571695  6571921  227  6572853  6573067  215  92.07  625
6575998  6580923  4926  6575998  6576104  107  6580814  6580923  110  89.09  625
6682538  6686551  4014  6682538  6682678  141  6686407  6686551  145  86.90  625
6709263  6712588  3326  6709263  6709719  457  6712138  6712588  451  93.87  625
6722660  6726944  4285  6722660  6722995  336  6726591  6726944  354  87.85  625
6726987  6729079  2093  6726987  6727516  530  6728554  6729079  526  89.43  625
6734513  6739841  5329  6734513  6734660  148  6739687  6739841  155  85.16  625
6897650  6901830  4181  6897650  6897781  132  6901699  6901830  132  85.61  625
7002131  7004742  2612  7002131  7002392  262  7004475  7004742  268  85.07  625
7032387  7035890  3504  7032387  7032553  167  7035729  7035890  162  86.83  625
7139127  7153646  14520  7139127  7139464  338  7153310  7153646  337  94.67  625
7250281  7251557  1277  7250281  7250492  212  7251346  7251557  212  86.32  625
7276520  7282203  5684  7276520  7276638  119  7282085  7282203  119  95.80  625
7543741  7546923  3183  7543741  7543921  181  7546732  7546923  192  93.23  625
7599303  7600822  1520  7599303  7599421  119  7600710  7600822  113  91.60  625
7627553  7629822  2270  7627553  7627726  174  7629643  7629822  180  85.56  625
7660479  7662311  1833  7660479  7660970  492  7661817  7662311  495  92.12  625
7715062  7722368  7307  7715062  7715323  262  7722104  7722368  265  87.55  625
7798498  7804882  6385  7798498  7798651  154  7804736  7804882  147  87.01  625
8353392  8363248  9857  8353392  8354074  683  8362543  8363248  706  95.89  625
8479406  8481017  1612  8479406  8479684  279  8480744  8481017  274  91.76  625
8592449  8593794  1346  8592449  8592611  163  8593634  8593794  161  85.89  625
8795150  8798475  3326  8795150  8795390  241  8798231  8798475  245  86.53  625
8852307  8860954  8648  8852307  8852665  359  8860604  8860954  351  90.53  625
8918787  8920624  1838  8918787  8918912  126  8920505  8920624  120  89.68  625
8921301  8924414  3114  8921301  8921462  162  8924248  8924414  167  87.43  625
8983217  8984940  1724  8983217  8983335  119  8984820  8984940  121  91.74  625
9001466  9003432  1967  9001466  9001738  273  9003141  9003432  292  93.49  625
9040487  9043241  2755  9040487  9040610  124  9043106  9043241  136  91.18  625
9068795  9071589  2795  9068795  9068993  199  9071386  9071589  204  87.75  625
9100735  9114463  13729  9100735  9100868  134  9114331  9114463  133  89.55  625
9126744  9129511  2768  9126744  9126895  152  9129357  9129511  155  87.74  625
9275763  9277561  1799  9275763  9275997  235  9277326  9277561  236  86.02  625
9339581  9345182  5602  9339581  9339874  294  9344871  9345182  312  87.82  625
9362417  9364343  1927  9362417  9362642  226  9364116  9364343  228  87.28  625
9369850  9371349  1500  9369850  9370012  163  9371192  9371349  158  85.28  625
9444575  9448221  3647  9444575  9444721  147  9448075  9448221  147  87.76  625
9481836  9484091  2256  9481836  9482345  510  9483578  9484091  514  93.58  625
9500593  9502543  1951  9500593  9500799  207  9502340  9502543  204  85.51  625
9556770  9562241  5472  9556770  9557608  839  9561419  9562241  823  86.29  625
9597433  9606846  9414  9597433  9597711  279  9606562  9606846  285  87.02  625
9632513  9644834  12322  9632513  9632913  401  9644409  9644834  426  93.90  625
9687078  9694814  7737  9687078  9687368  291  9694502  9694814  313  90.10  625
9704849  9706842  1994  9704849  9705316  468  9706433  9706842  410  86.75  625
9777294  9778891  1598  9777294  9777661  368  9778535  9778891  357  95.65  625
9992497  9996303  3807  9992497  9992724  228  9996070  9996303  234  89.74  625
9997952  10000606  2655  9997952  9998112  161  10000456  10000606  151  88.20  625
10001454  10006231  4778  10001454  10002134  681  10005558  10006231  674  91.34  625
10008512  10010227  1716  10008512  10008682  171  10010057  10010227  171  90.06  625
10032951  10034964  2014  10032951  10033215  265  10034716  10034964  249  92.08  625
10038319  10043164  4846  10038319  10038488  170  10042992  10043164  173  90.75  625
10070745  10075478  4734  10070745  10070975  231  10075247  10075478  232  94.40  625
10083579  10090238  6660  10083579  10083811  233  10090008  10090238  231  92.70  625
10099517  10101413  1897  10099517  10099777  261  10101144  10101413  270  87.41  625
10127244  10129894  2651  10127244  10127396  153  10129750  10129894  145  88.89  625
10165325  10170723  5399  10165325  10165811  487  10170285  10170723  439  88.30  625
10178196  10180205  2010  10178196  10178430  235  10179982  10180205  224  85.96  625
10181411  10183260  1850  10181411  10181542  132  10183121  10183260  140  85.00  625
10190055  10192924  2870  10190055  10190244  190  10192744  10192924  181  85.79  625
10420674  10423949  3276  10420674  10421643  970  10422990  10423949  960  95.15  625
10748785  10752845  4061  10748785  10749242  458  10752404  10752845  442  94.54  625
10836340  10844217  7878  10836340  10836509  170  10844039  10844217  179  94.41  625
10877188  10887192  10005  10877188  10877315  128  10887064  10887192  129  86.05  625
11002818  11004102  1285  11002818  11003008  191  11003908  11004102  195  86.15  625
11097287  11098840  1554  11097287  11097439  153  11098692  11098840  149  92.16  625
11148627  11155075  6449  11148627  11148990  364  11154732  11155075  344  93.41  625
11241955  11244065  2111  11241955  11242100  146  11243929  11244065  137  91.10  625
11342357  11357425  15069  11342357  11342467  111  11357318  11357425  108  93.69  625
11430673  11432269  1597  11430673  11430812  140  11432142  11432269  128  89.29  625
11433773  11436204  2432  11433773  11434203  431  11435745  11436204  460  85.65  625
11523783  11525777  1995  11523783  11523963  181  11525603  11525777  175  86.74  625
11547696  11549385  1690  11547696  11547833  138  11549245  11549385  141  92.20  625
11596210  11605876  9667  11596210  11596407  198  11605681  11605876  196  90.40  625
11640698  11645510  4813  11640698  11641116  419  11645083  11645510  428  87.85  625
11829717  11832320  2604  11829717  11830153  437  11831872  11832320  449  85.08  625
11832728  11838577  5850  11832728  11832959  232  11838343  11838577  235  91.49  625
11946914  11951423  4510  11946914  11947159  246  11951186  11951423  238  95.53  625
12026069  12028276  2208  12026069  12026234  166  12028109  12028276  168  90.48  625
12031492  12033880  2389  12031492  12031969  478  12033410  12033880  471  88.49  625
12077886  12085190  7305  12077886  12078335  450  12084738  12085190  453  86.31  625
12177064  12179926  2863  12177064  12177301  238  12179701  12179926  226  88.24  625
12184794  12186989  2196  12184794  12184953  160  12186833  12186989  157  86.88  625
12187583  12189765  2183  12187583  12187975  393  12189402  12189765  364  89.82  625
12191592  12193006  1415  12191592  12191948  357  12192669  12193006  338  92.16  625
12193144  12195352  2209  12193144  12193403  260  12195097  12195352  256  95.38  625
12235538  12237127  1590  12235538  12235896  359  12236771  12237127  357  89.69  625
12374284  12376450  2167  12374284  12374484  201  12376242  12376450  209  89.00  625
12404650  12410544  5895  12404650  12405306  657  12409892  12410544  653  88.89  625
12421174  12424125  2952  12421174  12421564  391  12423754  12424125  372  94.88  625
12529891  12532335  2445  12529891  12530333  443  12531890  12532335  446  89.46  625
12532874  12535322  2449  12532874  12533297  424  12534897  12535322  426  96.01  625
12536306  12540893  4588  12536306  12536732  427  12540478  12540893  416  93.21  625
12612365  12616812  4448  12612365  12612740  376  12616432  12616812  381  89.76  625
12630321  12632001  1681  12630321  12630786  466  12631534  12632001  468  88.25  625
12666393  12671612  5220  12666393  12666630  238  12671384  12671612  229  94.12  625
12726883  12729476  2594  12726883  12727026  144  12729335  12729476  142  86.81  625
12759072  12770787  11716  12759072  12759317  246  12770567  12770787  221  86.99  625
12805207  12810685  5479  12805207  12805377  171  12810518  12810685  168  86.55  625
12912038  12915363  3326  12912038  12912259  222  12915139  12915363  225  91.56  625
12927767  12929846  2080  12927767  12927875  109  12929732  12929846  115  93.91  625
12932906  12935264  2359  12932906  12933295  390  12934869  12935264  396  85.35  625
13002932  13005295  2364  13002932  13003041  110  13005180  13005295  116  88.79  625
13124813  13130559  5747  13124813  13124944  132  13130424  13130559  136  86.03  625
13150675  13152478  1804  13150675  13150913  239  13152240  13152478  239  88.28  625
13175701  13177608  1908  13175701  13176129  429  13177167  13177608  442  90.50  625
13192145  13194344  2200  13192145  13192325  181  13194175  13194344  170  90.06  625
13204076  13208567  4492  13204076  13204210  135  13208442  13208567  126  85.93  625
13214114  13216561  2448  13214114  13214253  140  13216423  13216561  139  94.29  625
13507744  13509844  2101  13507744  13507875  132  13509713  13509844  132  93.18  625
13533811  13535517  1707  13533811  13534250  440  13535078  13535517  440  92.73  625
13593142  13600210  7069  13593142  13593472  331  13599892  13600210  319  87.61  625
13600965  13602926  1962  13600965  13601081  117  13602803  13602926  124  86.29  625
13939103  13941847  2745  13939103  13939274  172  13941677  13941847  171  89.53  625
13989950  13991931  1982  13989950  13990066  117  13991826  13991931  106  87.18  625
14003243  14011550  8308  14003243  14003388  146  14011407  14011550  144  89.04  625
14058147  14060262  2116  14058147  14058333  187  14060100  14060262  163  87.17  625
14174969  14187057  12089  14174969  14175074  106  14186954  14187057  104  97.17  625
14406603  14409533  2931  14406603  14407086  484  14409056  14409533  478  96.28  625
14512832  14518533  5702  14512832  14513134  303  14518234  14518533  300  90.10  625
14661859  14663920  2062  14661859  14661974  116  14663810  14663920  111  87.07  625
14735046  14744917  9872  14735046  14735167  122  14744800  14744917  118  87.70  625
14805198  14815939  10742  14805198  14805367  170  14815764  14815939  176  94.32  625
15069779  15073459  3681  15069779  15069893  115  15073345  15073459  115  86.96  625
15088046  15093401  5356  15088046  15088495  450  15092958  15093401  444  92.00  625
15097650  15099188  1539  15097650  15097928  279  15098902  15099188  287  87.80  625
15103325  15105264  1940  15103325  15103800  476  15104791  15105264  474  98.53  625
15187630  15193879  6250  15187630  15187768  139  15193731  15193879  149  90.60  625
15196305  15198295  1991  15196305  15196488  184  15198115  15198295  181  86.41  625
15241408  15247758  6351  15241408  15241764  357  15247390  15247758  369  88.35  625
15268596  15273673  5078  15268596  15269111  516  15273172  15273673  502  94.96  625
15276656  15278177  1522  15276656  15276840  185  15277999  15278177  179  90.81  625
15552499  15555885  3387  15552499  15552974  476  15555412  15555885  474  91.60  625
15658150  15671116  12967  15658150  15658292  143  15670969  15671116  148  89.86  625
15757029  15759526  2498  15757029  15757222  194  15759346  15759526  181  90.72  625
15803462  15808620  5159  15803462  15803850  389  15808247  15808620  374  94.09  625
15812411  15816619  4209  15812411  15812953  543  15816095  15816619  525  93.92  625
15869881  15874611  4731  15869881  15870013  133  15874477  15874611  135  91.11  625
15909294  15914314  5021  15909294  15909450  157  15914162  15914314  153  89.17  625
15987297  15991931  4635  15987297  15987475  179  15991757  15991931  175  86.59  625
15993200  15995102  1903  15993200  15993317  118  15994974  15995102  129  91.47  625
16003051  16013906  10856  16003051  16003152  102  16013796  16013906  111  90.99  625
16031452  16035301  3850  16031452  16031650  199  16035114  16035301  188  87.44  625
16118364  16120607  2244  16118364  16118890  527  16120086  16120607  522  86.34  625
16149205  16151219  2015  16149205  16149379  175  16151061  16151219  159  85.14  625
16249239  16251292  2054  16249239  16249424  186  16251102  16251292  191  89.01  625
16542585  16547675  5091  16542585  16542708  124  16547545  16547675  131  91.60  625
16636319  16643479  7161  16636319  16636576  258  16643187  16643479  293  87.37  625
16806955  16810455  3501  16806955  16807212  258  16810214  16810455  242  88.76  625
17052785  17054098  1314  17052785  17053072  288  17053831  17054098  268  88.54  625
17055153  17062114  6962  17055153  17055487  335  17061775  17062114  340  97.06  625
17109884  17111693  1810  17109884  17110055  172  17111530  17111693  164  86.63  625
17128365  17132179  3815  17128365  17128572  208  17131937  17132179  243  85.60  625
17196701  17200827  4127  17196701  17196869  169  17200657  17200827  171  87.72  625
17204994  17210043  5050  17204994  17205200  207  17209833  17210043  211  88.63  625
17323334  17326558  3225  17323334  17323667  334  17326235  17326558  324  90.12  625
17333460  17336035  2576  17333460  17333629  170  17335870  17336035  166  92.94  625
17351748  17357258  5511  17351748  17352179  432  17356834  17357258  425  90.51  625
17505833  17516129  10297  17505833  17505953  121  17516013  17516129  117  89.26  625
17593376  17596544  3169  17593376  17593714  339  17596230  17596544  315  90.56  625
17621607  17624117  2511  17621607  17621979  373  17623742  17624117  376  89.89  625
17625784  17640003  14220  17625784  17626235  452  17639548  17640003  456  93.42  625
17709733  17711067  1335  17709733  17709932  200  17710869  17711067  199  88.00  625
17744543  17753081  8539  17744543  17744752  210  17752868  17753081  214  87.85  625
17764875  17766950  2076  17764875  17765114  240  17766689  17766950  262  87.02  625
17807207  17809615  2409  17807207  17807422  216  17809390  17809615  226  86.73  625
17992181  17993657  1477  17992181  17992474  294  17993342  17993657  316  88.29  625
18016128  18029457  13330  18016128  18016300  173  18029290  18029457  168  86.71  625
18075830  18080669  4840  18075830  18076057  228  18080442  18080669  228  89.47  625
18167866  18171030  3165  18167866  18167995  130  18170896  18171030  135  87.41  625
18484894  18494415  9522  18484894  18485020  127  18494294  18494415  122  88.98  625
18511582  18515624  4043  18511582  18511936  355  18515290  18515624  335  92.11  625
18518784  18526145  7362  18518784  18519035  252  18525866  18526145  280  89.64  625
18527149  18529310  2162  18527149  18527311  163  18529148  18529310  163  95.71  625
18561219  18563154  1936  18561219  18561400  182  18562964  18563154  191  90.58  625
18750011  18757087  7077  18750011  18750296  286  18756805  18757087  283  89.16  625
18764452  18767096  2645  18764452  18764682  231  18766875  18767096  222  85.28  625
18823867  18826880  3014  18823867  18824048  182  18826695  18826880  186  85.48  625
18838685  18840515  1831  18838685  18839138  454  18840064  18840515  452  91.85  625
18866390  18871863  5474  18866390  18866819  430  18871475  18871863  389  89.07  625
18920440  18922900  2461  18920440  18920571  132  18922771  18922900  130  87.88  625
18948481  18949915  1435  18948481  18948779  299  18949613  18949915  303  94.39  625
18956136  18965457  9322  18956136  18956613  478  18964979  18965457  479  99.79  625
19014230  19016454  2225  19014230  19014694  465  19015995  19016454  460  89.46  625
19018119  19020619  2501  19018119  19018641  523  19020103  19020619  517  88.72  625
19040424  19046899  6476  19040424  19040861  438  19046453  19046899  447  92.17  625
19070174  19072665  2492  19070174  19071077  904  19071767  19072665  899  91.15  625
19650014  19652226  2213  19650014  19650121  108  19652119  19652226  108  100.00  625
19696488  19698059  1572  19696488  19696592  105  19697952  19698059  108  92.59  625
19701471  19707768  6298  19701471  19701581  111  19707663  19707768  106  90.99  625
19724978  19732126  7149  19724978  19725106  129  19731999  19732126  128  88.37  625
19748358  19753612  5255  19748358  19748515  158  19753448  19753612  165  86.67  625
19836579  19847135  10557  19836579  19836680  102  19847029  19847135  107  93.46  625
20004117  20005796  1680  20004117  20004275  159  20005627  20005796  170  86.47  625
20060446  20069014  8569  20060446  20060776  331  20068680  20069014  335  98.81  625
20091828  20093941  2114  20091828  20091947  120  20093836  20093941  106  88.33  625
20257801  20262065  4265  20257801  20257944  144  20261919  20262065  147  87.76  625
20277273  20280112  2840  20277273  20277683  411  20279704  20280112  409  86.37  625
20300700  20303489  2790  20300700  20301040  341  20303140  20303489  350  90.00  625
20415809  20420378  4570  20415809  20416363  555  20419811  20420378  568  96.48  625
20454359  20456651  2293  20454359  20454568  210  20456434  20456651  218  96.33  625
20464138  20475320  11183  20464138  20464679  542  20474787  20475320  534  91.14  625
20480062  20494341  14280  20480062  20480406  345  20493987  20494341  355  94.93  625
20514411  20517345  2935  20514411  20514779  369  20516991  20517345  355  90.51  625
20518143  20526867  8725  20518143  20518349  207  20526669  20526867  199  94.69  625
20558753  20561126  2374  20558753  20558977  225  20560920  20561126  207  87.56  625
20617552  20620036  2485  20617552  20617720  169  20619868  20620036  169  89.94  625
20786291  20789030  2740  20786291  20786584  294  20788741  20789030  290  95.24  625
20837432  20841947  4516  20837432  20837657  226  20841704  20841947  244  88.93  625
