# args=-index /media/amir/DATA/work/RM_ANALYSIS/Mjavs/Mjavs_ltrharvest.index -mintsd 5 -maxtsd 100
# predictions are reported in the following way
# s(ret) e(ret) l(ret) s(lLTR) e(lLTR) l(lLTR) s(rLTR) e(rLTR) l(rLTR) sim(LTRs) seq-nr 
# where:
# s = starting position
# e = ending position
# l = length
# ret = LTR-retrotransposon
# lLTR = left LTR
# rLTR = right LTR
# sim = similarity
# seq-nr = sequence number
69603  71232  1630  69603  69739  137  71094  71232  139  98.56  0
73362  75432  2071  73362  73939  578  74846  75432  587  98.47  0
130696  134814  4119  130696  131418  723  134086  134814  729  98.49  3
32095  39295  7201  32095  32434  340  38959  39295  337  97.94  5
26176  27665  1490  26176  26511  336  27348  27665  318  91.67  7
90497  92899  2403  90497  90935  439  92486  92899  414  92.48  10
24033  25690  1658  24033  24552  520  25183  25690  508  96.54  13
47677  49271  1595  47677  47821  145  49127  49271  145  97.93  18
9986  13755  3770  9986  10704  719  13019  13755  737  96.61  24
14728  21430  6703  14728  14880  153  21287  21430  144  90.85  26
34807  49569  14763  34807  35641  835  48738  49569  832  99.16  30
50084  51997  1914  50084  50319  236  51753  51997  245  85.71  31
26056  27894  1839  26056  26673  618  27283  27894  612  95.63  33
86923  88808  1886  86923  87412  490  88354  88808  455  92.65  36
48  2293  2246  48  509  462  1789  2293  505  87.72  45
36145  37944  1800  36145  36377  233  37713  37944  232  90.99  45
12514  14342  1829  12514  12648  135  14218  14342  125  85.93  49
13426  18012  4587  13426  13617  192  17829  18012  184  90.62  51
3039  17798  14760  3039  3223  185  17599  17798  200  92.50  59
17816  25582  7767  17816  17930  115  25456  25582  127  90.55  59
19059  23235  4177  19059  19717  659  22579  23235  657  96.97  63
13331  17266  3936  13331  13619  289  16980  17266  287  93.08  65
11201  13861  2661  11201  11393  193  13680  13861  182  92.23  67
2904  9462  6559  2904  3647  744  8706  9462  757  98.28  71
8972  13725  4754  8972  9251  280  13426  13725  300  92.00  73
21740  26347  4608  21740  22308  569  25789  26347  559  96.66  73
8249  18072  9824  8249  8472  224  17854  18072  219  96.43  75
24481  26193  1713  24481  25109  629  25564  26193  630  92.22  80
11991  20614  8624  11991  12413  423  20176  20614  439  96.36  88
9578  10892  1315  9578  9788  211  10682  10892  211  92.42  94
33285  36725  3441  33285  33677  393  36337  36725  389  98.47  103
67377  71453  4077  67377  68224  848  70632  71453  822  95.75  109
19819  26333  6515  19819  20660  842  25474  26333  860  97.91  112
16392  21952  5561  16392  16563  172  21787  21952  166  96.51  115
2365  10752  8388  2365  2482  118  10639  10752  114  91.53  122
17272  18621  1350  17272  17550  279  18347  18621  275  87.10  128
168  4013  3846  168  1112  945  3065  4013  949  98.00  129
12911  15363  2453  12911  13078  168  15193  15363  171  88.89  129
10342  12038  1697  10342  10510  169  11879  12038  160  94.08  130
26159  29554  3396  26159  26494  336  29237  29554  318  94.64  138
8643  10559  1917  8643  9103  461  10066  10559  494  93.32  140
11991  15238  3248  11991  12469  479  14756  15238  483  97.93  140
818  13379  12562  818  1375  558  12831  13379  549  97.13  143
27342  31200  3859  27342  27830  489  30702  31200  499  96.59  152
8577  12188  3612  8577  8789  213  11986  12188  203  87.32  158
15720  19962  4243  15720  16286  567  19395  19962  568  97.89  158
24594  26283  1690  24594  25140  547  25754  26283  530  96.89  161
5435  9125  3691  5435  5610  176  8930  9125  196  89.29  163
14343  17825  3483  14343  14664  322  17505  17825  321  95.65  165
21542  26963  5422  21542  21793  252  26717  26963  247  93.25  167
12319  16361  4043  12319  12475  157  16212  16361  150  85.35  183
17933  27034  9102  17933  18212  280  26760  27034  275  98.21  183
558  2876  2319  558  1189  632  2232  2876  645  92.71  187
9783  15023  5241  9783  10734  952  14088  15023  936  98.11  190
34002  36157  2156  34002  34990  989  35205  36157  953  96.26  191
23164  24800  1637  23164  23290  127  24683  24800  118  88.19  192
1437  3629  2193  1437  1581  145  3501  3629  129  88.97  206
12810  14264  1455  12810  12948  139  14134  14264  131  90.65  209
17  9912  9896  17  289  273  9641  9912  272  87.91  213
7266  9238  1973  7266  7542  277  8960  9238  279  91.40  228
9670  15994  6325  9670  9789  120  15870  15994  125  89.60  229
19054  24168  5115  19054  19566  513  23658  24168  511  96.10  231
2563  4422  1860  2563  3323  761  3633  4422  790  95.70  246
35769  38372  2604  35769  36258  490  37882  38372  491  96.54  254
7018  10333  3316  7018  7847  830  9508  10333  826  97.95  265
20564  26160  5597  20564  21404  841  25329  26160  832  96.20  285
13396  15698  2303  13396  13546  151  15560  15698  139  86.75  296
10099  12370  2272  10099  10310  212  12152  12370  219  86.76  297
6986  17618  10633  6986  7170  185  17426  17618  193  92.23  298
576  3725  3150  576  748  173  3549  3725  177  92.09  300
18855  20329  1475  18855  19309  455  19887  20329  443  97.14  327
25156  28100  2945  25156  25318  163  27941  28100  160  90.80  331
23628  25588  1961  23628  24277  650  24936  25588  653  98.01  332
9919  13118  3200  9919  10241  323  12788  13118  331  90.33  339
15627  17549  1923  15627  16347  721  16857  17549  693  95.42  339
8221  17385  9165  8221  8477  257  17140  17385  246  88.72  353
20247  29597  9351  20247  20610  364  29238  29597  360  95.60  353
4430  7297  2868  4430  4594  165  7126  7297  172  87.79  354
4516  6976  2461  4516  5202  687  6277  6976  700  98.14  363
14283  21287  7005  14283  14514  232  21052  21287  236  92.80  367
15008  16880  1873  15008  15112  105  16766  16880  115  89.57  375
355  2623  2269  355  1224  870  1751  2623  873  97.82  376
30377  32932  2556  30377  31001  625  32317  32932  616  97.60  380
11580  18966  7387  11580  11797  218  18756  18966  211  90.37  384
13084  25873  12790  13084  14051  968  24918  25873  956  97.31  396
22007  25147  3141  22007  22220  214  24935  25147  213  95.33  397
11643  17406  5764  11643  12040  398  17037  17406  370  92.71  407
449  4637  4189  449  1294  846  3792  4637  846  99.17  414
3223  11683  8461  3223  3610  388  11326  11683  358  92.27  423
5716  8889  3174  5716  6222  507  8363  8889  527  93.74  427
1870  5897  4028  1870  1984  115  5784  5897  114  86.09  436
19112  20366  1255  19112  19316  205  20182  20366  185  87.80  439
9960  12425  2466  9960  10622  663  11767  12425  659  98.49  444
14248  17259  3012  14248  14454  207  17062  17259  198  94.69  451
23650  27044  3395  23650  24163  514  26545  27044  500  95.91  451
2461  17569  15109  2461  2584  124  17442  17569  128  96.88  454
1380  5964  4585  1380  1688  309  5677  5964  288  87.06  456
58955  64168  5214  58955  59329  375  63790  64168  379  91.82  456
21203  23615  2413  21203  21373  171  23433  23615  183  85.79  459
26101  32024  5924  26101  26956  856  31157  32024  868  96.43  459
12775  18144  5370  12775  13447  673  17463  18144  682  98.39  460
3059  12901  9843  3059  3852  794  12104  12901  798  98.62  461
7641  9932  2292  7641  7820  180  9738  9932  195  91.28  462
827  8664  7838  827  1182  356  8302  8664  363  96.42  463
29821  33857  4037  29821  30012  192  33667  33857  191  95.83  463
9778  15273  5496  9778  10282  505  14764  15273  510  97.06  468
3103  5363  2261  3103  3674  572  4804  5363  560  96.68  470
1486  5717  4232  1486  1979  494  5218  5717  500  94.80  472
10119  15084  4966  10119  10289  171  14925  15084  160  85.96  472
42  2389  2348  42  204  163  2236  2389  154  92.64  475
10472  13979  3508  10472  10611  140  13824  13979  156  86.54  479
19949  22708  2760  19949  20403  455  22251  22708  458  98.69  483
13080  20482  7403  13080  13306  227  20241  20482  242  88.84  487
8293  11077  2785  8293  8739  447  10625  11077  453  92.49  491
2196  13775  11580  2196  2494  299  13479  13775  297  95.99  494
11303  12750  1448  11303  11510  208  12555  12750  196  87.50  500
6930  10641  3712  6930  7869  940  9691  10641  951  98.84  504
13359  22975  9617  13359  13789  431  22541  22975  435  98.62  509
12645  13993  1349  12645  12900  256  13742  13993  252  86.72  510
2443  8256  5814  2443  2653  211  8027  8256  230  91.30  516
2261  3915  1655  2261  2748  488  3415  3915  501  96.81  520
7008  8295  1288  7008  7214  207  8098  8295  198  95.65  520
10430  11598  1169  10430  10562  133  11466  11598  133  85.71  520
15551  16938  1388  15551  15729  179  16768  16938  171  89.39  520
29308  33428  4121  29308  29668  361  33055  33428  374  90.37  520
382  3518  3137  382  810  429  3104  3518  415  95.80  523
3598  7364  3767  3598  3892  295  7078  7364  287  96.61  526
17851  25516  7666  17851  18111  261  25242  25516  275  88.36  534
7310  22828  15519  7310  8014  705  22137  22828  692  98.16  539
10710  13776  3067  10710  11469  760  12990  13776  787  96.44  540
12147  16424  4278  12147  12482  336  16111  16424  314  89.29  553
46  3455  3410  46  153  108  3349  3455  107  98.15  559
3176  17472  14297  3176  3456  281  17187  17472  286  96.15  569
131  3271  3141  131  371  241  2999  3271  273  87.55  572
14659  19220  4562  14659  15252  594  18619  19220  602  98.34  574
10778  15806  5029  10778  11022  245  15578  15806  229  92.24  581
23662  27343  3682  23662  23983  322  27030  27343  314  97.52  594
10208  11756  1549  10208  10481  274  11494  11756  263  90.88  616
20793  24124  3332  20793  21492  700  23482  24124  643  90.00  628
5446  8579  3134  5446  6087  642  7940  8579  640  94.24  635
3550  6791  3242  3550  3848  299  6486  6791  306  93.46  640
13119  15971  2853  13119  13269  151  15825  15971  147  94.70  641
22  1797  1776  22  389  368  1402  1797  396  92.93  687
12875  19279  6405  12875  13225  351  18956  19279  324  92.31  688
17310  19088  1779  17310  17438  129  18966  19088  123  94.57  698
6545  10634  4090  6545  6845  301  10341  10634  294  97.67  702
948  7057  6110  948  1153  206  6848  7057  210  86.19  703
10570  19419  8850  10570  11238  669  18778  19419  642  94.17  707
39847  44494  4648  39847  40003  157  44334  44494  161  88.82  709
7393  9945  2553  7393  7547  155  9801  9945  145  85.16  715
10161  12196  2036  10161  10519  359  11838  12196  359  93.31  716
7528  11054  3527  7528  7736  209  10841  11054  214  93.46  729
29221  32102  2882  29221  29403  183  31908  32102  195  87.69  731
18386  23064  4679  18386  18512  127  22940  23064  125  85.83  732
14607  19470  4864  14607  15356  750  18709  19470  762  97.64  735
14768  20283  5516  14768  15053  286  19989  20283  295  91.19  748
3971  6236  2266  3971  4139  169  6066  6236  171  85.96  751
8252  12030  3779  8252  8778  527  11505  12030  526  96.77  752
8  3443  3436  8  145  138  3285  3443  159  86.79  757
7791  12335  4545  7791  8066  276  12067  12335  269  95.29  769
4579  11200  6622  4579  5065  487  10738  11200  463  95.07  771
10889  17555  6667  10889  11228  340  17213  17555  343  97.96  781
718  10072  9355  718  1053  336  9716  10072  357  91.32  797
11821  13839  2019  11821  12247  427  13394  13839  446  95.52  824
395  3618  3224  395  971  577  3018  3618  601  95.01  825
10834  13435  2602  10834  10965  132  13315  13435  121  86.36  825
3067  5102  2036  3067  3270  204  4895  5102  208  88.46  827
3587  4997  1411  3587  3699  113  4898  4997  100  86.73  833
11042  12776  1735  11042  11511  470  12315  12776  462  98.30  845
4779  9224  4446  4779  4967  189  9060  9224  165  86.77  854
11669  15914  4246  11669  11768  100  15808  15914  107  85.98  857
10532  13408  2877  10532  10721  190  13217  13408  192  91.67  862
3147  5027  1881  3147  3253  107  4924  5027  104  93.46  876
12775  16026  3252  12775  13011  237  15811  16026  216  88.19  876
5808  7505  1698  5808  6263  456  7055  7505  451  93.86  878
22186  26016  3831  22186  22294  109  25912  26016  105  86.24  887
17  12176  12160  17  516  500  11664  12176  513  96.30  889
691  3579  2889  691  1052  362  3221  3579  359  98.07  892
3915  6387  2473  3915  4038  124  6270  6387  118  95.16  892
3783  9448  5666  3783  4139  357  9091  9448  358  97.21  915
3350  15398  12049  3350  3502  153  15247  15398  152  86.27  916
11420  18807  7388  11420  11836  417  18394  18807  414  90.89  934
594  3476  2883  594  781  188  3294  3476  183  86.70  945
14279  18124  3846  14279  14474  196  17930  18124  195  88.78  965
12062  13697  1636  12062  12395  334  13362  13697  336  94.35  967
4012  5854  1843  4012  4679  668  5204  5854  651  95.06  975
391  9345  8955  391  607  217  9132  9345  214  92.63  997
7987  15561  7575  7987  8263  277  15292  15561  270  94.58  998
11955  16338  4384  11955  12276  322  16000  16338  339  89.68  1018
638  10667  10030  638  948  311  10338  10667  330  92.12  1036
13164  20721  7558  13164  13455  292  20459  20721  263  89.38  1043
8394  12079  3686  8394  8596  203  11880  12079  200  87.68  1050
1571  14910  13340  1571  2565  995  13935  14910  976  96.58  1053
47  11514  11468  47  484  438  11067  11514  448  96.43  1062
6783  10860  4078  6783  7059  277  10580  10860  281  94.66  1065
9650  17952  8303  9650  10261  612  17343  17952  610  99.67  1070
20067  26828  6762  20067  20267  201  26621  26828  208  85.58  1076
735  4472  3738  735  931  197  4268  4472  205  86.83  1081
8980  14697  5718  8980  9234  255  14421  14697  277  85.56  1081
7992  10441  2450  7992  8165  174  10267  10441  175  97.71  1082
8  3096  3089  8  284  277  2816  3096  281  95.37  1088
3107  6354  3248  3107  3585  479  5872  6354  483  97.93  1093
3837  6258  2422  3837  4027  191  6056  6258  203  92.61  1099
9240  10805  1566  9240  9811  572  10253  10805  553  96.33  1102
11869  14549  2681  11869  12063  195  14362  14549  188  92.31  1102
8105  11023  2919  8105  8353  249  10785  11023  239  89.16  1109
7809  11431  3623  7809  8094  286  11161  11431  271  89.16  1113
8676  11938  3263  8676  9034  359  11593  11938  346  88.30  1116
18091  25667  7577  18091  18825  735  24925  25667  743  97.31  1123
2411  12021  9611  2411  2720  310  11721  12021  301  96.45  1131
2592  6508  3917  2592  2897  306  6208  6508  301  97.06  1139
8  4861  4854  8  647  640  4222  4861  640  97.81  1156
2930  6741  3812  2930  3689  760  5991  6741  751  98.82  1171
10303  12572  2270  10303  10458  156  12409  12572  164  93.29  1175
9475  11925  2451  9475  10244  770  11161  11925  765  99.09  1178
1009  6487  5479  1009  1466  458  6035  6487  453  96.07  1197
10628  12273  1646  10628  11229  602  11669  12273  605  98.84  1197
6520  8013  1494  6520  6713  194  7801  8013  213  87.32  1200
1943  6201  4259  1943  2079  137  6067  6201  135  90.51  1202
13877  17907  4031  13877  14109  233  17681  17907  227  95.28  1213
8347  11564  3218  8347  8718  372  11194  11564  371  95.43  1239
2568  13368  10801  2568  3081  514  12845  13368  524  98.09  1266
11266  16600  5335  11266  12107  842  15771  16600  830  97.15  1270
30  1524  1495  30  482  453  1051  1524  474  92.19  1301
13779  16082  2304  13779  14158  380  15705  16082  378  93.95  1302
7837  11470  3634  7837  8068  232  11244  11470  227  89.22  1305
1285  2725  1441  1285  1459  175  2554  2725  172  96.00  1319
4326  7024  2699  4326  4802  477  6559  7024  466  93.71  1325
408  1602  1195  408  554  147  1465  1602  138  93.88  1336
4376  10342  5967  4376  5169  794  9536  10342  807  96.16  1339
1458  9974  8517  1458  2306  849  9106  9974  869  97.58  1357
13831  16931  3101  13831  14150  320  16603  16931  329  97.26  1360
6691  8848  2158  6691  6799  109  8724  8848  125  87.20  1365
5268  6417  1150  5268  5371  104  6311  6417  107  91.59  1380
4094  7348  3255  4094  4550  457  6885  7348  464  94.40  1401
3114  5512  2399  3114  3810  697  4841  5512  672  95.27  1402
13031  15750  2720  13031  13140  110  15649  15750  102  90.00  1403
6729  9934  3206  6729  6957  229  9699  9934  236  97.03  1409
8553  12759  4207  8553  8678  126  12647  12759  113  87.30  1414
5881  11736  5856  5881  6226  346  11376  11736  361  95.57  1415
13504  15059  1556  13504  13830  327  14741  15059  319  87.77  1415
24766  26089  1324  24766  24909  144  25943  26089  147  86.39  1431
8952  10327  1376  8952  9268  317  10019  10327  309  90.22  1433
9158  11727  2570  9158  10132  975  10742  11727  986  97.87  1436
13374  15412  2039  13374  13967  594  14806  15412  607  92.26  1502
15  2264  2250  15  289  275  1962  2264  303  85.48  1508
8791  11281  2491  8791  9091  301  10988  11281  294  97.01  1536
5326  7448  2123  5326  5473  148  7303  7448  146  91.89  1551
14670  20141  5472  14670  14850  181  19963  20141  179  97.24  1552
12  2041  2030  12  727  716  1335  2041  707  98.32  1554
13407  22058  8652  13407  14064  658  21399  22058  660  96.06  1556
22218  28025  5808  22218  22349  132  27894  28025  132  90.15  1556
3881  6202  2322  3881  4647  767  5423  6202  780  97.05  1567
1692  12147  10456  1692  1945  254  11892  12147  256  87.11  1568
2603  14236  11634  2603  2803  201  14048  14236  189  87.06  1591
5442  7763  2322  5442  6208  767  6984  7763  780  97.05  1596
29153  30626  1474  29153  29614  462  30194  30626  433  93.07  1605
328  4217  3890  328  894  567  3647  4217  571  97.37  1638
5031  8172  3142  5031  5200  170  7986  8172  187  89.84  1649
22522  24217  1696  22522  22737  216  24028  24217  190  87.96  1649
6161  9489  3329  6161  6573  413  9082  9489  408  85.47  1650
60  4753  4694  60  280  221  4532  4753  222  95.50  1653
10765  17486  6722  10765  11033  269  17220  17486  267  88.10  1655
8265  12464  4200  8265  8850  586  11864  12464  601  97.50  1661
3560  7218  3659  3560  3730  171  7047  7218  172  88.37  1665
17424  19574  2151  17424  17581  158  19414  19574  161  91.30  1670
26704  29696  2993  26704  27230  527  29159  29696  538  97.96  1670
30897  33106  2210  30897  31078  182  32924  33106  183  85.79  1670
11477  13121  1645  11477  11975  499  12636  13121  486  97.39  1674
3298  6144  2847  3298  3486  189  5973  6144  172  87.83  1675
6702  10068  3367  6702  6856  155  9901  10068  168  88.10  1679
35  2467  2433  35  472  438  1995  2467  473  88.79  1681
328  8714  8387  328  1311  984  7716  8714  999  97.00  1692
3769  10875  7107  3769  4003  235  10661  10875  215  86.38  1693
1354  12995  11642  1354  1624  271  12721  12995  275  98.55  1700
7786  11899  4114  7786  8286  501  11408  11899  492  97.60  1703
7625  9218  1594  7625  8077  453  8767  9218  452  98.90  1705
14688  17314  2627  14688  14903  216  17095  17314  220  86.36  1712
1934  4832  2899  1934  2351  418  4415  4832  418  98.33  1714
9996  12477  2482  9996  10196  201  12281  12477  197  92.04  1721
6811  8077  1267  6811  6927  117  7972  8077  106  87.18  1733
4616  7028  2413  4616  4760  145  6893  7028  136  93.79  1745
10344  13102  2759  10344  10973  630  12481  13102  622  96.35  1745
12874  15888  3015  12874  13651  778  15118  15888  771  97.43  1770
2144  13392  11249  2144  2648  505  12908  13392  485  93.27  1779
1346  6990  5645  1346  1968  623  6387  6990  604  95.99  1784
12341  14210  1870  12341  12877  537  13672  14210  539  90.35  1792
89  1888  1800  89  334  246  1655  1888  234  85.77  1794
722  3316  2595  722  883  162  3159  3316  158  93.21  1797
17899  22097  4199  17899  18095  197  21893  22097  205  89.76  1802
5585  6947  1363  5585  5814  230  6726  6947  222  93.91  1830
1168  3265  2098  1168  1282  115  3148  3265  118  88.14  1846
2503  16626  14124  2503  2789  287  16346  16626  281  87.80  1856
6699  10020  3322  6699  7399  701  9290  10020  731  95.35  1864
1248  11067  9820  1248  1754  507  10597  11067  471  92.90  1866
26755  31076  4322  26755  27131  377  30702  31076  375  95.49  1874
11111  13007  1897  11111  11644  534  12485  13007  523  92.32  1904
3170  5928  2759  3170  3718  549  5391  5928  538  97.27  1915
3823  8043  4221  3823  4736  914  7145  8043  899  97.70  1929
2893  6020  3128  2893  3118  226  5796  6020  225  98.23  1938
1951  7110  5160  1951  2227  277  6861  7110  250  88.45  1939
11984  13972  1989  11984  12654  671  13307  13972  666  99.25  1951
1302  3861  2560  1302  1580  279  3573  3861  289  94.46  1957
3445  9193  5749  3445  3735  291  8897  9193  297  96.30  1977
796  7432  6637  796  990  195  7236  7432  197  92.89  2033
4869  6818  1950  4869  5418  550  6256  6818  563  97.51  2035
4733  12065  7333  4733  5034  302  11759  12065  307  89.90  2044
18  2614  2597  18  520  503  2109  2614  506  93.87  2077
7567  8946  1380  7567  7804  238  8693  8946  254  93.70  2120
4117  6152  2036  4117  4529  413  5732  6152  421  92.40  2128
2775  7372  4598  2775  2924  150  7227  7372  146  94.00  2133
3299  11491  8193  3299  4246  948  10549  11491  943  96.31  2147
912  4511  3600  912  1505  594  3905  4511  607  97.86  2154
5943  7612  1670  5943  6460  518  7119  7612  494  93.63  2155
6737  8988  2252  6737  7060  324  8671  8988  318  97.53  2156
58  6616  6559  58  497  440  6173  6616  444  96.40  2205
1094  2910  1817  1094  1227  134  2774  2910  137  89.05  2207
362  4262  3901  362  1034  673  3591  4262  672  98.66  2208
1513  7309  5797  1513  1825  313  7001  7309  309  92.97  2224
6773  10550  3778  6773  7216  444  10102  10550  449  97.10  2226
383  6201  5819  383  1182  800  5405  6201  797  94.00  2249
1526  2922  1397  1526  1681  156  2753  2922  170  85.29  2271
1284  7577  6294  1284  2258  975  6647  7577  931  95.38  2300
20  1527  1508  20  447  428  1079  1527  449  94.43  2305
14666  15998  1333  14666  14851  186  15825  15998  174  85.48  2360
685  8355  7671  685  1214  530  7824  8355  532  95.49  2363
3487  4807  1321  3487  3739  253  4565  4807  243  96.05  2391
2040  4889  2850  2040  2702  663  4243  4889  647  96.83  2403
9475  14174  4700  9475  9688  214  13960  14174  215  90.70  2416
1590  4471  2882  1590  1811  222  4253  4471  219  92.79  2419
3561  4952  1392  3561  3820  260  4687  4952  266  96.24  2460
7808  12525  4718  7808  8159  352  12192  12525  334  90.34  2463
847  3915  3069  847  1084  238  3668  3915  248  88.31  2476
508  3214  2707  508  855  348  2861  3214  354  98.31  2507
7976  11829  3854  7976  8077  102  11728  11829  102  88.24  2507
4617  6730  2114  4617  4996  380  6370  6730  361  86.05  2519
363  3406  3044  363  722  360  3048  3406  359  99.72  2538
5368  10248  4881  5368  5716  349  9923  10248  326  85.96  2542
591  1831  1241  591  768  178  1664  1831  168  87.64  2588
5655  6860  1206  5655  5843  189  6676  6860  185  86.24  2622
1550  6985  5436  1550  1745  196  6795  6985  191  86.73  2663
358  1995  1638  358  666  309  1714  1995  282  88.67  2694
22172  27619  5448  22172  22609  438  27193  27619  427  93.84  2706
29549  30763  1215  29549  29669  121  30630  30763  134  86.57  2707
31063  34151  3089  31063  31292  230  33919  34151  233  97.85  2708
6920  12595  5676  6920  7103  184  12419  12595  177  90.76  2709
4656  7724  3069  4656  5270  615  7111  7724  614  95.93  2711
8612  17557  8946  8612  8876  265  17300  17557  258  89.06  2711
21882  25512  3631  21882  22146  265  25246  25512  267  95.88  2711
11272  23227  11956  11272  11546  275  22954  23227  274  99.27  2713
11565  23586  12022  11565  11843  279  23324  23586  263  89.25  2714
9157  19027  9871  9157  9334  178  18865  19027  163  88.76  2721
14767  21564  6798  14767  15020  254  21313  21564  252  90.55  2723
10339  14437  4099  10339  10465  127  14304  14437  134  91.79  2724
497  2502  2006  497  951  455  2026  2502  477  89.73  2726
13121  16538  3418  13121  13276  156  16376  16538  163  93.25  2730
3814  8638  4825  3814  4000  187  8456  8638  183  93.58  2733
9943  16187  6245  9943  10119  177  16015  16187  173  93.79  2737
8216  9539  1324  8216  8326  111  9426  9539  114  96.49  2742
8804  12017  3214  8804  9080  277  11741  12017  277  100.00  2760
744  4648  3905  744  993  250  4400  4648  249  90.40  2766
4554  9032  4479  4554  4899  346  8686  9032  347  95.39  2774
4874  11398  6525  4874  5008  135  11259  11398  140  89.29  2777
3994  13623  9630  3994  4406  413  13212  13623  412  99.76  2782
9289  13532  4244  9289  9454  166  13360  13532  173  87.28  2786
603  10847  10245  603  759  157  10700  10847  148  86.62  2789
3341  6383  3043  3341  3808  468  5910  6383  474  98.31  2790
8736  13745  5010  8736  8980  245  13528  13745  218  87.76  2797
2705  5852  3148  2705  3016  312  5541  5852  312  93.91  2799
68  11566  11499  68  358  291  11289  11566  278  89.00  2802
12110  13380  1271  12110  12290  181  13199  13380  182  90.11  2805
1092  4168  3077  1092  1238  147  4028  4168  141  92.52  2808
6428  9130  2703  6428  6641  214  8911  9130  220  95.91  2808
2109  10560  8452  2109  2927  819  9755  10560  806  94.63  2828
86  12119  12034  86  227  142  11972  12119  148  93.24  2835
8623  11200  2578  8623  9132  510  10692  11200  509  99.41  2840
1509  7734  6226  1509  2148  640  7092  7734  643  97.51  2845
7672  10111  2440  7672  7838  167  9955  10111  157  88.62  2852
6155  8991  2837  6155  6404  250  8753  8991  239  94.00  2854
4629  7078  2450  4629  4734  106  6974  7078  105  91.51  2856
8310  10264  1955  8310  8580  271  10007  10264  258  85.24  2874
4526  7731  3206  4526  4895  370  7386  7731  346  89.73  2896
6454  9843  3390  6454  6574  121  9734  9843  110  85.12  2918
453  3045  2593  453  787  335  2708  3045  338  98.82  2919
1947  9618  7672  1947  2143  197  9410  9618  209  86.60  2923
5417  8692  3276  5417  5693  277  8416  8692  277  96.03  2940
6  9852  9847  6  288  283  9571  9852  282  96.11  2943
3995  7175  3181  3995  4246  252  6928  7175  248  88.89  2945
2128  4767  2640  2128  2420  293  4475  4767  293  92.83  2946
6093  9623  3531  6093  6267  175  9431  9623  193  85.49  2946
2204  8477  6274  2204  2422  219  8250  8477  228  87.28  2959
631  3654  3024  631  953  323  3340  3654  315  89.78  2961
7406  8999  1594  7406  7976  571  8415  8999  585  96.58  2964
788  4334  3547  788  1050  263  4098  4334  237  85.93  2984
5576  7361  1786  5576  5687  112  7245  7361  117  85.47  2986
1133  5949  4817  1133  1325  193  5758  5949  192  92.75  2990
2060  3392  1333  2060  2194  135  3260  3392  133  88.89  2994
1217  2621  1405  1217  1403  187  2435  2621  187  100.00  2997
2307  4718  2412  2307  2477  171  4548  4718  171  88.89  3039
1068  2523  1456  1068  1174  107  2422  2523  102  90.65  3046
6  4662  4657  6  387  382  4281  4662  382  94.50  3067
3208  7121  3914  3208  4025  818  6304  7121  818  96.21  3071
2473  3614  1142  2473  2584  112  3500  3614  115  93.04  3072
3141  5070  1930  3141  3637  497  4553  5070  518  95.56  3079
651  5753  5103  651  822  172  5597  5753  157  88.37  3116
2465  6813  4349  2465  2961  497  6307  6813  507  90.53  3152
6090  7324  1235  6090  6308  219  7102  7324  223  88.79  3171
1101  3367  2267  1101  1342  242  3126  3367  242  99.17  3198
3045  6207  3163  3045  3229  185  6036  6207  172  85.95  3212
2801  6223  3423  2801  3000  200  6038  6223  186  85.00  3257
601  1929  1329  601  747  147  1769  1929  161  86.34  3274
3830  5761  1932  3830  4034  205  5555  5761  207  93.72  3286
1165  2523  1359  1165  1362  198  2323  2523  201  97.01  3323
4502  6158  1657  4502  4649  148  6009  6158  150  97.33  3324
57  5503  5447  57  169  113  5384  5503  120  89.17  3353
2481  4002  1522  2481  2672  192  3811  4002  192  100.00  3406
1939  5171  3233  1939  2253  315  4846  5171  326  94.79  3416
821  3675  2855  821  1254  434  3208  3675  468  92.09  3418
35  5828  5794  35  521  487  5309  5828  520  92.88  3419
2579  4741  2163  2579  2883  305  4449  4741  293  94.10  3421
1866  5758  3893  1866  2014  149  5604  5758  155  90.32  3430
7  2393  2387  7  227  221  2163  2393  231  88.31  3431
1646  3838  2193  1646  1869  224  3607  3838  232  96.12  3488
864  2381  1518  864  1062  199  2181  2381  201  94.53  3504
2991  5420  2430  2991  3269  279  5140  5420  281  87.54  3509
69  3357  3289  69  436  368  2995  3357  363  87.77  3520
2831  4550  1720  2831  3287  457  4076  4550  475  95.16  3548
1645  4486  2842  1645  1842  198  4275  4486  212  87.74  3563
327  3693  3367  327  578  252  3465  3693  229  89.68  3587
3864  5033  1170  3864  4028  165  4865  5033  169  92.31  3594
588  3369  2782  588  1105  518  2847  3369  523  95.41  3627
364  5149  4786  364  818  455  4708  5149  442  96.92  3685
567  1848  1282  567  697  131  1732  1848  117  89.31  3719
1360  3232  1873  1360  1488  129  3117  3232  116  86.05  3824
626  4528  3903  626  1542  917  3618  4528  911  94.44  3863
581  3620  3040  581  705  125  3494  3620  127  85.04  3873
213  4435  4223  213  351  139  4303  4435  133  92.81  3897
346  4166  3821  346  624  279  3868  4166  299  86.96  3956
11  4309  4299  11  857  847  3440  4309  870  94.94  3962
537  1790  1254  537  646  110  1685  1790  106  88.18  3975
2970  4250  1281  2970  3184  215  4032  4250  219  95.89  3992
1864  4039  2176  1864  2081  218  3824  4039  216  92.66  4027
1110  3519  2410  1110  1372  263  3261  3519  259  89.35  4062
585  2623  2039  585  1112  528  2068  2623  556  91.37  4094
300  3789  3490  300  448  149  3644  3789  146  91.28  4105
18  4001  3984  18  293  276  3717  4001  285  91.23  4122
699  3977  3279  699  1348  650  3343  3977  635  92.62  4125
150  1282  1133  150  259  110  1170  1282  113  92.04  4127
426  2383  1958  426  687  262  2123  2383  261  95.42  4203
1957  3243  1287  1957  2222  266  2987  3243  257  94.74  4204
619  3308  2690  619  966  348  2958  3308  351  89.74  4313
8  1918  1911  8  304  297  1646  1918  273  87.21  4323
856  3167  2312  856  1047  192  2970  3167  198  85.35  4325
382  3300  2919  382  878  497  2790  3300  511  95.89  4414
821  3519  2699  821  1150  330  3194  3519  326  95.76  4420
646  2089  1444  646  770  125  1967  2089  123  91.20  4480
255  3331  3077  255  389  135  3195  3331  137  87.59  4524
1451  3301  1851  1451  1834  384  2910  3301  392  94.64  4580
9  1218  1210  9  162  154  1053  1218  166  89.76  4589
924  2360  1437  924  1153  230  2131  2360  230  93.48  4671
7  3121  3115  7  488  482  2659  3121  463  92.95  4728
887  2626  1740  887  1181  295  2318  2626  309  94.82  4740
191  2454  2264  191  484  294  2143  2454  312  93.91  4901
6  2367  2362  6  139  134  2223  2367  145  92.41  4902
1554  2960  1407  1554  1890  337  2646  2960  315  91.39  4913
183  2836  2654  183  521  339  2511  2836  326  93.81  4961
1182  2900  1719  1182  1416  235  2676  2900  225  93.62  4982
301  2381  2081  301  591  291  2084  2381  298  85.91  5067
8  2793  2786  8  298  291  2525  2793  269  87.29  5099
215  2809  2595  215  613  399  2426  2809  384  96.24  5112
162  1816  1655  162  494  333  1474  1816  343  88.05  5202
269  2661  2393  269  761  493  2187  2661  475  94.12  5270
559  2667  2109  559  1187  629  2039  2667  629  96.82  5288
1138  2663  1526  1138  1659  522  2153  2663  511  96.74  5293
281  2428  2148  281  444  164  2251  2428  178  88.76  5322
738  2149  1412  738  949  212  1938  2149  212  100.00  5327
90  2590  2501  90  230  141  2451  2590  140  93.62  5340
27  1419  1393  27  383  357  1039  1419  381  91.34  5407
6  1204  1199  6  121  116  1077  1204  128  90.62  5463
454  2520  2067  454  1000  547  1967  2520  554  92.24  5513
234  1988  1755  234  494  261  1707  1988  282  92.20  5624
32  1798  1767  32  376  345  1462  1798  337  94.49  5667
561  2312  1752  561  1040  480  1855  2312  458  93.12  5713
218  1710  1493  218  538  321  1402  1710  309  89.10  5730
752  2081  1330  752  1000  249  1842  2081  240  93.57  5979
8  2115  2108  8  607  600  1504  2115  612  96.90  6064
431  1785  1355  431  742  312  1473  1785  313  99.68  6232
60  1476  1417  60  248  189  1287  1476  190  99.47  6355
645  2062  1418  645  985  341  1721  2062  342  95.32  6441
603  1913  1311  603  917  315  1622  1913  292  86.03  6474
56  2042  1987  56  672  617  1382  2042  661  89.86  6529
677  1867  1191  677  845  169  1704  1867  164  87.57  6597
425  1800  1376  425  524  100  1699  1800  102  91.18  6690
13  1956  1944  13  386  374  1589  1956  368  88.77  6713
19  1954  1936  19  568  550  1395  1954  560  95.36  6769
168  1591  1424  168  308  141  1447  1591  145  88.28  6833
235  1368  1134  235  342  108  1265  1368  104  92.59  6871
445  1821  1377  445  726  282  1532  1821  290  96.21  6879
7  1801  1795  7  154  148  1650  1801  152  94.74  6942
6  1780  1775  6  550  545  1246  1780  535  96.15  7324
17  1310  1294  17  275  259  1039  1310  272  91.18  7547
8  1273  1266  8  198  191  1068  1273  206  87.86  7597
11  1648  1638  11  658  648  1013  1648  636  94.44  7802
11  1212  1202  11  136  126  1065  1212  148  85.14  8817
7  1172  1166  7  116  110  1051  1172  122  89.34  8824
