# args=-index /media/amir/DATA/work/RM_ANALYSIS/Hbac/Hbac_ltrharvest.index -mintsd 5 -maxtsd 100
# predictions are reported in the following way
# s(ret) e(ret) l(ret) s(lLTR) e(lLTR) l(lLTR) s(rLTR) e(rLTR) l(rLTR) sim(LTRs) seq-nr 
# where:
# s = starting position
# e = ending position
# l = length
# ret = LTR-retrotransposon
# lLTR = left LTR
# rLTR = right LTR
# sim = similarity
# seq-nr = sequence number
405  1616  1212  405  513  109  1508  1616  109  88.99  475
7869  9312  1444  7869  8106  238  9078  9312  235  96.22  479
10481  12179  1699  10481  10738  258  11916  12179  264  92.80  528
1251  3508  2258  1251  1501  251  3270  3508  239  94.02  650
16737  20655  3919  16737  16903  167  20474  20655  182  89.01  681
619  4707  4089  619  821  203  4503  4707  205  96.10  745
172  12113  11942  172  565  394  11735  12113  379  92.64  901
2864  7827  4964  2864  3128  265  7583  7827  245  87.92  1109
5130  6409  1280  5130  5281  152  6237  6409  173  86.71  1129
1718  8771  7054  1718  2094  377  8387  8771  385  94.55  1152
20406  26744  6339  20406  20552  147  26603  26744  142  88.44  1225
4957  7320  2364  4957  5213  257  7089  7320  232  89.11  1264
46478  53488  7011  46478  46607  130  53362  53488  127  93.85  1294
3871  6896  3026  3871  4233  363  6549  6896  348  95.32  1307
225  13269  13045  225  542  318  12960  13269  310  89.31  1354
16597  24784  8188  16597  16846  250  24528  24784  257  94.55  1483
3256  7097  3842  3256  3616  361  6717  7097  381  91.34  1510
40975  46812  5838  40975  41147  173  46653  46812  160  92.49  1774
17695  23485  5791  17695  17916  222  23296  23485  190  85.59  1781
1098  5329  4232  1098  1382  285  5068  5329  262  91.58  1823
32694  39968  7275  32694  32957  264  39690  39968  279  91.40  1837
38542  41985  3444  38542  38770  229  41758  41985  228  89.52  1853
46782  54075  7294  46782  47039  258  53812  54075  264  91.67  1873
30362  32752  2391  30362  30619  258  32479  32752  274  89.78  1946
914  2815  1902  914  1110  197  2628  2815  188  85.79  2058
12436  15375  2940  12436  12702  267  15095  15375  281  93.95  2183
14389  18910  4522  14389  14566  178  18729  18910  182  91.76  2260
1171  3147  1977  1171  1380  210  2938  3147  210  89.52  2271
21549  23573  2025  21549  21842  294  23283  23573  291  95.24  2304
25954  27917  1964  25954  26213  260  27667  27917  251  90.00  2399
15009  20034  5026  15009  15470  462  19576  20034  459  95.67  2456
8410  20270  11861  8410  8744  335  19909  20270  362  91.44  2460
17489  21770  4282  17489  17723  235  21527  21770  244  90.98  2541
247  8797  8551  247  393  147  8658  8797  140  93.88  2579
15277  18597  3321  15277  15468  192  18401  18597  197  96.45  2610
4168  8113  3946  4168  4469  302  7810  8113  304  97.70  2652
27947  31132  3186  27947  28218  272  30860  31132  273  95.60  2746
33981  35990  2010  33981  34279  299  35695  35990  296  92.64  2777
42294  44355  2062  42294  42699  406  43967  44355  389  92.86  2786
9857  17431  7575  9857  10225  369  17073  17431  359  92.14  2814
6203  10560  4358  6203  6382  180  10397  10560  164  85.00  2947
15549  18940  3392  15549  15805  257  18678  18940  263  96.20  2981
23043  26544  3502  23043  23367  325  26241  26544  304  93.54  3239
6799  11501  4703  6799  7054  256  11247  11501  255  98.44  3286
5981  8534  2554  5981  6191  211  8335  8534  200  93.84  3775
4853  8588  3736  4853  5114  262  8340  8588  249  88.55  3880
120  2215  2096  120  330  211  1995  2215  221  93.21  3894
13255  16870  3616  13255  13472  218  16656  16870  215  95.87  4048
5949  12204  6256  5949  6263  315  11893  12204  312  98.10  4121
20711  24706  3996  20711  21041  331  24370  24706  337  92.58  4184
34985  41167  6183  34985  35255  271  40875  41167  293  90.78  4224
1616  8101  6486  1616  1864  249  7819  8101  283  87.99  4245
422  7533  7112  422  755  334  7182  7533  352  92.05  4291
60816  63698  2883  60816  60997  182  63526  63698  173  85.16  4351
925  5711  4787  925  1374  450  5299  5711  413  91.11  4433
34573  40730  6158  34573  34767  195  40533  40730  198  95.45  4440
897  3842  2946  897  1144  248  3602  3842  241  93.15  4443
3553  8174  4622  3553  3730  178  7997  8174  178  97.19  4497
