# args=-index /media/amir/DATA/work/RM_ANALYSIS/Mchi/Mchi_ltrharvest.index -mintsd 5 -maxtsd 100
# predictions are reported in the following way
# s(ret) e(ret) l(ret) s(lLTR) e(lLTR) l(lLTR) s(rLTR) e(rLTR) l(rLTR) sim(LTRs) seq-nr 
# where:
# s = starting position
# e = ending position
# l = length
# ret = LTR-retrotransposon
# lLTR = left LTR
# rLTR = right LTR
# sim = similarity
# seq-nr = sequence number
41006  44590  3585  41006  41112  107  44489  44590  102  85.05  25605
17305  19048  1744  17305  17492  188  18852  19048  197  92.39  30801
10281  25800  15520  10281  11244  964  24826  25800  975  93.95  38675
791  3775  2985  791  1062  272  3500  3775  276  92.03  50134
13552  16897  3346  13552  13897  346  16549  16897  349  94.84  51945
81  3705  3625  81  268  188  3505  3705  201  90.05  69036
5031  13912  8882  5031  5315  285  13635  13912  278  89.12  90778
159141  162998  3858  159141  159432  292  162696  162998  303  88.12  95111
81  8859  8779  81  278  198  8660  8859  200  92.50  97695
2694  4431  1738  2694  2846  153  4279  4431  153  88.89  99380
4523  5767  1245  4523  4665  143  5627  5767  141  90.91  101702
24693  32406  7714  24693  24796  104  32302  32406  105  91.43  109174
6  11198  11193  6  122  117  11085  11198  114  97.44  109316
32188  42923  10736  32188  32356  169  42755  42923  169  85.21  122792
22387  26585  4199  22387  22537  151  26436  26585  150  86.75  122826
11839  16556  4718  11839  11983  145  16409  16556  148  95.95  122891
20377  23043  2667  20377  20817  441  22603  23043  441  91.61  122891
213889  217054  3166  213889  214001  113  216934  217054  121  85.95  122894
39267  42080  2814  39267  39554  288  41803  42080  278  89.93  122901
47870  51043  3174  47870  48292  423  50635  51043  409  94.80  122901
55096  57184  2089  55096  55213  118  57068  57184  117  95.76  122901
8822  18347  9526  8822  8982  161  18181  18347  167  90.42  122911
29239  31829  2591  29239  29530  292  31528  31829  302  93.38  122911
5002  6313  1312  5002  5152  151  6159  6313  155  91.61  122926
14889  17241  2353  14889  15066  178  17068  17241  174  94.38  122936
7540  12149  4610  7540  8260  721  11439  12149  711  91.68  122943
4444  5789  1346  4444  4715  272  5512  5789  278  94.60  122950
130174  134647  4474  130174  130294  121  134528  134647  120  96.69  122951
135132  140694  5563  135132  135765  634  140056  140694  639  95.46  122951
5462  7196  1735  5462  5612  151  7035  7196  162  88.89  122964
9512  23889  14378  9512  9641  130  23756  23889  134  91.79  122964
684  3134  2451  684  968  285  2848  3134  287  93.73  122967
47909  50456  2548  47909  48209  301  50158  50456  299  96.35  122983
182  1631  1450  182  520  339  1279  1631  353  89.80  122986
1119  7111  5993  1119  1289  171  6946  7111  166  90.64  122993
14542  21268  6727  14542  14696  155  21122  21268  147  88.39  122993
22637  30518  7882  22637  22769  133  30384  30518  135  85.19  122993
90603  95329  4727  90603  90948  346  94973  95329  357  88.80  122999
10  6332  6323  10  649  640  5690  6332  643  97.67  123002
99734  102101  2368  99734  100138  405  101682  102101  420  92.86  123011
27223  31927  4705  27223  27455  233  31700  31927  228  91.42  123019
35589  46529  10941  35589  35775  187  46344  46529  186  88.24  123028
85357  91847  6491  85357  85713  357  91496  91847  352  95.52  123028
15762  17346  1585  15762  15994  233  17111  17346  236  90.25  123031
170983  173923  2941  170983  171206  224  173695  173923  229  92.14  123044
10076  14160  4085  10076  10298  223  13924  14160  237  86.50  123055
20152  25803  5652  20152  20393  242  25570  25803  234  90.50  123055
5402  6729  1328  5402  5601  200  6522  6729  208  88.94  123083
33  2971  2939  33  283  251  2697  2971  275  85.45  123092
20149  23775  3627  20149  20368  220  23572  23775  204  87.27  123101
22797  25922  3126  22797  23226  430  25501  25922  422  87.91  123102
657  4113  3457  657  796  140  3970  4113  144  92.36  123114
11148  15784  4637  11148  11372  225  15558  15784  227  87.67  123119
51652  56344  4693  51652  51772  121  56223  56344  122  93.44  123121
20089  23193  3105  20089  20550  462  22727  23193  467  95.29  123125
49260  53542  4283  49260  49602  343  53214  53542  329  92.13  123127
11082  13863  2782  11082  11260  179  13677  13863  187  89.84  123132
14284  25849  11566  14284  14880  597  25245  25849  605  92.07  123155
22599  26982  4384  22599  23038  440  26554  26982  429  89.55  123159
27639  32403  4765  27639  27839  201  32199  32403  205  94.15  123159
220846  225213  4368  220846  220960  115  225086  225213  128  87.50  123159
9538  12310  2773  9538  9713  176  12139  12310  172  90.91  123179
845  2307  1463  845  1043  199  2111  2307  197  93.47  123183
8738  12946  4209  8738  8914  177  12774  12946  173  94.35  123183
1884  7873  5990  1884  2164  281  7584  7873  290  89.66  123192
24323  26879  2557  24323  24459  137  26734  26879  146  86.99  123196
5499  8554  3056  5499  5890  392  8164  8554  391  95.66  123211
7  3317  3311  7  625  619  2700  3317  618  95.80  123228
7471  17031  9561  7471  7630  160  16876  17031  156  89.38  123231
21446  23020  1575  21446  21545  100  22906  23020  115  85.22  123236
32203  36449  4247  32203  32513  311  36142  36449  308  90.35  123247
6392  7716  1325  6392  6541  150  7567  7716  150  94.00  123251
6892  8216  1325  6892  7041  150  8067  8216  150  94.00  123252
53805  55851  2047  53805  54213  409  55450  55851  402  91.44  123252
72764  77502  4739  72764  73072  309  77180  77502  323  90.40  123252
30306  32503  2198  30306  30576  271  32237  32503  267  94.46  123266
250633  255941  5309  250633  250747  115  255827  255941  115  89.57  123284
7  13306  13300  7  129  123  13169  13306  138  85.51  123285
16846  20873  4028  16846  16970  125  20742  20873  132  85.61  123285
259  3465  3207  259  534  276  3186  3465  280  88.57  123288
2333  5079  2747  2333  2541  209  4865  5079  215  87.44  123308
1927  4535  2609  1927  2179  253  4295  4535  241  89.33  123326
8194  9842  1649  8194  8375  182  9662  9842  181  88.46  123326
66163  77595  11433  66163  66291  129  77476  77595  120  89.15  123327
6885  8930  2046  6885  7171  287  8658  8930  273  87.11  123364
834  8214  7381  834  1156  323  7907  8214  308  94.12  123374
4652  8888  4237  4652  4765  114  8773  8888  116  88.79  123377
72210  75768  3559  72210  72451  242  75526  75768  243  92.18  123379
23020  24863  1844  23020  23315  296  24565  24863  299  90.97  123381
25289  38984  13696  25289  25490  202  38772  38984  213  85.92  123383
17862  22469  4608  17862  18082  221  22237  22469  233  90.99  123386
59379  61743  2365  59379  59556  178  61568  61743  176  85.96  123386
31356  33114  1759  31356  31718  363  32755  33114  360  90.63  123388
4397  11046  6650  4397  4504  108  10942  11046  105  91.67  123406
11907  24210  12304  11907  12020  114  24110  24210  101  86.84  123406
80133  90133  10001  80133  80396  264  89874  90133  260  91.67  123407
143607  149947  6341  143607  143817  211  149741  149947  207  95.73  123407
13590  19002  5413  13590  13901  312  18689  19002  314  92.99  123408
90986  97299  6314  90986  91086  101  97198  97299  102  95.10  123410
97797  100128  2332  97797  97949  153  99972  100128  157  85.99  123410
15791  20475  4685  15791  15915  125  20348  20475  128  92.19  123414
81575  86063  4489  81575  81887  313  85748  86063  316  96.20  123419
1634  4407  2774  1634  1876  243  4169  4407  239  89.30  123427
125  11626  11502  125  249  125  11516  11626  111  87.20  123437
8058  14797  6740  8058  8279  222  14572  14797  226  93.36  123438
139026  146910  7885  139026  139128  103  146808  146910  103  95.15  123441
56724  62632  5909  56724  57074  351  62287  62632  346  91.17  123445
67853  70690  2838  67853  68057  205  70481  70690  210  92.86  123461
7260  13145  5886  7260  7417  158  12987  13145  159  89.31  123465
8666  14214  5549  8666  8815  150  14067  14214  148  91.33  123503
15011  18800  3790  15011  15549  539  18274  18800  527  91.84  123503
28  3480  3453  28  422  395  3067  3480  414  91.55  123505
3715  6666  2952  3715  4094  380  6293  6666  374  92.37  123511
42613  46353  3741  42613  43200  588  45773  46353  581  94.90  123517
52242  54887  2646  52242  52736  495  54392  54887  496  92.94  123517
16937  21371  4435  16937  17302  366  21015  21371  357  92.90  123522
18  8418  8401  18  857  840  7567  8418  852  97.42  123527
759  11292  10534  759  1128  370  10913  11292  380  87.11  123541
9  6006  5998  9  953  945  5062  6006  945  98.31  123542
1282  11146  9865  1282  1403  122  11021  11146  126  88.89  123543
4387  10637  6251  4387  4836  450  10195  10637  443  94.00  123545
112173  114375  2203  112173  112307  135  114229  114375  147  85.71  123545
14  2829  2816  14  194  181  2645  2829  185  87.57  123551
1928  5696  3769  1928  2088  161  5534  5696  163  90.80  123553
5618  8712  3095  5618  5853  236  8489  8712  224  89.83  123554
2207  7716  5510  2207  2494  288  7429  7716  288  87.85  123562
20  3165  3146  20  236  217  2931  3165  235  87.66  123572
234136  237008  2873  234136  234536  401  236608  237008  401  86.03  123572
10719  12396  1678  10719  10989  271  12122  12396  275  94.55  123574
43685  51353  7669  43685  43946  262  51090  51353  264  90.91  123574
44493  58985  14493  44493  44836  344  58636  58985  350  90.29  123575
41083  46363  5281  41083  41337  255  46108  46363  256  95.31  123577
32812  34425  1614  32812  33035  224  34213  34425  213  93.30  123581
27308  31134  3827  27308  27473  166  30972  31134  163  92.17  123583
4654  6311  1658  4654  4789  136  6178  6311  134  88.97  123590
1602  3340  1739  1602  1724  123  3218  3340  123  85.37  123596
176  2904  2729  176  390  215  2697  2904  208  95.35  123615
10730  12939  2210  10730  11176  447  12492  12939  448  89.29  123624
299727  304278  4552  299727  300046  320  303971  304278  308  94.38  123625
10  2377  2368  10  126  117  2258  2377  120  87.50  123626
33669  35926  2258  33669  33930  262  35671  35926  256  92.75  123628
9607  16647  7041  9607  9845  239  16413  16647  235  89.96  123643
4970  13316  8347  4970  5079  110  13211  13316  106  89.09  123647
5783  9337  3555  5783  6166  384  8950  9337  388  94.59  123650
382  4745  4364  382  579  198  4553  4745  193  95.45  123652
1161  3290  2130  1161  1309  149  3146  3290  145  93.29  123660
81921  89564  7644  81921  82355  435  89140  89564  425  95.17  123666
175  13599  13425  175  376  202  13408  13599  192  92.08  123676
1766  4298  2533  1766  1924  159  4140  4298  159  94.34  123678
11  1482  1472  11  475  465  1011  1482  472  94.70  123679
113484  123026  9543  113484  113768  285  122756  123026  271  92.98  123704
140669  144756  4088  140669  140874  206  144542  144756  215  90.70  123704
78253  93230  14978  78253  78616  364  92891  93230  340  85.71  123742
20609  27409  6801  20609  20854  246  27171  27409  239  88.62  123749
1077  5862  4786  1077  1347  271  5596  5862  267  95.20  123755
91148  93472  2325  91148  91425  278  93204  93472  269  87.41  123771
21922  27164  5243  21922  22073  152  27031  27164  134  87.50  123774
9630  11396  1767  9630  9799  170  11250  11396  147  85.88  123780
1134  3789  2656  1134  1317  184  3610  3789  180  90.22  123784
1969  7340  5372  1969  2199  231  7110  7340  231  90.48  123787
3107  6963  3857  3107  3390  284  6681  6963  283  91.20  123790
347  3911  3565  347  617  271  3630  3911  282  87.59  123801
131963  136802  4840  131963  132459  497  136312  136802  491  95.98  123802
17835  21680  3846  17835  18076  242  21424  21680  257  87.16  123806
24938  39074  14137  24938  25131  194  38869  39074  206  85.92  123806
7  3590  3584  7  559  553  3042  3590  549  97.11  123811
7817  10710  2894  7817  8041  225  10500  10710  211  87.56  123820
38626  39880  1255  38626  38768  143  39742  39880  139  90.21  123823
15066  19322  4257  15066  15205  140  19191  19322  132  89.29  123832
48522  51953  3432  48522  48773  252  51711  51953  243  86.11  123840
52000  55627  3628  52000  52293  294  55337  55627  291  95.92  123840
9578  11688  2111  9578  9803  226  11459  11688  230  91.74  123844
8032  9400  1369  8032  8341  310  9102  9400  299  93.23  123848
52230  54821  2592  52230  52575  346  54489  54821  333  91.62  123848
84552  87119  2568  84552  84778  227  86899  87119  221  89.87  123857
36545  38861  2317  36545  36848  304  38545  38861  317  92.11  123866
9215  11209  1995  9215  9361  147  11069  11209  141  89.12  123871
84489  87668  3180  84489  84797  309  87364  87668  305  89.97  123871
6682  8174  1493  6682  6966  285  7896  8174  279  92.63  123889
7581  9628  2048  7581  7738  158  9468  9628  161  85.71  123892
4925  16754  11830  4925  5045  121  16637  16754  118  90.91  123916
14857  17985  3129  14857  14987  131  17859  17985  127  85.50  123931
25687  28864  3178  25687  26090  404  28465  28864  400  90.59  123931
16  1464  1449  16  187  172  1284  1464  181  87.85  123938
3758  5126  1369  3758  4004  247  4885  5126  242  90.69  123944
18126  19796  1671  18126  18298  173  19614  19796  183  86.34  123944
26797  36533  9737  26797  27045  249  36290  36533  244  91.57  123944
7  11807  11801  7  249  243  11555  11807  253  92.09  123982
209705  212090  2386  209705  210054  350  211737  212090  354  96.05  123996
273236  275314  2079  273236  273496  261  275045  275314  270  87.41  123996
137908  142749  4842  137908  138383  476  142260  142749  490  95.51  124007
5498  11586  6089  5498  5919  422  11158  11586  429  87.41  124010
44405  55386  10982  44405  44781  377  55011  55386  376  87.53  124010
24257  26095  1839  24257  24627  371  25721  26095  375  96.80  124017
38071  42045  3975  38071  38193  123  41929  42045  117  89.43  124017
1712  4686  2975  1712  1918  207  4474  4686  213  90.61  124020
1302  6619  5318  1302  1781  480  6159  6619  461  92.50  124025
11  3068  3058  11  176  166  2894  3068  175  92.57  124045
11595  15925  4331  11595  11929  335  15577  15925  349  94.56  124047
50899  57352  6454  50899  51267  369  56990  57352  363  95.12  124054
1766  13865  12100  1766  1985  220  13642  13865  224  95.09  124056
8110  10507  2398  8110  8635  526  9979  10507  529  93.57  124059
3768  5188  1421  3768  3901  134  5072  5188  117  85.82  124066
6  3556  3551  6  152  147  3391  3556  166  85.54  124076
4677  7481  2805  4677  5033  357  7103  7481  379  92.61  124081
30217  38798  8582  30217  30424  208  38571  38798  228  88.16  124093
53056  57482  4427  53056  53278  223  57256  57482  227  86.78  124093
34314  48003  13690  34314  34605  292  47717  48003  287  92.81  124097
10767  12315  1549  10767  10875  109  12212  12315  104  88.07  124104
15403  17371  1969  15403  15661  259  17133  17371  239  87.64  124109
3383  8425  5043  3383  3702  320  8085  8425  341  90.91  124112
2109  4591  2483  2109  2513  405  4199  4591  393  91.85  124114
105570  108590  3021  105570  105710  141  108448  108590  143  90.91  124124
78761  83291  4531  78761  78917  157  83141  83291  151  89.17  124138
112371  121967  9597  112371  112966  596  121365  121967  603  96.19  124138
2849  7456  4608  2849  3110  262  7209  7456  248  88.17  124151
61269  74269  13001  61269  61638  370  73885  74269  385  94.55  124159
14  5291  5278  14  795  782  4538  5291  754  93.09  124172
11  5372  5362  11  125  115  5258  5372  115  100.00  124173
23824  25962  2139  23824  24002  179  25776  25962  187  92.51  124176
3119  7909  4791  3119  3604  486  7418  7909  492  94.11  124181
1446  3958  2513  1446  1650  205  3752  3958  207  94.69  124185
42087  45830  3744  42087  42326  240  45567  45830  264  89.02  124194
3245  8124  4880  3245  3371  127  8000  8124  125  88.19  124222
7  4099  4093  7  560  554  3555  4099  545  96.21  124225
221  4866  4646  221  561  341  4528  4866  339  95.31  124232
8  10271  10264  8  336  329  9949  10271  323  93.92  124234
70297  71679  1383  70297  70398  102  71578  71679  102  85.29  124237
55177  57910  2734  55177  55593  417  57493  57910  418  90.67  124243
17850  24178  6329  17850  18018  169  24001  24178  178  87.64  124246
14780  20549  5770  14780  14898  119  20426  20549  124  88.71  124249
3140  6122  2983  3140  3290  151  5976  6122  147  91.39  124251
18  5534  5517  18  587  570  4970  5534  565  93.16  124252
1152  3480  2329  1152  1300  149  3324  3480  157  91.08  124278
738  2890  2153  738  890  153  2747  2890  144  92.16  124281
107318  108771  1454  107318  107565  248  108529  108771  243  94.35  124287
103239  104567  1329  103239  103433  195  104387  104567  181  86.15  124305
20135  25149  5015  20135  20610  476  24679  25149  471  90.55  124312
9769  11058  1290  9769  10033  265  10788  11058  271  91.51  124332
556  3744  3189  556  1060  505  3232  3744  513  94.74  124334
34518  36232  1715  34518  34833  316  35920  36232  313  93.99  124335
3652  8056  4405  3652  3833  182  7877  8056  180  92.31  124337
15887  28509  12623  15887  16067  181  28318  28509  192  88.02  124346
13546  19550  6005  13546  13749  204  19345  19550  206  89.81  124352
8855  13245  4391  8855  9442  588  12648  13245  598  96.15  124364
29842  36279  6438  29842  30052  211  36037  36279  243  86.01  124364
23808  27132  3325  23808  23996  189  26948  27132  185  91.53  124373
19064  20510  1447  19064  19244  181  20331  20510  180  94.48  124376
14607  15891  1285  14607  14770  164  15731  15891  161  90.24  124378
86635  97640  11006  86635  86986  352  97283  97640  358  97.21  124388
483  4510  4028  483  623  141  4376  4510  135  91.49  124394
66394  74471  8078  66394  66574  181  74287  74471  185  86.49  124394
6297  9261  2965  6297  6667  371  8902  9261  360  85.44  124408
101942  105003  3062  101942  102216  275  104754  105003  250  87.27  124426
74371  77518  3148  74371  74549  179  77345  77518  174  92.18  124436
34586  36349  1764  34586  34897  312  36034  36349  316  95.25  124450
40010  43350  3341  40010  40516  507  42840  43350  511  92.56  124451
77088  85153  8066  77088  77449  362  84814  85153  340  88.67  124486
85814  88660  2847  85814  86018  205  88454  88660  207  85.02  124486
20741  27194  6454  20741  20855  115  27075  27194  120  90.00  124488
8  1530  1523  8  191  184  1346  1530  185  86.49  124493
6264  7719  1456  6264  6396  133  7587  7719  133  89.47  124501
16830  21877  5048  16830  17132  303  21573  21877  305  90.82  124501
77129  83743  6615  77129  77362  234  83517  83743  227  91.88  124519
88643  94167  5525  88643  88961  319  93855  94167  313  90.60  124519
10474  12960  2487  10474  10580  107  12857  12960  104  95.33  124527
41539  43787  2249  41539  41825  287  43503  43787  285  86.41  124527
15532  18438  2907  15532  15944  413  18034  18438  405  89.10  124546
7141  10387  3247  7141  7416  276  10128  10387  260  87.68  124549
13530  19660  6131  13530  14107  578  19082  19660  579  91.36  124571
48916  51822  2907  48916  49084  169  51664  51822  159  89.94  124571
3651  11758  8108  3651  4087  437  11323  11758  436  94.28  124575
234965  238983  4019  234965  235869  905  238079  238983  905  92.60  124575
7  2613  2607  7  112  106  2505  2613  109  88.99  124582
59  3044  2986  59  447  389  2650  3044  395  93.42  124583
14081  18222  4142  14081  14245  165  18067  18222  156  87.27  124585
7434  17827  10394  7434  7567  134  17689  17827  139  87.77  124590
20537  23284  2748  20537  20802  266  23020  23284  265  95.86  124590
56992  63742  6751  56992  57146  155  63586  63742  157  91.08  124590
35019  36361  1343  35019  35168  150  36209  36361  153  90.20  124591
125515  127067  1553  125515  125727  213  126852  127067  216  86.11  124602
55224  57431  2208  55224  55552  329  57097  57431  335  92.84  124605
15612  24054  8443  15612  15777  166  23890  24054  165  94.58  124618
16083  20062  3980  16083  16264  182  19887  20062  176  87.91  124620
5213  7266  2054  5213  5460  248  7034  7266  233  86.29  124624
697  5090  4394  697  910  214  4878  5090  213  94.86  124630
124358  129186  4829  124358  124461  104  129084  129186  103  95.19  124634
80406  86524  6119  80406  80595  190  86332  86524  193  89.12  124637
145555  148148  2594  145555  145703  149  148012  148148  137  87.92  124637
208885  216636  7752  208885  209226  342  216288  216636  349  95.99  124638
237440  242582  5143  237440  237932  493  242110  242582  473  93.10  124638
313385  325211  11827  313385  313554  170  325045  325211  167  85.29  124638
8694  17714  9021  8694  9271  578  17130  17714  585  96.07  124640
169419  172116  2698  169419  169757  339  171767  172116  350  91.71  124651
173363  175413  2051  173363  173565  203  175210  175413  204  86.27  124651
176928  182813  5886  176928  177407  480  182332  182813  482  96.06  124651
43439  46077  2639  43439  43668  230  45853  46077  225  92.17  124661
4398  9027  4630  4398  4596  199  8837  9027  191  91.96  124662
13363  15905  2543  13363  13653  291  15609  15905  297  94.28  124665
52539  56613  4075  52539  53204  666  55947  56613  667  95.20  124674
72981  78172  5192  72981  73343  363  77793  78172  380  94.74  124694
14  8663  8650  14  228  215  8435  8663  229  92.58  124706
36772  41417  4646  36772  37320  549  40885  41417  533  92.35  124713
61379  64194  2816  61379  61692  314  63878  64194  317  96.85  124715
24949  27479  2531  24949  25112  164  27325  27479  155  89.02  124735
28545  35656  7112  28545  28776  232  35430  35656  227  94.40  124735
4463  7040  2578  4463  4998  536  6509  7040  532  93.84  124739
17585  19688  2104  17585  17699  115  19579  19688  110  89.57  124754
9988  13021  3034  9988  10149  162  12872  13021  150  88.27  124756
11362  19352  7991  11362  11540  179  19187  19352  166  89.39  124768
20308  22758  2451  20308  20546  239  22512  22758  247  93.12  124768
18847  20258  1412  18847  19058  212  20049  20258  210  92.45  124795
612  5981  5370  612  923  312  5663  5981  319  90.91  124798
43874  53715  9842  43874  44169  296  53420  53715  296  89.53  124799
53783  56323  2541  53783  53992  210  56105  56323  219  86.30  124799
65060  67536  2477  65060  65305  246  67296  67536  241  90.65  124799
169779  171310  1532  169779  170050  272  171071  171310  240  87.13  124804
18499  22766  4268  18499  18618  120  22644  22766  123  95.93  124833
5629  7300  1672  5629  5744  116  7179  7300  122  89.34  124853
3540  6669  3130  3540  3680  141  6527  6669  143  90.91  124868
5772  9534  3763  5772  6258  487  9051  9534  484  95.89  124872
125  1328  1204  125  297  173  1159  1328  170  95.95  124885
74332  78859  4528  74332  74610  279  78586  78859  274  92.11  124900
53703  56924  3222  53703  54031  329  56586  56924  339  89.97  124902
69893  75074  5182  69893  70238  346  74737  75074  338  93.35  124902
7423  10091  2669  7423  7616  194  9895  10091  197  92.39  124905
19925  25055  5131  19925  20079  155  24886  25055  170  85.88  124905
8  5566  5559  8  193  186  5384  5566  183  87.63  124919
72085  76862  4778  72085  72219  135  76726  76862  137  93.43  124919
360  13889  13530  360  496  137  13755  13889  135  91.97  124922
15882  17850  1969  15882  16119  238  17619  17850  232  91.18  124952
57818  60336  2519  57818  58014  197  60145  60336  192  89.85  124998
123490  128347  4858  123490  123802  313  128042  128347  306  86.58  125002
8  6605  6598  8  255  248  6365  6605  241  90.32  125015
12661  17492  4832  12661  12945  285  17191  17492  302  89.74  125026
109527  113610  4084  109527  110002  476  113138  113610  473  89.71  125026
5759  14124  8366  5759  6107  349  13764  14124  361  95.57  125048
7817  9900  2084  7817  8021  205  9698  9900  203  93.17  125060
6289  7741  1453  6289  6525  237  7513  7741  229  86.92  125061
11476  15285  3810  11476  11590  115  15161  15285  125  87.20  125061
96354  99309  2956  96354  96885  532  98777  99309  533  94.18  125063
285586  286967  1382  285586  285932  347  286611  286967  357  89.64  125065
35682  38771  3090  35682  36010  329  38453  38771  319  91.49  125067
19367  32921  13555  19367  19552  186  32741  32921  181  93.01  125068
105659  107651  1993  105659  106038  380  107250  107651  402  92.54  125071
1577  7949  6373  1577  1967  391  7559  7949  391  91.05  125080
1590  6526  4937  1590  1843  254  6275  6526  252  87.01  125097
7  7666  7660  7  165  159  7510  7666  157  89.31  125102
268  14458  14191  268  415  148  14317  14458  142  86.49  125126
37993  42530  4538  37993  38331  339  42197  42530  334  93.81  125135
20630  27469  6840  20630  20742  113  27366  27469  104  87.61  125138
36930  41670  4741  36930  37394  465  41191  41670  480  92.50  125142
12  2485  2474  12  193  182  2311  2485  175  85.71  125148
68751  71825  3075  68751  68933  183  71656  71825  170  87.43  125149
1091  3210  2120  1091  1279  189  3020  3210  191  87.43  125166
17087  22156  5070  17087  17471  385  21767  22156  390  91.79  125190
11  3471  3461  11  559  549  2930  3471  542  95.08  125192
15088  17270  2183  15088  15716  629  16641  17270  630  95.87  125203
27128  29579  2452  27128  27588  461  29097  29579  483  89.23  125204
75140  77976  2837  75140  75509  370  77609  77976  368  93.78  125229
33218  46108  12891  33218  33357  140  45985  46108  124  86.43  125244
8494  14392  5899  8494  8878  385  14003  14392  390  94.62  125251
14397  19776  5380  14397  14887  491  19269  19776  508  88.19  125251
1893  4840  2948  1893  2050  158  4679  4840  162  91.98  125262
5852  9020  3169  5852  6007  156  8863  9020  158  91.14  125279
73515  80543  7029  73515  73689  175  80365  80543  179  94.97  125290
455  1613  1159  455  610  156  1464  1613  150  90.38  125301
47343  52181  4839  47343  47494  152  52034  52181  148  90.79  125305
476  7509  7034  476  1304  829  6672  7509  838  92.84  125314
998  3655  2658  998  1157  160  3503  3655  153  92.50  125315
158507  166866  8360  158507  158982  476  166405  166866  462  93.28  125317
105184  110607  5424  105184  105428  245  110360  110607  248  93.55  125331
1585  6950  5366  1585  1741  157  6792  6950  159  89.31  125356
1075  3202  2128  1075  1279  205  2994  3202  209  91.87  125358
9818  14449  4632  9818  10061  244  14216  14449  234  92.21  125363
26794  29577  2784  26794  26942  149  29431  29577  147  86.58  125369
15929  21296  5368  15929  16171  243  21051  21296  246  95.53  125370
671  6035  5365  671  876  206  5825  6035  211  90.05  125379
71433  73816  2384  71433  71756  324  73481  73816  336  93.15  125384
75455  83883  8429  75455  75764  310  83579  83883  305  93.55  125384
8942  16046  7105  8942  9303  362  15673  16046  374  93.32  125394
31545  42213  10669  31545  32289  745  41454  42213  760  93.42  125396
11  3077  3067  11  350  340  2716  3077  362  86.74  125399
58678  64481  5804  58678  59002  325  64154  64481  328  94.82  125399
14  3822  3809  14  195  182  3623  3822  200  85.00  125427
7857  17540  9684  7857  7957  101  17434  17540  107  87.85  125432
21723  26108  4386  21723  21952  230  25879  26108  230  98.26  125432
28568  31971  3404  28568  28695  128  31845  31971  127  92.19  125432
5652  9360  3709  5652  5773  122  9231  9360  130  93.08  125465
1501  4991  3491  1501  2277  777  4205  4991  787  95.43  125470
67536  70465  2930  67536  67706  171  70298  70465  168  96.49  125470
9475  12248  2774  9475  9659  185  12068  12248  181  97.30  125473
225913  229215  3303  225913  226135  223  228993  229215  223  89.69  125480
41082  43677  2596  41082  41234  153  43535  43677  143  88.89  125486
106765  117183  10419  106765  106879  115  117068  117183  116  96.55  125486
82850  86826  3977  82850  83181  332  86490  86826  337  94.07  125505
106664  109910  3247  106664  107037  374  109551  109910  360  89.84  125505
613  7702  7090  613  743  131  7576  7702  127  94.66  125521
53420  55392  1973  53420  53690  271  55110  55392  283  92.93  125544
88056  94906  6851  88056  88214  159  94744  94906  163  92.64  125544
36961  39480  2520  36961  37488  528  38956  39480  525  92.42  125558
2592  9839  7248  2592  2700  109  9733  9839  107  85.32  125560
1489  4217  2729  1489  1594  106  4108  4217  110  85.45  125562
10673  12012  1340  10673  10776  104  11903  12012  110  90.91  125566
25472  32744  7273  25472  25838  367  32391  32744  354  95.10  125568
11615  16204  4590  11615  12058  444  15752  16204  453  92.94  125589
50878  55716  4839  50878  51692  815  54909  55716  808  90.67  125589
55907  60135  4229  55907  56154  248  59894  60135  242  86.69  125589
346651  351187  4537  346651  346928  278  350919  351187  269  92.45  125589
351228  356254  5027  351228  351533  306  355950  356254  305  91.50  125589
409587  413341  3755  409587  409978  392  412940  413341  402  89.80  125589
15625  17363  1739  15625  15757  133  17229  17363  135  89.63  125593
15911  18436  2526  15911  16440  530  17906  18436  531  94.73  125623
37076  42986  5911  37076  37225  150  42830  42986  157  88.54  125625
1082  6605  5524  1082  1654  573  6026  6605  580  87.76  125635
353  11322  10970  353  474  122  11204  11322  119  87.70  125640
106486  111526  5041  106486  106760  275  111267  111526  260  85.09  125651
80222  93582  13361  80222  80753  532  93049  93582  534  96.63  125662
103958  110269  6312  103958  104110  153  110113  110269  157  92.99  125686
989  5239  4251  989  1120  132  5110  5239  130  89.39  125695
617  3532  2916  617  1044  428  3124  3532  409  92.29  125699
25970  27787  1818  25970  26570  601  27192  27787  596  93.18  125715
33706  35879  2174  33706  33855  150  35723  35879  157  86.62  125715
1448  3814  2367  1448  1571  124  3693  3814  122  85.48  125716
8  5012  5005  8  733  726  4291  5012  722  97.52  125718
28752  31058  2307  28752  28899  148  30894  31058  165  89.09  125725
38898  41116  2219  38898  39225  328  40797  41116  320  87.20  125746
41863  47293  5431  41863  42037  175  47126  47293  168  89.71  125746
18060  20696  2637  18060  18397  338  20363  20696  334  93.79  125749
9  4635  4627  9  190  182  4446  4635  190  93.16  125753
3815  6302  2488  3815  4039  225  6073  6302  230  91.74  125756
769  2707  1939  769  995  227  2483  2707  225  88.99  125757
140663  144115  3453  140663  141139  477  143623  144115  493  91.68  125805
6729  9861  3133  6729  7437  709  9141  9861  721  94.87  125809
10954  13723  2770  10954  11438  485  13247  13723  477  91.13  125809
307  5964  5658  307  499  193  5774  5964  191  90.16  125815
139695  142778  3084  139695  139932  238  142543  142778  236  91.60  125815
5192  6759  1568  5192  5358  167  6602  6759  158  91.62  125823
7575  9456  1882  7575  7716  142  9327  9456  130  88.73  125823
18407  20916  2510  18407  18507  101  20810  20916  107  85.05  125835
34068  36389  2322  34068  34355  288  36100  36389  290  88.97  125835
2996  4762  1767  2996  3392  397  4354  4762  409  85.33  125836
7897  20103  12207  7897  7999  103  19999  20103  105  87.62  125836
31902  34881  2980  31902  32361  460  34428  34881  454  90.22  125845
84848  87821  2974  84848  85222  375  87441  87821  381  91.60  125851
58744  63185  4442  58744  59047  304  62893  63185  293  89.80  125856
65230  69485  4256  65230  65476  247  69242  69485  244  87.45  125856
1770  5803  4034  1770  1877  108  5694  5803  110  92.73  125881
13  3540  3528  13  330  318  3233  3540  308  89.31  125900
70312  72649  2338  70312  70543  232  72419  72649  231  91.38  125910
109694  112442  2749  109694  109967  274  112167  112442  276  86.59  125910
5653  11308  5656  5653  5898  246  11067  11308  242  92.68  125921
14431  16329  1899  14431  14795  365  15952  16329  378  93.12  125921
2332  6374  4043  2332  3005  674  5690  6374  685  92.26  125929
258670  260925  2256  258670  259071  402  260517  260925  409  91.69  125929
28602  35586  6985  28602  28761  160  35441  35586  146  85.62  125938
9168  15124  5957  9168  9402  235  14897  15124  228  95.32  125939
17  4591  4575  17  702  686  3899  4591  693  96.39  125940
1761  10226  8466  1761  2204  444  9770  10226  457  93.00  125941
25  11372  11348  25  641  617  10738  11372  635  95.28  125962
232  12076  11845  232  807  576  11499  12076  578  92.04  125964
11711  13514  1804  11711  12115  405  13122  13514  393  90.12  125966
1139  2693  1555  1139  1269  131  2568  2693  126  87.02  125969
38503  42708  4206  38503  38662  160  42551  42708  158  86.88  125969
654  3924  3271  654  772  119  3806  3924  119  95.80  125977
17822  20601  2780  17822  18407  586  20004  20601  598  96.15  126011
10407  18271  7865  10407  10697  291  17999  18271  273  92.10  126051
20774  25886  5113  20774  20951  178  25714  25886  173  90.45  126061
5580  7607  2028  5580  5712  133  7473  7607  135  94.81  126064
15115  20330  5216  15115  15312  198  20129  20330  202  94.06  126064
52665  54517  1853  52665  52889  225  54294  54517  224  96.44  126067
289  8533  8245  289  462  174  8367  8533  167  94.83  126070
6  9040  9035  6  109  104  8934  9040  107  97.20  126076
26601  29432  2832  26601  26754  154  29283  29432  150  88.31  126083
113918  117597  3680  113918  114027  110  117484  117597  114  92.98  126084
5817  10031  4215  5817  6000  184  9854  10031  178  88.04  126098
297  9788  9492  297  443  147  9644  9788  145  91.84  126107
23  3419  3397  23  635  613  2797  3419  623  94.54  126113
197  5021  4825  197  391  195  4825  5021  197  85.28  126114
10  3545  3536  10  119  110  3423  3545  123  86.18  126126
20  4378  4359  20  519  500  3865  4378  514  90.47  126135
8079  9993  1915  8079  8470  392  9605  9993  389  94.39  126138
97267  101389  4123  97267  97571  305  101084  101389  306  93.14  126142
4694  9968  5275  4694  4933  240  9727  9968  242  90.50  126149
22266  26968  4703  22266  22428  163  26804  26968  165  94.55  126160
20030  24360  4331  20030  20530  501  23860  24360  501  95.01  126182
57863  61439  3577  57863  58525  663  60761  61439  679  94.70  126196
25128  29221  4094  25128  25248  121  29086  29221  136  86.76  126204
9472  15359  5888  9472  9729  258  15104  15359  256  94.19  126215
4822  8344  3523  4822  5115  294  8058  8344  287  92.86  126226
10545  13720  3176  10545  10665  121  13601  13720  120  88.43  126226
20553  26286  5734  20553  20716  164  26127  26286  160  92.07  126226
9085  12922  3838  9085  10070  986  11940  12922  983  93.81  126233
44857  47402  2546  44857  45135  279  47124  47402  279  96.77  126241
45869  51109  5241  45869  46068  200  50910  51109  200  94.00  126281
9018  18482  9465  9018  9126  109  18369  18482  114  85.96  126288
20420  25140  4721  20420  20536  117  25023  25140  118  86.44  126288
9003  18628  9626  9003  9276  274  18355  18628  274  93.07  126294
35793  42447  6655  35793  36176  384  42063  42447  385  92.21  126299
46969  50452  3484  46969  47214  246  50209  50452  244  90.65  126299
2087  7271  5185  2087  2295  209  7074  7271  198  86.60  126301
10841  15269  4429  10841  10981  141  15133  15269  137  87.23  126301
33468  41393  7926  33468  33629  162  41223  41393  171  86.55  126301
44014  46953  2940  44014  44143  130  46825  46953  129  95.38  126301
73018  78985  5968  73018  73201  184  78800  78985  186  90.32  126301
28  4515  4488  28  476  449  4051  4515  465  91.83  126307
11099  15130  4032  11099  11274  176  14952  15130  179  91.06  126369
29649  33496  3848  29649  29881  233  33269  33496  228  95.28  126370
31223  34079  2857  31223  31382  160  33922  34079  158  87.50  126379
29657  31776  2120  29657  29922  266  31509  31776  268  95.15  126389
16  4366  4351  16  394  379  3969  4366  398  90.95  126395
3759  5878  2120  3759  4317  559  5334  5878  545  92.31  126396
1640  6344  4705  1640  1867  228  6112  6344  233  91.42  126414
1625  6329  4705  1625  1852  228  6097  6329  233  91.42  126415
6633  7957  1325  6633  6782  150  7808  7957  150  94.00  126419
31698  34115  2418  31698  31973  276  33837  34115  279  96.42  126422
2738  7372  4635  2738  2921  184  7198  7372  175  91.85  126423
2550  5904  3355  2550  2807  258  5636  5904  269  91.45  126424
14277  17160  2884  14277  14515  239  16912  17160  249  93.17  126441
17484  20114  2631  17484  17879  396  19725  20114  390  92.42  126472
140578  142821  2244  140578  140927  350  142468  142821  354  96.05  126497
143100  144646  1547  143100  143308  209  144453  144646  194  89.00  126497
15981  18386  2406  15981  16116  136  18250  18386  137  89.78  126500
23  4989  4967  23  357  335  4642  4989  348  91.09  126504
36896  38953  2058  36896  37078  183  38779  38953  175  90.71  126505
13988  19666  5679  13988  14409  422  19241  19666  426  87.79  126520
44785  51087  6303  44785  45015  231  50852  51087  236  91.95  126520
17  9709  9693  17  369  353  9347  9709  363  93.94  126530
9252  22573  13322  9252  9409  158  22416  22573  158  91.77  126532
57552  60612  3061  57552  57733  182  60430  60612  183  89.62  126537
44329  50221  5893  44329  45038  710  49514  50221  708  92.68  126542
50246  58811  8566  50246  50388  143  58667  58811  145  86.90  126542
6253  8995  2743  6253  6543  291  8715  8995  281  86.94  126543
35983  37503  1521  35983  36196  214  37296  37503  208  92.99  126543
51690  63318  11629  51690  51839  150  63169  63318  150  96.67  126549
81733  91012  9280  81733  81978  246  90773  91012  240  93.09  126554
4291  7458  3168  4291  4574  284  7175  7458  284  92.96  126555
12668  17450  4783  12668  12879  212  17252  17450  199  87.74  126557
12948  17658  4711  12948  13082  135  17542  17658  117  85.93  126561
97225  101483  4259  97225  97602  378  101104  101483  380  96.05  126571
83070  85280  2211  83070  83174  105  85177  85280  104  93.33  126580
145  3331  3187  145  320  176  3147  3331  185  90.27  126583
3523  6979  3457  3523  4405  883  6088  6979  892  94.06  126583
115442  120386  4945  115442  115572  131  120254  120386  133  94.74  126586
13112  15884  2773  13112  13469  358  15511  15884  374  91.71  126607
16996  19457  2462  16996  17379  384  19062  19457  396  87.88  126607
9  5981  5973  9  451  443  5530  5981  452  93.36  126608
3600  8539  4940  3600  3803  204  8318  8539  222  90.09  126618
4072  6809  2738  4072  4307  236  6574  6809  236  99.58  126622
18243  22546  4304  18243  18537  295  22251  22546  296  87.16  126643
179987  186084  6098  179987  180468  482  185595  186084  490  94.29  126643
30864  34470  3607  30864  31149  286  34183  34470  288  96.18  126644
42002  43664  1663  42002  42458  457  43229  43664  436  91.90  126644
44868  47847  2980  44868  45395  528  47321  47847  527  92.61  126644
11018  12487  1470  11018  11125  108  12386  12487  102  93.52  126653
14558  17904  3347  14558  14710  153  17746  17904  159  89.94  126673
28564  30954  2391  28564  28817  254  30683  30954  272  93.01  126691
27761  29868  2108  27761  28377  617  29237  29868  632  95.89  126702
68229  71088  2860  68229  68625  397  70701  71088  388  87.41  126702
88264  90766  2503  88264  88429  166  90601  90766  166  86.75  126702
7299  11126  3828  7299  7576  278  10830  11126  297  92.93  126707
12623  16275  3653  12623  12826  204  16067  16275  209  86.12  126707
45798  49044  3247  45798  46017  220  48825  49044  220  95.00  126708
126516  129708  3193  126516  126772  257  129447  129708  262  85.50  126709
12451  16136  3686  12451  12609  159  15983  16136  154  90.57  126723
28839  37242  8404  28839  28952  114  37129  37242  114  100.00  126736
19376  23846  4471  19376  19710  335  23520  23846  327  92.84  126746
13552  23022  9471  13552  13746  195  22829  23022  194  89.23  126753
39866  42493  2628  39866  40047  182  42323  42493  171  88.46  126753
75011  77745  2735  75011  75198  188  77554  77745  192  93.75  126753
12929  15269  2341  12929  13295  367  14898  15269  372  91.13  126772
40787  42160  1374  40787  41017  231  41929  42160  232  90.52  126774
2941  9558  6618  2941  3545  605  8956  9558  603  95.70  126782
47647  49942  2296  47647  47811  165  49768  49942  175  85.71  126784
95884  98080  2197  95884  96070  187  97884  98080  197  91.88  126786
5184  8480  3297  5184  5313  130  8352  8480  129  89.23  126792
299  4386  4088  299  484  186  4201  4386  186  89.78  126800
75394  78899  3506  75394  75744  351  78556  78899  344  95.44  126804
11  5478  5468  11  696  686  4790  5478  689  97.53  126806
18175  22611  4437  18175  18385  211  22410  22611  202  86.26  126825
2886  8032  5147  2886  3086  201  7849  8032  184  89.05  126827
3941  6081  2141  3941  4414  474  5598  6081  484  90.70  126830
3769  5178  1410  3769  3995  227  4942  5178  237  85.23  126832
6764  12232  5469  6764  6968  205  12024  12232  209  89.47  126834
2608  17668  15061  2608  2830  223  17449  17668  220  90.58  126846
4521  8314  3794  4521  4707  187  8133  8314  182  86.10  126849
14555  17932  3378  14555  14857  303  17623  17932  310  95.81  126849
30213  32429  2217  30213  30340  128  32299  32429  131  90.84  126851
47852  50557  2706  47852  48247  396  50157  50557  401  86.53  126851
91731  94120  2390  91731  92069  339  93784  94120  337  88.20  126852
10  8049  8040  10  788  779  7271  8049  779  97.69  126873
6770  8279  1510  6770  7054  285  7995  8279  285  98.60  126878
35486  40437  4952  35486  35900  415  40025  40437  413  92.53  126888
156754  166204  9451  156754  156877  124  166082  166204  123  94.35  126894
8856  14759  5904  8856  9018  163  14603  14759  157  86.50  126896
277  6201  5925  277  581  305  5916  6201  286  88.20  126920
17550  23960  6411  17550  17704  155  23818  23960  143  85.81  126932
40225  41861  1637  40225  40451  227  41643  41861  219  86.78  126941
373  4350  3978  373  483  111  4228  4350  123  85.37  126946
214983  220005  5023  214983  215420  438  219554  220005  452  94.25  126946
733  3278  2546  733  946  214  3073  3278  206  92.52  126949
72283  74693  2411  72283  72537  255  74445  74693  249  93.73  126953
12804  15564  2761  12804  13034  231  15326  15564  239  89.54  126982
48902  51861  2960  48902  49136  235  51630  51861  232  91.06  126998
15348  18130  2783  15348  15563  216  17906  18130  225  93.78  127000
7  5801  5795  7  274  268  5519  5801  283  93.29  127003
9429  11944  2516  9429  9755  327  11621  11944  324  86.24  127014
70687  74283  3597  70687  71032  346  73933  74283  351  85.47  127014
531  4537  4007  531  737  207  4337  4537  201  85.99  127033
56280  58711  2432  56280  56523  244  58458  58711  254  86.22  127037
148219  156077  7859  148219  148497  279  155790  156077  288  93.40  127037
156400  162138  5739  156400  156610  211  161923  162138  216  94.44  127037
16  4595  4580  16  770  755  3831  4595  765  97.39  127050
8746  10873  2128  8746  8954  209  10669  10873  205  91.87  127056
34482  41014  6533  34482  34672  191  40846  41014  169  85.34  127067
5299  10965  5667  5299  5720  422  10541  10965  425  94.82  127077
38  1985  1948  38  806  769  1207  1985  779  91.78  127087
3164  5891  2728  3164  3395  232  5649  5891  243  89.30  127091
10002  12143  2142  10002  10175  174  11983  12143  161  88.51  127098
83  2559  2477  83  199  117  2443  2559  117  93.16  127112
34014  40691  6678  34014  34304  291  40394  40691  298  90.94  127112
994  3362  2369  994  1161  168  3201  3362  162  89.29  127115
89531  93231  3701  89531  89702  172  93061  93231  171  91.86  127119
19263  27099  7837  19263  19444  182  26918  27099  182  92.31  127134
