# args=-index /media/amir/DATA/work/RM_ANALYSIS/Minc/Minc_ltrharvest.index -mintsd 5 -maxtsd 100
# predictions are reported in the following way
# s(ret) e(ret) l(ret) s(lLTR) e(lLTR) l(lLTR) s(rLTR) e(rLTR) l(rLTR) sim(LTRs) seq-nr 
# where:
# s = starting position
# e = ending position
# l = length
# ret = LTR-retrotransposon
# lLTR = left LTR
# rLTR = right LTR
# sim = similarity
# seq-nr = sequence number
45589  47620  2032  45589  46588  1000  46634  47620  987  96.10  0
137521  138722  1202  137521  137685  165  138567  138722  156  92.12  0
6700  9908  3209  6700  6863  164  9746  9908  163  98.17  1
61333  62793  1461  61333  61530  198  62588  62793  206  85.92  1
105181  112846  7666  105181  105478  298  112551  112846  296  92.95  1
54175  61356  7182  54175  54407  233  61126  61356  231  95.71  2
58835  66170  7336  58835  59034  200  65981  66170  190  90.00  3
7050  13836  6787  7050  7275  226  13601  13836  236  86.02  5
58094  62446  4353  58094  58319  226  62209  62446  238  94.96  5
84089  88395  4307  84089  84629  541  87855  88395  541  99.08  5
83898  92080  8183  83898  84172  275  91818  92080  263  87.27  7
25900  33949  8050  25900  26023  124  33824  33949  126  92.06  8
46802  49893  3092  46802  46995  194  49681  49893  213  85.45  8
51027  65463  14437  51027  51545  519  64957  65463  507  87.86  8
88121  91709  3589  88121  88395  275  91436  91709  274  92.36  8
98844  101164  2321  98844  98986  143  101021  101164  144  88.89  8
57153  59445  2293  57153  57284  132  59317  59445  129  87.88  9
6729  8410  1682  6729  6907  179  8239  8410  172  86.03  11
17027  26987  9961  17027  17471  445  26553  26987  435  95.96  11
93980  97142  3163  93980  94229  250  96895  97142  248  88.40  11
13216  24559  11344  13216  13399  184  24380  24559  180  90.22  12
25642  28481  2840  25642  26176  535  27930  28481  552  94.20  12
46631  58967  12337  46631  47382  752  58214  58967  754  95.76  12
59452  62096  2645  59452  59925  474  61633  62096  464  96.41  12
1505  4220  2716  1505  2101  597  3628  4220  593  97.49  14
12261  15157  2897  12261  12675  415  14748  15157  410  98.80  14
54488  57766  3279  54488  54621  134  57620  57766  147  89.12  14
57996  61768  3773  57996  58588  593  61202  61768  567  92.41  14
86567  88795  2229  86567  87258  692  88095  88795  701  97.72  15
22924  35741  12818  22924  23025  102  35624  35741  118  85.59  16
36575  42858  6284  36575  36700  126  42740  42858  119  86.51  16
25224  31085  5862  25224  25694  471  30631  31085  455  93.21  17
77054  84639  7586  77054  77651  598  84047  84639  593  97.99  18
33044  39363  6320  33044  33294  251  39133  39363  231  89.64  19
40476  45149  4674  40476  40675  200  44949  45149  201  99.00  19
53962  55118  1157  53962  54101  140  54970  55118  149  87.92  19
61298  72186  10889  61298  61608  311  71899  72186  288  86.17  19
33536  37232  3697  33536  33918  383  36872  37232  361  86.42  21
71118  73561  2444  71118  71279  162  73400  73561  162  100.00  21
33224  35643  2420  33224  33488  265  35380  35643  264  99.62  22
55971  60731  4761  55971  56172  202  60532  60731  200  87.62  22
73281  75739  2459  73281  73442  162  75576  75739  164  98.78  22
30007  34340  4334  30007  30812  806  33542  34340  799  93.92  23
26302  34113  7812  26302  27280  979  33124  34113  990  96.26  24
59050  63113  4064  59050  59477  428  62666  63113  448  90.18  25
26  5594  5569  26  703  678  4905  5594  690  94.49  27
21990  29697  7708  21990  22271  282  29407  29697  291  96.91  28
65700  69696  3997  65700  65981  282  69406  69696  291  96.91  28
72376  75067  2692  72376  72891  516  74555  75067  513  99.22  28
6817  8162  1346  6817  7033  217  7934  8162  229  86.90  29
16086  21219  5134  16086  16470  385  20814  21219  406  88.67  29
13592  16377  2786  13592  14191  600  15773  16377  605  96.36  30
21778  27013  5236  21778  22057  280  26734  27013  280  100.00  30
7004  19938  12935  7004  7178  175  19763  19938  176  93.75  31
30107  36064  5958  30107  30227  121  35949  36064  116  91.74  31
48534  50657  2124  48534  48661  128  50526  50657  132  86.36  32
12804  24228  11425  12804  12970  167  24062  24228  167  91.62  37
36329  39812  3484  36329  36645  317  39507  39812  306  86.75  37
44488  48490  4003  44488  44654  167  48328  48490  163  96.41  37
13354  22420  9067  13354  13627  274  22146  22420  275  94.91  38
27523  41202  13680  27523  27716  194  41014  41202  189  91.75  38
63451  67426  3976  63451  63869  419  67007  67426  420  99.05  38
7370  11942  4573  7370  7531  162  11777  11942  166  91.57  39
65260  67416  2157  65260  65369  110  67310  67416  107  90.91  39
16374  23041  6668  16374  16505  132  22902  23041  140  88.57  41
25109  28608  3500  25109  25322  214  28395  28608  214  99.53  41
30171  35126  4956  30171  30524  354  34760  35126  367  87.19  41
58989  60323  1335  58989  59295  307  60032  60323  292  89.58  41
64885  66743  1859  64885  65014  130  66597  66743  147  88.44  42
10129  11721  1593  10129  10298  170  11554  11721  168  91.76  43
26182  30356  4175  26182  26517  336  30019  30356  338  96.75  43
35394  41377  5984  35394  35621  228  41134  41377  244  90.98  43
59980  62862  2883  59980  60328  349  62513  62862  350  90.00  43
31076  42612  11537  31076  31352  277  42333  42612  280  98.21  45
47665  53897  6233  47665  47783  119  53772  53897  126  86.51  45
15970  18472  2503  15970  16168  199  18266  18472  207  89.37  47
22400  29123  6724  22400  22507  108  29010  29123  114  92.11  48
55741  57792  2052  55741  56057  317  57490  57792  303  88.64  51
15417  26179  10763  15417  16415  999  25197  26179  983  97.40  52
45020  46211  1192  45020  45134  115  46096  46211  116  90.52  52
46290  51902  5613  46290  46554  265  51639  51902  264  99.62  54
55437  57837  2401  55437  55598  162  57676  57837  162  99.38  56
60743  61969  1227  60743  60899  157  61819  61969  151  91.72  57
52284  54889  2606  52284  53109  826  54086  54889  804  97.34  60
1638  13404  11767  1638  1901  264  13140  13404  265  98.49  61
1233  5922  4690  1233  1374  142  5773  5922  150  86.00  63
7969  12927  4959  7969  8256  288  12646  12927  282  90.97  63
16348  19509  3162  16348  16680  333  19181  19509  329  97.00  63
11123  14249  3127  11123  11363  241  14008  14249  242  99.17  64
6265  16612  10348  6265  6538  274  16344  16612  269  93.07  70
17841  22908  5068  17841  17972  132  22781  22908  128  93.94  70
6059  8290  2232  6059  6717  659  7641  8290  650  97.57  71
8622  19328  10707  8622  8832  211  19141  19328  188  85.31  71
20543  30707  10165  20543  21521  979  29714  30707  994  96.88  71
43883  45294  1412  43883  44058  176  45134  45294  161  87.50  71
51516  52950  1435  51516  51798  283  52665  52950  286  96.85  71
6021  9482  3462  6021  6301  281  9200  9482  283  98.23  72
13727  16185  2459  13727  13887  161  16024  16185  162  99.38  72
2130  4082  1953  2130  2360  231  3855  4082  228  88.31  73
29538  42297  12760  29538  30211  674  41626  42297  672  99.11  73
45390  59026  13637  45390  45997  608  58418  59026  609  99.84  73
608  2249  1642  608  793  186  2075  2249  175  86.02  76
3776  5567  1792  3776  4389  614  4944  5567  624  89.42  76
44343  56249  11907  44343  44502  160  56098  56249  152  91.25  77
4596  8085  3490  4596  4945  350  7720  8085  366  92.35  79
40304  41529  1226  40304  40460  157  41380  41529  150  92.99  81
17326  18738  1413  17326  17526  201  18546  18738  193  91.04  82
4706  12497  7792  4706  5053  348  12156  12497  342  97.99  83
31893  34354  2462  31893  32054  162  34193  34354  162  100.00  84
41226  47613  6388  41226  41419  194  47436  47613  178  87.63  84
9792  13619  3828  9792  10512  721  12897  13619  723  99.45  85
21982  24394  2413  21982  22346  365  24056  24394  339  89.04  85
50395  52861  2467  50395  50559  165  52697  52861  165  100.00  85
327  10646  10320  327  599  273  10375  10646  272  99.27  87
11767  23583  11817  11767  12043  277  23315  23583  269  91.34  92
165  7953  7789  165  627  463  7493  7953  461  91.58  93
27709  40616  12908  27709  27826  118  40505  40616  112  86.44  93
6802  9991  3190  6802  7793  992  9001  9991  991  97.68  96
39686  40843  1158  39686  39825  140  40695  40843  149  87.92  99
43139  52484  9346  43139  43957  819  51701  52484  784  95.48  100
2371  4775  2405  2371  2532  162  4614  4775  162  100.00  101
30881  37593  6713  30881  31321  441  37153  37593  441  100.00  104
40620  42395  1776  40620  40960  341  42060  42395  336  96.48  104
43940  50795  6856  43940  44096  157  50639  50795  157  100.00  104
1215  5371  4157  1215  1401  187  5194  5371  178  85.56  105
38654  41107  2454  38654  38815  162  40946  41107  162  100.00  105
4142  5579  1438  4142  4369  228  5339  5579  241  94.61  106
24239  27553  3315  24239  24644  406  27130  27553  424  95.52  106
28600  29994  1395  28600  28828  229  29767  29994  228  92.14  108
47054  49799  2746  47054  47492  439  49366  49799  434  91.34  108
4176  5729  1554  4176  4557  382  5341  5729  389  96.40  109
17458  19116  1659  17458  17665  208  18907  19116  210  99.05  109
20009  21816  1808  20009  20361  353  21464  21816  353  94.90  109
26455  28207  1753  26455  26731  277  27939  28207  269  97.11  109
8891  12408  3518  8891  9296  406  12000  12408  409  98.53  111
2747  4665  1919  2747  2863  117  4552  4665  114  88.89  112
26947  29436  2490  26947  27549  603  28845  29436  592  95.69  112
26629  30587  3959  26629  26747  119  30466  30587  122  85.25  113
3773  8069  4297  3773  3936  164  7919  8069  151  87.20  114
15386  17847  2462  15386  15548  163  17686  17847  162  99.39  115
16522  19903  3382  16522  16978  457  19446  19903  458  98.91  116
35301  39411  4111  35301  35527  227  39185  39411  227  100.00  116
27242  32540  5299  27242  27482  241  32328  32540  213  85.06  118
32771  41489  8719  32771  33237  467  41023  41489  467  100.00  118
8384  17211  8828  8384  8521  138  17081  17211  131  86.23  119
19388  24291  4904  19388  19603  216  24071  24291  221  89.14  122
39493  41483  1991  39493  39625  133  41348  41483  136  93.38  123
2996  16204  13209  2996  3523  528  15676  16204  529  99.24  124
17441  22106  4666  17441  17675  235  21873  22106  234  92.77  124
23890  37296  13407  23890  24889  1000  36300  37296  997  97.40  124
40575  45406  4832  40575  41561  987  44407  45406  1000  98.40  124
30672  32695  2024  30672  30841  170  32526  32695  170  98.82  125
43104  45477  2374  43104  43266  163  45315  45477  163  100.00  125
35778  39533  3756  35778  35939  162  39372  39533  162  100.00  126
21570  27670  6101  21570  21799  230  27441  27670  230  99.57  127
43165  44577  1413  43165  43366  202  44372  44577  206  92.23  128
13925  17072  3148  13925  14195  271  16805  17072  268  95.57  129
23698  33226  9529  23698  23893  196  33031  33226  196  94.90  129
34053  36688  2636  34053  34907  855  35845  36688  844  97.19  129
27244  30524  3281  27244  27519  276  30245  30524  280  97.50  132
36699  41164  4466  36699  37017  319  40846  41164  319  92.48  132
10440  13875  3436  10440  10750  311  13560  13875  316  91.14  135
39082  45704  6623  39082  39992  911  44823  45704  882  91.99  135
19224  24099  4876  19224  19373  150  23967  24099  133  85.33  141
6485  7623  1139  6485  6602  118  7510  7623  114  93.22  144
38087  39503  1417  38087  38276  190  39315  39503  189  99.47  144
9723  13677  3955  9723  10057  335  13336  13677  342  91.52  147
18251  21699  3449  18251  18434  184  21511  21699  189  88.89  147
13063  15697  2635  13063  13202  140  15550  15697  148  88.51  149
28276  30859  2584  28276  29154  879  29993  30859  867  96.81  149
21177  34962  13786  21177  21324  148  34810  34962  153  90.20  151
18670  21395  2726  18670  18980  311  21089  21395  307  90.68  153
9723  11330  1608  9723  9845  123  11196  11330  135  91.11  156
21679  24691  3013  21679  22104  426  24263  24691  429  98.60  158
415  2687  2273  415  970  556  2131  2687  557  97.85  160
3811  12399  8589  3811  4243  433  11988  12399  412  91.69  160
39253  41703  2451  39253  39529  277  41427  41703  277  99.64  160
36173  37962  1790  36173  36376  204  37755  37962  208  98.08  162
32870  35734  2865  32870  33057  188  35549  35734  186  92.55  163
20986  27010  6025  20986  21359  374  26628  27010  383  92.95  164
29356  38660  9305  29356  29790  435  38227  38660  434  99.77  164
9556  11756  2201  9556  9789  234  11536  11756  221  86.32  168
24068  36763  12696  24068  24623  556  36225  36763  539  92.63  168
10927  16675  5749  10927  11357  431  16223  16675  453  93.82  169
8900  13643  4744  8900  9220  321  13322  13643  322  90.06  170
21826  25047  3222  21826  22251  426  24624  25047  424  93.66  170
38012  40464  2453  38012  38176  165  40303  40464  162  98.18  170
4122  14542  10421  4122  4902  781  13762  14542  781  100.00  173
14556  27141  12586  14556  15135  580  26573  27141  569  95.17  175
25946  28933  2988  25946  26066  121  28813  28933  121  98.35  176
17478  20342  2865  17478  17928  451  19891  20342  452  98.89  181
7882  9556  1675  7882  8053  172  9378  9556  179  86.03  182
35906  37212  1307  35906  36098  193  37023  37212  190  88.08  182
18141  20809  2669  18141  18434  294  20514  20809  296  87.16  183
17403  18664  1262  17403  17577  175  18499  18664  166  85.71  185
35502  39854  4353  35502  35832  331  39522  39854  333  91.89  186
21393  25569  4177  21393  21919  527  25068  25569  502  92.03  187
5185  7897  2713  5185  5412  228  7670  7897  228  100.00  190
18883  22345  3463  18883  19129  247  22081  22345  265  87.92  190
17384  19896  2513  17384  17534  151  19746  19896  151  97.35  193
28566  33177  4612  28566  28893  328  32842  33177  336  90.48  193
1487  8122  6636  1487  1615  129  7995  8122  128  86.82  194
19305  22046  2742  19305  19621  317  21715  22046  332  91.27  194
18112  22391  4280  18112  18227  116  22266  22391  126  92.06  195
23758  24956  1199  23758  23948  191  24762  24956  195  92.82  196
3469  12564  9096  3469  4246  778  11786  12564  779  94.87  197
33265  34742  1478  33265  33605  341  34379  34742  364  91.48  198
21132  26748  5617  21132  21703  572  26182  26748  567  99.13  199
6399  10069  3671  6399  6824  426  9650  10069  420  93.43  201
24998  28921  3924  24998  25338  341  28585  28921  337  90.62  201
16914  22925  6012  16914  17702  789  22128  22925  798  96.49  203
37157  38866  1710  37157  37568  412  38473  38866  394  93.69  203
13473  16117  2645  13473  13601  129  15984  16117  134  91.04  204
7421  10087  2667  7421  8092  672  9384  10087  704  91.34  206
1786  4499  2714  1786  2422  637  3876  4499  624  97.80  207
6396  8335  1940  6396  6538  143  8191  8335  145  89.66  208
9025  21295  12271  9025  9148  124  21169  21295  127  96.85  208
20272  27046  6775  20272  21043  772  26271  27046  776  96.13  209
34582  36035  1454  34582  34702  121  35910  36035  126  85.71  210
22724  25181  2458  22724  22885  162  25017  25181  165  98.18  213
5688  7593  1906  5688  5848  161  7437  7593  157  86.96  214
3328  5815  2488  3328  3947  620  5198  5815  618  95.97  216
18562  20031  1470  18562  18664  103  19932  20031  100  94.17  217
6801  18963  12163  6801  7314  514  18445  18963  519  99.04  225
8412  15796  7385  8412  8584  173  15641  15796  156  89.02  230
7863  13522  5660  7863  8009  147  13374  13522  149  87.25  232
29423  33900  4478  29423  29561  139  33769  33900  132  92.09  232
3206  14732  11527  3206  3483  278  14452  14732  281  97.86  233
1699  5236  3538  1699  1925  227  5007  5236  230  85.65  234
11558  14018  2461  11558  11722  165  13855  14018  164  99.39  235
10362  13231  2870  10362  10529  168  13052  13231  180  87.78  237
20199  23171  2973  20199  20409  211  22965  23171  207  85.78  237
12365  14198  1834  12365  12527  163  14037  14198  162  98.77  243
16801  31555  14755  16801  17439  639  30926  31555  630  95.46  243
13690  16043  2354  13690  14269  580  15444  16043  600  87.50  244
3178  4465  1288  3178  3301  124  4335  4465  131  88.55  248
10616  12371  1756  10616  10823  208  12163  12371  209  99.52  248
13468  17925  4458  13468  13917  450  17475  17925  451  99.33  248
18270  30670  12401  18270  18884  615  30052  30670  619  99.03  251
2755  17542  14788  2755  2974  220  17322  17542  221  87.78  253
1195  10350  9156  1195  1369  175  10166  10350  185  89.73  254
21250  25471  4222  21250  21625  376  25100  25471  372  95.74  254
18952  21049  2098  18952  19059  108  20933  21049  117  86.32  257
24711  28084  3374  24711  24835  125  27953  28084  132  91.67  262
17843  19152  1310  17843  18041  199  18962  19152  191  87.44  263
1822  8034  6213  1822  2065  244  7769  8034  266  90.98  264
8193  9404  1212  8193  8389  197  9209  9404  196  88.32  264
9765  11562  1798  9765  10455  691  10880  11562  683  90.01  264
14296  15589  1294  14296  14555  260  15339  15589  251  96.15  265
19417  23452  4036  19417  19583  167  23285  23452  168  97.02  267
2409  12665  10257  2409  3014  606  12061  12665  605  99.83  269
13846  22522  8677  13846  14269  424  22090  22522  433  94.00  270
3748  11843  8096  3748  4086  339  11507  11843  337  98.53  271
13609  26160  12552  13609  14385  777  25384  26160  777  99.74  271
31200  34058  2859  31200  31572  373  33691  34058  368  95.17  271
15137  19899  4763  15137  15480  344  19567  19899  333  90.70  272
10236  21196  10961  10236  11228  993  20206  21196  991  98.29  273
24483  26295  1813  24483  24706  224  26069  26295  227  94.71  273
28316  34202  5887  28316  28551  236  33966  34202  237  98.73  273
21096  29708  8613  21096  21595  500  29193  29708  516  96.51  275
267  5454  5188  267  526  260  5200  5454  255  98.08  276
28339  30898  2560  28339  28664  326  30569  30898  330  98.79  276
10138  21282  11145  10138  10367  230  21051  21282  232  99.14  277
3202  4444  1243  3202  3325  124  4323  4444  122  91.13  278
509  6110  5602  509  1215  707  5406  6110  705  99.29  280
6380  7746  1367  6380  6524  145  7600  7746  147  85.71  281
28902  32004  3103  28902  29048  147  31860  32004  145  93.20  284
5996  7324  1329  5996  6109  114  7213  7324  112  93.86  285
27073  33499  6427  27073  27495  423  33076  33499  424  98.58  285
25985  28869  2885  25985  26364  380  28490  28869  380  95.79  286
33061  34364  1304  33061  33248  188  34173  34364  192  92.19  286
3766  7298  3533  3766  4054  289  7017  7298  282  94.46  287
13289  20076  6788  13289  13532  244  19842  20076  235  86.07  291
12055  23089  11035  12055  12217  163  22935  23089  155  87.12  297
32098  33339  1242  32098  32252  155  33185  33339  155  94.19  297
26438  29328  2891  26438  26833  396  28924  29328  405  97.04  300
24669  30447  5779  24669  25050  382  30076  30447  372  94.24  303
24216  25388  1173  24216  24369  154  25240  25388  149  85.71  305
23950  25245  1296  23950  24164  215  25026  25245  220  88.18  308
7894  12026  4133  7894  8157  264  11765  12026  262  92.80  309
23508  26277  2770  23508  23785  278  25966  26277  312  89.10  310
1253  2466  1214  1253  1420  168  2300  2466  167  95.24  313
2692  4727  2036  2692  2988  297  4431  4727  297  100.00  313
4779  6812  2034  4779  4901  123  6690  6812  123  100.00  313
8255  9421  1167  8255  8377  123  9299  9421  123  100.00  313
24917  29184  4268  24917  25159  243  28946  29184  239  96.71  313
24124  29352  5229  24124  24396  273  29076  29352  277  98.56  315
5094  8211  3118  5094  5437  344  7852  8211  360  90.00  317
13173  19511  6339  13173  13554  382  19132  19511  380  97.64  317
7060  14727  7668  7060  7323  264  14463  14727  265  99.62  323
19083  20411  1329  19083  19380  298  20102  20411  310  90.00  323
304  4976  4673  304  580  277  4698  4976  279  86.02  324
24001  26461  2461  24001  24162  162  26299  26461  163  99.39  325
3948  17601  13654  3948  4827  880  16734  17601  868  98.07  326
11438  13167  1730  11438  11603  166  12987  13167  181  89.50  329
28653  31039  2387  28653  28754  102  30936  31039  104  96.15  330
1647  3783  2137  1647  2027  381  3401  3783  383  86.95  331
13355  15489  2135  13355  14354  1000  14493  15489  997  97.60  334
23095  25670  2576  23095  23300  206  25473  25670  198  95.15  336
14944  18075  3132  14944  15097  154  17925  18075  151  92.21  337
3961  15168  11208  3961  4208  248  14921  15168  248  100.00  341
20334  24724  4391  20334  20586  253  24472  24724  253  99.60  341
25429  30299  4871  25429  25545  117  30182  30299  118  97.46  341
6721  7965  1245  6721  6915  195  7776  7965  190  92.31  343
7940  10934  2995  7940  8261  322  10608  10934  327  94.19  344
4251  7225  2975  4251  4541  291  6936  7225  290  92.44  345
3372  16242  12871  3372  4012  641  15609  16242  634  97.66  346
12280  26553  14274  12280  12646  367  26156  26553  398  85.43  347
5396  9093  3698  5396  5511  116  8963  9093  131  87.02  350
17688  26728  9041  17688  18172  485  26247  26728  482  97.73  352
25764  27761  1998  25764  26270  507  27271  27761  491  94.08  356
23175  29407  6233  23175  23390  216  29187  29407  221  93.67  357
20677  24245  3569  20677  21334  658  23585  24245  661  99.39  358
4910  17103  12194  4910  5132  223  16876  17103  228  86.84  359
3096  9119  6024  3096  3324  229  8887  9119  233  87.55  365
11712  15151  3440  11712  11878  167  14986  15151  166  89.22  365
22421  29873  7453  22421  22861  441  29441  29873  433  90.93  366
7877  15772  7896  7877  8215  339  15440  15772  333  94.99  367
880  2328  1449  880  1269  390  1929  2328  400  96.00  369
2983  5314  2332  2983  3296  314  5003  5314  312  98.09  369
5794  17516  11723  5794  5936  143  17374  17516  143  100.00  369
19841  21634  1794  19841  20329  489  21148  21634  487  97.55  369
21988  23321  1334  21988  22146  159  23163  23321  159  98.11  369
23690  26127  2438  23690  23987  298  25830  26127  298  94.63  369
26292  29137  2846  26292  26571  280  28859  29137  279  98.93  369
29429  30650  1222  29429  29571  143  30508  30650  143  95.80  369
5378  9512  4135  5378  5772  395  9119  9512  394  98.99  376
14447  16271  1825  14447  14648  202  16068  16271  204  99.02  376
26581  29082  2502  26581  26737  157  28932  29082  151  96.18  377
14508  15777  1270  14508  14741  234  15543  15777  235  85.96  379
26050  29298  3249  26050  26429  380  28920  29298  379  99.74  387
7344  9742  2399  7344  7507  164  9576  9742  167  98.20  390
7454  13180  5727  7454  7673  220  12959  13180  222  90.99  391
598  9529  8932  598  976  379  9151  9529  379  100.00  392
14460  21226  6767  14460  14572  113  21113  21226  114  90.35  394
26328  27484  1157  26328  26476  149  27345  27484  140  87.92  394
21781  29917  8137  21781  22150  370  29527  29917  391  86.19  396
5839  7142  1304  5839  6025  187  6956  7142  187  90.37  399
3336  5793  2458  3336  3500  165  5629  5793  165  98.79  402
5881  19535  13655  5881  6308  428  19072  19535  464  90.30  402
23986  26746  2761  23986  24175  190  26557  26746  190  96.84  402
5726  10044  4319  5726  6124  399  9658  10044  387  95.49  403
28049  29194  1146  28049  28184  136  29059  29194  136  100.00  403
21991  26988  4998  21991  22103  113  26873  26988  116  89.66  404
20321  21731  1411  20321  20476  156  21582  21731  150  90.38  405
13489  23249  9761  13489  13610  122  23134  23249  116  88.52  409
14055  22363  8309  14055  14181  127  22243  22363  121  85.04  410
11899  20118  8220  11899  12006  108  20010  20118  109  96.33  411
8286  13716  5431  8286  8445  160  13547  13716  170  87.06  412
17775  26516  8742  17775  18245  471  26041  26516  476  98.11  421
7051  8446  1396  7051  7315  265  8182  8446  265  99.25  422
12799  15222  2424  12799  13111  313  14926  15222  297  93.93  424
7163  12621  5459  7163  7715  553  12071  12621  551  90.78  425
2769  15450  12682  2769  3136  368  15074  15450  377  89.12  428
10658  18504  7847  10658  11005  348  18157  18504  348  98.85  429
25412  28205  2794  25412  26155  744  27460  28205  746  97.32  429
6010  8427  2418  6010  6373  364  8074  8427  354  91.48  430
19262  21251  1990  19262  19606  345  20893  21251  359  90.25  431
6592  9855  3264  6592  6856  265  9592  9855  264  99.25  432
17990  27279  9290  17990  18257  268  26998  27279  282  94.68  435
1912  7180  5269  1912  2299  388  6793  7180  388  96.91  436
14527  16787  2261  14527  14922  396  16406  16787  382  90.40  436
7706  13514  5809  7706  7969  264  13235  13514  280  94.29  437
8011  12019  4009  8011  8175  165  11856  12019  164  99.39  439
4106  14877  10772  4106  4450  345  14530  14877  348  89.66  447
7707  9176  1470  7707  7903  197  8980  9176  197  95.43  450
12864  17687  4824  12864  13116  253  17428  17687  260  92.31  455
20393  27317  6925  20393  20577  185  27134  27317  184  88.11  462
12651  16416  3766  12651  12928  278  16151  16416  266  93.17  463
9920  17133  7214  9920  10364  445  16700  17133  434  93.93  465
21624  25002  3379  21624  21900  277  24726  25002  277  100.00  469
8422  11948  3527  8422  9086  665  11309  11948  640  96.09  475
8  2654  2647  8  202  195  2441  2654  214  91.12  478
4670  9307  4638  4670  4838  169  9128  9307  180  87.78  478
14119  19001  4883  14119  14244  126  18873  19001  129  93.02  478
20809  26940  6132  20809  21231  423  26511  26940  430  93.72  479
5672  19525  13854  5672  5910  239  19272  19525  254  90.94  484
8508  17027  8520  8508  8909  402  16629  17027  399  93.03  489
20500  23129  2630  20500  20640  141  22992  23129  138  93.62  489
21900  24185  2286  21900  22270  371  23802  24185  384  93.23  495
15150  17906  2757  15150  16130  981  16925  17906  982  97.66  496
5985  11975  5991  5985  6254  270  11708  11975  268  91.85  497
18027  22971  4945  18027  18486  460  22515  22971  457  97.17  497
16132  22070  5939  16132  16344  213  21852  22070  219  96.35  500
24906  26269  1364  24906  25130  225  26051  26269  219  90.67  500
25246  26496  1251  25246  25417  172  26324  26496  173  95.38  502
10393  11777  1385  10393  10555  163  11621  11777  157  93.25  503
10272  15519  5248  10272  10860  589  14929  15519  591  97.63  505
15438  17175  1738  15438  15639  202  16974  17175  202  100.00  506
8147  20766  12620  8147  8778  632  20140  20766  627  98.42  511
8957  16797  7841  8957  9313  357  16442  16797  356  98.60  512
7335  13908  6574  7335  7679  345  13562  13908  347  90.20  514
8144  15622  7479  8144  8270  127  15501  15622  122  88.98  516
6137  8606  2470  6137  6308  172  8434  8606  173  99.42  518
10039  12428  2390  10039  10144  106  12319  12428  110  89.09  526
9165  11183  2019  9165  9586  422  10728  11183  456  92.54  530
13312  24665  11354  13312  13917  606  24063  24665  603  97.85  530
5020  10894  5875  5020  5359  340  10562  10894  333  90.00  533
9937  24036  14100  9937  10813  877  23171  24036  866  98.75  534
9541  21108  11568  9541  9717  177  20932  21108  177  99.44  538
23333  25588  2256  23333  24326  994  24616  25588  973  96.18  538
6018  7956  1939  6018  6216  199  7765  7956  192  88.94  543
17520  19819  2300  17520  17757  238  19560  19819  260  85.38  543
15429  24213  8785  15429  15929  501  23700  24213  514  95.33  544
21029  25421  4393  21029  21865  837  24607  25421  815  94.98  547
149  12071  11923  149  325  177  11903  12071  169  94.35  550
6143  13547  7405  6143  6389  247  13310  13547  238  94.74  551
14276  23611  9336  14276  14514  239  23355  23611  257  89.49  551
6986  22037  15052  6986  7322  337  21698  22037  340  97.94  552
3637  14155  10519  3637  3819  183  13994  14155  162  87.98  555
1742  11612  9871  1742  2481  740  10878  11612  735  97.84  559
14742  16389  1648  14742  15215  474  15917  16389  473  95.15  562
348  5252  4905  348  591  244  5001  5252  252  93.65  563
8568  11905  3338  8568  8770  203  11703  11905  203  90.64  563
13478  17108  3631  13478  13695  218  16901  17108  208  86.24  563
17666  22056  4391  17666  17838  173  21872  22056  185  85.41  563
5617  11491  5875  5617  5795  179  11304  11491  188  90.43  575
18244  20238  1995  18244  19243  1000  19244  20238  995  98.50  575
2115  8786  6672  2115  2242  128  8662  8786  125  92.19  576
13707  14946  1240  13707  13825  119  14836  14946  111  88.24  578
4419  14403  9985  4419  4798  380  14026  14403  378  94.21  589
8154  15886  7733  8154  8449  296  15584  15886  303  95.38  590
1362  6742  5381  1362  1913  552  6188  6742  555  98.92  592
853  11380  10528  853  1011  159  11239  11380  142  85.53  596
12838  15735  2898  12838  13107  270  15463  15735  273  90.48  596
19476  22317  2842  19476  19637  162  22150  22317  168  88.69  596
5178  6632  1455  5178  5304  127  6499  6632  134  93.28  598
846  2192  1347  846  978  133  2062  2192  131  93.98  599
21120  22753  1634  21120  21269  150  22596  22753  158  93.04  600
2392  7968  5577  2392  3143  752  7216  7968  753  96.95  610
7068  15173  8106  7068  7579  512  14664  15173  510  97.85  612
15143  17822  2680  15143  15304  162  17676  17822  147  88.27  616
19899  21958  2060  19899  20219  321  21636  21958  323  93.50  622
3293  9395  6103  3293  3649  357  9049  9395  347  90.20  624
772  2328  1557  772  1239  468  1857  2328  472  97.46  631
4803  9613  4811  4803  5076  274  9366  9613  248  88.69  633
2228  5175  2948  2228  2435  208  4967  5175  209  99.52  634
15495  17454  1960  15495  15609  115  17340  17454  115  85.22  638
731  12138  11408  731  1075  345  11817  12138  322  88.70  640
779  4913  4135  779  1332  554  4364  4913  550  98.38  646
1034  3165  2132  1034  1342  309  2850  3165  316  89.87  648
322  5705  5384  322  449  128  5569  5705  137  85.40  650
20480  22111  1632  20480  20967  488  21650  22111  462  88.93  651
3653  5269  1617  3653  3817  165  5104  5269  166  99.40  660
5410  7046  1637  5410  5687  278  6783  7046  264  94.60  661
11078  13554  2477  11078  11222  145  13409  13554  146  89.73  662
1479  16258  14780  1479  2477  999  15259  16258  1000  99.10  664
17336  20395  3060  17336  18335  1000  19396  20395  1000  99.20  664
21121  22648  1528  21121  21283  163  22488  22648  161  93.25  664
14109  17221  3113  14109  14381  273  16954  17221  268  91.58  666
18024  19666  1643  18024  18238  215  19460  19666  207  96.28  671
10577  22499  11923  10577  10817  241  22284  22499  216  89.21  673
1141  5167  4027  1141  1255  115  5060  5167  108  86.09  682
9079  14759  5681  9079  10075  997  13762  14759  998  99.40  685
15462  19898  4437  15462  15639  178  19729  19898  170  95.51  685
2160  3703  1544  2160  2375  216  3501  3703  203  90.74  686
30  9214  9185  30  980  951  8271  9214  944  97.69  690
10919  21047  10129  10919  11466  548  20494  21047  554  98.38  690
7254  11337  4084  7254  7890  637  10700  11337  638  99.53  700
9692  17415  7724  9692  10140  449  16966  17415  450  94.89  704
976  10056  9081  976  1968  993  9059  10056  998  99.00  708
553  7275  6723  553  1160  608  6654  7275  622  97.59  711
5667  8370  2704  5667  5897  231  8139  8370  232  99.57  712
13342  14501  1160  13342  13482  141  14353  14501  149  87.25  713
6746  18901  12156  6746  6993  248  18645  18901  257  96.50  718
6819  12488  5670  6819  7236  418  12069  12488  420  99.29  722
12922  14307  1386  12922  13128  207  14101  14307  207  100.00  726
931  5726  4796  931  1178  248  5482  5726  245  90.73  733
840  3647  2808  840  1268  429  3221  3647  427  94.17  734
9704  10996  1293  9704  9851  148  10847  10996  150  91.33  735
4840  12148  7309  4840  5070  231  11907  12148  242  91.74  736
1881  11314  9434  1881  2661  781  10538  11314  777  98.85  740
10546  13526  2981  10546  10803  258  13261  13526  266  93.23  744
1966  11642  9677  1966  2121  156  11489  11642  154  92.31  748
1098  6412  5315  1098  1262  165  6234  6412  179  89.39  752
11425  13046  1622  11425  11631  207  12840  13046  207  100.00  752
9517  10988  1472  9517  9724  208  10764  10988  225  85.78  753
4019  16038  12020  4019  4364  346  15659  16038  380  86.58  760
6191  8544  2354  6191  6598  408  8136  8544  409  97.80  764
5902  17649  11748  5902  6209  308  17340  17649  310  99.35  765
8543  20921  12379  8543  9024  482  20439  20921  483  98.55  766
2398  4237  1840  2398  3075  678  3523  4237  715  93.99  767
11967  15426  3460  11967  12247  281  15153  15426  274  96.44  768
2395  4305  1911  2395  2614  220  4078  4305  228  90.35  773
6493  9463  2971  6493  6780  288  9184  9463  280  95.49  773
11526  13438  1913  11526  11876  351  13085  13438  354  98.87  773
14038  19257  5220  14038  14321  284  18975  19257  283  92.96  777
8262  11444  3183  8262  8429  168  11269  11444  176  89.77  787
73  4934  4862  73  438  366  4578  4934  357  93.44  790
11425  16362  4938  11425  11707  283  16082  16362  281  92.93  791
11831  13563  1733  11831  12048  218  13348  13563  216  92.20  793
4201  6582  2382  4201  4376  176  6428  6582  155  88.07  800
10805  14589  3785  10805  10952  148  14451  14589  139  92.57  801
16160  20272  4113  16160  16446  287  20006  20272  267  93.03  804
12934  14633  1700  12934  13140  207  14427  14633  207  100.00  806
18637  19932  1296  18637  18908  272  19651  19932  282  95.04  813
10822  12493  1672  10822  11098  277  12215  12493  279  98.21  820
12828  13989  1162  12828  12969  142  13853  13989  137  88.73  820
18119  19363  1245  18119  18242  124  19250  19363  114  90.32  823
10374  18220  7847  10374  10726  353  17865  18220  356  95.79  825
7491  9927  2437  7491  7652  162  9766  9927  162  100.00  826
8749  16607  7859  8749  9074  326  16285  16607  323  98.16  828
13  1398  1386  13  215  203  1181  1398  218  92.20  845
1713  4287  2575  1713  1992  280  3998  4287  290  96.55  846
3067  14515  11449  3067  3421  355  14171  14515  345  95.49  848
12090  18935  6846  12090  12331  242  18715  18935  221  85.12  862
11658  12900  1243  11658  11818  161  12740  12900  161  100.00  869
16321  18228  1908  16321  16720  400  17828  18228  401  96.76  870
8268  15190  6923  8268  8405  138  15048  15190  143  93.71  877
451  5190  4740  451  781  331  4861  5190  330  95.17  884
3498  8767  5270  3498  3744  247  8526  8767  242  93.52  887
5975  12926  6952  5975  6126  152  12764  12926  163  86.50  889
8897  11460  2564  8897  9252  356  11097  11460  364  95.05  894
11803  16473  4671  11803  12049  247  16237  16473  237  90.28  895
5522  17091  11570  5522  5715  194  16891  17091  201  93.53  897
10260  14844  4585  10260  10406  147  14705  14844  140  89.80  898
9983  12271  2289  9983  10099  117  12150  12271  122  85.25  899
3364  16574  13211  3364  3605  242  16333  16574  242  92.15  902
5708  8962  3255  5708  5869  162  8795  8962  168  91.67  905
17520  18998  1479  17520  17732  213  18791  18998  208  96.24  905
3623  15004  11382  3623  3895  273  14717  15004  288  94.44  906
1192  15407  14216  1192  1369  178  15231  15407  177  92.70  913
2277  3926  1650  2277  2474  198  3729  3926  198  98.99  923
10756  12152  1397  10756  10867  112  12045  12152  108  86.61  935
5208  7008  1801  5208  5599  392  6618  7008  391  99.74  945
434  12939  12506  434  1230  797  12138  12939  802  97.63  948
4835  17441  12607  4835  5536  702  16740  17441  702  92.74  951
4189  9045  4857  4189  4356  168  8878  9045  168  91.07  952
15737  18141  2405  15737  15899  163  17979  18141  163  98.77  952
11753  16975  5223  11753  12233  481  16497  16975  479  98.13  953
15268  16727  1460  15268  15618  351  16386  16727  342  88.89  960
10043  14146  4104  10043  10874  832  13316  14146  831  95.91  969
9255  17825  8571  9255  9426  172  17660  17825  166  92.44  970
5552  15678  10127  5552  6228  677  15001  15678  678  99.71  971
6552  11676  5125  6552  6809  258  11419  11676  258  100.00  972
7734  9457  1724  7734  8047  314  9134  9457  324  95.37  974
5483  13455  7973  5483  6256  774  12683  13455  773  99.61  976
7932  17259  9328  7932  8075  144  17127  17259  133  86.11  983
13798  17671  3874  13798  13915  118  17561  17671  111  87.29  985
1605  13967  12363  1605  1826  222  13752  13967  216  91.89  991
13519  17651  4133  13519  13764  246  17405  17651  247  95.95  998
10975  13435  2461  10975  11136  162  13274  13435  162  100.00  999
6626  7786  1161  6626  6774  149  7647  7786  140  87.92  1000
9615  14099  4485  9615  10058  444  13639  14099  461  96.31  1009
5693  17944  12252  5693  6051  359  17618  17944  327  91.09  1010
11601  13510  1910  11601  11775  175  13346  13510  165  88.57  1017
15081  16719  1639  15081  15354  274  16455  16719  265  89.42  1017
6552  9948  3397  6552  6743  192  9771  9948  178  92.71  1021
6571  9377  2807  6571  6856  286  9130  9377  248  86.36  1023
3072  12567  9496  3072  3322  251  12317  12567  251  89.64  1024
1484  9843  8360  1484  1597  114  9726  9843  118  91.53  1028
2565  6396  3832  2565  3151  587  5800  6396  597  98.16  1030
3246  4664  1419  3246  3453  208  4456  4664  209  98.56  1039
6723  11915  5193  6723  7021  299  11613  11915  303  92.08  1040
133  3750  3618  133  244  112  3639  3750  112  88.39  1050
5735  8141  2407  5735  5852  118  8028  8141  114  95.76  1053
11849  15081  3233  11849  12490  642  14437  15081  645  99.53  1053
5945  7830  1886  5945  6048  104  7729  7830  102  96.15  1055
10718  14241  3524  10718  11073  356  13854  14241  388  87.11  1056
1959  17247  15289  1959  2935  977  16296  17247  952  96.21  1058
4256  5625  1370  4256  4463  208  5419  5625  207  99.04  1077
4470  10553  6084  4470  5394  925  9643  10553  911  95.89  1081
9895  14517  4623  9895  10091  197  14319  14517  199  86.93  1082
8572  10601  2030  8572  8831  260  10357  10601  245  92.69  1089
6755  9403  2649  6755  6974  220  9197  9403  207  91.36  1092
817  5266  4450  817  1589  773  4494  5266  773  100.00  1094
6195  9679  3485  6195  7184  990  8701  9679  979  97.68  1095
4440  13982  9543  4440  4796  357  13612  13982  371  96.23  1096
11  6172  6162  11  530  520  5641  6172  532  97.37  1099
766  2037  1272  766  979  214  1824  2037  214  85.98  1109
3693  11410  7718  3693  4031  339  11095  11410  316  92.04  1114
2123  5413  3291  2123  2633  511  4877  5413  537  94.79  1118
5169  12836  7668  5169  5565  397  12441  12836  396  87.15  1121
7163  10859  3697  7163  7296  134  10734  10859  126  87.31  1122
12961  14436  1476  12961  13149  189  14245  14436  192  96.35  1122
2092  9396  7305  2092  2361  270  9120  9396  277  95.31  1132
8972  10261  1290  8972  9237  266  9981  10261  281  93.59  1134
4188  12096  7909  4188  4586  399  11715  12096  382  95.74  1135
14468  16323  1856  14468  14879  412  15921  16323  403  96.84  1141
88  3429  3342  88  1079  992  2434  3429  996  98.59  1148
623  10210  9588  623  796  174  10028  10210  183  91.80  1150
2309  12823  10515  2309  2559  251  12575  12823  249  90.44  1153
8613  13598  4986  8613  8927  315  13288  13598  311  89.52  1154
6855  12779  5925  6855  7181  327  12452  12779  328  97.26  1155
9379  15567  6189  9379  9531  153  15419  15567  149  87.58  1157
5333  7924  2592  5333  5499  167  7765  7924  160  95.81  1158
13  7461  7449  13  320  308  7160  7461  302  92.86  1169
8779  16073  7295  8779  9529  751  15351  16073  723  94.81  1169
1217  12969  11753  1217  1532  316  12656  12969  314  98.42  1170
7441  9486  2046  7441  7550  110  9381  9486  106  88.18  1190
7091  9968  2878  7091  7265  175  9797  9968  172  93.71  1193
10990  15203  4214  10990  11374  385  14838  15203  366  95.06  1194
2236  12321  10086  2236  2501  266  12066  12321  256  85.71  1196
9702  10859  1158  9702  9841  140  10711  10859  149  87.92  1204
8588  11761  3174  8588  8743  156  11617  11761  145  88.46  1218
10666  13627  2962  10666  10884  219  13394  13627  234  92.74  1226
12  6402  6391  12  981  970  5419  6402  984  98.58  1229
2386  8539  6154  2386  2706  321  8211  8539  329  94.22  1233
13185  15469  2285  13185  14153  969  14470  15469  1000  96.80  1235
8281  9927  1647  8281  8499  219  9720  9927  208  94.52  1239
6116  11771  5656  6116  6904  789  10954  11771  818  96.33  1244
4670  6484  1815  4670  4873  204  6280  6484  205  99.02  1247
9179  11979  2801  9179  9400  222  11738  11979  242  88.02  1247
7192  10186  2995  7192  7463  272  9907  10186  280  95.36  1256
8381  11715  3335  8381  8667  287  11441  11715  275  95.12  1259
3965  14271  10307  3965  4440  476  13794  14271  478  99.58  1260
5885  15316  9432  5885  6307  423  14897  15316  420  97.64  1262
24  3608  3585  24  142  119  3474  3608  135  85.19  1264
5408  8908  3501  5408  5696  289  8608  8908  301  96.01  1264
13036  14372  1337  13036  13246  211  14150  14372  223  92.83  1271
5244  6917  1674  5244  5469  226  6692  6917  226  95.58  1279
2031  3789  1759  2031  2152  122  3671  3789  119  85.25  1301
8  4715  4708  8  690  683  4012  4715  704  96.31  1306
1723  7108  5386  1723  2160  438  6673  7108  436  96.12  1310
3153  6585  3433  3153  4051  899  5705  6585  881  94.44  1311
4259  7007  2749  4259  4598  340  6684  7007  324  91.47  1313
1155  7945  6791  1155  1448  294  7654  7945  292  96.60  1316
6745  8202  1458  6745  6848  104  8098  8202  105  92.38  1328
6  8587  8582  6  199  194  8396  8587  192  93.81  1333
9192  11656  2465  9192  9329  138  11526  11656  131  89.86  1335
1744  13386  11643  1744  2059  316  13064  13386  323  91.02  1342
9179  13311  4133  9179  9954  776  12540  13311  772  95.88  1344
5634  10618  4985  5634  5798  165  10449  10618  170  88.82  1355
471  5555  5085  471  605  135  5417  5555  139  90.65  1359
183  4270  4088  183  389  207  4064  4270  207  100.00  1361
8545  10982  2438  8545  8708  164  10819  10982  164  95.12  1364
6069  13866  7798  6069  6325  257  13628  13866  239  86.38  1366
58  3894  3837  58  347  290  3598  3894  297  93.27  1367
10035  13096  3062  10035  11034  1000  12097  13096  1000  99.10  1370
2095  5967  3873  2095  2352  258  5718  5967  250  96.12  1372
2137  4540  2404  2137  2354  218  4333  4540  208  88.07  1378
8384  10096  1713  8384  8529  146  9952  10096  145  96.58  1378
380  1582  1203  380  561  182  1384  1582  199  86.43  1386
12692  14138  1447  12692  13049  358  13782  14138  357  90.22  1392
1549  3244  1696  1549  1760  212  3036  3244  209  97.64  1400
9454  11088  1635  9454  9577  124  10958  11088  131  90.08  1404
4211  12338  8128  4211  4472  262  12070  12338  269  91.82  1406
14  9164  9151  14  207  194  8941  9164  224  85.27  1408
1392  12185  10794  1392  1727  336  11852  12185  334  93.45  1413
6943  11147  4205  6943  7129  187  10952  11147  196  86.22  1443
883  3339  2457  883  1408  526  2784  3339  556  94.60  1455
2111  10512  8402  2111  2436  326  10189  10512  324  94.48  1459
4296  11031  6736  4296  4435  140  10903  11031  129  87.86  1464
12017  13488  1472  12017  12476  460  13028  13488  461  93.06  1468
1383  6962  5580  1383  1658  276  6692  6962  271  92.39  1473
3049  8835  5787  3049  3328  280  8569  8835  267  91.07  1476
1563  5095  3533  1563  2221  659  4435  5095  661  92.74  1491
3648  7856  4209  3648  3926  279  7587  7856  270  91.40  1498
5133  12600  7468  5133  5430  298  12318  12600  283  90.27  1504
1962  6376  4415  1962  2503  542  5831  6376  546  98.53  1508
6382  11320  4939  6382  7291  910  10409  11320  912  98.68  1508
2369  9344  6976  2369  2497  129  9213  9344  132  90.91  1515
1555  6785  5231  1555  1825  271  6502  6785  284  94.37  1536
5467  11465  5999  5467  5856  390  11079  11465  387  98.46  1538
15  4946  4932  15  949  935  4000  4946  947  97.89  1541
6319  7967  1649  6319  6538  220  7732  7967  236  87.71  1542
3121  6225  3105  3121  3349  229  5998  6225  228  92.58  1545
9384  10637  1254  9384  9524  141  10499  10637  139  90.78  1549
6236  10336  4101  6236  6399  164  10179  10336  158  93.29  1551
9895  12355  2461  9895  10056  162  12194  12355  162  100.00  1555
10473  12545  2073  10473  10636  164  12385  12545  161  90.24  1556
2493  8943  6451  2493  3277  785  8171  8943  773  98.47  1562
3094  8411  5318  3094  3212  119  8277  8411  135  85.93  1563
369  1691  1323  369  491  123  1570  1691  122  87.80  1565
5089  12023  6935  5089  5474  386  11637  12023  387  99.48  1567
3592  5839  2248  3592  3885  294  5551  5839  289  95.58  1572
151  3792  3642  151  813  663  3109  3792  684  96.93  1577
4689  8692  4004  4689  4851  163  8531  8692  162  99.39  1578
8576  9941  1366  8576  8774  199  9740  9941  202  92.08  1581
9563  12107  2545  9563  9886  324  11787  12107  321  99.07  1601
3594  5108  1515  3594  3696  103  4996  5108  113  85.84  1602
1426  12660  11235  1426  1939  514  12151  12660  510  94.55  1612
1277  12641  11365  1277  1530  254  12395  12641  247  91.73  1617
29  12628  12600  29  553  525  12101  12628  528  89.96  1618
13  3168  3156  13  505  493  2671  3168  498  96.18  1636
6621  11498  4878  6621  7587  967  10547  11498  952  98.04  1639
6471  10150  3680  6471  7447  977  9184  10150  967  97.95  1641
576  1785  1210  576  691  116  1669  1785  117  85.47  1645
2719  5542  2824  2719  3005  287  5255  5542  288  99.65  1647
7450  12446  4997  7450  8362  913  11545  12446  902  97.04  1650
563  5525  4963  563  850  288  5243  5525  283  90.28  1662
5519  11646  6128  5519  5806  288  11348  11646  299  91.30  1665
7174  10577  3404  7174  7451  278  10301  10577  277  99.64  1666
291  5027  4737  291  520  230  4798  5027  230  100.00  1673
2849  8201  5353  2849  3840  992  7204  8201  998  98.70  1677
8155  9544  1390  8155  8364  210  9341  9544  204  93.33  1688
13  1904  1892  13  487  475  1429  1904  476  93.49  1694
5208  8631  3424  5208  5419  212  8417  8631  215  93.49  1696
6898  8938  2041  6898  7388  491  8450  8938  489  98.37  1698
8224  10784  2561  8224  8323  100  10677  10784  108  88.89  1710
6687  11192  4506  6687  6980  294  10905  11192  288  92.86  1711
4941  6402  1462  4941  5255  315  6107  6402  296  88.89  1717
10733  12092  1360  10733  10983  251  11843  12092  250  94.82  1723
1380  2898  1519  1380  1765  386  2532  2898  367  89.64  1726
82  4787  4706  82  256  175  4628  4787  160  88.00  1732
6858  10969  4112  6858  7851  994  9970  10969  1000  99.20  1735
4773  5950  1178  4773  4879  107  5850  5950  101  92.52  1736
1288  3804  2517  1288  1515  228  3576  3804  229  99.56  1737
5713  10611  4899  5713  6711  999  9618  10611  994  99.10  1739
5801  8836  3036  5801  5918  118  8718  8836  119  96.64  1756
1212  6037  4826  1212  2209  998  5038  6037  1000  99.70  1761
6785  11424  4640  6785  6907  123  11302  11424  123  100.00  1761
492  11417  10926  492  739  248  11178  11417  240  93.95  1762
37  6804  6768  37  747  711  6068  6804  737  93.22  1770
7543  10229  2687  7543  7642  100  10127  10229  103  94.17  1770
10454  11685  1232  10454  10642  189  11514  11685  172  85.19  1776
1850  6723  4874  1850  2265  416  6293  6723  431  90.72  1783
6943  8566  1624  6943  7151  209  8358  8566  209  99.04  1784
5793  7540  1748  5793  6411  619  6923  7540  618  94.99  1787
5168  11114  5947  5168  5537  370  10742  11114  373  91.69  1799
9722  11141  1420  9722  9841  120  11023  11141  119  97.50  1802
3179  5198  2020  3179  3311  133  5071  5198  128  85.71  1809
1327  2597  1271  1327  1465  139  2455  2597  143  86.71  1811
2070  4444  2375  2070  2242  173  4264  4444  181  86.74  1812
7310  11443  4134  7310  7571  262  11183  11443  261  90.46  1819
2046  3371  1326  2046  2189  144  3211  3371  161  88.82  1825
1786  11102  9317  1786  2258  473  10633  11102  470  94.29  1830
4313  7808  3496  4313  4546  234  7572  7808  237  86.92  1832
9028  11490  2463  9028  9871  844  10671  11490  820  96.45  1843
372  3039  2668  372  505  134  2903  3039  137  86.86  1849
3832  11484  7653  3832  4433  602  10886  11484  599  98.17  1850
4812  8706  3895  4812  5002  191  8516  8706  191  89.53  1859
5580  6951  1372  5580  5692  113  6837  6951  115  86.09  1862
207  4509  4303  207  786  580  3930  4509  580  95.86  1863
640  11420  10781  640  1414  775  10680  11420  741  95.35  1864
6  4373  4368  6  872  867  3499  4373  875  98.40  1868
5123  11355  6233  5123  6114  992  10356  11355  1000  98.50  1868
2129  6741  4613  2129  2714  586  6146  6741  596  98.32  1870
9797  11369  1573  9797  10145  349  11027  11369  343  92.26  1877
1510  4385  2876  1510  1832  323  4053  4385  333  94.29  1881
261  8990  8730  261  380  120  8862  8990  129  86.05  1883
4153  9485  5333  4153  4522  370  9134  9485  352  93.78  1890
2197  7365  5169  2197  2767  571  6796  7365  570  90.19  1903
694  5310  4617  694  1488  795  4526  5310  785  93.71  1912
561  2160  1600  561  824  264  1896  2160  265  98.11  1921
7116  9580  2465  7116  7287  172  9418  9580  163  91.28  1923
5761  11164  5404  5761  6746  986  10170  11164  995  96.48  1929
4250  7689  3440  4250  4523  274  7414  7689  276  99.28  1938
1636  4533  2898  1636  2022  387  4145  4533  389  99.23  1945
5420  7795  2376  5420  5581  162  7634  7795  162  100.00  1951
7668  9555  1888  7668  7769  102  9452  9555  104  96.15  1960
6573  10821  4249  6573  6901  329  10466  10821  356  86.80  1964
2864  9596  6733  2864  3125  262  9335  9596  262  100.00  1970
949  3399  2451  949  1938  990  2403  3399  997  97.59  1976
6301  10080  3780  6301  7222  922  9171  10080  910  98.48  1982
1151  3988  2838  1151  1757  607  3381  3988  608  96.71  1984
4449  6906  2458  4449  4611  163  6745  6906  162  99.39  1996
2146  5990  3845  2146  2300  155  5843  5990  148  89.68  1999
8663  10585  1923  8663  9019  357  10229  10585  357  99.16  2023
7  1728  1722  7  693  687  1022  1728  707  91.09  2028
2339  7558  5220  2339  2608  270  7292  7558  267  98.15  2031
21  1435  1415  21  130  110  1320  1435  116  85.34  2034
48  5124  5077  48  566  519  4617  5124  508  97.88  2052
2785  7172  4388  2785  3638  854  6313  7172  860  95.81  2054
24  10563  10540  24  844  821  9736  10563  828  92.15  2066
2155  3729  1575  2155  2335  181  3560  3729  170  85.08  2069
1237  5047  3811  1237  1536  300  4763  5047  285  92.33  2072
5930  10154  4225  5930  6106  177  9987  10154  168  89.27  2077
1015  6944  5930  1015  1138  124  6820  6944  125  91.20  2107
4378  10177  5800  4378  4608  231  9966  10177  212  90.91  2108
1429  3886  2458  1429  1590  162  3714  3886  173  93.64  2124
1618  3445  1828  1618  1831  214  3223  3445  223  93.27  2125
3952  5983  2032  3952  4245  294  5698  5983  286  87.76  2145
7440  9146  1707  7440  7636  197  8946  9146  201  90.05  2156
16  9593  9578  16  1000  985  8604  9593  990  97.47  2174
5050  6206  1157  5050  5189  140  6058  6206  149  87.92  2186
629  5901  5273  629  873  245  5658  5901  244  98.37  2187
2640  7168  4529  2640  3312  673  6522  7168  647  89.75  2220
3924  5038  1115  3924  4025  102  4930  5038  109  86.24  2221
3261  8064  4804  3261  3794  534  7490  8064  575  92.35  2233
5088  9644  4557  5088  5264  177  9469  9644  176  88.14  2236
2710  5678  2969  2710  2835  126  5555  5678  124  88.89  2237
1714  6053  4340  1714  2044  331  5719  6053  335  94.63  2239
196  9774  9579  196  366  171  9603  9774  172  95.35  2242
13  1477  1465  13  433  421  1044  1477  434  93.78  2244
6855  9052  2198  6855  6983  129  8923  9052  130  90.00  2244
163  9946  9784  163  685  523  9439  9946  508  96.37  2251
2311  7006  4696  2311  3310  1000  6007  7006  1000  97.90  2259
2989  5530  2542  2989  3768  780  4755  5530  776  96.28  2281
3632  7562  3931  3632  3806  175  7401  7562  162  88.00  2293
6294  9762  3469  6294  6697  404  9347  9762  416  95.43  2298
3329  8371  5043  3329  3548  220  8134  8371  238  91.60  2317
6411  8373  1963  6411  6669  259  8125  8373  249  92.66  2335
8299  9690  1392  8299  8511  213  9485  9690  206  85.92  2338
82  1866  1785  82  187  106  1757  1866  110  86.36  2339
3933  6995  3063  3933  4273  341  6651  6995  345  98.84  2342
1738  6166  4429  1738  1904  167  6001  6166  166  86.83  2349
6283  8890  2608  6283  7047  765  8134  8890  757  97.65  2349
4979  8530  3552  4979  5088  110  8426  8530  105  91.82  2353
5565  9554  3990  5565  5834  270  9286  9554  269  95.19  2358
1065  3776  2712  1065  1294  230  3547  3776  230  100.00  2364
1931  4962  3032  1931  2073  143  4817  4962  146  96.58  2376
1163  4169  3007  1163  1305  143  4029  4169  141  90.91  2385
4053  5394  1342  4053  4383  331  5071  5394  324  90.94  2404
1417  5108  3692  1417  2155  739  4386  5108  723  95.53  2412
279  9247  8969  279  959  681  8583  9247  665  96.18  2419
5164  8851  3688  5164  6148  985  7855  8851  997  98.09  2428
707  3032  2326  707  873  167  2863  3032  170  87.06  2437
364  3557  3194  364  1300  937  2644  3557  914  96.05  2444
2203  8274  6072  2203  2370  168  8107  8274  168  99.40  2468
4960  8144  3185  4960  5241  282  7874  8144  271  91.84  2473
786  2489  1704  786  994  209  2282  2489  208  99.52  2483
246  3207  2962  246  522  277  2933  3207  275  99.28  2491
3689  6676  2988  3689  3915  227  6448  6676  229  99.13  2492
2701  4502  1802  2701  2915  215  4274  4502  229  87.34  2500
3092  8195  5104  3092  3494  403  7785  8195  411  95.38  2504
30  9174  9145  30  641  612  8543  9174  632  93.83  2527
722  9174  8453  722  1440  719  8497  9174  678  93.60  2530
6718  9169  2452  6718  7717  1000  8176  9169  994  99.20  2534
1962  7723  5762  1962  2330  369  7372  7723  352  87.53  2542
1430  3105  1676  1430  1635  206  2900  3105  206  100.00  2547
2493  8948  6456  2493  2882  390  8558  8948  391  96.93  2558
423  2182  1760  423  1029  607  1584  2182  599  96.05  2560
5095  9037  3943  5095  5544  450  8615  9037  423  86.00  2564
867  6443  5577  867  1121  255  6203  6443  241  90.20  2565
2611  7787  5177  2611  2935  325  7453  7787  335  91.94  2595
2771  6385  3615  2771  3577  807  5568  6385  818  98.41  2598
1317  3346  2030  1317  2316  1000  2347  3346  1000  98.80  2607
4608  7719  3112  4608  4980  373  7349  7719  371  99.20  2607
947  5655  4709  947  1131  185  5468  5655  188  85.64  2612
4225  8555  4331  4225  4623  399  8162  8555  394  98.75  2618
4041  7406  3366  4041  4302  262  7145  7406  262  96.95  2714
91  5782  5692  91  252  162  5622  5782  161  93.83  2718
20  2036  2017  20  870  851  1162  2036  875  97.03  2719
4834  8051  3218  4834  5135  302  7767  8051  285  88.41  2729
2925  4548  1624  2925  3133  209  4341  4548  208  99.52  2741
1971  4542  2572  1971  2429  459  4075  4542  468  92.09  2748
2103  6118  4016  2103  2407  305  5809  6118  310  93.23  2754
1792  5816  4025  1792  1965  174  5655  5816  162  93.10  2757
1169  5561  4393  1169  1284  116  5453  5561  109  87.07  2772
16  4346  4331  16  445  430  3919  4346  428  92.09  2787
2098  6786  4689  2098  2466  369  6416  6786  371  95.69  2788
2394  4320  1927  2394  2522  129  4193  4320  128  99.22  2792
2661  5558  2898  2661  3047  387  5171  5558  388  99.74  2795
763  4810  4048  763  1338  576  4233  4810  578  91.70  2800
5699  7634  1936  5699  5926  228  7407  7634  228  99.12  2802
4317  6480  2164  4317  4440  124  6362  6480  119  89.52  2823
2362  7055  4694  2362  2590  229  6825  7055  231  87.88  2827
4258  6706  2449  4258  4429  172  6534  6706  173  99.42  2829
5887  8341  2455  5887  6059  173  8176  8341  166  91.33  2849
6423  8342  1920  6423  6727  305  8049  8342  294  91.80  2860
4051  5186  1136  4051  4150  100  5084  5186  103  92.23  2880
4196  7529  3334  4196  4450  255  7282  7529  248  91.37  2883
2158  7070  4913  2158  2904  747  6338  7070  733  97.59  2886
3044  7000  3957  3044  3200  157  6836  7000  165  92.12  2908
121  3606  3486  121  400  280  3335  3606  272  96.07  2909
11  4370  4360  11  330  320  4013  4370  358  89.11  2921
1793  3473  1681  1793  2447  655  2837  3473  637  95.42  2935
626  5374  4749  626  871  246  5127  5374  248  96.77  2942
1708  6002  4295  1708  1867  160  5843  6002  160  99.38  2944
6123  7579  1457  6123  6329  207  7364  7579  216  91.67  2944
1948  7566  5619  1948  2112  165  7394  7566  173  86.71  2970
1341  4072  2732  1341  1918  578  3485  4072  588  94.73  2982
3116  8113  4998  3116  4111  996  7136  8113  978  96.89  2993
6102  7783  1682  6102  6280  179  7612  7783  172  86.03  3026
4443  6624  2182  4443  4659  217  6433  6624  192  87.56  3031
70  3955  3886  70  493  424  3528  3955  428  92.52  3061
4130  5568  1439  4130  4336  207  5361  5568  208  99.52  3073
2608  3974  1367  2608  2834  227  3756  3974  219  89.43  3076
1982  5237  3256  1982  2973  992  4248  5237  990  96.27  3117
5535  7844  2310  5535  6525  991  6868  7844  977  94.65  3117
3799  5144  1346  3799  4077  279  4870  5144  275  86.74  3123
73  2279  2207  73  264  192  2090  2279  190  92.19  3126
207  1900  1694  207  478  272  1629  1900  272  89.71  3136
462  6614  6153  462  978  517  6107  6614  508  95.16  3139
3936  5982  2047  3936  4275  340  5650  5982  333  95.59  3147
5653  7310  1658  5653  5875  223  7103  7310  208  88.34  3161
69  1252  1184  69  242  174  1101  1252  152  87.36  3172
5400  6756  1357  5400  5720  321  6438  6756  319  96.26  3192
132  4520  4389  132  481  350  4176  4520  345  96.29  3219
1970  6683  4714  1970  2411  442  6264  6683  420  90.05  3232
23  3686  3664  23  336  314  3325  3686  362  86.74  3249
10  2179  2170  10  998  989  1182  2179  998  98.40  3267
989  2365  1377  989  1141  153  2219  2365  147  93.46  3289
18  1480  1463  18  158  141  1325  1480  156  87.18  3307
3790  6623  2834  3790  3988  199  6412  6623  212  87.26  3307
1537  6745  5209  1537  1803  267  6478  6745  268  99.63  3311
287  2670  2384  287  1283  997  1679  2670  992  98.40  3314
3601  5335  1735  3601  3805  205  5131  5335  205  97.56  3318
533  1781  1249  533  740  208  1584  1781  198  85.58  3333
4142  5252  1111  4142  4242  101  5149  5252  104  89.42  3366
6  4222  4217  6  290  285  3907  4222  316  89.24  3412
144  5243  5100  144  990  847  4402  5243  842  95.40  3430
4385  6838  2454  4385  4554  170  6686  6838  153  87.06  3449
1493  7147  5655  1493  1695  203  6943  7147  205  97.07  3466
3623  6163  2541  3623  3747  125  6038  6163  126  92.86  3482
2101  6559  4459  2101  2466  366  6182  6559  378  93.39  3498
1366  3825  2460  1366  1532  167  3662  3825  164  95.21  3511
557  2064  1508  557  678  122  1946  2064  119  86.89  3522
3731  5657  1927  3731  4635  905  4736  5657  922  94.58  3522
2461  3950  1490  2461  2703  243  3685  3950  266  88.35  3580
3096  5714  2619  3096  3277  182  5535  5714  180  89.01  3584
22  6703  6682  22  627  606  6073  6703  631  95.09  3589
3152  4539  1388  3152  3256  105  4438  4539  102  85.71  3621
7  3060  3054  7  1000  994  2064  3060  997  99.00  3629
3691  7030  3340  3691  4679  989  6037  7030  994  97.89  3629
8  5960  5953  8  978  971  5008  5960  953  96.40  3633
2686  6502  3817  2686  2895  210  6295  6502  208  94.76  3648
982  4589  3608  982  1644  663  3920  4589  670  97.16  3651
4661  6973  2313  4661  5653  993  5993  6973  981  94.66  3651
1138  4235  3098  1138  1372  235  3981  4235  255  91.37  3673
1452  2877  1426  1452  1601  150  2728  2877  150  92.67  3693
1414  6432  5019  1414  1633  220  6191  6432  242  85.54  3698
2270  6087  3818  2270  2605  336  5757  6087  331  91.07  3709
1177  4139  2963  1177  1616  440  3691  4139  449  97.33  3713
1206  4553  3348  1206  1700  495  4060  4553  494  99.60  3717
794  4729  3936  794  1296  503  4211  4729  519  94.41  3727
312  3283  2972  312  599  288  3004  3283  280  95.83  3746
588  2826  2239  588  951  364  2461  2826  366  96.99  3766
12  4930  4919  12  567  556  4396  4930  535  90.65  3769
2885  5220  2336  2885  3019  135  5078  5220  143  86.71  3778
1519  3951  2433  1519  1682  164  3788  3951  164  100.00  3779
176  6783  6608  176  844  669  6112  6783  672  96.58  3789
5595  6755  1161  5595  5721  127  6629  6755  127  94.49  3795
4027  5447  1421  4027  4136  110  5342  5447  106  89.09  3798
1509  3176  1668  1509  1719  211  2968  3176  209  99.05  3806
43  6265  6223  43  382  340  5938  6265  328  90.00  3828
5289  6654  1366  5289  5563  275  6388  6654  267  89.45  3834
4963  6407  1445  4963  5123  161  6238  6407  170  88.82  3848
4214  5975  1762  4214  4427  214  5773  5975  203  87.38  3918
2999  5512  2514  2999  3127  129  5383  5512  130  87.69  3946
11  2363  2353  11  264  254  2068  2363  296  85.47  3993
4243  5838  1596  4243  4631  389  5430  5838  409  93.64  3998
1993  4982  2990  1993  2094  102  4876  4982  107  90.65  4013
1977  3614  1638  1977  2258  282  3306  3614  309  89.32  4014
919  4957  4039  919  1579  661  4285  4957  673  93.16  4023
20  3563  3544  20  915  896  2664  3563  900  96.22  4027
4296  6447  2152  4296  5125  830  5612  6447  836  97.37  4042
3872  5571  1700  3872  3990  119  5457  5571  115  88.24  4056
3537  5267  1731  3537  3744  208  5060  5267  208  100.00  4075
451  4268  3818  451  838  388  3894  4268  375  90.46  4117
3296  6340  3045  3296  3826  531  5822  6340  519  95.67  4124
3645  5162  1518  3645  3843  199  4962  5162  201  95.02  4135
367  2114  1748  367  495  129  1981  2114  134  89.55  4164
2205  3629  1425  2205  2492  288  3309  3629  321  87.23  4165
1743  3653  1911  1743  2023  281  3397  3653  257  89.32  4167
107  3124  3018  107  766  660  2470  3124  655  98.18  4184
884  3799  2916  884  1122  239  3559  3799  241  93.78  4187
3117  6249  3133  3117  4023  907  5367  6249  883  96.58  4197
11  1214  1204  11  162  152  1045  1214  170  87.65  4229
1438  4103  2666  1438  2437  1000  3104  4103  1000  99.00  4229
4191  5975  1785  4191  4748  558  5400  5975  576  93.23  4229
1024  4822  3799  1024  1268  245  4577  4822  246  96.75  4258
2917  5325  2409  2917  3322  406  4927  5325  399  87.19  4297
4346  6094  1749  4346  5029  684  5430  6094  665  92.69  4304
2848  6108  3261  2848  3007  160  5955  6108  154  90.00  4313
1950  5899  3950  1950  2115  166  5730  5899  170  86.47  4325
2766  6017  3252  2766  3220  455  5528  6017  490  86.12  4352
246  2698  2453  246  410  165  2542  2698  157  93.94  4355
77  1733  1657  77  332  256  1482  1733  252  96.88  4362
3459  4659  1201  3459  3563  105  4553  4659  107  90.65  4369
1863  3018  1156  1863  2002  140  2872  3018  147  88.44  4375
2172  5203  3032  2172  2290  119  5094  5203  110  87.39  4428
115  2415  2301  115  378  264  2171  2415  245  87.88  4453
3057  5231  2175  3057  3390  334  4900  5231  332  97.01  4464
2291  5612  3322  2291  3290  1000  4613  5612  1000  99.70  4481
2541  5829  3289  2541  2717  177  5665  5829  165  85.88  4498
2132  5656  3525  2132  2861  730  4921  5656  736  98.64  4524
2873  5601  2729  2873  2982  110  5496  5601  106  90.91  4551
1562  4156  2595  1562  1761  200  3979  4156  178  86.00  4577
15  4087  4073  15  643  629  3444  4087  644  97.52  4581
3579  5373  1795  3579  3782  204  5170  5373  204  100.00  4582
29  5068  5040  29  579  551  4509  5068  560  95.00  4585
1356  5202  3847  1356  1608  253  4950  5202  253  99.60  4672
21  1522  1502  21  492  472  1044  1522  479  92.28  4675
11  4443  4433  11  795  785  3634  4443  810  96.91  4751
582  3379  2798  582  1020  439  2969  3379  411  90.89  4760
629  4336  3708  629  776  148  4180  4336  157  91.08  4772
847  4268  3422  847  1072  226  4046  4268  223  91.15  4784
355  2577  2223  355  855  501  2084  2577  494  96.41  4786
1125  3448  2324  1125  1295  171  3278  3448  171  98.83  4825
1697  5128  3432  1697  2694  998  4130  5128  999  98.20  4828
484  5441  4958  484  602  119  5321  5441  121  85.95  4856
3065  5507  2443  3065  3756  692  4822  5507  686  96.97  4857
514  4250  3737  514  749  236  4010  4250  241  87.14  4881
1271  4915  3645  1271  2225  955  3989  4915  927  96.23  4980
292  1582  1291  292  409  118  1466  1582  117  86.44  4989
10  2162  2153  10  1000  991  1163  2162  1000  98.70  5016
9  5069  5061  9  197  189  4872  5069  198  87.88  5106
16  3336  3321  16  1000  985  2338  3336  999  97.70  5109
1257  4123  2867  1257  1441  185  3948  4123  176  89.19  5145
584  5015  4432  584  961  378  4638  5015  378  98.94  5166
2560  4903  2344  2560  2703  144  4763  4903  141  90.28  5187
1621  4457  2837  1621  2274  654  3808  4457  650  96.48  5195
822  4959  4138  822  1438  617  4342  4959  618  97.57  5207
426  2563  2138  426  1171  746  1817  2563  747  96.65  5248
273  4391  4119  273  512  240  4166  4391  226  85.83  5250
1120  5016  3897  1120  1481  362  4663  5016  354  90.33  5273
824  5077  4254  824  1088  265  4820  5077  258  95.09  5280
2819  4474  1656  2819  2940  122  4355  4474  120  90.16  5312
540  4577  4038  540  957  418  4161  4577  417  99.52  5324
698  2716  2019  698  896  199  2528  2716  189  86.93  5393
360  3520  3161  360  613  254  3248  3520  273  93.04  5450
1621  3376  1756  1621  1829  209  3173  3376  204  90.43  5455
1597  3825  2229  1597  1753  157  3668  3825  158  91.14  5464
3117  4278  1162  3117  3265  149  4139  4278  140  87.92  5506
45  2798  2754  45  1043  999  1813  2798  986  97.00  5523
1285  4174  2890  1285  1428  144  4014  4174  161  86.96  5557
20  3622  3603  20  999  980  2637  3622  986  95.94  5608
25  2025  2001  25  785  761  1237  2025  789  93.41  5618
90  3460  3371  90  554  465  3012  3460  449  95.70  5701
54  2376  2323  54  199  146  2232  2376  145  92.47  5721
37  4509  4473  37  147  111  4398  4509  112  91.07  5739
3362  4643  1282  3362  3520  159  4491  4643  153  93.08  5747
95  3847  3753  95  303  209  3639  3847  209  85.65  5767
523  3464  2942  523  814  292  3182  3464  283  91.78  5821
2593  4547  1955  2593  3026  434  4114  4547  434  99.08  5832
952  2686  1735  952  1166  215  2482  2686  205  88.84  5833
1579  4459  2881  1579  2578  1000  3460  4459  1000  99.50  5858
9  3297  3289  9  348  340  2921  3297  377  85.94  5863
2387  3784  1398  2387  2574  188  3597  3784  188  100.00  5914
1382  4190  2809  1382  1519  138  4048  4190  143  88.81  5954
401  1777  1377  401  644  244  1533  1777  245  92.65  5993
17  4390  4374  17  373  357  4028  4390  363  92.56  5996
17  4211  4195  17  194  178  4015  4211  197  89.34  6000
216  3588  3373  216  436  221  3364  3588  225  95.56  6008
1077  4272  3196  1077  1320  244  4014  4272  259  89.96  6020
14  2128  2115  14  534  521  1598  2128  531  96.80  6024
10  4330  4321  10  226  217  4114  4330  217  99.08  6031
2056  3673  1618  2056  2220  165  3510  3673  164  97.58  6037
724  2801  2078  724  1141  418  2386  2801  416  98.56  6048
406  2549  2144  406  612  207  2340  2549  210  89.52  6055
2944  4336  1393  2944  3237  294  4040  4336  297  94.61  6063
604  2992  2389  604  765  162  2830  2992  163  98.77  6089
2459  4103  1645  2459  2668  210  3908  4103  196  89.52  6100
102  3183  3082  102  336  235  2953  3183  231  97.02  6133
276  2404  2129  276  819  544  1847  2404  558  96.24  6146
2693  4036  1344  2693  2942  250  3787  4036  250  99.60  6146
1868  3471  1604  1868  2407  540  2944  3471  528  96.67  6178
1210  2627  1418  1210  1393  184  2444  2627  184  86.41  6256
1539  4141  2603  1539  2035  497  3666  4141  476  94.97  6264
269  1985  1717  269  471  203  1757  1985  229  88.21  6269
1333  3803  2471  1333  1525  193  3597  3803  207  85.02  6275
40  3979  3940  40  409  370  3569  3979  411  90.02  6278
1281  4026  2746  1281  1594  314  3696  4026  331  89.73  6298
346  1850  1505  346  546  201  1652  1850  199  93.03  6324
855  2595  1741  855  1462  608  1960  2595  636  87.89  6350
132  1411  1280  132  310  179  1227  1411  185  92.97  6362
2306  4058  1753  2306  2966  661  3396  4058  663  89.29  6362
327  2514  2188  327  1240  914  1602  2514  913  99.02  6372
375  4033  3659  375  610  236  3803  4033  231  95.76  6386
6  3855  3850  6  867  862  2971  3855  885  96.95  6403
1287  3981  2695  1287  2191  905  3099  3981  883  96.80  6430
1033  2771  1739  1033  1248  216  2568  2771  204  94.44  6435
2254  3453  1200  2254  2423  170  3283  3453  171  92.98  6475
25  1830  1806  25  293  269  1583  1830  248  87.36  6499
1545  3852  2308  1545  2538  994  2857  3852  996  97.19  6529
6  3628  3623  6  214  209  3410  3628  219  87.21  6537
6  3873  3868  6  532  527  3355  3873  519  96.58  6549
2295  3860  1566  2295  2449  155  3720  3860  141  85.81  6568
1275  3820  2546  1275  1883  609  3238  3820  583  93.76  6580
1407  3735  2329  1407  2406  1000  2736  3735  1000  99.00  6585
670  2716  2047  670  1632  963  1721  2716  996  95.08  6597
1676  3493  1818  1676  2451  776  2708  3493  786  93.38  6607
1232  2393  1162  1232  1351  120  2289  2393  105  86.67  6608
1978  3171  1194  1978  2117  140  3032  3171  140  99.29  6680
1887  3724  1838  1887  2686  800  2940  3724  785  95.38  6700
1777  3708  1932  1777  2526  750  2952  3708  757  93.66  6711
173  3123  2951  173  397  225  2887  3123  237  94.09  6795
963  2510  1548  963  1173  211  2301  2510  210  99.53  6806
1367  3493  2127  1367  2003  637  2905  3493  589  88.07  6862
178  1987  1810  178  381  204  1784  1987  204  100.00  6870
10  3359  3350  10  513  504  2852  3359  508  96.65  7008
460  2590  2131  460  595  136  2455  2590  136  97.79  7015
408  1759  1352  408  531  124  1625  1759  135  85.93  7021
1008  3127  2120  1008  2000  993  2132  3127  996  96.89  7044
20  2884  2865  20  1018  999  1885  2884  1000  99.20  7057
979  2365  1387  979  1133  155  2216  2365  150  95.48  7125
781  2896  2116  781  1780  1000  1897  2896  1000  98.90  7183
65  2315  2251  65  256  192  2128  2315  188  86.46  7195
142  1555  1414  142  245  104  1454  1555  102  92.31  7220
35  2618  2584  35  399  365  2248  2618  371  96.77  7257
1091  2557  1467  1091  1517  427  2132  2557  426  96.72  7316
136  2585  2450  136  497  362  2216  2585  370  96.49  7329
460  2241  1782  460  1183  724  1525  2241  717  97.65  7355
772  2778  2007  772  1496  725  2073  2778  706  96.83  7363
12  1651  1640  12  595  584  1050  1651  602  95.51  7472
10  2619  2610  10  674  665  1961  2619  659  95.19  7482
103  2536  2434  103  711  609  1929  2536  608  95.07  7567
516  1673  1158  516  635  120  1562  1673  112  85.00  7630
8  2364  2357  8  741  734  1640  2364  725  96.87  7635
157  2111  1955  157  1058  902  1197  2111  915  95.30  7714
617  2384  1768  617  1359  743  1640  2384  745  97.72  7716
297  1785  1489  297  507  211  1584  1785  202  86.26  7727
14  1457  1444  14  310  297  1161  1457  297  88.55  8379
8  1815  1808  8  636  629  1188  1815  628  95.39  8396
160  1440  1281  160  273  114  1322  1440  119  89.92  8583
6  1277  1272  6  181  176  1091  1277  187  92.51  8686
12  1432  1421  12  229  218  1218  1432  215  87.16  8886
9  1411  1403  9  347  339  1074  1411  338  92.04  8923
