# args=-index LTRHarvest/Ovol/Ovol_ltrharvest.index -mintsd 5 -maxtsd 100
# predictions are reported in the following way
# s(ret) e(ret) l(ret) s(lLTR) e(lLTR) l(lLTR) s(rLTR) e(rLTR) l(rLTR) sim(LTRs) seq-nr 
# where:
# s = starting position
# e = ending position
# l = length
# ret = LTR-retrotransposon
# lLTR = left LTR
# rLTR = right LTR
# sim = similarity
# seq-nr = sequence number
34  14373  14340  34  642  609  13771  14373  603  96.55  0
212065  219231  7167  212065  212342  278  218951  219231  281  97.86  1
390830  402219  11390  390830  391217  388  401816  402219  404  85.89  1
1455317  1464523  9207  1455317  1456307  991  1463528  1464523  996  98.29  1
1478809  1484964  6156  1478809  1479090  282  1484694  1484964  271  91.49  1
1542353  1556443  14091  1542353  1543073  721  1555726  1556443  718  93.90  1
2766258  2775940  9683  2766258  2766958  701  2775245  2775940  696  92.72  1
1802760  1806561  3802  1802760  1802936  177  1806392  1806561  170  85.88  2
3600164  3604244  4081  3600164  3600478  315  3603906  3604244  339  87.91  2
4289871  4297193  7323  4289871  4289971  101  4297093  4297193  101  95.05  2
4918477  4923991  5515  4918477  4918609  133  4923859  4923991  133  93.23  2
5138630  5148153  9524  5138630  5138899  270  5147870  5148153  284  85.56  2
5279875  5284419  4545  5279875  5280159  285  5284137  5284419  283  88.07  2
6113355  6120559  7205  6113355  6114177  823  6119729  6120559  831  96.03  2
7895089  7902965  7877  7895089  7895580  492  7902503  7902965  463  88.82  2
8145364  8159454  14091  8145364  8145535  172  8159281  8159454  174  89.08  2
8265250  8270431  5182  8265250  8265500  251  8270162  8270431  270  89.63  2
9632443  9636293  3851  9632443  9632659  217  9636085  9636293  209  88.48  2
10024076  10026855  2780  10024076  10024313  238  10026632  10026855  224  92.44  2
11108651  11113276  4626  11108651  11109193  543  11112741  11113276  536  95.03  2
11825395  11835806  10412  11825395  11826119  725  11835076  11835806  731  95.21  2
12581113  12586302  5190  12581113  12581468  356  12585939  12586302  364  90.93  2
13039509  13047214  7706  13039509  13040374  866  13046356  13047214  859  91.69  2
13074850  13080767  5918  13074850  13074950  101  13080664  13080767  104  97.12  2
13100852  13108408  7557  13100852  13101451  600  13107817  13108408  592  85.67  2
13821437  13830853  9417  13821437  13821614  178  13830676  13830853  178  88.20  2
14402489  14404619  2131  14402489  14402797  309  14404310  14404619  310  85.16  2
14608903  14623433  14531  14608903  14609196  294  14623163  14623433  271  88.44  2
15924089  15939506  15418  15924089  15924592  504  15938981  15939506  526  91.44  2
16682993  16685045  2053  16682993  16683164  172  16684876  16685045  170  91.86  2
17020488  17022993  2506  17020488  17020793  306  17022686  17022993  308  93.51  2
17035768  17046417  10650  17035768  17035995  228  17046202  17046417  216  90.79  2
17163453  17175964  12512  17163453  17164263  811  17175184  17175964  781  95.93  2
17458559  17470422  11864  17458559  17459057  499  17469914  17470422  509  92.93  2
18175798  18183903  8106  18175798  18176499  702  18183202  18183903  702  96.72  2
18195067  18204175  9109  18195067  18195452  386  18203780  18204175  396  96.46  2
18339128  18346856  7729  18339128  18339610  483  18346373  18346856  484  96.90  2
22589011  22595230  6220  22589011  22589654  644  22594592  22595230  639  98.91  2
22796721  22802203  5483  22796721  22797299  579  22801606  22802203  598  96.49  2
24013526  24020713  7188  24013526  24013915  390  24020318  24020713  396  85.61  2
24557113  24558372  1260  24557113  24557316  204  24558146  24558372  227  87.67  2
24598136  24599639  1504  24598136  24598282  147  24599489  24599639  151  90.73  2
24650836  24660183  9348  24650836  24651508  673  24659510  24660183  674  95.25  2
24664742  24680200  15459  24664742  24665215  474  24679725  24680200  476  96.43  2
24728832  24731827  2996  24728832  24729746  915  24730896  24731827  932  97.10  2
25378475  25393349  14875  25378475  25379314  840  25392498  25393349  852  94.60  2
25403286  25415612  12327  25403286  25403629  344  25415259  25415612  354  94.07  2
25417997  25422593  4597  25417997  25418159  163  25422431  25422593  163  85.89  2
25777634  25787775  10142  25777634  25778199  566  25787209  25787775  567  93.12  2
25939108  25943494  4387  25939108  25939548  441  25943031  25943494  464  94.40  2
26749166  26751614  2449  26749166  26749683  518  26751093  26751614  522  95.59  2
27016569  27023973  7405  27016569  27017316  748  27023245  27023973  729  93.85  2
27565374  27580110  14737  27565374  27565529  156  27579956  27580110  155  88.46  2
28225770  28237082  11313  28225770  28226396  627  28236447  28237082  636  95.91  2
28237382  28248828  11447  28237382  28237839  458  28248347  28248828  482  93.98  2
1012035  1016072  4038  1012035  1012411  377  1015704  1016072  369  95.49  3
1513214  1515768  2555  1513214  1513386  173  1515593  1515768  176  85.80  3
1942488  1950413  7926  1942488  1942800  313  1950109  1950413  305  92.97  3
2177886  2179950  2065  2177886  2178060  175  2179776  2179950  175  86.29  3
3964354  3970719  6366  3964354  3964893  540  3970214  3970719  506  92.78  3
3987698  3993487  5790  3987698  3987914  217  3993286  3993487  202  89.86  3
4124361  4136861  12501  4124361  4124617  257  4136612  4136861  250  93.00  3
4506511  4513863  7353  4506511  4506833  323  4513543  4513863  321  94.43  3
5022380  5026878  4499  5022380  5022587  208  5026658  5026878  221  91.40  3
5132918  5137353  4436  5132918  5133466  549  5136794  5137353  560  96.25  3
5240259  5254392  14134  5240259  5240401  143  5254248  5254392  145  91.03  3
5584784  5588854  4071  5584784  5585055  272  5588592  5588854  263  88.97  3
6465639  6472205  6567  6465639  6466152  514  6471679  6472205  527  96.02  3
10037829  10046656  8828  10037829  10038421  593  10046064  10046656  593  98.31  3
10656096  10663877  7782  10656096  10656577  482  10663411  10663877  467  85.06  3
10883424  10896676  13253  10883424  10883920  497  10896183  10896676  494  97.18  3
11021133  11026713  5581  11021133  11021771  639  11026075  11026713  639  99.84  3
11179831  11188277  8447  11179831  11180610  780  11187501  11188277  777  98.85  3
11223756  11226004  2249  11223756  11224142  387  11225623  11226004  382  96.90  3
11691351  11696618  5268  11691351  11691464  114  11696509  11696618  110  85.96  3
13445905  13453209  7305  13445905  13446435  531  13452685  13453209  525  98.12  3
14113726  14118563  4838  14113726  14113897  172  14118396  14118563  168  91.86  3
14128202  14131864  3663  14128202  14128311  110  14131754  14131864  111  90.09  3
14849064  14861940  12877  14849064  14849705  642  14861282  14861940  659  96.66  3
14875435  14884601  9167  14875435  14875716  282  14884345  14884601  257  87.23  3
15472884  15478037  5154  15472884  15472983  100  15477933  15478037  105  87.62  3
16523281  16535682  12402  16523281  16523458  178  16535506  16535682  177  87.64  3
17952349  17956154  3806  17952349  17952610  262  17955878  17956154  277  88.45  3
19138051  19147819  9769  19138051  19138476  426  19147417  19147819  403  91.55  3
20599952  20603587  3636  20599952  20600126  175  20603406  20603587  182  89.01  3
21326628  21328360  1733  21326628  21326756  129  21328244  21328360  117  89.15  3
21588452  21599321  10870  21588452  21589003  552  21598763  21599321  559  97.32  3
22061242  22065934  4693  22061242  22061364  123  22065816  22065934  119  85.37  3
23540083  23550218  10136  23540083  23540755  673  23549553  23550218  666  95.39  3
23898243  23901204  2962  23898243  23898531  289  23900921  23901204  284  87.54  3
24557986  24559308  1323  24557986  24558110  125  24559195  24559308  114  86.40  3
24847108  24857250  10143  24847108  24847816  709  24856537  24857250  714  93.00  3
24913356  24925028  11673  24913356  24913769  414  24924605  24925028  424  90.09  3
25381870  25386245  4376  25381870  25382428  559  25385678  25386245  568  92.43  3
25392190  25403413  11224  25392190  25392673  484  25402936  25403413  478  90.50  3
25467286  25475150  7865  25467286  25467498  213  25474946  25475150  205  89.20  3
413200  424064  10865  413200  413985  786  423286  424064  779  95.93  4
439600  445344  5745  439600  439778  179  445179  445344  166  86.59  4
447474  450271  2798  447474  448030  557  449702  450271  570  97.72  4
728682  738160  9479  728682  728962  281  737892  738160  269  91.10  4
1019745  1025896  6152  1019745  1020094  350  1025542  1025896  355  94.08  4
1292034  1297679  5646  1292034  1292647  614  1297068  1297679  612  98.53  4
1483620  1495664  12045  1483620  1483856  237  1495428  1495664  237  94.51  4
2066713  2079058  12346  2066713  2066884  172  2078892  2079058  167  91.28  4
2644523  2645720  1198  2644523  2644714  192  2645539  2645720  182  88.54  4
3250089  3252051  1963  3250089  3250678  590  3251475  3252051  577  93.39  4
3616962  3625483  8522  3616962  3617706  745  3624721  3625483  763  94.50  4
4481508  4487946  6439  4481508  4481989  482  4487457  4487946  490  93.88  4
4669203  4682315  13113  4669203  4669858  656  4681661  4682315  655  99.09  4
4970716  4972852  2137  4970716  4970870  155  4972701  4972852  152  88.39  4
6300599  6302049  1451  6300599  6300873  275  6301760  6302049  290  91.38  4
7041477  7056686  15210  7041477  7041732  256  7056415  7056686  272  86.03  4
8993108  9001006  7899  8993108  8993561  454  9000539  9001006  468  95.94  4
9918093  9925178  7086  9918093  9918542  450  9924731  9925178  448  97.56  4
9987980  9989777  1798  9987980  9988104  125  9989660  9989777  118  93.60  4
10892578  10899879  7302  10892578  10893448  871  10899018  10899879  862  94.49  4
11226090  11228750  2661  11226090  11226640  551  11228189  11228750  562  93.06  4
13034839  13049284  14446  13034839  13035812  974  13048311  13049284  974  96.20  4
13330426  13332342  1917  13330426  13331268  843  13331490  13332342  853  95.08  4
13742231  13751637  9407  13742231  13742500  270  13751369  13751637  269  86.30  4
13763000  13768026  5027  13763000  13763742  743  13767276  13768026  751  88.95  4
13807753  13809519  1767  13807753  13807924  172  13809356  13809519  164  87.79  4
14224650  14232174  7525  14224650  14225239  590  14231583  14232174  592  89.70  4
14270760  14276499  5740  14270760  14271099  340  14276141  14276499  359  91.64  4
14335153  14341111  5959  14335153  14335651  499  14340588  14341111  524  94.66  4
14388782  14400694  11913  14388782  14389210  429  14400222  14400694  473  89.01  4
14733047  14746251  13205  14733047  14733560  514  14745750  14746251  502  90.08  4
14932830  14939609  6780  14932830  14933388  559  14939052  14939609  558  85.15  4
15245266  15256211  10946  15245266  15245365  100  15256107  15256211  105  88.57  4
15300328  15312650  12323  15300328  15300812  485  15312167  15312650  484  85.57  4
15649234  15654250  5017  15649234  15649368  135  15654120  15654250  131  85.19  4
15751407  15756535  5129  15751407  15752074  668  15755859  15756535  677  94.09  4
16556158  16560549  4392  16556158  16556435  278  16560268  16560549  282  89.01  4
500501  504562  4062  500501  501454  954  503636  504562  927  95.81  5
600617  611708  11092  600617  601209  593  611113  611708  596  94.30  5
614978  617093  2116  614978  615175  198  616899  617093  195  92.93  5
866379  867661  1283  866379  866504  126  867552  867661  110  85.71  5
1050002  1059116  9115  1050002  1050374  373  1058752  1059116  365  93.57  5
1320786  1322803  2018  1320786  1321065  280  1322531  1322803  273  87.86  5
1454397  1469065  14669  1454397  1454633  237  1468834  1469065  232  91.98  5
1689661  1694991  5331  1689661  1689871  211  1694772  1694991  220  90.45  5
2224353  2228804  4452  2224353  2224674  322  2228523  2228804  282  86.34  5
2229078  2234461  5384  2229078  2229738  661  2233802  2234461  660  97.13  5
2960622  2962493  1872  2960622  2960776  155  2962350  2962493  144  92.90  5
3033906  3040910  7005  3033906  3034605  700  3040212  3040910  699  97.43  5
3660089  3668286  8198  3660089  3660906  818  3667475  3668286  812  92.05  5
3905754  3908061  2308  3905754  3906117  364  3907712  3908061  350  87.64  5
4186660  4193402  6743  4186660  4187345  686  4192702  4193402  701  96.01  5
4826706  4831049  4344  4826706  4827363  658  4830388  4831049  662  98.19  5
5543341  5545261  1921  5543341  5543739  399  5544868  5545261  394  96.49  5
5709894  5717370  7477  5709894  5710515  622  5716754  5717370  617  96.62  5
6281135  6284112  2978  6281135  6281312  178  6283941  6284112  172  85.39  5
6947139  6957511  10373  6947139  6947500  362  6957136  6957511  376  86.44  5
7027932  7041913  13982  7027932  7028331  400  7041513  7041913  401  95.01  5
7050535  7059813  9279  7050535  7051311  777  7059026  7059813  788  92.64  5
7394461  7399016  4556  7394461  7394666  206  7398791  7399016  226  87.61  5
7533737  7544467  10731  7533737  7534156  420  7544042  7544467  426  90.85  5
7896941  7905718  8778  7896941  7897322  382  7905308  7905718  411  90.27  5
8131948  8138368  6421  8131948  8132402  455  8137907  8138368  462  97.19  5
8201711  8205698  3988  8201711  8202058  348  8205351  8205698  348  92.53  5
8372874  8378089  5216  8372874  8373154  281  8377815  8378089  275  89.68  5
11772964  11779957  6994  11772964  11773296  333  11779624  11779957  334  89.52  5
13722502  13733899  11398  13722502  13723175  674  13733231  13733899  669  95.85  5
13755780  13766400  10621  13755780  13756460  681  13765711  13766400  690  93.48  5
14978611  14985668  7058  14978611  14978888  278  14985396  14985668  273  87.41  5
15608433  15611079  2647  15608433  15609426  994  15610101  15611079  979  97.18  5
15612608  15615557  2950  15612608  15613064  457  15615098  15615557  460  86.74  5
15637020  15648599  11580  15637020  15637167  148  15648452  15648599  148  100.00  5
15649201  15651695  2495  15649201  15649755  555  15651131  15651695  565  91.33  5
144808  154910  10103  144808  145381  574  154338  154910  573  99.65  6
412957  425112  12156  412957  413935  979  424128  425112  985  92.99  6
438681  444439  5759  438681  438949  269  444179  444439  261  92.57  6
580230  582085  1856  580230  580445  216  581866  582085  220  89.09  6
845323  847483  2161  845323  845424  102  847381  847483  103  86.41  6
889374  895454  6081  889374  889557  184  895283  895454  172  88.04  6
1231083  1245284  14202  1231083  1231584  502  1244765  1245284  520  94.62  6
87941  90726  2786  87941  88356  416  90326  90726  401  94.47  7
112528  125276  12749  112528  113527  1000  124292  125276  985  98.20  7
36748  46089  9342  36748  37020  273  45804  46089  286  88.46  8
106584  118159  11576  106584  107317  734  117431  118159  729  94.69  9
45512  48087  2576  45512  45922  411  47706  48087  382  86.37  12
100427  108462  8036  100427  100916  490  107992  108462  471  90.61  12
64925  68198  3274  64925  65280  356  67864  68198  335  89.61  16
3112  5097  1986  3112  3521  410  4665  5097  433  88.22  18
52232  58261  6030  52232  52714  483  57773  58261  489  93.05  19
24308  34367  10060  24308  24965  658  33719  34367  649  85.41  21
12289  24733  12445  12289  12507  219  24522  24733  212  85.39  22
37590  39011  1422  37590  37857  268  38751  39011  261  90.30  22
33705  44361  10657  33705  34301  597  43771  44361  591  93.80  23
35498  38023  2526  35498  35874  377  37633  38023  391  88.49  27
19165  20642  1478  19165  19430  266  20362  20642  281  85.05  28
7751  15652  7902  7751  8266  516  15129  15652  524  89.89  30
17101  28765  11665  17101  17364  264  28508  28765  258  87.12  30
22804  32085  9282  22804  23472  669  31407  32085  679  93.81  33
115  9647  9533  115  816  702  8939  9647  709  95.91  34
8781  22741  13961  8781  9539  759  21984  22741  758  96.71  35
7634  12539  4906  7634  8101  468  12088  12539  452  87.39  37
20  9149  9130  20  529  510  8612  9149  538  94.24  38
5718  7169  1452  5718  5901  184  6999  7169  171  85.33  39
12775  15575  2801  12775  13028  254  15315  15575  261  94.64  41
6804  19501  12698  6804  7321  518  18976  19501  526  89.73  48
2559  5579  3021  2559  2690  132  5442  5579  138  86.23  49
20502  23516  3015  20502  21166  665  22865  23516  652  95.04  50
2659  5547  2889  2659  3540  882  4631  5547  917  95.42  55
4063  8040  3978  4063  4978  916  7094  8040  947  89.55  56
9698  21953  12256  9698  10045  348  21627  21953  327  89.08  59
1983  5660  3678  1983  2551  569  5082  5660  579  94.13  84
12  13410  13399  12  554  543  12866  13410  545  96.33  88
690  2530  1841  690  1303  614  1930  2530  601  97.56  89
798  9438  8641  798  1216  419  9047  9438  392  87.11  96
5016  11327  6312  5016  5432  417  10909  11327  419  95.23  97
2149  11987  9839  2149  2444  296  11692  11987  296  90.20  99
4834  9284  4451  4834  5053  220  9074  9284  211  87.27  101
25  11951  11927  25  706  682  11265  11951  687  93.74  103
111  11519  11409  111  773  663  10882  11519  638  96.08  105
7390  8842  1453  7390  7781  392  8483  8842  360  89.54  109
2036  9750  7715  2036  2193  158  9605  9750  146  90.51  114
40  10505  10466  40  478  439  10021  10505  485  88.45  117
4316  10137  5822  4316  4534  219  9917  10137  221  89.59  121
8  10116  10109  8  600  593  9522  10116  595  97.48  125
7975  9535  1561  7975  8108  134  9399  9535  137  89.05  127
3771  5881  2111  3771  4255  485  5401  5881  481  98.14  145
1051  7493  6443  1051  1499  449  7084  7493  410  88.20  158
218  2914  2697  218  1034  817  2103  2914  812  98.16  170
2205  6401  4197  2205  2487  283  6116  6401  286  89.16  174
2040  3908  1869  2040  2226  187  3720  3908  189  86.24  177
1186  5271  4086  1186  1548  363  4876  5271  396  88.38  193
16  5452  5437  16  980  965  4487  5452  966  97.00  197
80  3274  3195  80  271  192  3075  3274  200  87.50  253
968  2816  1849  968  1126  159  2659  2816  158  89.31  256
86  1380  1295  86  210  125  1251  1380  130  90.00  354
9  1591  1583  9  563  555  1069  1591  523  90.45  428
