# args=-index /media/amir/DATA/work/RM_ANALYSIS/Mflo/Mflo_ltrharvest.index -mintsd 5 -maxtsd 100
# predictions are reported in the following way
# s(ret) e(ret) l(ret) s(lLTR) e(lLTR) l(lLTR) s(rLTR) e(rLTR) l(rLTR) sim(LTRs) seq-nr 
# where:
# s = starting position
# e = ending position
# l = length
# ret = LTR-retrotransposon
# lLTR = left LTR
# rLTR = right LTR
# sim = similarity
# seq-nr = sequence number
12923  15211  2289  12923  13373  451  14759  15211  453  94.92  16
4270  6277  2008  4270  4527  258  6021  6277  257  92.64  17
2122  3535  1414  2122  2388  267  3282  3535  254  92.51  245
408  2452  2045  408  657  250  2194  2452  259  89.19  900
6573  7788  1216  6573  6726  154  7631  7788  158  91.14  1144
3217  4480  1264  3217  3318  102  4381  4480  100  86.27  1262
5197  6971  1775  5197  5517  321  6662  6971  310  89.41  1413
1438  3463  2026  1438  1588  151  3310  3463  154  92.86  1488
6639  8030  1392  6639  6800  162  7862  8030  169  89.94  1549
3476  5608  2133  3476  3667  192  5411  5608  198  90.91  1800
6139  7481  1343  6139  6316  178  7297  7481  185  92.97  2634
735  2308  1574  735  1291  557  1742  2308  567  95.06  2702
6089  7645  1557  6089  6247  159  7489  7645  157  94.97  3063
9075  10831  1757  9075  9251  177  10656  10831  176  93.22  3152
1722  5263  3542  1722  2014  293  4974  5263  290  90.44  3208
2325  3707  1383  2325  2550  226  3480  3707  228  92.54  3303
904  6833  5930  904  1032  129  6699  6833  135  85.93  3578
10494  12171  1678  10494  10726  233  11925  12171  247  89.07  3578
10730  13651  2922  10730  10883  154  13495  13651  157  92.99  4026
6488  9543  3056  6488  6878  391  9160  9543  384  93.86  4135
4123  7205  3083  4123  4361  239  6947  7205  259  85.71  4145
3414  6077  2664  3414  3719  306  5766  6077  312  88.14  4314
7159  9166  2008  7159  7464  306  8853  9166  314  93.63  4314
5324  6712  1389  5324  5660  337  6384  6712  329  88.43  4961
2290  4478  2189  2290  2424  135  4348  4478  131  91.11  5202
4485  6062  1578  4485  5018  534  5519  6062  544  91.91  5499
420  2281  1862  420  539  120  2162  2281  120  85.83  5581
1032  3362  2331  1032  1329  298  3093  3362  270  85.23  5636
1359  3603  2245  1359  1603  245  3349  3603  255  90.20  5818
4368  6383  2016  4368  4715  348  6044  6383  340  93.10  5970
5539  7682  2144  5539  5721  183  7505  7682  178  92.90  6363
11601  13029  1429  11601  11981  381  12653  13029  377  95.54  7198
13208  14438  1231  13208  13437  230  14218  14438  221  93.91  7198
1651  3885  2235  1651  2272  622  3233  3885  653  90.66  7380
4665  7254  2590  4665  4909  245  7016  7254  239  93.47  7632
468  1698  1231  468  625  158  1542  1698  157  87.97  7710
2414  4146  1733  2414  2593  180  3958  4146  189  86.77  7972
4757  6893  2137  4757  4895  139  6756  6893  138  85.61  8118
8244  9439  1196  8244  8410  167  9279  9439  161  85.03  8118
3260  5653  2394  3260  3589  330  5340  5653  314  89.70  8597
634  2456  1823  634  1351  718  1740  2456  717  91.23  8925
4141  6431  2291  4141  4428  288  6156  6431  276  91.32  8928
840  3293  2454  840  1083  244  3047  3293  247  92.71  8993
6239  7525  1287  6239  6443  205  7311  7525  215  90.70  9225
1522  4315  2794  1522  2019  498  3798  4315  518  92.66  9362
6045  7293  1249  6045  6212  168  7116  7293  178  86.52  9373
447  2716  2270  447  586  140  2570  2716  147  90.48  9396
123  2553  2431  123  271  149  2406  2553  148  93.96  9504
1481  2740  1260  1481  1619  139  2604  2740  137  93.53  9903
8266  10832  2567  8266  8519  254  10576  10832  257  91.83  10040
1798  2956  1159  1798  1959  162  2804  2956  153  93.83  10142
1354  3080  1727  1354  1746  393  2671  3080  410  90.73  10254
6337  9592  3256  6337  6868  532  9050  9592  543  88.40  10407
12711  14840  2130  12711  12892  182  14657  14840  184  91.85  10407
3395  5310  1916  3395  3508  114  5194  5310  117  88.89  10762
7787  9325  1539  7787  8235  449  8872  9325  454  91.85  10832
6  5340  5335  6  309  304  5027  5340  314  94.27  10836
4305  6187  1883  4305  4541  237  5949  6187  239  90.79  11250
6703  8192  1490  6703  6964  262  7928  8192  265  94.34  11541
2973  4913  1941  2973  3221  249  4682  4913  232  88.76  11887
4597  5769  1173  4597  4710  114  5664  5769  106  88.60  12061
4776  5945  1170  4776  4942  167  5777  5945  169  92.90  12068
2516  7432  4917  2516  2698  183  7252  7432  181  90.16  12171
2568  4906  2339  2568  3042  475  4440  4906  467  86.53  12329
3495  4966  1472  3495  3666  172  4794  4966  173  92.49  12448
1680  2832  1153  1680  1787  108  2725  2832  108  87.96  13000
2352  3916  1565  2352  2500  149  3754  3916  163  88.96  13003
1617  3140  1524  1617  2060  444  2662  3140  479  86.64  13460
4976  6629  1654  4976  5324  349  6286  6629  344  94.56  13831
1837  3183  1347  1837  2116  280  2924  3183  260  85.00  13839
5195  6632  1438  5195  5574  380  6248  6632  385  90.65  14048
5884  7506  1623  5884  5999  116  7393  7506  114  85.34  14241
1463  2681  1219  1463  1662  200  2471  2681  211  90.52  14577
1485  2755  1271  1485  1636  152  2613  2755  143  91.45  14617
3527  5116  1590  3527  3627  101  5014  5116  103  86.41  14643
8661  11642  2982  8661  8780  120  11538  11642  105  85.83  14643
6025  8088  2064  6025  6136  112  7989  8088  100  87.50  15134
1251  4009  2759  1251  1624  374  3631  4009  379  91.03  15319
5583  6954  1372  5583  5751  169  6800  6954  155  89.94  15576
2489  5170  2682  2489  2828  340  4816  5170  355  90.99  15627
4074  6128  2055  4074  4265  192  5941  6128  188  89.06  15720
6297  7561  1265  6297  6494  198  7367  7561  195  90.91  15853
1121  2387  1267  1121  1247  127  2259  2387  129  86.05  15870
8202  10055  1854  8202  8778  577  9475  10055  581  91.22  16181
10811  12673  1863  10811  10979  169  12509  12673  165  94.67  16257
2850  7648  4799  2850  3222  373  7249  7648  400  85.00  16440
3913  5810  1898  3913  4053  141  5668  5810  143  92.31  16529
5539  8768  3230  5539  6078  540  8228  8768  541  91.87  16865
2540  4211  1672  2540  2866  327  3881  4211  331  95.17  17137
3805  5123  1319  3805  4092  288  4827  5123  297  87.21  17359
2845  4024  1180  2845  2974  130  3901  4024  124  87.69  17412
5759  7158  1400  5759  6169  411  6766  7158  393  92.21  17833
823  2254  1432  823  998  176  2088  2254  167  89.20  18025
1970  4151  2182  1970  2216  247  3897  4151  255  87.45  18084
1669  2904  1236  1669  1812  144  2769  2904  136  90.28  18122
1848  3005  1158  1848  1997  150  2872  3005  134  86.00  18168
9245  10985  1741  9245  9653  409  10564  10985  422  92.65  18238
1245  2798  1554  1245  1399  155  2656  2798  143  89.03  18281
3772  5667  1896  3772  4285  514  5145  5667  523  93.50  18323
506  2643  2138  506  795  290  2354  2643  290  94.14  18437
3547  6276  2730  3547  3685  139  6144  6276  133  92.09  18598
4196  5696  1501  4196  4392  197  5496  5696  201  90.05  18945
10674  13674  3001  10674  10997  324  13344  13674  331  92.15  18945
2624  4292  1669  2624  2732  109  4185  4292  108  93.58  19100
11272  12575  1304  11272  11437  166  12410  12575  166  93.37  19561
11  2246  2236  11  999  989  1255  2246  992  97.98  19571
11  1441  1431  11  206  196  1245  1441  197  85.79  19751
1490  5723  4234  1490  1848  359  5382  5723  342  87.47  19884
4510  6070  1561  4510  4963  454  5633  6070  438  90.75  20317
1514  6137  4624  1514  1629  116  6029  6137  109  86.21  20402
5809  7402  1594  5809  5947  139  7268  7402  135  86.33  20708
2792  4727  1936  2792  2990  199  4536  4727  192  88.94  20906
5252  6811  1560  5252  5404  153  6663  6811  149  95.42  20913
978  2481  1504  978  1257  280  2209  2481  273  90.00  20916
918  2946  2029  918  1156  239  2700  2946  247  93.12  21192
789  4445  3657  789  915  127  4316  4445  130  95.38  21296
4543  6748  2206  4543  4743  201  6552  6748  197  96.52  21396
1331  2892  1562  1331  1582  252  2659  2892  234  89.29  21497
3831  5584  1754  3831  4038  208  5381  5584  204  88.94  21586
4832  6042  1211  4832  4956  125  5919  6042  124  94.40  21804
5044  6564  1521  5044  5561  518  6061  6564  504  88.80  21809
5433  11303  5871  5433  5556  124  11188  11303  116  91.13  21830
1773  3070  1298  1773  1987  215  2859  3070  212  92.56  21877
7501  9068  1568  7501  7704  204  8871  9068  198  90.20  21959
2857  6871  4015  2857  2995  139  6732  6871  140  89.29  22071
6688  9319  2632  6688  6913  226  9094  9319  226  93.81  22173
5712  7421  1710  5712  5923  212  7204  7421  218  94.50  22608
3417  4574  1158  3417  3524  108  4473  4574  102  89.81  22909
3198  4384  1187  3198  3332  135  4253  4384  132  85.93  23210
4880  6063  1184  4880  4997  118  5946  6063  118  86.44  23232
636  2180  1545  636  844  209  1977  2180  204  89.47  23300
573  7350  6778  573  684  112  7238  7350  113  93.81  23615
13331  14691  1361  13331  13514  184  14505  14691  187  90.91  24246
3719  5344  1626  3719  4035  317  5034  5344  311  88.01  24298
4016  5585  1570  4016  4250  235  5340  5585  246  89.02  24313
602  1976  1375  602  734  133  1847  1976  130  91.73  24391
1294  2437  1144  1294  1404  111  2325  2437  113  92.04  24616
1105  2363  1259  1105  1288  184  2180  2363  184  91.30  24774
12204  13910  1707  12204  12676  473  13426  13910  485  90.72  25045
519  6336  5818  519  729  211  6124  6336  213  89.20  25145
600  1942  1343  600  803  204  1754  1942  189  87.75  25314
2679  7581  4903  2679  2848  170  7404  7581  178  87.64  25758
7211  9175  1965  7211  7323  113  9057  9175  119  91.60  25908
3884  5206  1323  3884  4203  320  4886  5206  321  90.03  25958
1833  6766  4934  1833  2045  213  6551  6766  216  85.19  26023
25874  27433  1560  25874  25986  113  27324  27433  110  86.73  26041
8335  9664  1330  8335  8440  106  9551  9664  114  85.09  26080
2483  4043  1561  2483  2642  160  3880  4043  164  88.41  26625
4054  6119  2066  4054  4491  438  5678  6119  442  93.67  26959
14848  17370  2523  14848  15414  567  16800  17370  571  95.10  27183
21508  23457  1950  21508  21608  101  23356  23457  102  88.24  27183
6788  8019  1232  6788  6905  118  7907  8019  113  86.44  27263
4015  6305  2291  4015  4479  465  5844  6305  462  89.25  27900
8707  9923  1217  8707  8862  156  9756  9923  168  85.12  27900
5367  6927  1561  5367  5795  429  6516  6927  412  92.54  28087
2990  4358  1369  2990  3187  198  4149  4358  210  90.48  28165
3213  5393  2181  3213  3464  252  5121  5393  273  89.01  28202
751  4392  3642  751  1103  353  4032  4392  361  94.18  28289
6185  8421  2237  6185  6452  268  8164  8421  258  91.04  28521
893  2582  1690  893  1314  422  2163  2582  420  92.65  28535
1716  6357  4642  1716  1915  200  6155  6357  203  88.67  28567
3909  5107  1199  3909  4083  175  4933  5107  175  91.43  28664
121  1349  1229  121  272  152  1195  1349  155  90.97  28829
6618  8645  2028  6618  6974  357  8285  8645  361  88.64  28847
2453  3872  1420  2453  2654  202  3675  3872  198  88.12  29032
9306  11786  2481  9306  9405  100  11680  11786  107  88.79  29799
832  2362  1531  832  1217  386  1996  2362  367  89.64  29822
878  5358  4481  878  997  120  5238  5358  121  90.08  29978
3542  4859  1318  3542  3749  208  4652  4859  208  89.42  30046
2250  4114  1865  2250  2353  104  4006  4114  109  85.32  30206
5537  6956  1420  5537  5703  167  6796  6956  161  85.63  30206
7472  8913  1442  7472  7624  153  8758  8913  156  87.18  30206
5233  6548  1316  5233  5368  136  6417  6548  132  88.97  30249
3350  5381  2032  3350  3464  115  5271  5381  111  93.04  30764
12935  15340  2406  12935  13204  270  15064  15340  277  89.53  31085
4523  6797  2275  4523  4770  248  6541  6797  257  89.11  31099
211  1436  1226  211  370  160  1278  1436  159  89.38  31177
1424  2664  1241  1424  1553  130  2536  2664  129  95.38  31260
4750  6736  1987  4750  5006  257  6462  6736  275  88.00  31466
9541  11399  1859  9541  9965  425  10962  11399  438  89.73  31466
12912  14269  1358  12912  13243  332  13938  14269  332  89.76  31466
6616  9074  2459  6616  6962  347  8727  9074  348  94.25  31520
6260  7883  1624  6260  6564  305  7570  7883  314  91.08  31664
10826  12424  1599  10826  11009  184  12246  12424  179  92.93  31664
2220  3660  1441  2220  2367  148  3523  3660  138  89.19  31881
321  1899  1579  321  675  355  1554  1899  346  88.45  32005
1470  3412  1943  1470  1684  215  3188  3412  225  93.33  32446
3668  5517  1850  3668  3801  134  5385  5517  133  88.06  32574
6900  8661  1762  6900  7228  329  8341  8661  321  90.88  32733
4494  6460  1967  4494  4671  178  6281  6460  180  91.67  32775
5878  9068  3191  5878  6108  231  8834  9068  235  89.36  32822
5052  6746  1695  5052  5516  465  6285  6746  462  92.69  32923
6477  7751  1275  6477  6651  175  7581  7751  171  94.86  33008
4937  6404  1468  4937  5219  283  6119  6404  286  93.71  33210
5265  7363  2099  5265  5427  163  7206  7363  158  93.25  33255
1226  2984  1759  1226  1611  386  2593  2984  392  93.37  33266
571  3926  3356  571  740  170  3762  3926  165  90.59  33536
55  4080  4026  55  225  171  3909  4080  172  99.42  33549
15185  16672  1488  15185  15466  282  16361  16672  312  86.54  33550
78  1360  1283  78  274  197  1170  1360  191  86.29  33622
428  4177  3750  428  570  143  4035  4177  143  85.31  33731
4778  12214  7437  4778  4990  213  12004  12214  211  88.73  33762
9381  10648  1268  9381  9549  169  10488  10648  161  88.17  33838
619  2153  1535  619  1040  422  1736  2153  418  88.63  33984
2968  4434  1467  2968  3359  392  4069  4434  366  85.71  34056
1824  3053  1230  1824  1941  118  2937  3053  117  94.07  34294
4768  6254  1487  4768  5235  468  5776  6254  479  94.99  34340
2746  4402  1657  2746  2963  218  4196  4402  207  89.45  34407
1033  4122  3090  1033  1304  272  3856  4122  267  93.01  34697
5934  7788  1855  5934  6064  131  7658  7788  131  94.66  34697
1979  3464  1486  1979  2164  186  3270  3464  195  90.26  34705
5106  6565  1460  5106  5360  255  6295  6565  271  91.51  34705
6  2961  2956  6  187  182  2779  2961  183  87.43  34768
4256  6759  2504  4256  4432  177  6576  6759  184  92.39  34811
834  2973  2140  834  1453  620  2349  2973  625  93.44  35005
5578  6930  1353  5578  5747  170  6760  6930  171  92.98  35143
13079  15315  2237  13079  13335  257  15060  15315  256  92.22  35215
8348  11452  3105  8348  8450  103  11353  11452  100  90.29  35261
974  3355  2382  974  1091  118  3242  3355  114  95.76  35405
1560  3560  2001  1560  1676  117  3442  3560  119  85.71  35587
1556  3186  1631  1556  1841  286  2881  3186  306  90.85  35591
318  2522  2205  318  554  237  2287  2522  236  97.89  35678
1418  3924  2507  1418  1700  283  3645  3924  280  87.99  35790
425  1972  1548  425  619  195  1768  1972  205  90.24  35939
3102  5006  1905  3102  3513  412  4598  5006  409  91.75  36166
759  1999  1241  759  882  124  1879  1999  121  93.55  36222
1740  3747  2008  1740  2002  263  3467  3747  281  86.12  36604
1900  3417  1518  1900  2287  388  3036  3417  382  93.04  36680
3759  5204  1446  3759  4013  255  4952  5204  253  91.76  37121
1986  4755  2770  1986  2198  213  4528  4755  228  89.91  37149
2230  4156  1927  2230  2507  278  3881  4156  276  92.45  37192
4753  7002  2250  4753  4944  192  6805  7002  198  87.37  37192
11280  12488  1209  11280  11436  157  12333  12488  156  92.36  37557
2057  3721  1665  2057  2365  309  3428  3721  294  89.64  37591
964  2914  1951  964  1314  351  2552  2914  363  87.05  37614
1240  3938  2699  1240  1576  337  3595  3938  344  88.66  37635
1685  3096  1412  1685  1851  167  2927  3096  170  91.18  37896
3241  4650  1410  3241  3458  218  4431  4650  220  92.27  37948
1883  3441  1559  1883  2078  196  3256  3441  186  91.84  38080
2123  3375  1253  2123  2265  143  3245  3375  131  90.21  38207
3846  5090  1245  3846  4065  220  4883  5090  208  86.36  38322
315  3594  3280  315  433  119  3477  3594  118  88.24  38423
4843  6346  1504  4843  5255  413  5932  6346  415  92.77  38449
2362  4862  2501  2362  2707  346  4518  4862  345  89.02  38684
6847  9220  2374  6847  7320  474  8742  9220  479  92.28  38717
2533  7669  5137  2533  2720  188  7475  7669  195  90.77  38811
90  3106  3017  90  304  215  2888  3106  219  95.89  38952
126  1801  1676  126  237  112  1687  1801  115  86.96  39068
1804  3273  1470  1804  2028  225  3044  3273  230  89.57  39119
2642  3981  1340  2642  2842  201  3790  3981  192  92.04  39121
1456  4409  2954  1456  2376  921  3491  4409  919  92.40  39131
4212  6040  1829  4212  4341  130  5915  6040  126  93.08  39373
1142  4880  3739  1142  1463  322  4553  4880  328  92.99  39381
4774  8049  3276  4774  4960  187  7871  8049  179  86.10  39458
180  2102  1923  180  419  240  1856  2102  247  90.28  39906
782  2039  1258  782  1041  260  1799  2039  241  89.62  40168
485  4102  3618  485  689  205  3897  4102  206  90.78  40464
3114  5063  1950  3114  3390  277  4792  5063  272  91.34  40612
1963  3410  1448  1963  2234  272  3144  3410  267  91.91  40748
2626  5723  3098  2626  2742  117  5614  5723  110  88.89  40766
2852  4544  1693  2852  3070  219  4336  4544  209  91.32  40782
2061  3337  1277  2061  2242  182  3151  3337  187  85.03  40836
66  7011  6946  66  235  170  6843  7011  169  88.82  40886
2556  3909  1354  2556  2747  192  3730  3909  180  90.10  41059
88  1543  1456  88  264  177  1357  1543  187  85.56  41095
8459  9676  1218  8459  8600  142  9526  9676  151  90.73  41254
3780  5170  1391  3780  4060  281  4897  5170  274  90.04  41417
3432  5098  1667  3432  3702  271  4815  5098  284  88.38  41568
980  2151  1172  980  1094  115  2043  2151  109  86.96  41728
482  2302  1821  482  652  171  2130  2302  173  93.64  41735
4338  6174  1837  4338  4652  315  5844  6174  331  90.33  41797
864  3639  2776  864  1075  212  3427  3639  213  92.02  42080
301  1841  1541  301  516  216  1627  1841  215  91.67  42186
4151  5459  1309  4151  4377  227  5236  5459  224  87.67  42222
3289  4719  1431  3289  3442  154  4561  4719  159  94.34  42261
6194  7746  1553  6194  6432  239  7517  7746  230  92.05  42304
8300  10132  1833  8300  8931  632  9473  10132  660  89.39  42304
2875  4434  1560  2875  3037  163  4282  4434  153  88.96  42436
4986  6551  1566  4986  5106  121  6431  6551  121  97.52  42626
122  1597  1476  122  291  170  1428  1597  170  92.94  42627
1516  2830  1315  1516  1681  166  2654  2830  177  89.83  42733
5140  8140  3001  5140  5531  392  7736  8140  405  94.32  42743
2944  4670  1727  2944  3252  309  4383  4670  288  86.73  42814
5818  7183  1366  5818  6189  372  6822  7183  362  92.74  43352
1592  4004  2413  1592  1989  398  3609  4004  396  91.46  43403
1783  3281  1499  1783  2190  408  2882  3281  400  92.89  43568
9589  13245  3657  9589  9765  177  13075  13245  171  92.09  43573
4227  5779  1553  4227  4400  174  5609  5779  171  85.06  43623
10212  11445  1234  10212  10368  157  11293  11445  153  91.72  43690
2887  6994  4108  2887  3130  244  6750  6994  245  88.98  43693
755  2558  1804  755  1266  512  2045  2558  514  91.83  43778
482  1965  1484  482  833  352  1621  1965  345  88.64  43878
5799  8030  2232  5799  5964  166  7864  8030  167  88.02  44068
2372  3574  1203  2372  2507  136  3454  3574  121  86.03  44069
6  1250  1245  6  163  158  1082  1250  169  88.17  44168
2057  3206  1150  2057  2190  134  3081  3206  126  89.55  44249
903  2615  1713  903  1076  174  2433  2615  183  91.26  44282
604  1748  1145  604  723  120  1638  1748  111  88.33  44382
3532  4964  1433  3532  3689  158  4802  4964  163  92.64  44628
7024  8559  1536  7024  7339  316  8236  8559  324  94.14  44634
4681  6006  1326  4681  4857  177  5819  6006  188  87.23  44866
1299  2766  1468  1299  1455  157  2611  2766  156  89.17  44916
4058  5262  1205  4058  4222  165  5106  5262  157  91.52  44963
1960  3224  1265  1960  2187  228  2983  3224  242  89.67  45050
1410  2660  1251  1410  1578  169  2483  2660  178  90.45  45059
2419  4180  1762  2419  2740  322  3861  4180  320  95.34  45107
3600  5034  1435  3600  3841  242  4786  5034  249  92.77  45114
487  2125  1639  487  848  362  1784  2125  342  91.99  45349
2105  3454  1350  2105  2223  119  3339  3454  116  87.39  45422
1898  3171  1274  1898  2104  207  2973  3171  199  89.86  45426
12760  15151  2392  12760  12903  144  15009  15151  143  88.89  45461
9117  14232  5116  9117  9520  404  13824  14232  409  90.46  45529
1636  3022  1387  1636  1735  100  2915  3022  108  89.81  45534
4303  6094  1792  4303  4817  515  5573  6094  522  91.95  45540
4663  5983  1321  4663  4965  303  5664  5983  320  86.56  45653
8234  9737  1504  8234  8362  129  9612  9737  126  96.12  45653
6481  8159  1679  6481  6717  237  7926  8159  234  92.41  45667
1586  3486  1901  1586  2009  424  3054  3486  433  92.61  45743
2420  4007  1588  2420  2582  163  3836  4007  172  86.05  45864
2986  5559  2574  2986  3187  202  5343  5559  217  85.25  45948
1624  3056  1433  1624  1809  186  2869  3056  188  89.89  46065
1663  3402  1740  1663  2081  419  2972  3402  431  91.18  46115
4693  6015  1323  4693  4852  160  5868  6015  148  86.25  46135
4900  7295  2396  4900  5208  309  6994  7295  302  89.97  46155
4096  5636  1541  4096  4584  489  5128  5636  509  90.18  46264
14914  16549  1636  14914  15274  361  16180  16549  370  91.08  46264
3210  4554  1345  3210  3465  256  4289  4554  266  91.73  46454
2345  3496  1152  2345  2473  129  3363  3496  134  91.04  46487
1740  4505  2766  1740  1975  236  4268  4505  238  86.55  46574
4243  6030  1788  4243  4364  122  5904  6030  127  90.55  47756
9752  11048  1297  9752  9909  158  10886  11048  163  93.87  47756
642  2194  1553  642  997  356  1839  2194  356  89.33  47864
6806  7976  1171  6806  6958  153  7828  7976  149  89.54  47882
1726  3502  1777  1726  2261  536  2959  3502  544  90.81  47885
7937  9602  1666  7937  8190  254  9364  9602  239  90.55  48119
941  4500  3560  941  1062  122  4393  4500  108  85.25  48550
935  2294  1360  935  1070  136  2168  2294  127  90.44  48609
14969  16247  1279  14969  15242  274  15978  16247  270  92.34  49179
1833  3811  1979  1833  2124  292  3514  3811  298  93.62  49497
5391  7097  1707  5391  5574  184  6919  7097  179  95.11  49497
3543  5020  1478  3543  3744  202  4819  5020  202  88.12  49501
2869  6269  3401  2869  3063  195  6092  6269  178  85.64  49823
3245  5575  2331  3245  3499  255  5317  5575  259  87.26  50041
2334  4054  1721  2334  2534  201  3843  4054  212  90.09  50051
3870  5124  1255  3870  4057  188  4934  5124  191  93.19  50192
1432  2711  1280  1432  1586  155  2577  2711  135  85.81  50450
2106  3901  1796  2106  2628  523  3367  3901  535  93.83  50703
238  3111  2874  238  342  105  3001  3111  111  86.49  50818
4578  8377  3800  4578  4737  160  8221  8377  157  92.50  50818
1173  4403  3231  1173  1421  249  4166  4403  238  89.16  50824
1855  3142  1288  1855  2045  191  2938  3142  205  86.34  50918
8488  10800  2313  8488  8701  214  10586  10800  215  86.05  50989
2309  7640  5332  2309  2499  191  7456  7640  185  91.10  51053
5990  7343  1354  5990  6245  256  7078  7343  266  93.23  51139
1679  3449  1771  1679  2185  507  2952  3449  498  94.28  51141
7430  10971  3542  7430  7724  295  10670  10971  302  94.70  51151
991  2854  1864  991  1275  285  2588  2854  267  91.93  51170
926  3119  2194  926  1284  359  2759  3119  361  89.47  51248
323  1959  1637  323  512  190  1763  1959  197  90.86  51389
2808  5539  2732  2808  3073  266  5272  5539  268  93.28  51454
5320  6960  1641  5320  5612  293  6668  6960  293  89.42  51471
5399  7043  1645  5399  5675  277  6783  7043  261  90.61  51513
2149  3436  1288  2149  2297  149  3295  3436  142  91.28  51839
6822  8584  1763  6822  7098  277  8299  8584  286  92.66  51848
1203  2398  1196  1203  1331  129  2273  2398  126  86.05  51890
3448  4869  1422  3448  3631  184  4686  4869  184  86.96  52004
3506  4957  1452  3506  3853  348  4612  4957  346  93.68  52046
2174  3530  1357  2174  2387  214  3292  3530  239  85.36  52181
1229  2873  1645  1229  1842  614  2260  2873  614  92.35  52418
5850  7207  1358  5850  6076  227  6973  7207  235  92.34  52418
3108  4606  1499  3108  3360  253  4350  4606  257  91.05  52445
1646  2867  1222  1646  1831  186  2684  2867  184  93.01  52868
2687  4916  2230  2687  2983  297  4595  4916  322  85.71  52879
3886  5206  1321  3886  4114  229  4974  5206  233  90.99  53000
6385  8214  1830  6385  6622  238  7980  8214  235  93.70  53000
9103  13543  4441  9103  9393  291  13258  13543  286  91.75  53022
1884  3842  1959  1884  2188  305  3502  3842  341  88.27  53064
2454  9198  6745  2454  2570  117  9084  9198  115  93.16  53091
24084  25252  1169  24084  24227  144  25110  25252  143  96.53  53091
4423  5717  1295  4423  4557  135  5578  5717  140  87.86  53350
19599  20895  1297  19599  19739  141  20752  20895  144  87.50  53374
22026  23523  1498  22026  22527  502  23035  23523  489  89.64  53374
2641  6238  3598  2641  2833  193  6044  6238  195  93.85  53445
4273  6319  2047  4273  4394  122  6190  6319  130  92.31  53513
4449  5609  1161  4449  4557  109  5503  5609  107  89.91  53689
3320  5385  2066  3320  3425  106  5284  5385  102  87.74  53713
1092  2410  1319  1092  1359  268  2138  2410  273  89.74  53812
3721  5056  1336  3721  3905  185  4873  5056  184  94.05  53817
1641  2898  1258  1641  1748  108  2781  2898  118  86.44  53857
99  4666  4568  99  272  174  4502  4666  165  86.78  54390
1783  3261  1479  1783  1952  170  3101  3261  161  91.76  54430
3215  4650  1436  3215  3325  111  4536  4650  115  93.91  54494
2694  3924  1231  2694  2839  146  3766  3924  159  86.16  54627
1039  2689  1651  1039  1374  336  2359  2689  331  94.94  54721
463  1747  1285  463  708  246  1512  1747  236  91.46  54847
1976  3513  1538  1976  2154  179  3329  3513  185  92.43  54965
1224  4081  2858  1224  1338  115  3963  4081  119  90.76  54971
1116  2413  1298  1116  1387  272  2144  2413  270  86.40  55094
3303  5195  1893  3303  4102  800  4400  5195  796  95.62  55205
1585  5389  3805  1585  1776  192  5206  5389  184  86.46  55309
9563  10809  1247  9563  9736  174  10635  10809  175  85.71  55407
1602  2817  1216  1602  1725  124  2693  2817  125  89.60  55424
980  4535  3556  980  1199  220  4329  4535  207  85.45  55494
1397  3261  1865  1397  1825  429  2841  3261  421  95.10  55711
4498  7188  2691  4498  4797  300  6904  7188  285  92.33  55778
5132  7989  2858  5132  5461  330  7659  7989  331  91.24  55864
586  1929  1344  586  810  225  1725  1929  205  88.89  55897
3294  4852  1559  3294  3586  293  4565  4852  288  90.44  55897
1345  2914  1570  1345  1532  188  2706  2914  209  87.56  55942
2027  3254  1228  2027  2154  128  3134  3254  121  87.50  56037
5455  7771  2317  5455  5607  153  7613  7771  159  90.57  56064
4406  6615  2210  4406  5024  619  6007  6615  609  91.60  56235
12730  15634  2905  12730  12973  244  15387  15634  248  91.94  56304
2120  3574  1455  2120  2240  121  3448  3574  127  88.19  56407
7352  9475  2124  7352  7517  166  9316  9475  160  89.76  56432
3392  8489  5098  3392  3566  175  8321  8489  169  85.14  56491
698  3092  2395  698  918  221  2859  3092  234  86.75  56497
1833  3184  1352  1833  2060  228  2953  3184  232  93.53  56513
437  1827  1391  437  553  117  1706  1827  122  92.62  56542
2013  3207  1195  2013  2125  113  3108  3207  100  85.84  56542
2389  4082  1694  2389  2763  375  3709  4082  374  89.87  56543
1075  3188  2114  1075  1389  315  2872  3188  317  91.17  56663
115  1334  1220  115  323  209  1122  1334  213  85.45  56779
5109  6322  1214  5109  5281  173  6139  6322  184  90.22  57105
664  2023  1360  664  859  196  1844  2023  180  89.80  57308
1519  2858  1340  1519  1822  304  2544  2858  315  90.16  57338
404  1614  1211  404  526  123  1493  1614  122  85.37  57348
889  2257  1369  889  1200  312  1964  2257  294  87.82  57447
2458  3894  1437  2458  2653  196  3711  3894  184  90.31  57574
5243  6779  1537  5243  5645  403  6387  6779  393  91.56  57574
3197  4533  1337  3197  3336  140  4404  4533  130  87.86  57609
4135  9821  5687  4135  4259  125  9691  9821  131  87.02  57630
3898  5633  1736  3898  4322  425  5202  5633  432  92.36  57642
8486  9733  1248  8486  8622  137  9587  9733  147  90.48  57642
3160  4793  1634  3160  3342  183  4624  4793  170  90.16  57649
1400  2724  1325  1400  1659  260  2474  2724  251  91.54  57754
495  2253  1759  495  776  282  1984  2253  270  91.13  57951
7468  8882  1415  7468  7643  176  8700  8882  183  86.34  58224
5823  7467  1645  5823  6235  413  7061  7467  407  93.22  58320
3862  5590  1729  3862  4235  374  5231  5590  360  90.91  58354
9497  11576  2080  9497  10063  567  11026  11576  551  87.83  58493
2547  4912  2366  2547  2784  238  4653  4912  260  90.77  58570
3095  4528  1434  3095  3364  270  4270  4528  259  90.00  58660
592  2569  1978  592  990  399  2197  2569  373  88.22  58714
6208  7999  1792  6208  6568  361  7646  7999  354  90.58  58764
2763  5134  2372  2763  3114  352  4790  5134  345  92.33  58834
2126  3290  1165  2126  2262  137  3156  3290  135  89.05  58883
1207  2850  1644  1207  1450  244  2612  2850  239  91.39  58895
3959  6086  2128  3959  4178  220  5860  6086  227  91.19  58895
2954  4387  1434  2954  3230  277  4113  4387  275  94.22  58970
2435  3824  1390  2435  2751  317  3526  3824  299  89.27  59009
2534  3732  1199  2534  2681  148  3588  3732  145  87.16  59091
2607  3880  1274  2607  2806  200  3675  3880  206  89.81  59170
5708  7143  1436  5708  5993  286  6868  7143  276  85.31  59174
941  2723  1783  941  1246  306  2398  2723  326  86.20  59366
1132  2378  1247  1132  1370  239  2141  2378  238  89.54  59450
2717  3937  1221  2717  2851  135  3808  3937  130  94.81  59490
3020  4722  1703  3020  3339  320  4398  4722  325  86.77  59534
8068  12766  4699  8068  8429  362  12395  12766  372  94.62  59659
3694  5903  2210  3694  3897  204  5723  5903  181  87.25  59681
2579  4920  2342  2579  2753  175  4745  4920  176  93.18  59747
4760  6395  1636  4760  5026  267  6139  6395  257  93.63  59827
2090  3824  1735  2090  2471  382  3440  3824  385  89.09  59951
239  2433  2195  239  432  194  2238  2433  196  94.39  60003
4154  5643  1490  4154  4329  176  5462  5643  182  93.41  60069
142  1659  1518  142  307  166  1484  1659  176  86.36  60096
6250  7840  1591  6250  6436  187  7664  7840  177  86.10  60105
5223  6928  1706  5223  5420  198  6742  6928  187  92.42  60161
9287  10987  1701  9287  9409  123  10867  10987  121  88.62  60162
1117  2471  1355  1117  1332  216  2247  2471  225  88.44  60279
5773  8246  2474  5773  6014  242  8001  8246  246  91.46  60301
3702  4846  1145  3702  3813  112  4726  4846  121  88.43  60383
5236  6434  1199  5236  5385  150  6276  6434  159  89.31  60463
5266  6509  1244  5266  5418  153  6361  6509  149  86.27  60526
4924  6402  1479  4924  5137  214  6204  6402  199  90.19  60777
4719  6170  1452  4719  5106  388  5798  6170  373  89.95  60795
4607  6000  1394  4607  4725  119  5889  6000  112  92.44  60982
2687  4095  1409  2687  2877  191  3901  4095  195  93.85  60996
4204  6089  1886  4204  4523  320  5777  6089  313  93.12  61090
4988  6560  1573  4988  5350  363  6189  6560  372  89.25  61115
4868  6627  1760  4868  5260  393  6229  6627  399  88.22  61120
53  1246  1194  53  165  113  1134  1246  113  92.92  61129
4134  5314  1181  4134  4289  156  5162  5314  153  89.74  61221
9612  10944  1333  9612  9881  270  10677  10944  268  88.52  61221
3671  5461  1791  3671  3937  267  5198  5461  264  91.01  61315
868  2626  1759  868  1449  582  2047  2626  580  90.03  61335
775  6370  5596  775  999  225  6131  6370  240  88.75  61439
1803  3179  1377  1803  1924  122  3065  3179  115  86.89  61583
1861  3304  1444  1861  1994  134  3181  3304  124  86.57  61665
1334  6723  5390  1334  1552  219  6506  6723  218  88.13  61692
2431  7318  4888  2431  2738  308  7002  7318  317  94.01  61776
52  1386  1335  52  297  246  1139  1386  248  92.74  61851
8320  10460  2141  8320  8599  280  10194  10460  267  90.71  61973
5527  6961  1435  5527  5632  106  6860  6961  102  87.74  62070
4806  8971  4166  4806  5114  309  8646  8971  326  87.73  62086
12376  13643  1268  12376  12570  195  13446  13643  198  91.41  62097
1557  3951  2395  1557  1947  391  3556  3951  396  88.38  62203
8356  11640  3285  8356  8566  211  11426  11640  215  92.09  62224
7445  9205  1761  7445  7838  394  8804  9205  402  92.79  62230
1899  3405  1507  1899  2268  370  3031  3405  375  94.93  62235
2375  3665  1291  2375  2570  196  3451  3665  215  86.05  62336
4498  6037  1540  4498  4652  155  5881  6037  157  90.45  62353
5954  7071  1118  5954  6078  125  6961  7071  111  86.40  62423
1296  2725  1430  1296  1700  405  2319  2725  407  91.65  62434
1111  2870  1760  1111  1540  430  2447  2870  424  90.23  62475
1997  3330  1334  1997  2099  103  3217  3330  114  87.72  62483
2340  3684  1345  2340  2643  304  3388  3684  297  87.17  62511
1570  2956  1387  1570  1699  130  2824  2956  133  88.72  62527
1458  2908  1451  1458  1635  178  2721  2908  188  88.83  62555
2069  3879  1811  2069  2255  187  3689  3879  191  93.72  62582
5950  7248  1299  5950  6145  196  7045  7248  204  90.20  62666
1862  3436  1575  1862  2220  359  3084  3436  353  87.47  62766
4880  8781  3902  4880  5077  198  8587  8781  195  85.35  62791
7050  8995  1946  7050  7199  150  8850  8995  146  90.00  62804
10188  12150  1963  10188  10354  167  11979  12150  172  91.28  62804
1689  3387  1699  1689  1838  150  3223  3387  165  87.27  62816
6969  11321  4353  6969  7108  140  11180  11321  142  92.96  62901
4624  7232  2609  4624  4876  253  6983  7232  250  86.96  62917
2516  4135  1620  2516  2849  334  3790  4135  346  90.17  62944
4119  6556  2438  4119  4335  217  6330  6556  227  86.78  62951
16080  17604  1525  16080  16230  151  17455  17604  150  86.75  62951
2382  3621  1240  2382  2488  107  3519  3621  103  86.92  63012
2400  4811  2412  2400  2570  171  4641  4811  171  87.13  63031
4339  6171  1833  4339  4840  502  5670  6171  502  92.23  63044
5059  6857  1799  5059  5436  378  6471  6857  387  95.09  63060
749  2701  1953  749  857  109  2595  2701  107  89.91  63088
3558  5150  1593  3558  3860  303  4849  5150  302  89.11  63153
461  2108  1648  461  662  202  1912  2108  197  92.08  63219
1747  3868  2122  1747  1985  239  3636  3868  233  94.14  63230
2388  3738  1351  2388  2553  166  3577  3738  162  90.36  63233
1075  3049  1975  1075  1357  283  2780  3049  270  88.34  63253
4065  5435  1371  4065  4289  225  5226  5435  210  85.33  63270
3220  4417  1198  3220  3424  205  4221  4417  197  93.17  63356
9005  11083  2079  9005  9319  315  10780  11083  304  90.48  63356
650  1885  1236  650  786  137  1740  1885  146  86.99  63470
1542  3264  1723  1542  1893  352  2918  3264  347  88.64  63477
859  2560  1702  859  1116  258  2296  2560  265  91.32  63500
4072  5502  1431  4072  4393  322  5208  5502  295  86.02  63500
973  2268  1296  973  1170  198  2068  2268  201  88.06  63573
3093  4478  1386  3093  3375  283  4192  4478  287  90.59  63613
1797  3200  1404  1797  2090  294  2907  3200  294  85.03  63780
1827  3416  1590  1827  2057  231  3182  3416  235  93.62  63799
3272  4854  1583  3272  3432  161  4685  4854  170  88.82  63868
4785  7961  3177  4785  4983  199  7768  7961  194  91.96  63891
11704  13161  1458  11704  11869  166  12994  13161  168  91.07  63891
3360  4548  1189  3360  3469  110  4449  4548  100  86.36  63914
3893  5237  1345  3893  4048  156  5095  5237  143  89.10  63995
6061  8142  2082  6061  6475  415  7723  8142  420  89.76  64035
3238  4507  1270  3238  3417  180  4332  4507  176  87.78  64107
11  2454  2444  11  115  105  2340  2454  115  87.83  64358
6931  10057  3127  6931  7101  171  9885  10057  173  93.64  64369
5547  7809  2263  5547  6070  524  7276  7809  534  94.01  64688
6544  8661  2118  6544  6803  260  8395  8661  267  91.76  64698
433  2963  2531  433  670  238  2725  2963  239  85.77  64850
5761  7323  1563  5761  6029  269  7049  7323  275  93.09  64865
1031  3027  1997  1031  1314  284  2757  3027  271  85.56  64892
2196  3548  1353  2196  2529  334  3220  3548  329  91.92  65205
1941  3433  1493  1941  2255  315  3117  3433  317  89.27  65733
603  5795  5193  603  784  182  5626  5795  170  87.36  65749
8555  10034  1480  8555  8700  146  9884  10034  151  87.42  65851
2980  4329  1350  2980  3149  170  4159  4329  171  90.64  66089
2183  3780  1598  2183  2480  298  3488  3780  293  91.95  66326
4092  5733  1642  4092  4592  501  5223  5733  511  91.78  66602
2431  4209  1779  2431  2732  302  3909  4209  301  92.05  66693
6135  7476  1342  6135  6284  150  7332  7476  145  88.67  67141
23779  25241  1463  23779  24184  406  24847  25241  395  93.10  67178
3815  5267  1453  3815  4045  231  5033  5267  235  93.19  67252
602  3764  3163  602  773  172  3589  3764  176  90.91  67370
1482  2799  1318  1482  1669  188  2615  2799  185  93.09  67375
1369  3180  1812  1369  1620  252  2934  3180  247  95.24  67376
8528  10810  2283  8528  8771  244  10582  10810  229  91.39  67416
4207  5980  1774  4207  4686  480  5501  5980  480  94.58  67476
5478  6711  1234  5478  5609  132  6584  6711  128  93.18  67617
1376  2861  1486  1376  1797  422  2440  2861  422  91.47  67661
2194  3896  1703  2194  2657  464  3425  3896  472  89.41  67771
2261  3830  1570  2261  2438  178  3655  3830  176  94.94  67780
9273  10901  1629  9273  9501  229  10680  10901  222  88.65  67780
560  2298  1739  560  738  179  2112  2298  187  87.70  67844
5260  6818  1559  5260  5464  205  6596  6818  223  88.34  67899
2184  3735  1552  2184  2432  249  3491  3735  245  90.76  68068
5023  6311  1289  5023  5134  112  6198  6311  114  85.09  68079
12396  14725  2330  12396  12640  245  14482  14725  244  93.06  68079
1166  2534  1369  1166  1459  294  2234  2534  301  89.04  68210
481  2247  1767  481  642  162  2100  2247  148  85.80  68220
2371  3885  1515  2371  2610  240  3650  3885  236  90.42  68263
7182  9025  1844  7182  7941  760  8262  9025  764  94.63  68433
2249  3550  1302  2249  2378  130  3426  3550  125  93.08  68456
2728  3940  1213  2728  2839  112  3835  3940  106  91.07  68542
4828  6961  2134  4828  5010  183  6777  6961  185  94.59  68793
2670  4216  1547  2670  2894  225  3995  4216  222  92.44  68840
1489  2819  1331  1489  1748  260  2555  2819  265  87.55  68890
2567  3773  1207  2567  2706  140  3631  3773  143  91.61  68913
5615  8850  3236  5615  5950  336  8519  8850  332  94.64  68946
12182  13678  1497  12182  12485  304  13384  13678  295  92.76  68946
962  2462  1501  962  1204  243  2231  2462  232  88.48  68976
5725  7388  1664  5725  5916  192  7200  7388  189  92.19  68985
2928  4698  1771  2928  3155  228  4458  4698  241  88.80  69085
1592  2726  1135  1592  1722  131  2598  2726  129  92.37  69128
4900  7362  2463  4900  5014  115  7250  7362  113  93.04  69158
10213  12323  2111  10213  10583  371  11947  12323  377  90.19  69158
1035  8868  7834  1035  1159  125  8738  8868  131  86.26  69165
3180  4664  1485  3180  3643  464  4210  4664  455  89.44  69206
2881  5090  2210  2881  3561  681  4429  5090  662  91.92  69419
52  1269  1218  52  162  111  1163  1269  107  91.89  69476
3476  5291  1816  3476  3950  475  4825  5291  467  91.37  69487
6686  10409  3724  6686  6959  274  10136  10409  274  96.35  69577
526  1652  1127  526  649  124  1531  1652  122  93.55  69579
2715  4487  1773  2715  2834  120  4351  4487  137  85.40  69587
8193  9692  1500  8193  8342  150  9532  9692  161  86.34  69610
6498  8678  2181  6498  6755  258  8423  8678  256  95.35  69745
1589  3995  2407  1589  1697  109  3879  3995  117  88.89  69749
4522  5754  1233  4522  4734  213  5531  5754  224  90.18  69749
1895  3143  1249  1895  2104  210  2922  3143  222  89.19  69759
17872  19704  1833  17872  18081  210  19483  19704  222  88.74  69847
4129  7230  3102  4129  4359  231  6987  7230  244  90.16  69897
2311  4183  1873  2311  2715  405  3782  4183  402  96.54  70020
4847  6733  1887  4847  5431  585  6131  6733  603  89.88  70060
1254  2490  1237  1254  1413  160  2324  2490  167  86.23  70151
5194  6860  1667  5194  5524  331  6542  6860  319  91.24  70151
2582  3934  1353  2582  2752  171  3744  3934  191  87.43  70250
72  1420  1349  72  271  200  1232  1420  189  90.00  70279
4263  5837  1575  4263  4384  122  5723  5837  115  91.80  70326
6500  8022  1523  6500  6851  352  7686  8022  337  88.07  70332
9764  11588  1825  9764  10022  259  11351  11588  238  87.64  70332
7809  8932  1124  7809  7926  118  8815  8932  118  96.61  70354
10174  12118  1945  10174  10513  340  11792  12118  327  91.18  70374
2616  6071  3456  2616  2816  201  5876  6071  196  87.56  70401
2689  3988  1300  2689  2802  114  3875  3988  114  88.60  70575
1883  3244  1362  1883  2121  239  3002  3244  243  90.95  70622
1442  2981  1540  1442  1672  231  2742  2981  240  87.50  70673
4787  6168  1382  4787  5092  306  5853  6168  316  87.97  70702
22  3277  3256  22  278  257  2987  3277  291  86.25  70707
3922  5167  1246  3922  4096  175  4975  5167  193  86.01  70810
5181  6743  1563  5181  5304  124  6622  6743  122  91.94  70825
3516  8006  4491  3516  3832  317  7679  8006  328  91.46  70835
5697  7058  1362  5697  5834  138  6920  7058  139  91.37  70855
43  6590  6548  43  200  158  6424  6590  167  85.63  70868
5356  6932  1577  5356  5776  421  6510  6932  423  91.96  70871
10094  12891  2798  10094  10266  173  12717  12891  175  89.71  70871
4478  7302  2825  4478  4801  324  6967  7302  336  89.58  70875
2723  4050  1328  2723  2961  239  3812  4050  239  92.47  70943
2682  4644  1963  2682  2925  244  4424  4644  221  86.07  70962
1957  3360  1404  1957  2332  376  3000  3360  361  90.96  70968
4051  6124  2074  4051  4326  276  5855  6124  270  94.93  70979
7822  9238  1417  7822  8025  204  9043  9238  196  93.14  71086
1568  3565  1998  1568  1698  131  3435  3565  131  93.13  71106
2911  4689  1779  2911  3116  206  4486  4689  204  93.69  71118
3195  4578  1384  3195  3306  112  4462  4578  117  87.18  71124
7289  9209  1921  7289  7746  458  8754  9209  456  93.67  71124
48  1539  1492  48  385  338  1193  1539  347  92.51  71172
12279  14334  2056  12279  12453  175  14157  14334  178  94.38  71189
3971  6014  2044  3971  4114  144  5872  6014  143  93.75  71256
8738  11936  3199  8738  8985  248  11693  11936  244  92.34  71307
2807  4452  1646  2807  2969  163  4286  4452  167  93.41  71319
1517  3727  2211  1517  1651  135  3590  3727  138  85.51  71373
461  1781  1321  461  714  254  1526  1781  256  94.92  71385
14069  15325  1257  14069  14278  210  15113  15325  213  90.61  71394
4065  6521  2457  4065  4723  659  5862  6521  660  93.18  71465
4773  6184  1412  4773  4992  220  5960  6184  225  91.11  71528
2572  7470  4899  2572  2786  215  7242  7470  229  85.15  71538
2598  3957  1360  2598  2731  134  3840  3957  118  85.07  71548
15075  16472  1398  15075  15246  172  16293  16472  180  89.44  71595
2080  3342  1263  2080  2286  207  3131  3342  212  95.28  71645
2937  4239  1303  2937  3140  204  4048  4239  192  91.67  71648
1460  3202  1743  1460  1850  391  2802  3202  401  91.77  71693
10653  12547  1895  10653  10850  198  12354  12547  194  94.95  71698
10276  12049  1774  10276  10456  181  11868  12049  182  96.70  71718
1951  3377  1427  1951  2076  126  3253  3377  125  90.48  71777
695  11220  10526  695  931  237  10985  11220  236  91.56  71782
3365  4590  1226  3365  3510  146  4457  4590  134  88.36  71830
12341  15540  3200  12341  12502  162  15369  15540  172  87.21  72187
2870  6629  3760  2870  3041  172  6452  6629  178  91.57  72220
893  2280  1388  893  1052  160  2118  2280  163  93.25  72402
695  2113  1419  695  1066  372  1759  2113  355  90.86  72545
9656  12179  2524  9656  9777  122  12066  12179  114  86.89  72549
924  2878  1955  924  1627  704  2175  2878  704  89.20  72736
10275  11730  1456  10275  10420  146  11576  11730  155  86.45  73034
4009  6534  2526  4009  4209  201  6326  6534  209  89.00  73216
3352  4630  1279  3352  3484  133  4489  4630  142  85.21  73301
3118  4417  1300  3118  3237  120  4304  4417  114  92.50  73430
4135  5804  1670  4135  4283  149  5653  5804  152  86.18  73502
5171  6824  1654  5171  5446  276  6537  6824  288  91.32  73581
810  2436  1627  810  963  154  2283  2436  154  90.26  73669
3884  5020  1137  3884  4009  126  4887  5020  134  88.06  73826
5542  6854  1313  5542  5737  196  6639  6854  216  89.81  73826
3589  5261  1673  3589  3849  261  5014  5261  248  89.66  73924
6797  9401  2605  6797  7172  376  9032  9401  370  94.15  73925
6  2773  2768  6  637  632  2147  2773  627  93.83  73993
2360  4131  1772  2360  2569  210  3921  4131  211  93.36  74012
1905  3727  1823  1905  2019  115  3610  3727  118  88.98  74070
239  2105  1867  239  415  177  1923  2105  183  89.62  74244
3196  4584  1389  3196  3318  123  4453  4584  132  90.91  74319
2970  4597  1628  2970  3126  157  4432  4597  166  92.77  74363
6153  7816  1664  6153  6271  119  7705  7816  112  93.28  74478
1607  2881  1275  1607  1790  184  2687  2881  195  89.23  74491
2755  4548  1794  2755  2918  164  4372  4548  177  89.83  74536
2097  4072  1976  2097  2200  104  3955  4072  118  86.44  74619
1621  3016  1396  1621  1876  256  2775  3016  242  87.11  74626
4515  6197  1683  4515  4834  320  5870  6197  328  92.68  74710
1255  2563  1309  1255  1511  257  2305  2563  259  94.98  74722
4351  6931  2581  4351  4688  338  6584  6931  348  90.23  74723
8898  10498  1601  8898  9078  181  10329  10498  170  85.08  74726
1314  3252  1939  1314  1761  448  2795  3252  458  86.90  74735
10011  14206  4196  10011  10140  130  14080  14206  127  90.77  74745
4345  5662  1318  4345  4486  142  5528  5662  135  88.73  74823
8624  9888  1265  8624  8825  202  9689  9888  200  85.64  74823
2412  3974  1563  2412  2633  222  3765  3974  210  87.39  74864
5249  8152  2904  5249  5459  211  7946  8152  207  89.10  74864
12827  14272  1446  12827  13006  180  14109  14272  164  85.00  74864
22501  25151  2651  22501  22903  403  24757  25151  395  92.06  74864
7308  10193  2886  7308  7626  319  9867  10193  327  92.66  74879
6235  7388  1154  6235  6367  133  7256  7388  133  92.48  74881
3333  5083  1751  3333  3477  145  4920  5083  164  85.37  74883
5842  9277  3436  5842  5964  123  9155  9277  123  86.18  74934
2708  4119  1412  2708  2867  160  3957  4119  163  93.25  75007
6233  8616  2384  6233  6512  280  8314  8616  303  89.77  75034
2671  5328  2658  2671  2964  294  5041  5328  288  88.44  75093
1976  4140  2165  1976  2334  359  3777  4140  364  86.81  75151
3299  4529  1231  3299  3491  193  4343  4529  187  89.64  75157
3181  5575  2395  3181  3554  374  5213  5575  363  93.05  75221
3640  4929  1290  3640  3862  223  4706  4929  224  88.84  75240
803  3089  2287  803  924  122  2973  3089  117  86.07  75403
4898  7361  2464  4898  5124  227  7138  7361  224  92.51  75459
1763  3878  2116  1763  1866  104  3774  3878  105  90.48  75476
7339  9986  2648  7339  7707  369  9607  9986  380  91.58  75476
3166  4361  1196  3166  3328  163  4210  4361  152  89.57  75496
837  2825  1989  837  1219  383  2431  2825  395  89.37  75527
1534  2750  1217  1534  1665  132  2619  2750  132  93.18  75533
7225  10294  3070  7225  7620  396  9919  10294  376  88.38  75553
13401  14684  1284  13401  13516  116  14581  14684  104  85.34  75575
3535  4739  1205  3535  3697  163  4582  4739  158  85.28  75610
5940  7196  1257  5940  6179  240  6970  7196  227  89.58  75700
5760  7264  1505  5760  6261  502  6763  7264  502  88.65  75715
7397  10539  3143  7397  7567  171  10380  10539  160  87.13  75718
2079  4252  2174  2079  2185  107  4142  4252  111  90.99  75788
3861  5462  1602  3861  4259  399  5060  5462  403  96.03  75838
491  2113  1623  491  705  215  1900  2113  214  88.84  75876
3325  4804  1480  3325  3480  156  4657  4804  148  87.18  75909
2084  3762  1679  2084  2375  292  3468  3762  295  88.14  75943
2787  4630  1844  2787  3098  312  4313  4630  318  89.31  76004
2657  4084  1428  2657  2884  228  3853  4084  232  90.52  76017
1575  9275  7701  1575  1709  135  9134  9275  142  91.55  76079
3038  5076  2039  3038  3170  133  4942  5076  135  96.30  76095
2312  4722  2411  2312  2752  441  4286  4722  437  89.12  76179
4977  6767  1791  4977  5132  156  6626  6767  142  87.82  76209
7761  9128  1368  7761  7967  207  8915  9128  214  91.59  76212
4887  7026  2140  4887  5013  127  6900  7026  127  92.91  76256
10610  12015  1406  10610  10737  128  11888  12015  128  96.09  76281
2537  4286  1750  2537  2995  459  3833  4286  454  91.07  76320
1639  3768  2130  1639  1776  138  3632  3768  137  86.23  76583
6373  8761  2389  6373  6495  123  8632  8761  130  86.92  76599
3983  5212  1230  3983  4130  148  5060  5212  153  92.16  76727
4268  6016  1749  4268  4483  216  5805  6016  212  94.44  76742
6118  8259  2142  6118  6423  306  7957  8259  303  88.24  76865
1168  2456  1289  1168  1319  152  2298  2456  159  89.31  77230
5560  7673  2114  5560  5886  327  7351  7673  323  89.30  77257
2921  4286  1366  2921  3158  238  4053  4286  234  88.66  77287
5830  7360  1531  5830  6141  312  7057  7360  304  87.50  77392
1997  4725  2729  1997  2198  202  4525  4725  201  93.56  77417
6825  9008  2184  6825  7002  178  8847  9008  162  86.52  77417
5222  8713  3492  5222  5754  533  8203  8713  511  89.87  77421
3201  4733  1533  3201  3383  183  4551  4733  183  93.44  77470
3423  5280  1858  3423  3795  373  4910  5280  371  88.74  77501
5259  7772  2514  5259  5463  205  7572  7772  201  87.32  77538
1826  3269  1444  1826  2001  176  3076  3269  194  87.63  77681
4611  14876  10266  4611  4722  112  14760  14876  117  87.18  77681
5434  6828  1395  5434  5652  219  6608  6828  221  90.50  77778
13089  18018  4930  13089  13289  201  17812  18018  207  94.69  77778
1439  3210  1772  1439  1861  423  2780  3210  431  95.36  77979
4699  6155  1457  4699  4883  185  5979  6155  177  90.27  77979
1349  2948  1600  1349  1747  399  2551  2948  398  90.98  78052
2706  7467  4762  2706  2868  163  7306  7467  162  87.73  78082
4800  6040  1241  4800  4921  122  5924  6040  117  88.52  78204
6362  7498  1137  6362  6485  124  7364  7498  135  85.19  78204
1910  3139  1230  1910  2037  128  3007  3139  133  90.23  78214
4411  5576  1166  4411  4515  105  5469  5576  108  89.81  78352
3262  4490  1229  3262  3483  222  4284  4490  207  88.29  78375
4068  5287  1220  4068  4278  211  5093  5287  195  85.31  78415
1520  2638  1119  1520  1626  107  2526  2638  113  86.73  78436
7626  8820  1195  7626  7772  147  8668  8820  153  88.89  78484
16625  18362  1738  16625  16727  103  18258  18362  105  94.29  78487
3954  6204  2251  3954  4403  450  5771  6204  434  91.33  78653
3788  6694  2907  3788  3939  152  6552  6694  143  90.13  78779
6360  8174  1815  6360  6464  105  8060  8174  115  91.30  78784
6377  7653  1277  6377  6489  113  7534  7653  120  90.83  79083
1465  3452  1988  1465  1635  171  3275  3452  178  91.01  79180
3895  5208  1314  3895  4185  291  4922  5208  287  93.47  79191
4296  6398  2103  4296  4436  141  6265  6398  134  91.49  79204
3493  4782  1290  3493  3761  269  4508  4782  275  92.36  79632
6545  7874  1330  6545  6749  205  7671  7874  204  92.68  79657
1498  3285  1788  1498  1820  323  2967  3285  319  88.54  79679
3774  5236  1463  3774  4102  329  4920  5236  317  92.71  79724
2896  4498  1603  2896  3310  415  4091  4498  408  87.95  79759
2420  4595  2176  2420  2717  298  4298  4595  298  87.92  80391
10113  12394  2282  10113  10401  289  12096  12394  299  95.99  80509
14522  17087  2566  14522  15048  527  16570  17087  518  94.31  80509
1817  5608  3792  1817  2133  317  5288  5608  321  85.05  80594
1904  3310  1407  1904  2143  240  3074  3310  237  88.33  80600
7844  9102  1259  7844  7978  135  8972  9102  131  91.11  80672
7922  9327  1406  7922  8062  141  9175  9327  153  88.24  80954
4644  7079  2436  4644  5024  381  6703  7079  377  93.70  80997
766  2914  2149  766  1091  326  2614  2914  301  87.12  81065
