# args=-index /media/amir/DATA/work/RM_ANALYSIS/Rcul/Rcul_ltrharvest.index -mintsd 5 -maxtsd 100
# predictions are reported in the following way
# s(ret) e(ret) l(ret) s(lLTR) e(lLTR) l(lLTR) s(rLTR) e(rLTR) l(rLTR) sim(LTRs) seq-nr 
# where:
# s = starting position
# e = ending position
# l = length
# ret = LTR-retrotransposon
# lLTR = left LTR
# rLTR = right LTR
# sim = similarity
# seq-nr = sequence number
48244  61809  13566  48244  48446  203  61609  61809  201  87.68  1
116965  118750  1786  116965  117720  756  117983  118750  768  85.55  1
7173  19607  12435  7173  7327  155  19467  19607  141  85.16  12
44638  47130  2493  44638  45059  422  46699  47130  432  86.34  16
79660  88048  8389  79660  79931  272  87765  88048  284  90.85  16
73306  80237  6932  73306  73541  236  79989  80237  249  85.54  18
98815  112692  13878  98815  99039  225  112464  112692  229  85.59  21
40823  55806  14984  40823  41049  227  55574  55806  233  89.70  22
18970  33694  14725  18970  19196  227  33477  33694  218  87.67  23
26808  32143  5336  26808  27173  366  31768  32143  376  85.64  26
43691  46743  3053  43691  43901  211  46537  46743  207  88.15  37
22962  34877  11916  22962  23147  186  34679  34877  199  87.44  38
27872  39843  11972  27872  28222  351  39500  39843  344  86.61  42
1904  14375  12472  1904  2308  405  13971  14375  405  86.42  55
61242  74039  12798  61242  61485  244  73798  74039  242  87.30  59
42502  54773  12272  42502  42940  439  54322  54773  452  86.73  61
73505  87611  14107  73505  74416  912  86702  87611  910  88.60  63
25296  36702  11407  25296  25609  314  36396  36702  307  87.90  71
93316  103661  10346  93316  93584  269  103398  103661  264  90.71  72
62106  69323  7218  62106  62378  273  69040  69323  284  90.49  83
70189  72010  1822  70189  70372  184  71836  72010  175  91.30  83
9  8915  8907  9  325  317  8602  8915  314  88.96  88
49162  53984  4823  49162  49302  141  53845  53984  140  86.52  95
109571  116986  7416  109571  109790  220  116773  116986  214  85.00  111
35979  37189  1211  35979  36149  171  37019  37189  171  91.23  114
62470  68016  5547  62470  62618  149  67873  68016  144  86.58  115
53971  64335  10365  53971  54357  387  63966  64335  370  88.37  123
15547  27721  12175  15547  15964  418  27307  27721  415  86.12  137
15292  22802  7511  15292  15793  502  22287  22802  516  88.57  145
106404  119747  13344  106404  106840  437  119285  119747  463  85.96  156
6709  9177  2469  6709  7024  316  8874  9177  304  85.13  165
66646  75127  8482  66646  66905  260  74888  75127  240  86.54  170
6324  8356  2033  6324  6441  118  8241  8356  116  92.37  171
9106  12801  3696  9106  9306  201  12596  12801  206  89.81  176
44677  52019  7343  44677  45075  399  51622  52019  398  87.47  182
51991  64393  12403  51991  52213  223  64151  64393  243  87.65  195
16067  29676  13610  16067  16379  313  29347  29676  330  86.67  206
38975  40158  1184  38975  39095  121  40038  40158  121  89.26  230
19383  33085  13703  19383  19568  186  32888  33085  198  88.38  248
16967  18692  1726  16967  17238  272  18433  18692  260  89.34  259
36016  44546  8531  36016  36147  132  44426  44546  121  85.61  263
41440  55418  13979  41440  41809  370  55049  55418  370  90.27  270
21351  35293  13943  21351  21521  171  35130  35293  164  88.89  271
49957  51097  1141  49957  50090  134  50964  51097  134  91.79  284
7936  22614  14679  7936  8140  205  22412  22614  203  88.29  287
24037  28195  4159  24037  24355  319  27879  28195  317  87.15  287
25050  29546  4497  25050  25174  125  29437  29546  110  85.60  292
2344  9557  7214  2344  2706  363  9195  9557  363  94.21  308
77557  87751  10195  77557  77821  265  87480  87751  272  86.76  315
13803  26870  13068  13803  14182  380  26511  26870  360  85.53  325
49547  59573  10027  49547  49714  168  59409  59573  165  88.10  327
46657  61204  14548  46657  47522  866  60337  61204  868  92.51  329
28705  43064  14360  28705  29114  410  42623  43064  442  85.97  340
17691  25765  8075  17691  17884  194  25571  25765  195  85.64  354
70873  82016  11144  70873  71213  341  81695  82016  322  85.63  380
2571  4607  2037  2571  2732  162  4454  4607  154  89.51  404
42062  43993  1932  42062  42179  118  43878  43993  116  94.07  411
48941  50476  1536  48941  49341  401  50075  50476  402  88.56  460
33565  45669  12105  33565  33782  218  45448  45669  222  86.04  479
89273  93258  3986  89273  89614  342  92932  93258  327  88.30  479
50121  58068  7948  50121  50325  205  57861  58068  208  93.27  485
15800  27182  11383  15800  16022  223  26959  27182  224  88.39  498
25980  38817  12838  25980  26344  365  38456  38817  362  86.58  506
9609  14906  5298  9609  9957  349  14564  14906  343  87.97  507
1999  14368  12370  1999  2150  152  14221  14368  148  90.13  514
16047  28465  12419  16047  16285  239  28237  28465  229  85.36  517
22648  34558  11911  22648  22815  168  34379  34558  180  86.11  545
4476  15301  10826  4476  4734  259  15069  15301  233  86.49  546
31163  32619  1457  31163  31495  333  32296  32619  324  90.99  564
14632  28422  13791  14632  15165  534  27901  28422  522  90.26  572
2154  16341  14188  2154  2328  175  16168  16341  174  87.43  574
52067  54518  2452  52067  52205  139  54382  54518  137  89.21  574
18923  32722  13800  18923  19308  386  32347  32722  376  86.53  604
6345  20363  14019  6345  6496  152  20214  20363  150  86.84  622
12576  22814  10239  12576  12686  111  22704  22814  111  90.09  625
375  5706  5332  375  581  207  5485  5706  222  87.39  636
1532  3027  1496  1532  1824  293  2732  3027  296  91.22  640
14499  16219  1721  14499  14888  390  15842  16219  378  87.95  640
16242  17422  1181  16242  16348  107  17316  17422  107  85.98  640
28008  30090  2083  28008  28161  154  29938  30090  153  86.36  640
25902  27531  1630  25902  26036  135  27388  27531  144  86.81  656
74959  88598  13640  74959  75358  400  88214  88598  385  86.75  659
2922  4151  1230  2922  3057  136  4017  4151  135  90.44  661
14799  16266  1468  14799  15013  215  16060  16266  207  92.09  661
10688  21358  10671  10688  10997  310  21053  21358  306  86.77  698
19022  26321  7300  19022  19297  276  26038  26321  284  90.49  702
406  4560  4155  406  574  169  4391  4560  170  90.59  707
25021  31578  6558  25021  25497  477  31106  31578  473  87.00  709
24412  37317  12906  24412  24547  136  37192  37317  126  85.29  725
6232  7634  1403  6232  6568  337  7304  7634  331  86.05  757
34085  37681  3597  34085  34404  320  37353  37681  329  91.49  757
49646  57728  8083  49646  50013  368  57360  57728  369  92.68  758
4226  16658  12433  4226  4517  292  16368  16658  291  93.15  774
49536  51162  1627  49536  49795  260  50883  51162  280  85.36  774
31145  32513  1369  31145  31312  168  32349  32513  165  87.50  786
3006  6642  3637  3006  3403  398  6235  6642  408  89.95  787
16706  19376  2671  16706  17073  368  18991  19376  386  85.23  809
41308  44242  2935  41308  41560  253  44011  44242  232  86.17  817
55790  57245  1456  55790  56253  464  56802  57245  444  91.81  861
40211  43067  2857  40211  40400  190  42889  43067  179  87.89  867
20675  25898  5224  20675  20844  170  25725  25898  174  86.78  868
1730  8836  7107  1730  1940  211  8618  8836  219  93.15  895
14770  24918  10149  14770  15049  280  24641  24918  278  91.07  993
7684  19556  11873  7684  8017  334  19209  19556  348  85.92  997
13548  26550  13003  13548  13817  270  26263  26550  288  86.11  1024
1956  14592  12637  1956  2091  136  14467  14592  126  87.50  1036
17207  24979  7773  17207  17380  174  24815  24979  165  89.66  1047
39498  46900  7403  39498  39657  160  46761  46900  140  85.00  1063
56887  64192  7306  56887  57023  137  64048  64192  145  86.90  1066
8827  10659  1833  8827  9567  741  9928  10659  732  85.56  1104
43744  46518  2775  43744  44210  467  46071  46518  448  91.22  1126
26907  29659  2753  26907  27042  136  29514  29659  146  87.67  1132
9119  21815  12697  9119  9403  285  21528  21815  288  87.15  1146
18760  20911  2152  18760  18938  179  20740  20911  172  88.27  1152
30266  38349  8084  30266  30683  418  37957  38349  393  85.89  1185
2750  6742  3993  2750  3117  368  6391  6742  352  86.68  1195
1773  9394  7622  1773  2114  342  9047  9394  348  87.07  1205
18805  20481  1677  18805  18947  143  20342  20481  140  91.61  1205
25684  26879  1196  25684  25795  112  26770  26879  110  90.18  1205
27787  28991  1205  27787  27956  170  28826  28991  166  90.00  1205
34637  35848  1212  34637  34823  187  35665  35848  184  91.98  1205
23590  28085  4496  23590  23766  177  27904  28085  182  85.71  1220
16410  29229  12820  16410  16545  136  29101  29229  129  88.24  1233
4605  18353  13749  4605  5504  900  17474  18353  880  90.67  1256
20631  31200  10570  20631  20872  242  30954  31200  247  92.31  1256
32695  33917  1223  32695  32891  197  33715  33917  203  87.19  1275
36627  38426  1800  36627  36857  231  38199  38426  228  88.31  1275
39503  41011  1509  39503  39868  366  40634  41011  378  88.36  1275
13902  26693  12792  13902  14004  103  26585  26693  109  91.74  1293
4698  18638  13941  4698  5183  486  18152  18638  487  85.83  1309
18570  27243  8674  18570  18935  366  26889  27243  355  85.79  1322
6630  14872  8243  6630  6916  287  14588  14872  285  91.99  1326
3459  17859  14401  3459  3697  239  17617  17859  243  91.77  1329
6703  8052  1350  6703  7036  334  7723  8052  330  85.63  1357
11570  12797  1228  11570  11777  208  12588  12797  210  94.76  1357
17543  31833  14291  17543  17966  424  31443  31833  391  85.14  1366
14579  18571  3993  14579  14803  225  18348  18571  224  92.89  1382
34041  42556  8516  34041  34369  329  42218  42556  339  89.97  1416
29547  31877  2331  29547  29807  261  31612  31877  266  87.59  1433
31900  33653  1754  31900  32033  134  33533  33653  121  87.31  1433
9941  23901  13961  9941  10268  328  23583  23901  319  85.06  1445
8417  21706  13290  8417  8882  466  21247  21706  460  90.34  1460
47454  49260  1807  47454  47582  129  49142  49260  119  85.27  1468
53319  54957  1639  53319  53700  382  54560  54957  398  91.71  1469
11535  20938  9404  11535  11782  248  20706  20938  233  85.89  1520
25465  34579  9115  25465  25697  233  34357  34579  223  85.84  1520
1322  8190  6869  1322  1429  108  8077  8190  114  92.11  1532
34144  40783  6640  34144  34617  474  40327  40783  457  87.97  1543
13084  20969  7886  13084  13319  236  20718  20969  252  89.29  1545
58628  60145  1518  58628  58757  130  60008  60145  138  86.23  1563
2793  8149  5357  2793  3386  594  7551  8149  599  86.81  1571
8831  10122  1292  8831  9026  196  9922  10122  201  89.05  1578
13941  22164  8224  13941  14061  121  22055  22164  110  85.12  1604
8334  21583  13250  8334  8622  289  21298  21583  286  88.93  1616
5001  12396  7396  5001  5145  145  12245  12396  152  85.53  1621
28393  29577  1185  28393  28560  168  29404  29577  174  91.38  1625
37205  39975  2771  37205  37420  216  39761  39975  215  92.59  1634
35605  37190  1586  35605  35712  108  37081  37190  110  94.55  1642
6054  7445  1392  6054  6287  234  7220  7445  226  88.46  1645
10604  23852  13249  10604  11084  481  23374  23852  479  86.69  1715
17227  26185  8959  17227  17545  319  25864  26185  322  90.68  1743
3182  15290  12109  3182  3543  362  14938  15290  353  87.02  1751
15714  20390  4677  15714  15925  212  20180  20390  211  87.26  1770
4265  18313  14049  4265  4671  407  17927  18313  387  88.94  1774
497  4362  3866  497  1241  745  3592  4362  771  89.88  1776
2933  10492  7560  2933  3122  190  10300  10492  193  91.19  1781
6290  20823  14534  6290  6643  354  20483  20823  341  88.14  1785
7875  16477  8603  7875  8161  287  16190  16477  288  86.11  1790
22985  35878  12894  22985  23104  120  35762  35878  117  89.17  1820
21003  22510  1508  21003  21114  112  22389  22510  122  86.07  1845
43707  51776  8070  43707  44103  397  51398  51776  379  85.89  1862
10623  16546  5924  10623  10882  260  16306  16546  241  88.85  1868
14346  21482  7137  14346  14958  613  20885  21482  598  89.89  1883
39483  43942  4460  39483  39836  354  43595  43942  348  86.44  1883
6083  11096  5014  6083  6365  283  10819  11096  278  89.75  1889
11297  24895  13599  11297  11632  336  24582  24895  314  85.71  1889
13589  26245  12657  13589  13751  163  26083  26245  163  85.89  1903
16075  22822  6748  16075  16616  542  22280  22822  543  92.82  1913
1595  3250  1656  1595  2129  535  2713  3250  538  94.05  1938
38678  40690  2013  38678  38929  252  40437  40690  254  85.04  1938
5431  12069  6639  5431  5583  153  11918  12069  152  88.24  1987
10820  21632  10813  10820  11196  377  21246  21632  387  91.21  2022
5628  10171  4544  5628  5796  169  9994  10171  178  85.39  2060
2590  11250  8661  2590  2778  189  11065  11250  186  88.36  2090
33393  34757  1365  33393  33662  270  34488  34757  270  86.67  2108
766  10071  9306  766  907  142  9938  10071  134  85.92  2122
277  3712  3436  277  539  263  3454  3712  259  89.35  2184
32584  33962  1379  32584  32805  222  33754  33962  209  86.04  2184
11807  24347  12541  11807  11960  154  24189  24347  159  86.79  2191
7409  11971  4563  7409  8225  817  11124  11971  848  89.03  2193
25826  27159  1334  25826  26034  209  26949  27159  211  85.78  2198
43328  46378  3051  43328  43519  192  46160  46378  219  85.39  2240
241  6233  5993  241  630  390  5862  6233  372  87.69  2312
18098  28649  10552  18098  18325  228  28417  28649  233  87.98  2323
6624  18889  12266  6624  6953  330  18549  18889  341  86.22  2338
6101  18817  12717  6101  6528  428  18392  18817  426  90.89  2353
1766  11546  9781  1766  2062  297  11235  11546  312  90.38  2361
3098  17306  14209  3098  3251  154  17151  17306  156  89.10  2422
1636  2765  1130  1636  1738  103  2666  2765  100  90.29  2467
21949  23600  1652  21949  22154  206  23387  23600  214  87.85  2467
2395  4514  2120  2395  2655  261  4264  4514  251  87.36  2484
17152  19755  2604  17152  17300  149  19608  19755  148  88.59  2502
16748  18127  1380  16748  17082  335  17788  18127  340  89.71  2503
36090  37556  1467  36090  36362  273  37289  37556  268  86.81  2508
8275  9946  1672  8275  8774  500  9450  9946  497  94.00  2519
15119  16528  1410  15119  15456  338  16183  16528  346  86.99  2519
19264  26252  6989  19264  19397  134  26117  26252  136  91.18  2532
11393  17248  5856  11393  11649  257  16979  17248  270  85.56  2550
21137  24862  3726  21137  21336  200  24660  24862  203  90.64  2569
30921  38179  7259  30921  31272  352  37806  38179  374  87.43  2582
5593  7535  1943  5593  5993  401  7138  7535  398  85.54  2639
123  2561  2439  123  404  282  2286  2561  276  90.43  2672
10820  12431  1612  10820  10927  108  12328  12431  104  85.19  2703
14727  17444  2718  14727  14900  174  17267  17444  178  87.64  2716
19009  30549  11541  19009  19263  255  30302  30549  248  89.02  2741
15286  26763  11478  15286  15453  168  26584  26763  180  87.22  2791
5973  14658  8686  5973  6217  245  14411  14658  248  89.52  2810
1680  16108  14429  1680  1870  191  15909  16108  200  85.00  2850
20756  33683  12928  20756  20880  125  33553  33683  131  86.26  2873
18551  19767  1217  18551  18669  119  19645  19767  123  86.18  2924
727  14423  13697  727  1007  281  14144  14423  280  89.32  2957
4668  16070  11403  4668  4893  226  15841  16070  230  92.17  2965
108  11191  11084  108  428  321  10860  11191  332  87.65  3031
4427  5894  1468  4427  4553  127  5774  5894  121  89.76  3065
23427  25135  1709  23427  23748  322  24806  25135  330  93.03  3066
7310  20963  13654  7310  7770  461  20497  20963  467  90.36  3085
123  15218  15096  123  283  161  15057  15218  162  90.12  3112
44620  48634  4015  44620  44946  327  48319  48634  316  87.46  3137
6068  20113  14046  6068  6300  233  19889  20113  225  93.99  3143
11163  23968  12806  11163  11537  375  23612  23968  357  85.87  3153
5731  15608  9878  5731  5902  172  15440  15608  169  88.37  3157
310  6841  6532  310  596  287  6540  6841  302  87.75  3238
27188  32195  5008  27188  27379  192  32000  32195  196  90.31  3263
27110  28933  1824  27110  27279  170  28771  28933  163  85.88  3274
13998  16116  2119  13998  14235  238  15878  16116  239  90.38  3281
22849  26130  3282  22849  23023  175  25953  26130  178  85.96  3294
12782  18279  5498  12782  12977  196  18073  18279  207  88.89  3303
10117  19764  9648  10117  10831  715  19059  19764  706  90.63  3314
15040  16891  1852  15040  15199  160  16729  16891  163  90.18  3399
4285  17768  13484  4285  4608  324  17455  17768  314  88.58  3400
21752  24087  2336  21752  22153  402  23676  24087  412  89.56  3466
390  2204  1815  390  535  146  2064  2204  141  91.10  3470
19570  21193  1624  19570  19770  201  20997  21193  197  90.05  3470
13385  15644  2260  13385  13551  167  15480  15644  165  86.83  3560
8889  12852  3964  8889  9006  118  12733  12852  120  92.50  3643
90  14017  13928  90  580  491  13526  14017  492  89.63  3664
1420  9758  8339  1420  2008  589  9134  9758  625  87.68  3728
7777  13380  5604  7777  8256  480  12910  13380  471  87.50  3790
7189  16154  8966  7189  7646  458  15709  16154  446  91.27  3813
1805  3880  2076  1805  2039  235  3640  3880  241  88.80  3842
26276  28039  1764  26276  26404  129  27909  28039  131  86.26  3848
2266  3455  1190  2266  2424  159  3294  3455  162  86.42  3857
7489  9810  2322  7489  7604  116  9694  9810  117  85.47  3885
13136  18502  5367  13136  13528  393  18103  18502  400  87.25  3900
151  1581  1431  151  342  192  1396  1581  186  90.10  3902
2318  5595  3278  2318  2626  309  5279  5595  317  92.11  3902
13206  14482  1277  13206  13325  120  14350  14482  133  85.71  3902
19464  27077  7614  19464  19594  131  26944  27077  134  94.78  3905
3320  18094  14775  3320  3576  257  17833  18094  262  85.88  3917
2485  9208  6724  2485  2657  173  9027  9208  182  92.31  3928
6284  8524  2241  6284  6419  136  8392  8524  133  90.44  3938
10467  18742  8276  10467  10575  109  18620  18742  123  86.18  3943
1965  9868  7904  1965  2170  206  9660  9868  209  89.47  3952
3880  5783  1904  3880  3999  120  5664  5783  120  93.33  3978
20101  25726  5626  20101  20407  307  25419  25726  308  90.91  3986
5664  12223  6560  5664  6006  343  11886  12223  338  88.63  3991
711  7058  6348  711  1039  329  6723  7058  336  90.18  4018
19485  21425  1941  19485  19600  116  21309  21425  117  94.02  4032
185  7690  7506  185  291  107  7585  7690  106  87.85  4033
16550  30010  13461  16550  16942  393  29639  30010  372  88.55  4054
18717  21006  2290  18717  18859  143  20867  21006  140  89.51  4060
180  13137  12958  180  422  243  12871  13137  267  87.27  4063
7981  9404  1424  7981  8326  346  9049  9404  356  88.20  4114
21199  22945  1747  21199  21349  151  22779  22945  167  86.23  4131
95  1291  1197  95  226  132  1165  1291  127  87.12  4137
4103  12988  8886  4103  4483  381  12601  12988  388  85.82  4143
14502  24010  9509  14502  14861  360  23638  24010  373  93.03  4166
8544  20969  12426  8544  9043  500  20455  20969  515  88.16  4169
9101  11157  2057  9101  9418  318  10835  11157  323  93.81  4171
15760  17262  1503  15760  15933  174  17098  17262  165  88.51  4171
13238  14690  1453  13238  13455  218  14472  14690  219  86.30  4205
319  15002  14684  319  459  141  14859  15002  144  85.42  4221
13392  23130  9739  13392  13818  427  22693  23130  438  86.53  4244
4967  12094  7128  4967  5101  135  11952  12094  143  86.71  4311
10518  20005  9488  10518  10819  302  19706  20005  300  93.38  4312
858  2222  1365  858  987  130  2098  2222  125  85.38  4316
2035  11314  9280  2035  2235  201  11127  11314  188  85.07  4327
10823  23394  12572  10823  11126  304  23101  23394  294  88.82  4354
638  11262  10625  638  1001  364  10904  11262  359  88.19  4372
8340  15536  7197  8340  8657  318  15231  15536  306  88.36  4379
8886  19168  10283  8886  9040  155  19017  19168  152  90.32  4407
880  12667  11788  880  1357  478  12198  12667  470  88.28  4412
852  12675  11824  852  1014  163  12499  12675  177  86.44  4416
3731  5339  1609  3731  3896  166  5166  5339  174  87.36  4452
674  12547  11874  674  1216  543  11981  12547  567  89.59  4455
3067  4587  1521  3067  3363  297  4295  4587  293  90.24  4456
19254  23084  3831  19254  19434  181  22911  23084  174  86.19  4533
5644  8007  2364  5644  5850  207  7808  8007  200  89.86  4633
6545  21460  14916  6545  6796  252  21203  21460  258  85.66  4637
3683  10506  6824  3683  4129  447  10045  10506  462  90.04  4723
953  7051  6099  953  1267  315  6741  7051  311  85.08  4762
2396  11576  9181  2396  2646  251  11337  11576  240  91.63  4801
4510  5993  1484  4510  4706  197  5795  5993  199  87.94  4843
8269  9965  1697  8269  8511  243  9721  9965  245  87.35  4860
9337  14774  5438  9337  9477  141  14638  14774  137  90.78  4868
24908  26534  1627  24908  25200  293  26247  26534  288  89.08  4910
3496  4805  1310  3496  3606  111  4703  4805  103  89.19  4925
337  9211  8875  337  511  175  9038  9211  174  89.14  5002
5635  7157  1523  5635  5870  236  6908  7157  250  86.00  5015
7  1625  1619  7  106  100  1523  1625  103  88.35  5088
2917  4448  1532  2917  3244  328  4120  4448  329  90.88  5096
6404  7917  1514  6404  6637  234  7664  7917  254  86.22  5143
9096  12978  3883  9096  9253  158  12821  12978  158  86.08  5143
4281  8149  3869  4281  4871  591  7558  8149  592  90.54  5167
13012  14725  1714  13012  13347  336  14386  14725  340  95.29  5174
7152  8804  1653  7152  7274  123  8676  8804  129  88.37  5183
14879  16582  1704  14879  15014  136  16444  16582  139  92.09  5194
1711  12029  10319  1711  2049  339  11679  12029  351  86.32  5197
9045  12773  3729  9045  9334  290  12476  12773  298  89.26  5228
5817  18268  12452  5817  6157  341  17962  18268  307  85.04  5257
2367  13436  11070  2367  2781  415  13044  13436  393  88.19  5268
11107  14286  3180  11107  11270  164  14130  14286  157  85.98  5273
9145  12704  3560  9145  9496  352  12360  12704  345  86.65  5368
11100  12358  1259  11100  11351  252  12110  12358  249  90.08  5369
8864  10070  1207  8864  9032  169  9900  10070  171  85.38  5401
3350  4987  1638  3350  3667  318  4677  4987  311  88.05  5560
10561  23894  13334  10561  10879  319  23582  23894  313  87.77  5572
12824  14480  1657  12824  13132  309  14176  14480  305  88.03  5590
19446  21131  1686  19446  19641  196  20947  21131  185  85.71  5602
6761  8021  1261  6761  6892  132  7888  8021  134  89.55  5607
12979  14656  1678  12979  13110  132  14520  14656  137  86.86  5607
1133  2461  1329  1133  1310  178  2279  2461  183  87.43  5618
15011  16645  1635  15011  15448  438  16203  16645  443  88.94  5618
6138  7388  1251  6138  6358  221  7177  7388  212  89.59  5694
2768  6275  3508  2768  3182  415  5857  6275  419  94.75  5738
7078  10709  3632  7078  7243  166  10535  10709  175  86.86  5759
11211  14675  3465  11211  11451  241  14427  14675  249  85.94  5784
7337  8538  1202  7337  7530  194  8343  8538  196  91.84  5785
5364  6535  1172  5364  5514  151  6387  6535  149  89.40  5808
7882  10479  2598  7882  8104  223  10249  10479  231  87.45  5808
4103  5759  1657  4103  4248  146  5618  5759  142  88.36  5815
2630  5420  2791  2630  2940  311  5094  5420  327  89.60  5862
3651  5529  1879  3651  4095  445  5094  5529  436  89.21  5883
84  11202  11119  84  323  240  10955  11202  248  87.90  5887
9378  11452  2075  9378  9571  194  11260  11452  193  87.11  5894
6385  10904  4520  6385  6537  153  10758  10904  147  88.24  5912
2326  4165  1840  2326  2506  181  3973  4165  193  86.53  5951
8855  10998  2144  8855  9154  300  10703  10998  296  86.33  5951
10164  11519  1356  10164  10272  109  11409  11519  111  90.99  5954
1180  2483  1304  1180  1398  219  2267  2483  217  89.04  5967
1923  7718  5796  1923  2028  106  7609  7718  110  92.73  5989
25  1609  1585  25  300  276  1308  1609  302  88.08  6073
1224  3177  1954  1224  1525  302  2889  3177  289  85.43  6089
801  9439  8639  801  985  185  9245  9439  195  85.64  6092
10834  12541  1708  10834  10945  112  12429  12541  113  91.15  6128
4708  6238  1531  4708  4939  232  6007  6238  232  87.50  6136
7615  8904  1290  7615  7815  201  8709  8904  196  88.56  6136
926  2408  1483  926  1254  329  2086  2408  323  85.71  6152
3557  6026  2470  3557  4140  584  5471  6026  556  88.87  6196
3520  10399  6880  3520  3667  148  10255  10399  145  87.84  6267
6496  7934  1439  6496  6723  228  7718  7934  217  90.35  6268
3207  4630  1424  3207  3610  404  4223  4630  408  86.76  6279
115  1548  1434  115  228  114  1434  1548  115  93.04  6288
879  14183  13305  879  1036  158  14036  14183  148  86.71  6340
3478  7463  3986  3478  3713  236  7234  7463  230  90.25  6354
5834  11816  5983  5834  5988  155  11657  11816  160  93.12  6443
5420  18458  13039  5420  5717  298  18173  18458  286  86.91  6495
58  7876  7819  58  197  140  7734  7876  143  86.71  6501
8701  10098  1398  8701  8864  164  9923  10098  176  89.20  6551
178  1434  1257  178  343  166  1266  1434  169  85.80  6626
8340  10803  2464  8340  8646  307  10513  10803  291  85.99  6628
4981  6323  1343  4981  5189  209  6123  6323  201  89.95  6645
2434  10839  8406  2434  2996  563  10279  10839  561  89.34  6679
5627  6871  1245  5627  5778  152  6720  6871  152  92.76  6710
9630  11306  1677  9630  9822  193  11113  11306  194  88.14  6710
347  1904  1558  347  634  288  1619  1904  286  89.58  6768
12445  13870  1426  12445  12606  162  13715  13870  156  87.04  6823
44  1901  1858  44  224  181  1719  1901  183  90.71  6968
5850  7648  1799  5850  5975  126  7525  7648  124  88.89  6970
17860  19557  1698  17860  18049  190  19369  19557  189  88.42  6970
77  1641  1565  77  383  307  1336  1641  306  86.64  7015
23  1369  1347  23  334  312  1038  1369  332  86.45  7021
6173  7723  1551  6173  6566  394  7343  7723  381  86.29  7025
4931  7322  2392  4931  5062  132  7201  7322  122  87.12  7026
287  1449  1163  287  411  125  1331  1449  119  85.60  7044
8460  17472  9013  8460  8698  239  17220  17472  253  87.35  7045
9843  13523  3681  9843  10101  259  13257  13523  267  88.39  7049
7906  9167  1262  7906  8039  134  9035  9167  133  88.81  7060
1080  2934  1855  1080  1190  111  2831  2934  104  86.49  7089
5552  7200  1649  5552  5712  161  7044  7200  157  88.82  7109
926  8260  7335  926  1302  377  7884  8260  377  93.37  7181
5520  9150  3631  5520  5785  266  8875  9150  276  90.22  7188
2663  3899  1237  2663  2778  116  3781  3899  119  89.08  7207
46  7605  7560  46  542  497  7112  7605  494  92.76  7336
2416  4962  2547  2416  2550  135  4828  4962  135  85.19  7375
10350  13674  3325  10350  10457  108  13559  13674  116  87.93  7407
6799  8233  1435  6799  6900  102  8127  8233  107  91.59  7419
2005  3871  1867  2005  2456  452  3419  3871  453  89.40  7527
4158  6999  2842  4158  4496  339  6657  6999  343  89.21  7553
537  5233  4697  537  657  121  5099  5233  135  85.93  7570
1915  3113  1199  1915  2072  158  2958  3113  156  86.71  7644
1469  2706  1238  1469  1593  125  2578  2706  129  86.05  7661
120  3718  3599  120  252  133  3586  3718  133  88.72  7734
309  6873  6565  309  410  102  6767  6873  107  86.92  7784
4998  6980  1983  4998  5140  143  6834  6980  147  85.71  7786
1368  2733  1366  1368  1537  170  2570  2733  164  86.47  7804
1904  3832  1929  1904  2125  222  3596  3832  237  85.23  7947
3899  6092  2194  3899  4239  341  5759  6092  334  89.74  7947
2572  3843  1272  2572  2695  124  3712  3843  132  86.36  7996
4759  7029  2271  4759  5014  256  6787  7029  243  86.33  8077
6304  7497  1194  6304  6480  177  7318  7497  180  87.22  8087
7  2469  2463  7  124  118  2346  2469  124  88.71  8107
1648  3755  2108  1648  1900  253  3493  3755  263  96.20  8130
1714  8519  6806  1714  1875  162  8365  8519  155  90.74  8152
3685  5002  1318  3685  3791  107  4889  5002  114  88.60  8188
6882  13726  6845  6882  7048  167  13564  13726  163  88.02  8190
10  2479  2470  10  198  189  2270  2479  210  85.24  8203
1799  14594  12796  1799  2650  852  13748  14594  847  94.95  8343
2315  3801  1487  2315  2541  227  3576  3801  226  88.11  8368
6009  7516  1508  6009  6145  137  7385  7516  132  87.59  8386
10839  12411  1573  10839  11314  476  11938  12411  474  92.23  8408
1641  3008  1368  1641  1800  160  2845  3008  164  85.37  8418
10  8492  8483  10  649  640  7853  8492  640  91.41  8426
13381  14683  1303  13381  13642  262  14417  14683  267  89.89  8472
10369  11776  1408  10369  10537  169  11613  11776  164  87.57  8499
6  1586  1581  6  527  522  1061  1586  526  90.87  8587
7833  10230  2398  7833  8006  174  10047  10230  184  90.76  8587
17287  19424  2138  17287  17653  367  19078  19424  347  85.56  8587
200  2823  2624  200  419  220  2614  2823  210  87.73  8613
7525  9047  1523  7525  7965  441  8618  9047  430  88.66  8643
2171  10067  7897  2171  2541  371  9695  10067  373  88.74  8661
4375  6645  2271  4375  4602  228  6423  6645  223  92.54  8770
1733  7106  5374  1733  2022  290  6815  7106  292  87.67  8777
5460  7044  1585  5460  5648  189  6848  7044  197  86.80  8851
1811  3484  1674  1811  2003  193  3300  3484  185  86.01  8895
349  1860  1512  349  474  126  1732  1860  129  91.47  8913
5898  8922  3025  5898  6066  169  8748  8922  175  86.86  9023
2530  10701  8172  2530  2850  321  10396  10701  306  91.59  9034
6546  10391  3846  6546  6745  200  10199  10391  193  87.50  9035
3889  5207  1319  3889  4096  208  5006  5207  202  87.50  9059
822  2290  1469  822  991  170  2126  2290  165  90.00  9166
7721  9254  1534  7721  7927  207  9056  9254  199  88.41  9194
1861  6341  4481  1861  2015  155  6182  6341  160  86.25  9318
466  2038  1573  466  574  109  1933  2038  106  91.74  9417
1120  2623  1504  1120  1281  162  2465  2623  159  90.74  9431
4581  6258  1678  4581  4829  249  6017  6258  242  88.35  9431
5273  7445  2173  5273  5393  121  7320  7445  126  88.89  9571
4146  6545  2400  4146  4272  127  6407  6545  139  87.05  9607
694  2101  1408  694  821  128  1981  2101  121  85.16  9687
4218  6091  1874  4218  4373  156  5939  6091  153  89.74  9696
1996  6405  4410  1996  2208  213  6175  6405  231  86.15  9804
2108  3942  1835  2108  2257  150  3801  3942  142  85.33  9851
4667  5874  1208  4667  4835  169  5708  5874  167  88.76  9862
1097  2462  1366  1097  1309  213  2257  2462  206  88.26  9871
2949  4582  1634  2949  3176  228  4355  4582  228  90.35  9871
1758  3591  1834  1758  1870  113  3490  3591  102  85.84  9915
2272  5901  3630  2272  2458  187  5728  5901  174  89.30  9929
117  1843  1727  117  277  161  1680  1843  164  87.20  10040
7284  8573  1290  7284  7401  118  8453  8573  121  87.60  10050
1589  10887  9299  1589  2262  674  10201  10887  687  96.07  10075
7  5840  5834  7  672  666  5192  5840  649  95.65  10134
2149  3299  1151  2149  2290  142  3154  3299  146  89.04  10175
15841  20458  4618  15841  16343  503  19952  20458  507  89.94  10265
8112  9497  1386  8112  8474  363  9135  9497  363  90.91  10332
4613  10238  5626  4613  4751  139  10100  10238  139  87.77  10336
2783  14950  12168  2783  3034  252  14702  14950  249  94.84  10390
4710  8237  3528  4710  4827  118  8131  8237  107  87.29  10418
3906  5268  1363  3906  4159  254  5011  5268  258  86.05  10712
7  5434  5428  7  885  879  4564  5434  871  97.72  10755
19  5651  5633  19  197  179  5470  5651  182  89.01  10827
1700  2933  1234  1700  1832  133  2800  2933  134  85.82  10881
486  8273  7788  486  640  155  8112  8273  162  89.51  10920
6145  9576  3432  6145  6259  115  9470  9576  107  88.70  10927
4001  7898  3898  4001  4140  140  7769  7898  130  86.43  10941
3952  5606  1655  3952  4062  111  5494  5606  113  90.27  10945
4088  5762  1675  4088  4190  103  5656  5762  107  88.79  10951
3691  5014  1324  3691  3900  210  4800  5014  215  88.37  10975
801  2067  1267  801  908  108  1963  2067  105  85.19  11043
3635  5115  1481  3635  3804  170  4952  5115  164  87.06  11096
236  1695  1460  236  337  102  1592  1695  104  86.54  11167
369  1625  1257  369  618  250  1380  1625  246  91.20  11220
2107  3452  1346  2107  2374  268  3192  3452  261  89.55  11281
4719  6742  2024  4719  4825  107  6629  6742  114  85.96  11281
2890  4111  1222  2890  3076  187  3929  4111  183  88.77  11380
764  4266  3503  764  1191  428  3839  4266  428  92.29  11446
333  2917  2585  333  603  271  2652  2917  266  91.51  11459
2741  4167  1427  2741  3016  276  3898  4167  270  89.13  11495
18  4886  4869  18  942  925  3950  4886  937  97.65  11501
1079  4296  3218  1079  1215  137  4164  4296  133  92.70  11576
2612  4166  1555  2612  2743  132  4036  4166  131  89.39  11596
675  1870  1196  675  804  130  1741  1870  130  85.38  11753
5399  7139  1741  5399  5557  159  6981  7139  159  90.57  11769
1683  4673  2991  1683  1950  268  4407  4673  267  89.55  11818
2491  4147  1657  2491  2636  146  4016  4147  132  86.30  11896
6985  9875  2891  6985  7271  287  9591  9875  285  87.80  11984
644  1982  1339  644  791  148  1845  1982  138  88.51  12073
5528  6724  1197  5528  5644  117  6615  6724  110  88.89  12115
2208  3854  1647  2208  2508  301  3550  3854  305  92.46  12152
2012  3707  1696  2012  2240  229  3490  3707  218  85.15  12168
688  2752  2065  688  1145  458  2295  2752  458  89.30  12171
2236  3586  1351  2236  2503  268  3314  3586  273  93.77  12172
1403  3823  2421  1403  1529  127  3698  3823  126  90.55  12200
1573  4219  2647  1573  2026  454  3776  4219  444  87.22  12256
2360  4361  2002  2360  2750  391  3980  4361  382  91.56  12368
745  2230  1486  745  862  118  2114  2230  117  92.37  12454
735  2263  1529  735  870  136  2130  2263  134  86.03  12519
2987  4153  1167  2987  3139  153  3999  4153  155  89.68  12566
839  1989  1151  839  960  122  1874  1989  116  90.98  12615
2223  4192  1970  2223  2353  131  4068  4192  125  87.79  12710
774  1979  1206  774  936  163  1818  1979  162  92.02  12807
464  1752  1289  464  628  165  1591  1752  162  88.48  12822
993  2514  1522  993  1476  484  2037  2514  478  91.32  12846
2490  4035  1546  2490  2612  123  3909  4035  127  90.55  12996
2059  5991  3933  2059  2314  256  5729  5991  263  93.92  13071
441  2359  1919  441  707  267  2080  2359  280  86.07  13151
500  1774  1275  500  668  169  1596  1774  179  86.59  13171
159  1898  1740  159  403  245  1656  1898  243  86.12  13389
5735  7091  1357  5735  6087  353  6761  7091  331  86.40  13422
1926  3199  1274  1926  2186  261  2958  3199  242  86.97  13563
219  2096  1878  219  583  365  1734  2096  363  92.88  13904
2084  5630  3547  2084  2297  214  5420  5630  211  95.33  13909
2134  3548  1415  2134  2427  294  3262  3548  287  89.12  13942
1913  3288  1376  1913  2126  214  3074  3288  215  85.12  14037
47  3770  3724  47  862  816  2917  3770  854  93.68  14147
1830  3551  1722  1830  2072  243  3311  3551  241  85.60  14266
19  2312  2294  19  228  210  2094  2312  219  87.21  14325
83  1979  1897  83  211  129  1851  1979  129  94.57  14347
17  1282  1266  17  172  156  1128  1282  155  89.74  14362
116  1491  1376  116  321  206  1277  1491  215  88.84  14416
2802  4814  2013  2802  2915  114  4704  4814  111  89.47  14485
277  3870  3594  277  493  217  3656  3870  215  91.71  14673
1749  4804  3056  1749  2415  667  4138  4804  667  90.70  14797
461  2003  1543  461  651  191  1810  2003  194  87.63  14801
2081  3406  1326  2081  2208  128  3275  3406  132  90.15  14843
840  2896  2057  840  959  120  2774  2896  123  90.24  15054
2188  3944  1757  2188  2371  184  3748  3944  197  89.85  15224
133  1713  1581  133  533  401  1339  1713  375  86.78  15256
28  1215  1188  28  139  112  1098  1215  118  87.29  15290
2579  4034  1456  2579  2688  110  3927  4034  108  90.91  15290
616  2320  1705  616  821  206  2110  2320  211  91.47  15291
366  3216  2851  366  938  573  2661  3216  556  86.91  15306
518  2055  1538  518  626  109  1948  2055  108  85.32  15408
23  1472  1450  23  448  426  1045  1472  428  87.85  15410
3579  5583  2005  3579  3773  195  5391  5583  193  91.28  15454
6  2628  2623  6  195  190  2440  2628  189  85.79  15498
223  1454  1232  223  433  211  1243  1454  212  91.98  15556
191  2732  2542  191  607  417  2307  2732  426  85.21  15786
1420  2734  1315  1420  1586  167  2565  2734  170  91.76  15797
566  1783  1218  566  756  191  1597  1783  187  87.96  15827
1219  2927  1709  1219  1538  320  2617  2927  311  89.69  15991
478  1681  1204  478  611  134  1554  1681  128  90.30  16246
2565  4320  1756  2565  2678  114  4205  4320  116  87.93  16267
175  2112  1938  175  276  102  2007  2112  106  86.79  16373
295  2103  1809  295  437  143  1960  2103  144  86.81  16423
518  1804  1287  518  647  130  1668  1804  137  86.13  16472
337  2771  2435  337  723  387  2394  2771  378  87.34  16509
1055  2687  1633  1055  1199  145  2546  2687  142  92.41  16850
1060  2376  1317  1060  1165  106  2268  2376  109  86.24  17115
762  2506  1745  762  959  198  2305  2506  202  89.11  17191
1898  3679  1782  1898  2012  115  3570  3679  110  85.22  17336
105  2184  2080  105  955  851  1360  2184  825  91.77  17524
762  2203  1442  762  912  151  2051  2203  153  88.24  17545
561  2120  1560  561  801  241  1888  2120  233  86.72  17829
7  2459  2453  7  182  176  2289  2459  171  86.93  18415
627  2290  1664  627  885  259  2031  2290  260  91.54  18433
116  1626  1511  116  363  248  1375  1626  252  85.71  18512
2420  3835  1416  2420  2761  342  3520  3835  316  88.89  19265
6  2286  2281  6  282  277  1999  2286  288  85.07  19784
21  1978  1958  21  470  450  1539  1978  440  91.11  20398
406  4113  3708  406  584  179  3927  4113  187  89.30  20444
399  2249  1851  399  554  156  2103  2249  147  87.82  20755
332  1776  1445  332  725  394  1383  1776  394  87.31  21013
1398  7836  6439  1398  2217  820  7017  7836  820  98.78  21254
892  2165  1274  892  1152  261  1908  2165  258  85.44  21299
1694  3428  1735  1694  1798  105  3326  3428  103  91.43  21556
6  1535  1530  6  109  104  1431  1535  105  91.43  22662
23  1736  1714  23  280  258  1491  1736  246  87.21  22797
781  4232  3452  781  1007  227  4015  4232  218  87.22  23989
344  1520  1177  344  483  140  1380  1520  141  90.78  24021
43  1667  1625  43  391  349  1319  1667  349  91.40  24812
8  1464  1457  8  125  118  1341  1464  124  91.13  25111
1790  3147  1358  1790  1950  161  2984  3147  164  87.80  25209
125  1289  1165  125  249  125  1173  1289  117  86.40  25349
23  3744  3722  23  349  327  3413  3744  332  87.65  25372
208  1676  1469  208  375  168  1508  1676  169  85.21  25728
1605  2782  1178  1605  1744  140  2646  2782  137  86.43  25956
210  1409  1200  210  339  130  1276  1409  134  91.04  25981
252  1497  1246  252  394  143  1349  1497  149  87.92  26015
218  1546  1329  218  480  263  1282  1546  265  91.32  26105
127  1383  1257  127  232  106  1276  1383  108  92.59  26239
10  1280  1271  10  178  169  1106  1280  175  85.71  26773
11  1228  1218  11  181  171  1048  1228  181  85.08  26951
870  2212  1343  870  1109  240  1969  2212  244  87.30  26982
1022  2628  1607  1022  1307  286  2368  2628  261  86.71  27163
868  2397  1530  868  1087  220  2182  2397  216  89.09  27674
128  2274  2147  128  240  113  2154  2274  121  85.12  57352
106  4343  4238  106  225  120  4225  4343  119  90.00  57380
