# args=-index LTRHarvest/Ever/Ever_ltrharvest.index -mintsd 5 -maxtsd 100
# predictions are reported in the following way
# s(ret) e(ret) l(ret) s(lLTR) e(lLTR) l(lLTR) s(rLTR) e(rLTR) l(rLTR) sim(LTRs) seq-nr 
# where:
# s = starting position
# e = ending position
# l = length
# ret = LTR-retrotransposon
# lLTR = left LTR
# rLTR = right LTR
# sim = similarity
# seq-nr = sequence number
88499  99160  10662  88499  88703  205  98953  99160  208  96.63  0
46832  53002  6171  46832  47025  194  52806  53002  197  87.82  10
89330  95640  6311  89330  89606  277  95378  95640  263  90.25  13
67496  74585  7090  67496  67614  119  74478  74585  108  87.39  21
23099  37961  14863  23099  23446  348  37613  37961  349  89.97  32
52364  53848  1485  52364  52616  253  53584  53848  265  88.68  52
25984  29931  3948  25984  26304  321  29610  29931  322  85.09  68
5608  15587  9980  5608  5928  321  15244  15587  344  85.47  71
19380  25941  6562  19380  19540  161  25784  25941  158  90.68  71
33959  39670  5712  33959  34619  661  39008  39670  663  91.70  73
21434  34048  12615  21434  21898  465  33578  34048  471  90.45  104
39525  44876  5352  39525  39885  361  44538  44876  339  88.64  117
48258  56551  8294  48258  48698  441  56069  56551  483  89.03  117
48790  57440  8651  48790  49507  718  56722  57440  719  88.87  144
8764  11128  2365  8764  8982  219  10917  11128  212  85.39  170
25658  40747  15090  25658  25776  119  40635  40747  113  90.76  181
11875  22541  10667  11875  12172  298  22255  22541  287  92.28  215
6573  9366  2794  6573  7138  566  8817  9366  550  88.69  233
27170  36655  9486  27170  27430  261  36395  36655  261  85.06  276
11329  14741  3413  11329  11649  321  14420  14741  322  87.27  299
20274  33199  12926  20274  20603  330  32868  33199  332  93.37  343
10007  13598  3592  10007  10437  431  13148  13598  451  95.57  348
21262  25651  4390  21262  21812  551  25105  25651  547  97.10  378
470  6593  6124  470  622  153  6453  6593  141  88.89  380
7861  15448  7588  7861  8047  187  15256  15448  193  90.16  385
17340  28489  11150  17340  17802  463  28035  28489  455  90.28  428
2792  11713  8922  2792  3275  484  11212  11713  502  94.62  446
3567  16448  12882  3567  3832  266  16184  16448  265  92.11  485
36816  41618  4803  36816  36989  174  41439  41618  180  85.56  493
3076  6618  3543  3076  3454  379  6251  6618  368  88.39  534
3541  8400  4860  3541  3841  301  8088  8400  313  87.54  572
3789  13392  9604  3789  4506  718  12660  13392  733  90.31  593
32940  34250  1311  32940  33121  182  34076  34250  175  87.91  619
2544  9907  7364  2544  3214  671  9247  9907  661  95.83  642
9969  14586  4618  9969  10185  217  14375  14586  212  91.24  656
12968  14230  1263  12968  13101  134  14095  14230  136  90.44  669
15240  16954  1715  15240  15592  353  16596  16954  359  86.91  696
25113  27283  2171  25113  25616  504  26769  27283  515  95.15  723
12024  15548  3525  12024  12638  615  14951  15548  598  92.85  813
155  14289  14135  155  267  113  14180  14289  110  95.58  911
12327  20149  7823  12327  12714  388  19767  20149  383  93.04  1126
4365  15037  10673  4365  4610  246  14797  15037  241  88.62  1241
1534  5460  3927  1534  1921  388  5072  5460  389  91.52  1244
86  10873  10788  86  213  128  10754  10873  120  85.16  1277
16148  25399  9252  16148  16777  630  24769  25399  631  93.19  1381
6416  10443  4028  6416  6662  247  10182  10443  262  85.11  1653
8453  10236  1784  8453  8932  480  9786  10236  451  88.54  1882
17579  21645  4067  17579  17823  245  21399  21645  247  99.19  1906
944  2444  1501  944  1112  169  2283  2444  162  89.94  1950
11128  20004  8877  11128  11340  213  19787  20004  218  88.07  1953
601  8886  8286  601  853  253  8627  8886  260  85.77  1984
7194  8736  1543  7194  7337  144  8602  8736  135  89.58  2048
4711  7743  3033  4711  5247  537  7206  7743  538  92.57  2098
17300  19612  2313  17300  17440  141  19470  19612  143  90.21  2155
2427  8833  6407  2427  2833  407  8409  8833  425  90.12  2405
3585  15510  11926  3585  4064  480  15031  15510  480  89.79  2424
7  12966  12960  7  797  791  12141  12966  826  92.86  2509
8970  16705  7736  8970  9297  328  16398  16705  308  93.29  2596
10340  15529  5190  10340  10468  129  15406  15529  124  86.82  2622
4440  16504  12065  4440  4908  469  16011  16504  494  87.04  2783
6757  10369  3613  6757  6945  189  10181  10369  189  88.36  2800
6216  14201  7986  6216  6668  453  13737  14201  465  90.97  2832
5222  12480  7259  5222  6041  820  11675  12480  806  92.56  2872
4249  8940  4692  4249  4412  164  8780  8940  161  90.85  2902
4127  13146  9020  4127  4566  440  12707  13146  440  87.95  3113
610  11031  10422  610  823  214  10817  11031  215  91.16  3236
735  4232  3498  735  990  256  3996  4232  237  89.06  3432
2848  10384  7537  2848  2950  103  10278  10384  107  86.92  4312
4121  9913  5793  4121  4285  165  9752  9913  162  87.27  4434
6674  8386  1713  6674  7301  628  7770  8386  617  85.03  4922
5233  6525  1293  5233  5408  176  6352  6525  174  94.89  5162
738  4221  3484  738  1235  498  3735  4221  487  92.97  5182
183  5556  5374  183  298  116  5437  5556  120  85.00  5472
3957  6338  2382  3957  4436  480  5862  6338  477  86.25  5633
2773  4682  1910  2773  2988  216  4465  4682  218  90.37  6591
877  4607  3731  877  1206  330  4274  4607  334  87.72  6597
675  2306  1632  675  1024  350  1959  2306  348  86.00  6657
2343  4023  1681  2343  2491  149  3869  4023  155  88.39  7290
963  4605  3643  963  1550  588  4001  4605  605  88.10  7398
