# args=-index LTRHarvest/Tcan/Tcan_ltrharvest.index -mintsd 5 -maxtsd 100
# predictions are reported in the following way
# s(ret) e(ret) l(ret) s(lLTR) e(lLTR) l(lLTR) s(rLTR) e(rLTR) l(rLTR) sim(LTRs) seq-nr 
# where:
# s = starting position
# e = ending position
# l = length
# ret = LTR-retrotransposon
# lLTR = left LTR
# rLTR = right LTR
# sim = similarity
# seq-nr = sequence number
12368  14770  2403  12368  12562  195  14570  14770  201  92.54  0
230110  236772  6663  230110  230799  690  236096  236772  677  94.35  1
35052  47017  11966  35052  35417  366  46639  47017  379  87.86  14
66259  80466  14208  66259  66467  209  80273  80466  194  87.56  17
82664  91134  8471  82664  83352  689  90451  91134  684  95.79  26
77891  79713  1823  77891  78406  516  79228  79713  486  94.19  27
228  1491  1264  228  382  155  1329  1491  163  88.34  29
2205  4793  2589  2205  2438  234  4559  4793  235  85.11  29
95468  109635  14168  95468  95681  214  109432  109635  204  87.38  55
78167  79700  1534  78167  78350  184  79511  79700  190  86.32  77
14  1788  1775  14  691  678  1140  1788  649  89.82  83
55028  56523  1496  55028  55326  299  56220  56523  304  85.53  102
63319  64816  1498  63319  63695  377  64440  64816  377  100.00  137
64671  68564  3894  64671  64808  138  68435  68564  130  93.48  142
473  2538  2066  473  628  156  2382  2538  157  89.17  148
44317  47040  2724  44317  44669  353  46678  47040  363  90.08  163
166  1830  1665  166  742  577  1246  1830  585  86.67  202
67820  69415  1596  67820  68384  565  68869  69415  547  88.67  272
52555  63256  10702  52555  53144  590  62643  63256  614  90.88  276
81881  84607  2727  81881  82187  307  84338  84607  270  85.99  293
38846  41289  2444  38846  39129  284  41005  41289  285  97.54  312
74802  77016  2215  74802  74989  188  76815  77016  202  87.13  340
72094  74158  2065  72094  72589  496  73674  74158  485  97.58  344
76078  77892  1815  76078  76811  734  77202  77892  691  92.37  344
79057  80395  1339  79057  79276  220  80203  80395  193  85.00  344
79542  82524  2983  79542  80535  994  81534  82524  991  93.06  362
6115  10698  4584  6115  6458  344  10363  10698  336  87.79  368
8234  20638  12405  8234  8723  490  20188  20638  451  90.41  411
29686  31627  1942  29686  30230  545  31104  31627  524  89.36  418
55122  56846  1725  55122  55468  347  56495  56846  352  96.31  473
69810  73236  3427  69810  70097  288  72945  73236  292  93.49  497
1167  2680  1514  1167  1366  200  2480  2680  201  92.04  524
12177  13820  1644  12177  12656  480  13385  13820  436  90.00  539
21525  29007  7483  21525  22197  673  28353  29007  655  91.68  559
12189  14719  2531  12189  12712  524  14190  14719  530  96.98  583
13114  15236  2123  13114  13905  792  14430  15236  807  96.41  628
38349  40085  1737  38349  38459  111  39976  40085  110  87.39  632
669  14973  14305  669  944  276  14689  14973  285  95.79  638
17188  18610  1423  17188  17542  355  18255  18610  356  93.54  645
7808  10119  2312  7808  7980  173  9947  10119  173  92.49  691
3763  6029  2267  3763  4591  829  5162  6029  868  95.39  738
45715  47251  1537  45715  46118  404  46872  47251  380  93.07  777
56836  61124  4289  56836  57203  368  60763  61124  362  94.02  787
33566  34733  1168  33566  33693  128  34614  34733  120  85.16  834
4221  12614  8394  4221  5042  822  11797  12614  818  94.04  843
16015  17436  1422  16015  16163  149  17288  17436  149  99.33  874
48322  49534  1213  48322  48502  181  49349  49534  186  87.63  890
50725  53021  2297  50725  51598  874  52141  53021  881  97.05  904
5344  8308  2965  5344  5556  213  8110  8308  199  85.45  920
968  2973  2006  968  1631  664  2297  2973  677  90.10  935
7  1632  1626  7  548  542  1093  1632  540  91.70  939
30513  32329  1817  30513  31064  552  31741  32329  589  93.55  942
42092  49903  7812  42092  42392  301  49611  49903  293  86.05  957
45290  54736  9447  45290  45526  237  54514  54736  223  88.61  964
28268  39298  11031  28268  28746  479  38807  39298  492  90.24  969
13480  16961  3482  13480  13600  121  16836  16961  126  87.30  1027
4016  5455  1440  4016  4321  306  5117  5455  339  85.25  1031
254  1731  1478  254  646  393  1354  1731  378  88.80  1037
51679  53434  1756  51679  51903  225  53231  53434  204  90.67  1043
30616  35754  5139  30616  30910  295  35461  35754  294  91.86  1052
37563  39093  1531  37563  37705  143  38944  39093  150  87.33  1052
49  1284  1236  49  269  221  1069  1284  216  86.88  1064
31072  41706  10635  31072  31226  155  41552  41706  155  92.90  1082
445  4136  3692  445  1415  971  3166  4136  971  93.20  1135
46658  48130  1473  46658  47090  433  47719  48130  412  94.92  1139
41948  43693  1746  41948  42484  537  43149  43693  545  93.03  1141
39868  42523  2656  39868  40119  252  42278  42523  246  86.90  1149
12248  14571  2324  12248  12579  332  14211  14571  361  88.64  1185
16057  30575  14519  16057  16251  195  30378  30575  198  86.87  1198
37554  41169  3616  37554  38160  607  40566  41169  604  90.12  1329
571  6354  5784  571  1170  600  5760  6354  595  86.50  1343
34472  41615  7144  34472  35114  643  40942  41615  674  92.43  1346
4765  6833  2069  4765  5547  783  6033  6833  801  89.01  1377
39089  40294  1206  39089  39291  203  40091  40294  204  89.22  1381
9120  10789  1670  9120  9659  540  10251  10789  539  90.56  1394
28  5786  5759  28  493  466  5282  5786  505  90.69  1397
10145  12951  2807  10145  10386  242  12714  12951  238  86.78  1460
24670  26074  1405  24670  25014  345  25715  26074  360  94.72  1462
19409  21933  2525  19409  19536  128  21808  21933  126  91.41  1505
9910  11372  1463  9910  10339  430  10925  11372  448  93.53  1513
18495  20155  1661  18495  18833  339  19825  20155  331  94.69  1521
2555  7118  4564  2555  2834  280  6838  7118  281  93.24  1537
41243  42446  1204  41243  41435  193  42259  42446  188  88.60  1592
2291  8503  6213  2291  2695  405  8074  8503  430  89.30  1604
258  2034  1777  258  447  190  1846  2034  189  87.37  1622
11119  13124  2006  11119  11514  396  12698  13124  427  92.74  1634
15575  16877  1303  15575  15875  301  16580  16877  298  89.04  1642
3305  8864  5560  3305  4089  785  8074  8864  791  91.02  1683
29569  38296  8728  29569  29688  120  38189  38296  108  87.50  1717
37466  40210  2745  37466  37650  185  40028  40210  183  88.11  1724
21472  28891  7420  21472  21852  381  28512  28891  380  98.16  1743
14770  22584  7815  14770  15106  337  22268  22584  317  90.80  1746
38207  39858  1652  38207  38754  548  39295  39858  564  96.81  1769
14560  21173  6614  14560  15530  971  20188  21173  986  94.12  1799
37321  39515  2195  37321  37721  401  39117  39515  399  86.78  1804
11471  13489  2019  11471  12146  676  12822  13489  668  94.08  1950
13619  15489  1871  13619  14137  519  14983  15489  507  97.30  1950
33390  37321  3932  33390  33782  393  36960  37321  362  88.04  1963
19323  20971  1649  19323  19791  469  20430  20971  542  86.53  1984
25367  31897  6531  25367  25904  538  31343  31897  555  93.33  1993
17501  19570  2070  17501  18028  528  19038  19570  533  97.19  2018
19950  21953  2004  19950  20801  852  21083  21953  871  94.03  2044
4300  8966  4667  4300  4507  208  8737  8966  230  89.57  2065
12075  13994  1920  12075  12609  535  13437  13994  558  94.44  2075
14490  16035  1546  14490  14886  397  15629  16035  407  90.17  2110
21769  28481  6713  21769  22386  618  27871  28481  611  95.47  2153
13763  15343  1581  13763  13940  178  15157  15343  187  87.70  2165
28697  30035  1339  28697  28878  182  29853  30035  183  96.17  2171
5831  12622  6792  5831  6440  610  12019  12622  604  94.26  2180
31036  34911  3876  31036  31184  149  34751  34911  161  87.58  2225
19592  31872  12281  19592  19812  221  31647  31872  226  92.92  2319
3961  5698  1738  3961  4380  420  5277  5698  422  93.84  2357
7702  9245  1544  7702  7997  296  8952  9245  294  91.89  2393
10790  12984  2195  10790  11066  277  12704  12984  281  90.04  2429
13  4959  4947  13  291  279  4662  4959  298  86.24  2480
25849  31444  5596  25849  26464  616  30856  31444  589  91.23  2508
11324  12941  1618  11324  11447  124  12805  12941  137  86.86  2534
4623  6475  1853  4623  5188  566  5917  6475  559  85.87  2557
5919  7242  1324  5919  6043  125  7119  7242  124  93.60  2563
7569  9811  2243  7569  8075  507  9310  9811  502  93.49  2601
6336  9056  2721  6336  7198  863  8176  9056  881  95.69  2613
9820  11030  1211  9820  9991  172  10862  11030  169  90.70  2617
13650  15383  1734  13650  13888  239  15137  15383  247  91.90  2617
15433  17655  2223  15433  15981  549  17111  17655  545  96.54  2617
20111  21577  1467  20111  20252  142  21437  21577  141  91.55  2617
23754  25555  1802  23754  24280  527  25022  25555  534  95.13  2617
2748  4116  1369  2748  2936  189  3938  4116  179  87.30  2639
3619  5651  2033  3619  4166  548  5109  5651  543  92.88  2645
19619  20883  1265  19619  19795  177  20704  20883  180  85.56  2645
18032  30005  11974  18032  18290  259  29739  30005  267  85.02  2746
14300  22327  8028  14300  14649  350  21996  22327  332  89.71  2773
17310  19477  2168  17310  18304  995  18481  19477  997  97.79  2782
19712  20918  1207  19712  19878  167  20747  20918  172  90.12  2807
20934  23048  2115  20934  21104  171  22882  23048  167  87.72  2807
24550  26888  2339  24550  24860  311  26570  26888  319  93.10  2807
1503  2765  1263  1503  1661  159  2614  2765  152  86.79  2809
2195  3898  1704  2195  2455  261  3642  3898  257  92.34  2812
8102  18467  10366  8102  8384  283  18186  18467  282  93.99  2869
21139  28743  7605  21139  21633  495  28279  28743  465  92.73  2913
12975  18047  5073  12975  13110  136  17908  18047  140  85.71  2933
7270  19468  12199  7270  7609  340  19118  19468  351  92.59  2976
1617  4458  2842  1617  1818  202  4270  4458  189  88.61  3003
25208  27877  2670  25208  25373  166  27712  27877  166  96.39  3011
107  2040  1934  107  741  635  1388  2040  653  95.41  3016
13952  16503  2552  13952  14279  328  16182  16503  322  97.56  3016
25374  26834  1461  25374  25629  256  26559  26834  276  86.59  3025
18836  20923  2088  18836  19718  883  20028  20923  896  93.64  3133
8038  9665  1628  8038  8507  470  9208  9665  458  94.04  3139
35  3540  3506  35  409  375  3133  3540  408  90.69  3162
289  1596  1308  289  572  284  1303  1596  294  92.86  3185
18340  20411  2072  18340  18960  621  19783  20411  629  97.77  3200
22337  25453  3117  22337  22506  170  25295  25453  159  86.47  3207
20916  22302  1387  20916  21115  200  22125  22302  178  88.00  3214
23382  26165  2784  23382  23640  259  25935  26165  231  87.26  3269
16369  18309  1941  16369  17296  928  17397  18309  913  96.88  3285
18596  20564  1969  18596  19478  883  19713  20564  852  94.34  3285
1641  12867  11227  1641  2026  386  12470  12867  398  92.96  3286
9543  11254  1712  9543  10048  506  10751  11254  504  97.43  3288
3351  5625  2275  3351  4166  816  4839  5625  787  95.10  3316
4776  18760  13985  4776  4926  151  18621  18760  140  85.43  3370
19224  21274  2051  19224  20177  954  20288  21274  987  93.01  3446
2502  16830  14329  2502  2822  321  16534  16830  297  86.60  3474
16219  18666  2448  16219  17111  893  17757  18666  910  94.62  3484
8833  11802  2970  8833  9020  188  11618  11802  185  87.77  3486
23069  24607  1539  23069  23216  148  24456  24607  152  91.45  3536
2437  4797  2361  2437  2716  280  4508  4797  290  88.97  3574
21960  24261  2302  21960  22941  982  23293  24261  969  93.08  3615
8648  11110  2463  8648  8955  308  10802  11110  309  95.15  3633
12049  15236  3188  12049  13045  997  14240  15236  997  98.60  3633
11683  14010  2328  11683  12675  993  13040  14010  971  93.35  3643
14930  16814  1885  14930  15407  478  16325  16814  490  93.47  3643
10305  18839  8535  10305  11139  835  17991  18839  849  93.88  3646
12808  14358  1551  12808  13237  430  13953  14358  406  92.33  3686
12761  14438  1678  12761  12876  116  14321  14438  118  94.92  3712
11973  23563  11591  11973  12278  306  23273  23563  291  87.91  3736
12075  13404  1330  12075  12399  325  13080  13404  325  90.15  3750
17099  18911  1813  17099  17771  673  18234  18911  678  92.63  3796
1029  3156  2128  1029  1253  225  2927  3156  230  93.04  3801
1624  8178  6555  1624  2122  499  7686  8178  493  91.38  3820
6668  8049  1382  6668  6986  319  7723  8049  327  96.64  3839
17736  20129  2394  17736  18253  518  19600  20129  530  97.74  3849
14850  16933  2084  14850  15469  620  16348  16933  586  90.97  3895
17568  20477  2910  17568  18124  557  19915  20477  563  94.67  3957
13934  15986  2053  13934  14927  994  14991  15986  996  95.68  3988
2749  8858  6110  2749  3309  561  8319  8858  540  92.34  3992
2710  12533  9824  2710  2812  103  12431  12533  103  86.41  4009
13343  15029  1687  13343  13888  546  14482  15029  548  97.45  4032
6092  7639  1548  6092  6522  431  7223  7639  417  94.66  4060
9852  12037  2186  9852  10206  355  11698  12037  340  92.96  4060
14407  16703  2297  14407  14895  489  16176  16703  528  90.15  4089
4005  6003  1999  4005  4139  135  5872  6003  132  87.41  4092
7992  21484  13493  7992  8411  420  21070  21484  415  87.38  4135
5759  20442  14684  5759  5905  147  20300  20442  143  85.03  4149
19195  21288  2094  19195  19744  550  20755  21288  534  96.73  4180
17355  19333  1979  17355  17601  247  19100  19333  234  89.07  4204
970  2982  2013  970  1412  443  2534  2982  449  85.30  4259
5875  13156  7282  5875  6479  605  12537  13156  620  91.13  4260
15303  17797  2495  15303  15562  260  17555  17797  243  86.54  4307
4460  7216  2757  4460  5436  977  6227  7216  990  93.13  4337
8504  10265  1762  8504  8633  130  10122  10265  144  88.19  4350
13019  15365  2347  13019  13630  612  14741  15365  625  94.88  4350
11129  13037  1909  11129  11572  444  12600  13037  438  92.34  4376
15045  17833  2789  15045  15897  853  16949  17833  885  94.69  4376
8843  12485  3643  8843  9126  284  12206  12485  280  95.07  4400
5523  6725  1203  5523  5658  136  6596  6725  130  88.97  4430
5543  7218  1676  5543  5767  225  7018  7218  201  85.78  4465
13363  19798  6436  13363  13793  431  19382  19798  417  93.97  4519
751  3041  2291  751  1614  864  2187  3041  855  96.41  4553
10272  19584  9313  10272  10486  215  19383  19584  202  91.16  4565
11115  12815  1701  11115  11448  334  12484  12815  332  99.40  4587
10199  12666  2468  10199  10800  602  12063  12666  604  99.67  4590
12969  14770  1802  12969  13200  232  14527  14770  244  89.34  4590
15854  18727  2874  15854  16411  558  18179  18727  549  98.39  4590
7368  9141  1774  7368  7679  312  8809  9141  333  92.49  4591
2458  4747  2290  2458  3148  691  4073  4747  675  96.82  4611
4096  6420  2325  4096  4500  405  6014  6420  407  95.58  4625
9005  10756  1752  9005  9463  459  10301  10756  456  97.60  4625
12499  14246  1748  12499  13132  634  13625  14246  622  93.53  4625
15382  17135  1754  15382  15951  570  16524  17135  612  93.14  4627
425  2753  2329  425  797  373  2400  2753  354  85.25  4704
3588  5183  1596  3588  3882  295  4887  5183  297  87.21  4710
7732  9707  1976  7732  8126  395  9310  9707  398  96.73  4729
8696  11141  2446  8696  9099  404  10719  11141  423  95.04  4737
230  1752  1523  230  492  263  1494  1752  259  90.49  4805
13134  15517  2384  13134  13519  386  15135  15517  383  97.93  4815
2182  4183  2002  2182  2654  473  3705  4183  479  98.75  4818
14842  16996  2155  14842  15447  606  16393  16996  604  97.69  4820
2063  8139  6077  2063  2176  114  8023  8139  117  94.87  4821
12511  14120  1610  12511  12851  341  13751  14120  370  90.54  4932
14141  15695  1555  14141  14560  420  15266  15695  430  93.26  4932
4470  5967  1498  4470  4746  277  5691  5967  277  100.00  4977
4082  5691  1610  4082  4584  503  5191  5691  501  99.60  4984
11553  13616  2064  11553  12424  872  12756  13616  861  95.07  4997
11860  13243  1384  11860  12017  158  13086  13243  158  100.00  5001
12804  15432  2629  12804  13722  919  14548  15432  885  91.62  5075
560  2534  1975  560  1271  712  1854  2534  681  91.43  5107
2014  3206  1193  2014  2138  125  3083  3206  124  87.20  5168
4194  16433  12240  4194  4635  442  15993  16433  441  90.50  5186
1915  3419  1505  1915  2086  172  3256  3419  164  91.86  5216
11389  14186  2798  11389  12388  1000  13187  14186  1000  91.90  5344
8463  9988  1526  8463  8651  189  9800  9988  189  100.00  5460
7469  9215  1747  7469  7842  374  8884  9215  332  88.77  5464
1489  3827  2339  1489  1598  110  3718  3827  110  85.45  5466
4235  12745  8511  4235  4575  341  12411  12745  335  85.34  5490
3557  8919  5363  3557  4260  704  8211  8919  709  97.46  5514
12051  15096  3046  12051  12750  700  14392  15096  705  96.60  5515
34  12670  12637  34  175  142  12531  12670  140  85.92  5529
2972  4867  1896  2972  3442  471  4378  4867  490  92.24  5532
8111  9531  1421  8111  8320  210  9326  9531  206  90.00  5560
524  8541  8018  524  976  453  8076  8541  466  93.35  5582
12  4234  4223  12  177  166  4048  4234  187  87.17  5607
6290  8742  2453  6290  7277  988  7754  8742  989  95.65  5636
2821  15436  12616  2821  3656  836  14639  15436  798  92.58  5694
1345  12318  10974  1345  1631  287  12030  12318  289  91.35  5725
4846  6813  1968  4846  5310  465  6368  6813  446  95.91  5735
7900  9845  1946  7900  8240  341  9502  9845  344  95.35  5765
10822  13251  2430  10822  11351  530  12743  13251  509  94.15  5765
10131  11918  1788  10131  10490  360  11564  11918  355  96.11  5803
9349  10665  1317  9349  9625  277  10376  10665  290  94.83  5843
11004  13101  2098  11004  11522  519  12585  13101  517  98.27  5843
6101  9101  3001  6101  6954  854  8234  9101  868  95.74  5868
1528  4999  3472  1528  1973  446  4553  4999  447  93.06  5870
5396  7109  1714  5396  5796  401  6685  7109  425  94.35  6102
8290  9943  1654  8290  8662  373  9573  9943  371  95.17  6145
7157  12465  5309  7157  7901  745  11700  12465  766  97.00  6175
3700  5847  2148  3700  4249  550  5273  5847  575  95.30  6252
5919  8008  2090  5919  6465  547  7479  8008  530  96.53  6283
8323  10276  1954  8323  8695  373  9899  10276  378  85.98  6291
2151  4413  2263  2151  2601  451  3959  4413  455  87.47  6318
8681  10063  1383  8681  8881  201  9857  10063  207  92.27  6385
7231  8802  1572  7231  7664  434  8340  8802  463  88.98  6388
6192  12377  6186  6192  6459  268  12118  12377  260  94.40  6425
1779  7272  5494  1779  1944  166  7106  7272  167  93.41  6457
6681  9658  2978  6681  7164  484  9189  9658  470  90.08  6475
4452  6224  1773  4452  4647  196  6028  6224  197  88.32  6523
565  2471  1907  565  1409  845  1602  2471  870  96.90  6561
4841  7041  2201  4841  5345  505  6549  7041  493  96.44  6561
7091  8528  1438  7091  7298  208  8294  8528  235  86.81  6561
8535  12340  3806  8535  9532  998  11356  12340  985  96.89  6575
7186  9050  1865  7186  7333  148  8910  9050  141  93.24  6623
24  1576  1553  24  403  380  1188  1576  389  87.92  6624
7792  9560  1769  7792  8257  466  9109  9560  452  96.14  6752
4531  7343  2813  4531  4970  440  6887  7343  457  94.09  6875
1738  3204  1467  1738  1974  237  2966  3204  239  93.31  6997
763  2024  1262  763  1021  259  1777  2024  248  89.96  7030
4236  5615  1380  4236  4337  102  5513  5615  103  97.09  7040
7542  9534  1993  7542  8459  918  8601  9534  934  94.11  7047
8080  10125  2046  8080  8590  511  9635  10125  491  92.56  7088
7033  9992  2960  7033  7365  333  9645  9992  348  95.40  7103
5617  7386  1770  5617  6133  517  6861  7386  526  94.11  7188
4587  6262  1676  4587  4960  374  5889  6262  374  91.44  7274
6310  8538  2229  6310  6802  493  8032  8538  507  94.87  7298
2306  11219  8914  2306  2980  675  10543  11219  677  94.09  7313
2679  4280  1602  2679  2787  109  4174  4280  107  91.74  7316
71  2346  2276  71  636  566  1769  2346  578  96.37  7378
2557  4800  2244  2557  3019  463  4338  4800  463  99.57  7486
2953  4797  1845  2953  3105  153  4654  4797  144  88.24  7608
4107  5751  1645  4107  4465  359  5385  5751  367  93.19  7611
6303  10227  3925  6303  6869  567  9685  10227  543  90.65  7744
7063  9383  2321  7063  7549  487  8906  9383  478  96.92  7760
698  2641  1944  698  905  208  2436  2641  206  91.35  7847
4552  5766  1215  4552  4670  119  5634  5766  133  85.71  8051
6413  7916  1504  6413  6597  185  7732  7916  185  85.95  8090
199  1631  1433  199  322  124  1510  1631  122  93.55  8187
26  1905  1880  26  187  162  1738  1905  168  94.05  8263
6  1479  1474  6  353  348  1132  1479  348  87.36  8340
2705  4457  1753  2705  2894  190  4259  4457  199  90.45  8563
739  2367  1629  739  998  260  2117  2367  251  91.54  8691
2347  4592  2246  2347  3208  862  3735  4592  858  95.82  8800
5377  8190  2814  5377  5764  388  7796  8190  395  93.67  8800
4328  8196  3869  4328  4596  269  7938  8196  259  91.45  8863
3078  4821  1744  3078  3483  406  4424  4821  398  89.41  9008
2041  3407  1367  2041  2336  296  3120  3407  288  88.18  9046
3627  7341  3715  3627  3811  185  7156  7341  186  93.01  9046
700  1983  1284  700  943  244  1765  1983  219  88.93  9049
936  2713  1778  936  1037  102  2611  2713  103  94.17  9098
3632  6198  2567  3632  3788  157  6042  6198  157  98.09  9098
6375  7742  1368  6375  6589  215  7518  7742  225  90.22  9098
6  7137  7132  6  434  429  6704  7137  434  97.70  9162
3814  7084  3271  3814  4277  464  6635  7084  450  85.34  9311
1830  3391  1562  1830  2102  273  3119  3391  273  98.53  9404
4140  6590  2451  4140  4761  622  5957  6590  634  91.48  9444
2113  7051  4939  2113  2246  134  6921  7051  131  87.31  9455
2938  6397  3460  2938  3444  507  5902  6397  496  97.83  9540
5190  7148  1959  5190  6137  948  6201  7148  948  96.73  9546
1316  3578  2263  1316  1838  523  3053  3578  526  97.34  9645
933  3420  2488  933  1667  735  2680  3420  741  96.36  9667
1394  6404  5011  1394  1780  387  6009  6404  396  92.17  9709
257  2173  1917  257  591  335  1821  2173  353  90.65  9758
958  3257  2300  958  1470  513  2782  3257  476  87.52  9816
86  1494  1409  86  486  401  1090  1494  405  94.81  9852
2709  4889  2181  2709  3269  561  4328  4889  562  96.62  9866
92  1912  1821  92  392  301  1618  1912  295  85.71  9981
2398  6446  4049  2398  3014  617  5849  6446  598  95.30  9981
2171  4036  1866  2171  2414  244  3767  4036  270  86.30  9993
190  1784  1595  190  437  248  1537  1784  248  95.97  10300
4359  6069  1711  4359  4489  131  5942  6069  128  88.55  10420
2450  4885  2436  2450  2752  303  4582  4885  304  93.09  10622
598  4720  4123  598  848  251  4477  4720  244  89.24  10736
48  1842  1795  48  681  634  1206  1842  637  87.60  10754
11  5032  5022  11  178  168  4860  5032  173  91.33  11113
586  4415  3830  586  993  408  4013  4415  403  94.61  11131
7  1253  1247  7  238  232  1013  1253  241  91.70  11233
2364  3903  1540  2364  2583  220  3682  3903  222  91.44  11256
697  2775  2079  697  1461  765  1989  2775  787  97.20  11412
1312  2813  1502  1312  1545  234  2569  2813  245  92.24  11427
245  3883  3639  245  523  279  3606  3883  278  86.02  11534
252  3227  2976  252  487  236  2985  3227  243  90.95  11602
1023  4440  3418  1023  1673  651  3768  4440  673  88.26  11655
1011  4513  3503  1011  1161  151  4365  4513  149  91.39  11756
448  2146  1699  448  857  410  1728  2146  419  95.70  11972
210  4002  3793  210  602  393  3606  4002  397  96.47  12136
959  4160  3202  959  1554  596  3563  4160  598  95.65  12284
200  1840  1641  200  822  623  1214  1840  627  93.78  12439
595  2976  2382  595  852  258  2721  2976  256  91.86  12477
700  3037  2338  700  932  233  2791  3037  247  90.69  12492
568  3035  2468  568  913  346  2698  3035  338  86.71  12668
730  2460  1731  730  845  116  2359  2460  102  86.21  12764
625  3516  2892  625  1112  488  3029  3516  488  90.16  12827
736  2470  1735  736  949  214  2256  2470  215  98.60  12872
2288  3718  1431  2288  2619  332  3392  3718  327  91.27  12886
791  2418  1628  791  938  148  2269  2418  150  97.33  12906
887  3390  2504  887  1052  166  3226  3390  165  97.59  12926
11  3463  3453  11  565  555  2948  3463  516  89.37  13225
14  1377  1364  14  319  306  1030  1377  348  87.93  13265
618  1837  1220  618  838  221  1620  1837  218  90.50  13344
1028  2291  1264  1028  1202  175  2118  2291  174  92.57  13368
136  1708  1573  136  413  278  1421  1708  288  89.58  13378
1579  3194  1616  1579  1739  161  3038  3194  157  91.30  13593
123  1779  1657  123  481  359  1413  1779  367  88.83  13623
531  3110  2580  531  809  279  2849  3110  262  92.11  13738
282  2806  2525  282  410  129  2683  2806  124  92.25  13786
13  1523  1511  13  171  159  1361  1523  163  90.80  13872
677  2386  1710  677  873  197  2185  2386  202  89.60  13875
63  1831  1769  63  444  382  1456  1831  376  91.62  13939
941  2778  1838  941  1136  196  2583  2778  196  88.27  14021
29  1832  1804  29  626  598  1207  1832  626  94.41  14027
720  2438  1719  720  1150  431  1997  2438  442  85.52  14098
716  2245  1530  716  955  240  2005  2245  241  93.78  14290
608  2382  1775  608  1010  403  1979  2382  404  87.62  14351
341  2282  1942  341  695  355  1942  2282  341  91.83  14436
63  2362  2300  63  554  492  1869  2362  494  90.89  14611
51  2507  2457  51  311  261  2241  2507  267  89.89  14695
1072  2641  1570  1072  1201  130  2510  2641  132  94.70  14733
48  1966  1919  48  437  390  1570  1966  397  90.93  14848
22  2554  2533  22  984  963  1599  2554  956  94.91  14940
681  2196  1516  681  1163  483  1698  2196  499  87.58  15121
958  2446  1489  958  1410  453  2010  2446  437  89.85  15233
993  2362  1370  993  1335  343  2005  2362  358  87.15  15298
757  2136  1380  757  973  217  1920  2136  217  88.48  15401
863  2362  1500  863  1007  145  2214  2362  149  87.92  15505
7  1998  1992  7  546  540  1438  1998  561  88.06  15534
649  1920  1272  649  830  182  1736  1920  185  88.65  15550
12  1213  1202  12  178  167  1040  1213  174  93.68  15564
549  1760  1212  549  661  113  1651  1760  110  87.61  15647
804  2262  1459  804  998  195  2072  2262  191  89.74  15767
7  2238  2232  7  648  642  1600  2238  639  87.69  15835
130  1574  1445  130  269  140  1433  1574  142  85.21  15964
92  2017  1926  92  574  483  1537  2017  481  90.27  16049
83  1463  1381  83  273  191  1273  1463  191  92.67  16063
175  2122  1948  175  619  445  1683  2122  440  86.07  16212
357  2087  1731  357  1062  706  1398  2087  690  94.90  16294
8  1459  1452  8  334  327  1094  1459  366  85.25  16336
432  1672  1241  432  654  223  1452  1672  221  85.65  16380
406  2011  1606  406  778  373  1648  2011  364  87.67  16598
45  1936  1892  45  690  646  1291  1936  646  88.85  16629
36  1730  1695  36  312  277  1450  1730  281  86.83  16675
577  1937  1361  577  871  295  1627  1937  311  86.82  16683
13  1747  1735  13  157  145  1592  1747  156  89.10  16791
479  1923  1445  479  602  124  1801  1923  123  92.74  16810
496  1749  1254  496  615  120  1628  1749  122  89.34  16885
41  1905  1865  41  644  604  1270  1905  636  88.36  16945
10  1434  1425  10  280  271  1180  1434  255  87.45  16990
75  1749  1675  75  383  309  1436  1749  314  92.36  17018
8  1488  1481  8  194  187  1293  1488  196  87.24  17028
81  1863  1783  81  310  230  1630  1863  234  86.75  17041
41  1852  1812  41  705  665  1156  1852  697  92.54  17117
421  1721  1301  421  627  207  1510  1721  212  87.74  17133
560  1826  1267  560  750  191  1647  1826  180  90.58  17204
57  1600  1544  57  365  309  1286  1600  315  91.11  17210
104  1726  1623  104  617  514  1207  1726  520  89.42  17563
6  1703  1698  6  148  143  1553  1703  151  88.74  17581
15  1359  1345  15  215  201  1148  1359  212  89.15  17619
290  1702  1413  290  621  332  1388  1702  315  87.65  17766
63  1254  1192  63  237  175  1071  1254  184  86.96  17870
391  1516  1126  391  508  118  1402  1516  115  88.14  18148
183  1612  1430  183  405  223  1389  1612  224  90.18  18189
10  1331  1322  10  319  310  1010  1331  322  90.37  18262
360  1582  1223  360  550  191  1395  1582  188  85.86  18320
7  1323  1317  7  269  263  1036  1323  288  85.07  18442
84  1533  1450  84  532  449  1105  1533  429  85.97  18515
11  1309  1299  11  168  158  1147  1309  163  85.28  18556
174  1517  1344  174  449  276  1248  1517  270  86.59  18593
6  1432  1427  6  398  393  1024  1432  409  86.06  18599
10  1502  1493  10  276  267  1240  1502  263  88.39  18684
14  1395  1382  14  162  149  1239  1395  157  87.90  19297
12  1292  1281  12  184  173  1105  1292  188  85.11  19419
6  1156  1151  6  133  128  1017  1156  140  87.14  19506
7  1342  1336  7  258  252  1093  1342  250  87.70  19617
11  1309  1299  11  281  271  1015  1309  295  89.83  19645
34  1201  1168  34  162  129  1074  1201  128  85.27  20341
