# args=-index LTRHarvest/Asim/Asim_ltrharvest.index -mintsd 5 -maxtsd 100
# predictions are reported in the following way
# s(ret) e(ret) l(ret) s(lLTR) e(lLTR) l(lLTR) s(rLTR) e(rLTR) l(rLTR) sim(LTRs) seq-nr 
# where:
# s = starting position
# e = ending position
# l = length
# ret = LTR-retrotransposon
# lLTR = left LTR
# rLTR = right LTR
# sim = similarity
# seq-nr = sequence number
197098  202417  5320  197098  197345  248  202161  202417  257  95.33  9
70492  73283  2792  70492  70807  316  72965  73283  319  95.61  15
107607  109771  2165  107607  107915  309  109450  109771  322  89.75  16
169960  177852  7893  169960  170401  442  177415  177852  438  85.07  16
213407  224914  11508  213407  213866  460  224438  224914  477  88.26  16
12453  21596  9144  12453  12839  387  21186  21596  411  92.94  19
33633  46452  12820  33633  33814  182  46287  46452  166  85.71  19
70143  74787  4645  70143  70651  509  74273  74787  515  92.04  19
178780  180193  1414  178780  178889  110  180079  180193  115  91.30  30
169039  172395  3357  169039  169319  281  172122  172395  274  88.61  34
119447  129307  9861  119447  119776  330  128980  129307  328  96.97  43
150086  152171  2086  150086  150197  112  152065  152171  107  92.86  47
913  2747  1835  913  1338  426  2352  2747  396  86.85  50
51081  52983  1903  51081  51332  252  52730  52983  254  90.55  57
34485  36364  1880  34485  34852  368  35982  36364  383  94.26  58
117976  119172  1197  117976  118162  187  119002  119172  171  90.91  78
44521  56655  12135  44521  44939  419  56248  56655  408  91.17  90
40143  48966  8824  40143  40330  188  48773  48966  194  90.72  96
7215  21350  14136  7215  7695  481  20882  21350  469  85.86  111
35110  37672  2563  35110  35221  112  37555  37672  118  86.44  131
64891  67401  2511  64891  65061  171  67226  67401  176  88.64  134
38094  39796  1703  38094  38228  135  39656  39796  141  85.82  146
75302  82543  7242  75302  75420  119  82433  82543  111  89.08  146
73454  75230  1777  73454  73600  147  75077  75230  154  93.51  147
32003  42209  10207  32003  32459  457  41771  42209  439  88.18  150
6412  9437  3026  6412  7403  992  8440  9437  998  96.69  203
36514  41691  5178  36514  36627  114  41585  41691  107  85.09  205
51425  56590  5166  51425  51628  204  56359  56590  232  87.93  205
39100  41205  2106  39100  39280  181  41026  41205  180  92.82  211
28924  30292  1369  28924  29200  277  30022  30292  271  87.73  237
39343  47072  7730  39343  39502  160  46923  47072  150  88.12  244
5189  8455  3267  5189  5324  136  8333  8455  123  88.24  258
16639  26452  9814  16639  16837  199  26264  26452  189  88.94  259
5429  7749  2321  5429  5862  434  7339  7749  411  91.94  275
22992  31130  8139  22992  23136  145  31000  31130  131  85.52  282
37948  48398  10451  37948  38254  307  48083  48398  316  85.76  294
4458  6294  1837  4458  4933  476  5796  6294  499  93.19  328
16639  24086  7448  16639  17313  675  23395  24086  692  96.24  330
38892  41723  2832  38892  39652  761  40962  41723  762  92.91  331
12120  21384  9265  12120  12417  298  21068  21384  317  88.33  347
26408  32648  6241  26408  26529  122  32536  32648  113  90.16  372
3876  5136  1261  3876  3996  121  5013  5136  124  85.48  410
26311  28031  1721  26311  26565  255  27784  28031  248  97.25  427
1740  3475  1736  1740  2418  679  2820  3475  656  86.60  438
1789  6004  4216  1789  2053  265  5738  6004  267  85.39  511
18633  22625  3993  18633  18852  220  22411  22625  215  91.36  515
19199  20476  1278  19199  19418  220  20277  20476  200  90.91  528
11189  12967  1779  11189  11416  228  12750  12967  218  90.35  554
3081  17681  14601  3081  3275  195  17493  17681  189  89.23  617
6785  22172  15388  6785  7166  382  21776  22172  397  89.42  707
19421  22149  2729  19421  19765  345  21811  22149  339  95.36  736
5253  13728  8476  5253  5393  141  13598  13728  131  86.52  882
1305  15501  14197  1305  1627  323  15136  15501  366  87.16  950
1388  2854  1467  1388  1631  244  2616  2854  239  91.80  967
5603  6811  1209  5603  5766  164  6646  6811  166  91.57  967
6858  8371  1514  6858  6958  101  8270  8371  102  96.08  967
10090  14724  4635  10090  10193  104  14621  14724  104  95.19  967
15526  17157  1632  15526  15653  128  17039  17157  119  87.50  967
2685  7855  5171  2685  3006  322  7510  7855  346  89.60  970
10424  13538  3115  10424  10649  226  13315  13538  224  88.50  1152
478  3940  3463  478  666  189  3748  3940  193  88.08  1187
761  1973  1213  761  971  211  1779  1973  195  91.00  1188
7258  8614  1357  7258  7389  132  8477  8614  138  85.51  1323
8014  10834  2821  8014  8224  211  10633  10834  202  87.68  1387
2753  4222  1470  2753  2976  224  4002  4222  221  94.64  1428
7708  9846  2139  7708  7818  111  9736  9846  111  94.59  1517
1206  3075  1870  1206  1498  293  2803  3075  273  87.71  1522
675  2231  1557  675  1032  358  1855  2231  377  92.31  1557
254  9790  9537  254  596  343  9452  9790  339  88.63  1650
7053  10542  3490  7053  7629  577  9920  10542  623  90.85  1658
29  10166  10138  29  502  474  9682  10166  485  86.80  1739
48  4829  4782  48  511  464  4347  4829  483  85.30  1803
3288  6399  3112  3288  3542  255  6141  6399  259  89.58  1810
959  5676  4718  959  1113  155  5523  5676  154  97.42  1901
5928  7638  1711  5928  6104  177  7467  7638  172  87.01  1901
4699  7041  2343  4699  4917  219  6826  7041  216  86.76  2034
4012  5474  1463  4012  4269  258  5208  5474  267  87.64  2054
5876  7838  1963  5876  6109  234  7615  7838  224  94.44  2142
3782  5690  1909  3782  4107  326  5358  5690  333  90.99  2308
665  7143  6479  665  791  127  7031  7143  113  85.83  2309
952  4457  3506  952  1167  216  4240  4457  218  96.33  2329
1260  5169  3910  1260  1943  684  4505  5169  665  92.84  2339
131  2129  1999  131  425  295  1851  2129  279  90.17  2592
199  7045  6847  199  604  406  6650  7045  396  97.54  2671
4603  5921  1319  4603  4837  235  5703  5921  219  91.91  2685
685  3658  2974  685  1171  487  3167  3658  492  95.12  2794
1630  3760  2131  1630  1857  228  3524  3760  237  89.87  3001
1263  2499  1237  1263  1405  143  2351  2499  149  93.29  3284
1654  2810  1157  1654  1787  134  2692  2810  119  88.81  3322
1160  4023  2864  1160  1376  217  3808  4023  216  92.63  3331
2373  3767  1395  2373  2502  130  3621  3767  147  85.03  3789
2063  4231  2169  2063  2317  255  3975  4231  257  95.33  4036
453  2894  2442  453  631  179  2716  2894  179  93.30  4045
3108  4626  1519  3108  3349  242  4376  4626  251  88.45  4045
122  1500  1379  122  346  225  1278  1500  223  86.67  4117
1750  3048  1299  1750  1974  225  2823  3048  226  96.90  4117
3160  4415  1256  3160  3342  183  4226  4415  190  92.11  4117
95  1607  1513  95  202  108  1504  1607  104  90.74  4659
1884  4234  2351  1884  2037  154  4086  4234  149  92.21  4659
19  4289  4271  19  476  458  3823  4289  467  93.79  4674
427  3854  3428  427  739  313  3551  3854  304  87.54  5000
2603  4023  1421  2603  2838  236  3788  4023  236  87.29  5007
44  3392  3349  44  201  158  3239  3392  154  94.30  5254
1470  2793  1324  1470  1755  286  2503  2793  291  92.10  5320
52  2816  2765  52  208  157  2659  2816  158  93.04  5696
37  3424  3388  37  353  317  3066  3424  359  88.02  5956
405  3410  3006  405  1392  988  2421  3410  990  97.47  6003
1661  2895  1235  1661  1857  197  2701  2895  195  94.42  6248
136  2100  1965  136  297  162  1937  2100  164  86.59  6386
712  2281  1570  712  882  171  2120  2281  162  90.64  6695
590  1842  1253  590  816  227  1633  1842  210  87.22  7090
402  1957  1556  402  559  158  1805  1957  153  86.08  8389
261  1711  1451  261  448  188  1525  1711  187  86.70  8452
18  2312  2295  18  335  318  1970  2312  343  87.17  8576
8  1586  1579  8  405  398  1177  1586  410  86.59  11632
319  1553  1235  319  457  139  1409  1553  145  89.66  12975
